

================================================================
== Vivado HLS Report for 'HLS_SPFA'
================================================================
* Date:           Tue Aug  7 23:57:06 2018

* Version:        2018.2 (Build 2258646 on Thu Jun 14 20:25:20 MDT 2018)
* Project:        HLS_SPFA
* Solution:       solution1
* Product family: zynq
* Target device:  xc7z020clg484-1


================================================================
== Performance Estimates
================================================================
+ Timing (ns): 
    * Summary: 
    +--------+-------+----------+------------+
    |  Clock | Target| Estimated| Uncertainty|
    +--------+-------+----------+------------+
    |ap_clk  |  10.00|     8.510|        1.25|
    +--------+-------+----------+------------+

+ Latency (clock cycles): 
    * Summary: 
    +-----+-----+-----+-----+---------+
    |  Latency  |  Interval | Pipeline|
    | min | max | min | max |   Type  |
    +-----+-----+-----+-----+---------+
    |    ?|    ?|    ?|    ?|   none  |
    +-----+-----+-----+-----+---------+

    + Detail: 
        * Instance: 
        +---------------------------+----------------+-----+-----+-----+-----+---------+
        |                           |                |  Latency  |  Interval | Pipeline|
        |          Instance         |     Module     | min | max | min | max |   Type  |
        +---------------------------+----------------+-----+-----+-----+-----+---------+
        |grp_HLS_malloc_1_s_fu_521  |HLS_malloc_1_s  |    2|    2|    2|    2|   none  |
        |grp_HLS_free_1_s_fu_538    |HLS_free_1_s    |    1|    1|    1|    1|   none  |
        +---------------------------+----------------+-----+-----+-----+-----+---------+

        * Loop: 
        +-------------+-----+-----+----------+-----------+-----------+------+----------+
        |             |  Latency  | Iteration|  Initiation Interval  | Trip |          |
        |  Loop Name  | min | max |  Latency |  achieved |   target  | Count| Pipelined|
        +-------------+-----+-----+----------+-----------+-----------+------+----------+
        |- Loop 1     |    ?|    ?|         1|          -|          -|     ?|    no    |
        |- Loop 2     |    ?|    ?|         1|          -|          -|     ?|    no    |
        |- Loop 3     |    ?|    ?|         ?|          -|          -|     ?|    no    |
        | + Loop 3.1  |    ?|    ?|  3 ~ 12  |          -|          -|     ?|    no    |
        |- Loop 4     |    ?|    ?|         2|          -|          -|     ?|    no    |
        +-------------+-----+-----+----------+-----------+-----------+------+----------+



================================================================
== Utilization Estimates
================================================================
* Summary: 
+-----------------+---------+-------+--------+-------+
|       Name      | BRAM_18K| DSP48E|   FF   |  LUT  |
+-----------------+---------+-------+--------+-------+
|DSP              |        -|      -|       -|      -|
|Expression       |        -|      3|       0|    997|
|FIFO             |        -|      -|       -|      -|
|Instance         |        -|      -|      43|    157|
|Memory           |        9|      -|       0|      0|
|Multiplexer      |        -|      -|       -|    648|
|Register         |        -|      -|     996|      -|
+-----------------+---------+-------+--------+-------+
|Total            |        9|      3|    1039|   1802|
+-----------------+---------+-------+--------+-------+
|Available        |      280|    220|  106400|  53200|
+-----------------+---------+-------+--------+-------+
|Utilization (%)  |        3|      1|   ~0   |      3|
+-----------------+---------+-------+--------+-------+

+ Detail: 
    * Instance: 
    +---------------------------+----------------+---------+-------+----+----+
    |          Instance         |     Module     | BRAM_18K| DSP48E| FF | LUT|
    +---------------------------+----------------+---------+-------+----+----+
    |grp_HLS_free_1_s_fu_538    |HLS_free_1_s    |        0|      0|   5|  71|
    |grp_HLS_malloc_1_s_fu_521  |HLS_malloc_1_s  |        0|      0|  38|  86|
    +---------------------------+----------------+---------+-------+----+----+
    |Total                      |                |        0|      0|  43| 157|
    +---------------------------+----------------+---------+-------+----+----+

    * DSP48: 
    N/A

    * Memory: 
    +-------------+--------------------+---------+---+----+------+-----+------+-------------+
    |    Memory   |       Module       | BRAM_18K| FF| LUT| Words| Bits| Banks| W*Bits*Banks|
    +-------------+--------------------+---------+---+----+------+-----+------+-------------+
    |in_list_U    |HLS_SPFA_in_list    |        1|  0|   0|   200|    1|     1|          200|
    |p_heap0_0_U  |HLS_SPFA_p_heap0_0  |        4|  0|   0|  1500|   32|     1|        48000|
    |p_heap0_1_U  |HLS_SPFA_p_heap0_0  |        4|  0|   0|  1500|   32|     1|        48000|
    +-------------+--------------------+---------+---+----+------+-----+------+-------------+
    |Total        |                    |        9|  0|   0|  3200|   65|     3|        96200|
    +-------------+--------------------+---------+---+----+------+-----+------+-------------+

    * FIFO: 
    N/A

    * Expression: 
    +---------------------------------+----------+-------+---+----+------------+------------+
    |          Variable Name          | Operation| DSP48E| FF| LUT| Bitwidth P0| Bitwidth P1|
    +---------------------------------+----------+-------+---+----+------------+------------+
    |tmp_7_fu_833_p2                  |     *    |      3|  0|  20|          32|          32|
    |grp_fu_563_p2                    |     +    |      0|  0|  17|           1|          13|
    |i_4_fu_661_p2                    |     +    |      0|  0|  38|          31|           1|
    |i_5_fu_705_p2                    |     +    |      0|  0|  38|          31|           1|
    |i_6_fu_1288_p2                   |     +    |      0|  0|  38|          31|           1|
    |i_7_fu_851_p2                    |     +    |      0|  0|  39|          32|           1|
    |local_dis_0_sum1_fu_799_p2       |     +    |      0|  0|  17|          13|          13|
    |local_dis_0_sum2_fu_675_p2       |     +    |      0|  0|  17|          13|          13|
    |local_dis_0_sum4_fu_949_p2       |     +    |      0|  0|  17|          13|          13|
    |local_dis_0_sum5_fu_975_p2       |     +    |      0|  0|  17|          13|          13|
    |local_dis_0_sum_fu_1298_p2       |     +    |      0|  0|  17|          13|          13|
    |p_sum2_fu_893_p2                 |     +    |      0|  0|  17|          13|           1|
    |p_sum3_fu_1123_p2                |     +    |      0|  0|  17|           1|          13|
    |p_sum4_fu_1157_p2                |     +    |      0|  0|  17|          13|           1|
    |p_sum6_fu_1206_p2                |     +    |      0|  0|  17|          13|           1|
    |p_sum8_fu_1251_p2                |     +    |      0|  0|  17|          13|           1|
    |p_sum_fu_730_p2                  |     +    |      0|  0|  17|          13|           1|
    |tmp_14_fu_873_p2                 |     +    |      0|  0|  39|          32|          32|
    |tmp_16_fu_883_p2                 |     +    |      0|  0|  39|          32|          32|
    |tmp_1_i_fu_591_p2                |     +    |      0|  0|  39|          32|           1|
    |weight0_fu_932_p2                |     +    |      0|  0|  39|          32|          32|
    |weight1_fu_937_p2                |     +    |      0|  0|  39|          32|          32|
    |brmerge_demorgan_fu_1053_p2      |    and   |      0|  0|   2|           1|           1|
    |or_cond_fu_926_p2                |    and   |      0|  0|   2|           1|           1|
    |tmp6_fu_1043_p2                  |    and   |      0|  0|   2|           1|           1|
    |tmp7_fu_1048_p2                  |    and   |      0|  0|   2|           1|           1|
    |tmp_10_fu_845_p2                 |   icmp   |      0|  0|  18|          32|          32|
    |tmp_18_fu_914_p2                 |   icmp   |      0|  0|  18|          32|          14|
    |tmp_19_fu_920_p2                 |   icmp   |      0|  0|  18|          32|          14|
    |tmp_1_fu_1283_p2                 |   icmp   |      0|  0|  18|          32|          32|
    |tmp_21_fu_999_p2                 |   icmp   |      0|  0|  18|          32|          32|
    |tmp_24_fu_1008_p2                |   icmp   |      0|  0|  18|          32|          32|
    |tmp_6_fu_656_p2                  |   icmp   |      0|  0|  18|          32|          32|
    |tmp_8_fu_757_p2                  |   icmp   |      0|  0|  18|          32|           2|
    |tmp_9_fu_700_p2                  |   icmp   |      0|  0|  18|          32|          32|
    |brmerge3_fu_1071_p2              |    or    |      0|  0|   2|           1|           1|
    |brmerge4_fu_1086_p2              |    or    |      0|  0|   2|           1|           1|
    |brmerge5_fu_1097_p2              |    or    |      0|  0|   2|           1|           1|
    |i1_fu_867_p2                     |    or    |      0|  0|  32|          32|           1|
    |tmp8_fu_1065_p2                  |    or    |      0|  0|   2|           1|           1|
    |tmp_26_cast_fu_969_p2            |    or    |      0|  0|  13|          13|           1|
    |dis_output_d0                    |  select  |      0|  0|  32|           1|          32|
    |now_dis_fu_826_p3                |  select  |      0|  0|  32|           1|          32|
    |now_fu_783_p3                    |  select  |      0|  0|  32|           1|          32|
    |offset_next_fu_1272_p3           |  select  |      0|  0|  32|           1|          32|
    |weight0_heap0_load_s_fu_1013_p3  |  select  |      0|  0|  32|           1|          32|
    |weight1_1_fu_1020_p3             |  select  |      0|  0|  32|           1|          32|
    |brmerge_demorgan_not_fu_1059_p2  |    xor   |      0|  0|   2|           1|           2|
    |tmp_22_fu_1031_p2                |    xor   |      0|  0|   2|           1|           2|
    |tmp_24_not_fu_1081_p2            |    xor   |      0|  0|   2|           1|           2|
    |tmp_25_fu_1037_p2                |    xor   |      0|  0|   2|           1|           2|
    |tmp_27_not_fu_1092_p2            |    xor   |      0|  0|   2|           1|           2|
    +---------------------------------+----------+-------+---+----+------------+------------+
    |Total                            |          |      3|  0| 997|         801|         695|
    +---------------------------------+----------+-------+---+----+------------+------------+

    * Multiplexer: 
    +--------------------------------+-----+-----------+-----+-----------+
    |              Name              | LUT | Input Size| Bits| Total Bits|
    +--------------------------------+-----+-----------+-----+-----------+
    |alloc_1_addr_ap_ack             |    9|          2|    1|          2|
    |alloc_1_cmd                     |   15|          3|    8|         24|
    |alloc_1_cmd_ap_vld              |   15|          3|    1|          3|
    |alloc_1_free_target             |   15|          3|   32|         96|
    |alloc_1_free_target_ap_vld      |   15|          3|    1|          3|
    |alloc_1_size                    |   15|          3|   32|         96|
    |alloc_1_size_ap_vld             |   15|          3|    1|          3|
    |ap_NS_fsm                       |  117|         25|    1|         25|
    |grp_HLS_malloc_1_s_fu_521_size  |   15|          3|   32|         96|
    |i_1_reg_477                     |    9|          2|   31|         62|
    |i_2_reg_498                     |    9|          2|   32|         64|
    |i_3_reg_509                     |    9|          2|   31|         62|
    |i_reg_466                       |    9|          2|   31|         62|
    |in_list_address0                |   33|          6|    8|         48|
    |in_list_address1                |   21|          4|    8|         32|
    |in_list_d0                      |   15|          3|    1|          3|
    |offset_head_reg_488             |    9|          2|   32|         64|
    |offset_tail_fu_90               |   15|          3|   32|         96|
    |p_heap0_0_address0              |  105|         22|   11|        242|
    |p_heap0_0_d0                    |   41|          8|   32|        256|
    |p_heap0_1_address0              |  101|         21|   11|        231|
    |p_heap0_1_d0                    |   41|          8|   32|        256|
    +--------------------------------+-----+-----------+-----+-----------+
    |Total                           |  648|        133|  401|       1826|
    +--------------------------------+-----+-----------+-----+-----------+

    * Register: 
    +----------------------------------------+----+----+-----+-----------+
    |                  Name                  | FF | LUT| Bits| Const Bits|
    +----------------------------------------+----+----+-----+-----------+
    |N_2                                     |  31|   0|   31|          0|
    |ap_CS_fsm                               |  24|   0|   24|          0|
    |brmerge3_reg_1576                       |   1|   0|    1|          0|
    |grp_HLS_free_1_s_fu_538_ap_start_reg    |   1|   0|    1|          0|
    |grp_HLS_malloc_1_s_fu_521_ap_start_reg  |   1|   0|    1|          0|
    |guard_variable_for_H                    |   1|   0|    1|          0|
    |i0_reg_1477                             |  31|   0|   32|          1|
    |i1_reg_1484                             |  31|   0|   32|          1|
    |i_1_reg_477                             |  31|   0|   31|          0|
    |i_2_reg_498                             |  32|   0|   32|          0|
    |i_3_reg_509                             |  31|   0|   31|          0|
    |i_6_reg_1690                            |  31|   0|   31|          0|
    |i_7_reg_1467                            |  32|   0|   32|          0|
    |i_reg_466                               |  31|   0|   31|          0|
    |in_list_addr_3_reg_1543                 |   7|   0|    8|          1|
    |in_list_addr_4_reg_1555                 |   7|   0|    8|          1|
    |newIndex25_reg_1609                     |  12|   0|   12|          0|
    |newIndex9_reg_1427                      |  12|   0|   12|          0|
    |now_dis_reg_1452                        |  32|   0|   32|          0|
    |now_reg_1416                            |  32|   0|   32|          0|
    |offset_head_reg_488                     |  32|   0|   32|          0|
    |offset_new_node1_reg_1614               |  32|   0|   32|          0|
    |offset_tail_fu_90                       |  32|   0|   32|          0|
    |or_cond_reg_1511                        |   1|   0|    1|          0|
    |p_heap0_0_addr_11_reg_1647              |  11|   0|   11|          0|
    |p_heap0_0_addr_13_reg_1669              |  11|   0|   11|          0|
    |p_heap0_0_addr_15_reg_1628              |  11|   0|   11|          0|
    |p_heap0_0_addr_8_reg_1527               |  11|   0|   11|          0|
    |p_heap0_0_addr_9_reg_1599               |  11|   0|   11|          0|
    |p_heap0_0_addr_reg_1358                 |  11|   0|   11|          0|
    |p_heap0_1_addr_10_reg_1652              |  11|   0|   11|          0|
    |p_heap0_1_addr_12_reg_1674              |  11|   0|   11|          0|
    |p_heap0_1_addr_14_reg_1633              |  11|   0|   11|          0|
    |p_heap0_1_addr_7_reg_1532               |  11|   0|   11|          0|
    |p_heap0_1_addr_8_reg_1604               |  11|   0|   11|          0|
    |reg_578                                 |  32|   0|   32|          0|
    |tmp_21_reg_1537                         |   1|   0|    1|          0|
    |tmp_24_reg_1549                         |   1|   0|    1|          0|
    |tmp_26_reg_1442                         |  13|   0|   13|          0|
    |tmp_27_reg_1411                         |   1|   0|    1|          0|
    |tmp_29_reg_1422                         |   1|   0|    1|          0|
    |tmp_32_reg_1472                         |  12|   0|   12|          0|
    |tmp_34_reg_1571                         |  13|   0|   13|          0|
    |tmp_35_reg_1590                         |  13|   0|   13|          0|
    |tmp_36_reg_1595                         |   1|   0|    1|          0|
    |tmp_37_reg_1580                         |   1|   0|    1|          0|
    |tmp_38_reg_1638                         |  13|   0|   13|          0|
    |tmp_39_reg_1643                         |   1|   0|    1|          0|
    |tmp_41_reg_1660                         |  13|   0|   13|          0|
    |tmp_42_reg_1665                         |   1|   0|    1|          0|
    |tmp_44_reg_1619                         |  13|   0|   13|          0|
    |tmp_45_reg_1624                         |   1|   0|    1|          0|
    |tmp_4_reg_1447                          |  64|   0|   64|          0|
    |tmp_5_cast_reg_1349                     |  12|   0|   13|          1|
    |tmp_7_reg_1458                          |  32|   0|   32|          0|
    |weight0_heap0_load_s_reg_1561           |  32|   0|   32|          0|
    |weight0_reg_1515                        |  32|   0|   32|          0|
    |weight1_1_reg_1566                      |  32|   0|   32|          0|
    |weight1_reg_1521                        |  32|   0|   32|          0|
    +----------------------------------------+----+----+-----+-----------+
    |Total                                   | 996|   0| 1001|          5|
    +----------------------------------------+----+----+-----+-----------+



================================================================
== Interface
================================================================
* Summary: 
+----------------------------+-----+-----+------------+---------------------+--------------+
|          RTL Ports         | Dir | Bits|  Protocol  |    Source Object    |    C Type    |
+----------------------------+-----+-----+------------+---------------------+--------------+
|ap_clk                      |  in |    1| ap_ctrl_hs |       HLS_SPFA      | return value |
|ap_rst                      |  in |    1| ap_ctrl_hs |       HLS_SPFA      | return value |
|ap_start                    |  in |    1| ap_ctrl_hs |       HLS_SPFA      | return value |
|ap_done                     | out |    1| ap_ctrl_hs |       HLS_SPFA      | return value |
|ap_idle                     | out |    1| ap_ctrl_hs |       HLS_SPFA      | return value |
|ap_ready                    | out |    1| ap_ctrl_hs |       HLS_SPFA      | return value |
|n                           |  in |   32|   ap_none  |          n          |    scalar    |
|map_r_address0              | out |   15|  ap_memory |        map_r        |     array    |
|map_r_ce0                   | out |    1|  ap_memory |        map_r        |     array    |
|map_r_q0                    |  in |   32|  ap_memory |        map_r        |     array    |
|map_r_address1              | out |   15|  ap_memory |        map_r        |     array    |
|map_r_ce1                   | out |    1|  ap_memory |        map_r        |     array    |
|map_r_q1                    |  in |   32|  ap_memory |        map_r        |     array    |
|dis_output_address0         | out |    8|  ap_memory |      dis_output     |     array    |
|dis_output_ce0              | out |    1|  ap_memory |      dis_output     |     array    |
|dis_output_we0              | out |    1|  ap_memory |      dis_output     |     array    |
|dis_output_d0               | out |   32|  ap_memory |      dis_output     |     array    |
|alloc_1_size                | out |   32|    ap_hs   |     alloc_1_size    |    pointer   |
|alloc_1_size_ap_vld         | out |    1|    ap_hs   |     alloc_1_size    |    pointer   |
|alloc_1_size_ap_ack         |  in |    1|    ap_hs   |     alloc_1_size    |    pointer   |
|alloc_1_free_target         | out |   32|    ap_hs   | alloc_1_free_target |    pointer   |
|alloc_1_free_target_ap_vld  | out |    1|    ap_hs   | alloc_1_free_target |    pointer   |
|alloc_1_free_target_ap_ack  |  in |    1|    ap_hs   | alloc_1_free_target |    pointer   |
|alloc_1_addr                |  in |   32|    ap_hs   |     alloc_1_addr    |    pointer   |
|alloc_1_addr_ap_vld         |  in |    1|    ap_hs   |     alloc_1_addr    |    pointer   |
|alloc_1_addr_ap_ack         | out |    1|    ap_hs   |     alloc_1_addr    |    pointer   |
|alloc_1_cmd                 | out |    8|    ap_hs   |     alloc_1_cmd     |    pointer   |
|alloc_1_cmd_ap_vld          | out |    1|    ap_hs   |     alloc_1_cmd     |    pointer   |
|alloc_1_cmd_ap_ack          |  in |    1|    ap_hs   |     alloc_1_cmd     |    pointer   |
+----------------------------+-----+-----+------------+---------------------+--------------+

