

================================================================
== Vivado HLS Report for 'HTA512_theta'
================================================================
* Date:           Sun Jul 29 15:50:44 2018

* Version:        2018.2 (Build 2258646 on Thu Jun 14 20:25:20 MDT 2018)
* Project:        HTA512_0
* Solution:       solution1
* Product family: zynq
* Target device:  xc7z020clg484-1


================================================================
== Performance Estimates
================================================================
+ Timing (ns): 
    * Summary: 
    +--------+-------+----------+------------+
    |  Clock | Target| Estimated| Uncertainty|
    +--------+-------+----------+------------+
    |ap_clk  |  10.00|     8.749|        1.25|
    +--------+-------+----------+------------+

+ Latency (clock cycles): 
    * Summary: 
    +-----+-----+-----+-----+---------+
    |  Latency  |  Interval | Pipeline|
    | min | max | min | max |   Type  |
    +-----+-----+-----+-----+---------+
    |    ?|    ?|    ?|    ?|   none  |
    +-----+-----+-----+-----+---------+

    + Detail: 
        * Instance: 
        +---------------------------------+-------------+-----+-----+-----+-----+---------+
        |                                 |             |  Latency  |  Interval | Pipeline|
        |             Instance            |    Module   | min | max | min | max |   Type  |
        +---------------------------------+-------------+-----+-----+-----+-----+---------+
        |op_V_assign_log_2_64bit_fu_1175  |log_2_64bit  |    0|    0|    0|    0|   none  |
        +---------------------------------+-------------+-----+-----+-----+-----+---------+

        * Loop: 
        +----------+-----+-----+----------+-----------+-----------+------+----------+
        |          |  Latency  | Iteration|  Initiation Interval  | Trip |          |
        | Loop Name| min | max |  Latency |  achieved |   target  | Count| Pipelined|
        +----------+-----+-----+----------+-----------+-----------+------+----------+
        |- Loop 1  |    ?|    ?|         2|          2|          1|     ?|    yes   |
        |- Loop 2  |    6|    6|         2|          -|          -|     3|    no    |
        |- Loop 3  |    ?|    ?|         3|          -|          -|     ?|    no    |
        |- Loop 4  |    ?|    ?|         3|          -|          -|     ?|    no    |
        |- Loop 5  |    ?|    ?|         2|          1|          1|     ?|    yes   |
        |- Loop 6  |    ?|    ?|         3|          -|          -|     ?|    no    |
        +----------+-----+-----+----------+-----------+-----------+------+----------+



================================================================
== Utilization Estimates
================================================================
* Summary: 
+-----------------+---------+-------+--------+-------+
|       Name      | BRAM_18K| DSP48E|   FF   |  LUT  |
+-----------------+---------+-------+--------+-------+
|DSP              |        -|      -|       -|      -|
|Expression       |        -|      -|       0|   5078|
|FIFO             |        -|      -|       -|      -|
|Instance         |        -|      -|       0|    509|
|Memory           |       10|      -|     115|     31|
|Multiplexer      |        -|      -|       -|   1332|
|Register         |        -|      -|    1795|      -|
+-----------------+---------+-------+--------+-------+
|Total            |       10|      0|    1910|   6950|
+-----------------+---------+-------+--------+-------+
|Available        |      280|    220|  106400|  53200|
+-----------------+---------+-------+--------+-------+
|Utilization (%)  |        3|      0|       1|     13|
+-----------------+---------+-------+--------+-------+

+ Detail: 
    * Instance: 
    +---------------------------------+----------------------+---------+-------+---+-----+
    |             Instance            |        Module        | BRAM_18K| DSP48E| FF| LUT |
    +---------------------------------+----------------------+---------+-------+---+-----+
    |HTA512_theta_mux_kbM_U2          |HTA512_theta_mux_kbM  |        0|      0|  0|   15|
    |HTA512_theta_mux_kbM_U3          |HTA512_theta_mux_kbM  |        0|      0|  0|   15|
    |HTA512_theta_mux_kbM_U4          |HTA512_theta_mux_kbM  |        0|      0|  0|   15|
    |HTA512_theta_mux_kbM_U5          |HTA512_theta_mux_kbM  |        0|      0|  0|   15|
    |op_V_assign_log_2_64bit_fu_1175  |log_2_64bit           |        0|      0|  0|  449|
    +---------------------------------+----------------------+---------+-------+---+-----+
    |Total                            |                      |        0|      0|  0|  509|
    +---------------------------------+----------------------+---------+-------+---+-----+

    * DSP48: 
    N/A

    * Memory: 
    +---------------------+----------------------+---------+----+----+------+-----+------+-------------+
    |        Memory       |        Module        | BRAM_18K| FF | LUT| Words| Bits| Banks| W*Bits*Banks|
    +---------------------+----------------------+---------+----+----+------+-----+------+-------------+
    |addr_layer_map_V_U   |HTA512_theta_addrhbi  |        1|   0|   0|   512|    4|     1|         2048|
    |addr_tree_map_V_U    |HTA512_theta_addribs  |        1|   0|   0|   512|    8|     1|         4096|
    |buddy_tree_V_1_U     |HTA512_theta_buddfYi  |        4|   0|   0|     8|   64|     1|          512|
    |buddy_tree_V_0_U     |HTA512_theta_buddg8j  |        4|   0|   0|     8|   64|     1|          512|
    |group_tree_V_1_U     |HTA512_theta_groubkb  |        0|  32|   9|    35|   16|     1|          560|
    |group_tree_V_0_U     |HTA512_theta_groubkb  |        0|  32|   9|    35|   16|     1|          560|
    |group_tree_mask_V_U  |HTA512_theta_groudEe  |        0|  31|   4|     8|   31|     1|          248|
    |mark_mask_V_U        |HTA512_theta_markjbC  |        0|  15|   8|    32|   15|     1|          480|
    |shift_constant_V_U   |HTA512_theta_shifeOg  |        0|   5|   1|     5|    5|     1|           25|
    +---------------------+----------------------+---------+----+----+------+-----+------+-------------+
    |Total                |                      |       10| 115|  31|  1155|  223|     9|         9041|
    +---------------------+----------------------+---------+----+----+------+-----+------+-------------+

    * FIFO: 
    N/A

    * Expression: 
    +----------------------------------+----------+-------+---+-----+------------+------------+
    |           Variable Name          | Operation| DSP48E| FF| LUT | Bitwidth P0| Bitwidth P1|
    +----------------------------------+----------+-------+---+-----+------------+------------+
    |cnt_2_fu_3026_p2                  |     +    |      0|  0|   39|           1|          32|
    |cnt_fu_1724_p2                    |     +    |      0|  0|   39|          32|           1|
    |loc_tree_V_5_fu_1817_p2           |     +    |      0|  0|   13|          13|          13|
    |loc_tree_V_fu_1943_p2             |     +    |      0|  0|   17|          13|           2|
    |now1_V_1_fu_1496_p2               |     +    |      0|  0|   13|           2|           4|
    |now1_V_2_fu_1899_p2               |     +    |      0|  0|   13|           2|           4|
    |now1_V_3_fu_2100_p2               |     +    |      0|  0|   13|           2|           4|
    |now1_V_5_fu_3104_p2               |     +    |      0|  0|   13|           4|           4|
    |now1_V_6_fu_2754_p2               |     +    |      0|  0|   13|           4|           1|
    |now2_V_3_fu_2764_p2               |     +    |      0|  0|   13|           4|           2|
    |now2_V_fu_3212_p2                 |     +    |      0|  0|   12|           3|           2|
    |now2_V_s_fu_3233_p2               |     +    |      0|  0|   12|           3|           3|
    |p_Repl2_11_fu_1606_p2             |     +    |      0|  0|   13|           1|           4|
    |r_V_3_fu_1827_p2                  |     +    |      0|  0|   19|           4|          14|
    |tmp_14_fu_1790_p2                 |     +    |      0|  0|   13|           4|           4|
    |tmp_41_fu_2365_p2                 |     +    |      0|  0|   23|           2|          16|
    |tmp_77_fu_2624_p2                 |     +    |      0|  0|   13|           4|           4|
    |tmp_80_fu_2670_p2                 |     +    |      0|  0|   13|          13|          13|
    |tmp_size_V_fu_1293_p2             |     +    |      0|  0|   23|           2|          16|
    |grp_fu_1249_p2                    |     -    |      0|  0|   13|           4|           4|
    |new_loc1_V_fu_2675_p2             |     -    |      0|  0|   13|          13|          13|
    |now2_V_1_fu_3113_p2               |     -    |      0|  0|   13|           4|           4|
    |p_5_fu_2371_p2                    |     -    |      0|  0|   23|           1|          16|
    |r_V_29_fu_1730_p2                 |     -    |      0|  0|   13|           4|           4|
    |rhs_V_1_fu_1320_p2                |     -    |      0|  0|   23|           1|          16|
    |tmp_10_fu_1750_p2                 |     -    |      0|  0|   13|           1|           4|
    |tmp_17_fu_1809_p2                 |     -    |      0|  0|   13|          13|          13|
    |tmp_21_fu_2265_p2                 |     -    |      0|  0|   71|           1|          64|
    |tmp_85_fu_2697_p2                 |     -    |      0|  0|   13|           1|           4|
    |TMP_1_V_1_fu_2377_p2              |    and   |      0|  0|   16|          16|          16|
    |TMP_1_V_fu_2359_p2                |    and   |      0|  0|   16|          16|          16|
    |ap_block_state30_io               |    and   |      0|  0|    2|           1|           1|
    |p_11_cast1_fu_3173_p2             |    and   |      0|  0|   14|          14|          14|
    |p_11_cast2_fu_3179_p2             |    and   |      0|  0|    6|           6|           6|
    |p_11_cast_fu_3185_p2              |    and   |      0|  0|    2|           2|           2|
    |p_1_fu_3165_p2                    |    and   |      0|  0|   16|          16|          16|
    |r_V_15_fu_2210_p2                 |    and   |      0|  0|   64|          64|          64|
    |r_V_16_fu_2217_p2                 |    and   |      0|  0|   64|          64|          64|
    |r_V_17_fu_2224_p2                 |    and   |      0|  0|   64|          64|          64|
    |r_V_24_fu_3013_p2                 |    and   |      0|  0|   64|          64|          64|
    |r_V_25_fu_1325_p2                 |    and   |      0|  0|   16|          16|          16|
    |tmp_25_fu_1923_p2                 |    and   |      0|  0|    2|           1|           1|
    |tmp_34_fu_1536_p2                 |    and   |      0|  0|    2|           1|           1|
    |tmp_83_fu_2317_p2                 |    and   |      0|  0|   64|          64|          64|
    |tmp_88_fu_2395_p2                 |    and   |      0|  0|   16|          16|          16|
    |tmp_90_fu_2005_p2                 |    and   |      0|  0|    2|           1|           1|
    |tmp_94_fu_2741_p2                 |    and   |      0|  0|   64|          64|          64|
    |tmp_V_1_fu_2271_p2                |    and   |      0|  0|   64|          64|          64|
    |not_s_fu_1999_p2                  |   icmp   |      0|  0|    9|           4|           1|
    |op2_assign_7_fu_3094_p2           |   icmp   |      0|  0|   11|           4|           5|
    |op2_assign_8_fu_2827_p2           |   icmp   |      0|  0|    9|           4|           1|
    |p_Repl2_10_fu_3268_p2             |   icmp   |      0|  0|   11|           8|           1|
    |p_Repl2_5_fu_2035_p2              |   icmp   |      0|  0|    8|           2|           1|
    |p_Repl2_6_fu_2164_p2              |   icmp   |      0|  0|    9|           4|           1|
    |p_Repl2_7_fu_2191_p2              |   icmp   |      0|  0|   11|           8|           1|
    |p_Repl2_8_fu_3239_p2              |   icmp   |      0|  0|    8|           2|           1|
    |p_Repl2_9_fu_3253_p2              |   icmp   |      0|  0|    9|           4|           1|
    |sel_tmp2_fu_2915_p2               |   icmp   |      0|  0|    8|           2|           1|
    |sel_tmp4_fu_2929_p2               |   icmp   |      0|  0|    9|           2|           3|
    |sel_tmp_fu_2901_p2                |   icmp   |      0|  0|    8|           2|           1|
    |tmp_107_fu_3191_p2                |   icmp   |      0|  0|    9|           3|           1|
    |tmp_114_fu_2975_p2                |   icmp   |      0|  0|    9|           4|           1|
    |tmp_22_fu_1917_p2                 |   icmp   |      0|  0|    8|           2|           2|
    |tmp_24_fu_2277_p2                 |   icmp   |      0|  0|   29|          64|           1|
    |tmp_27_fu_1502_p2                 |   icmp   |      0|  0|    9|           4|           1|
    |tmp_42_fu_2401_p2                 |   icmp   |      0|  0|   18|          16|          17|
    |tmp_43_fu_2414_p2                 |   icmp   |      0|  0|   13|          16|           2|
    |tmp_44_fu_2419_p2                 |   icmp   |      0|  0|   13|          16|           3|
    |tmp_48_fu_2450_p2                 |   icmp   |      0|  0|   13|          16|           4|
    |tmp_49_fu_2455_p2                 |   icmp   |      0|  0|   13|          16|           5|
    |tmp_52_fu_2482_p2                 |   icmp   |      0|  0|   13|          16|           6|
    |tmp_53_fu_2487_p2                 |   icmp   |      0|  0|   13|          16|           7|
    |tmp_56_fu_2514_p2                 |   icmp   |      0|  0|   13|          16|           8|
    |tmp_57_fu_2519_p2                 |   icmp   |      0|  0|   13|          16|           9|
    |tmp_61_fu_2546_p2                 |   icmp   |      0|  0|   13|          16|          10|
    |tmp_63_fu_1594_p2                 |   icmp   |      0|  0|    8|           2|           2|
    |tmp_64_fu_2551_p2                 |   icmp   |      0|  0|   13|          16|          11|
    |tmp_68_fu_2578_p2                 |   icmp   |      0|  0|   13|          16|          12|
    |tmp_69_fu_2583_p2                 |   icmp   |      0|  0|   13|          16|          13|
    |tmp_6_fu_1370_p2                  |   icmp   |      0|  0|   11|           8|           2|
    |tmp_73_fu_2610_p2                 |   icmp   |      0|  0|   13|          16|          14|
    |tmp_74_fu_2615_p2                 |   icmp   |      0|  0|   13|          16|          15|
    |tmp_89_fu_1993_p2                 |   icmp   |      0|  0|    8|           2|           2|
    |tmp_fu_1309_p2                    |   icmp   |      0|  0|   11|           8|           2|
    |tmp_s_fu_1315_p2                  |   icmp   |      0|  0|   13|          16|           1|
    |r_V_14_fu_2091_p2                 |   lshr   |      0|  0|  182|          64|          64|
    |r_V_2_fu_1469_p2                  |   lshr   |      0|  0|  182|          64|          64|
    |r_V_6_fu_1890_p2                  |   lshr   |      0|  0|   35|          16|          16|
    |r_V_7_fu_1585_p2                  |   lshr   |      0|  0|  182|          64|          64|
    |r_V_8_fu_1982_p2                  |   lshr   |      0|  0|  182|          64|          64|
    |tmp_12_fu_1766_p2                 |   lshr   |      0|  0|   35|          16|          16|
    |tmp_86_fu_2707_p2                 |   lshr   |      0|  0|   29|          13|          13|
    |TMP_0_V_4_fu_1963_p2              |    or    |      0|  0|   64|          64|          64|
    |ap_block_state2                   |    or    |      0|  0|    2|           1|           1|
    |p_7_fu_2389_p2                    |    or    |      0|  0|   16|          16|          16|
    |r_V_18_fu_2120_p2                 |    or    |      0|  0|   64|          64|          64|
    |r_V_19_fu_2127_p2                 |    or    |      0|  0|   64|          64|          64|
    |r_V_20_fu_2134_p2                 |    or    |      0|  0|   64|          64|          64|
    |r_V_22_fu_1718_p2                 |    or    |      0|  0|   64|          64|          64|
    |r_V_4_fu_1868_p2                  |    or    |      0|  0|   16|          16|          16|
    |tmp_100_fu_2833_p2                |    or    |      0|  0|    2|           1|           1|
    |tmp_40_fu_1566_p2                 |    or    |      0|  0|   64|          64|          64|
    |tmp_45_fu_2432_p2                 |    or    |      0|  0|    2|           1|           1|
    |tmp_50_fu_2468_p2                 |    or    |      0|  0|    2|           1|           1|
    |tmp_54_fu_2500_p2                 |    or    |      0|  0|    2|           1|           1|
    |tmp_59_fu_2532_p2                 |    or    |      0|  0|    2|           1|           1|
    |tmp_66_fu_2564_p2                 |    or    |      0|  0|    2|           1|           1|
    |tmp_71_fu_2596_p2                 |    or    |      0|  0|    2|           1|           1|
    |tmp_75_fu_2651_p2                 |    or    |      0|  0|    2|           1|           1|
    |tmp_8_fu_1448_p2                  |    or    |      0|  0|   64|          64|          64|
    |tmp_93_fu_2067_p2                 |    or    |      0|  0|   64|          64|          64|
    |buddy_tree_V_load_2_s_fu_1559_p3  |  select  |      0|  0|   64|           1|          64|
    |buddy_tree_V_load_3_s_fu_2310_p3  |  select  |      0|  0|   64|           1|          64|
    |buddy_tree_V_load_5_s_fu_2059_p3  |  select  |      0|  0|   64|           1|          64|
    |buddy_tree_V_load_ph_fu_1440_p3   |  select  |      0|  0|   64|           1|          64|
    |group_tree_V_load_3_s_fu_3133_p3  |  select  |      0|  0|   16|           1|          16|
    |group_tree_V_load_ph_fu_2347_p3   |  select  |      0|  0|   16|           1|          16|
    |lhs_V_4_fu_1711_p3                |  select  |      0|  0|   64|           1|          64|
    |lhs_V_8_fu_3005_p3                |  select  |      0|  0|   64|           1|          64|
    |lhs_V_fu_1856_p3                  |  select  |      0|  0|   16|           1|          16|
    |mask_V_load26_phi_ca_fu_1642_p3   |  select  |      0|  0|   32|           1|          32|
    |mask_V_load27_phi_ca_fu_1674_p3   |  select  |      0|  0|    8|           1|           2|
    |mask_V_load_113_phi_s_fu_2893_p3  |  select  |      0|  0|   32|           1|          32|
    |mask_V_load_114_phi_s_fu_2861_p3  |  select  |      0|  0|    8|           1|           2|
    |mask_V_load_1_phi_fu_2935_p3      |  select  |      0|  0|   64|           1|          64|
    |p_Val2_18_fu_3053_p3              |  select  |      0|  0|   64|           1|          64|
    |r_V_11_fu_2723_p3                 |  select  |      0|  0|   13|           1|          13|
    |sel_tmp1_fu_2907_p3               |  select  |      0|  0|   64|           1|          64|
    |sel_tmp3_fu_2921_p3               |  select  |      0|  0|   64|           1|          64|
    |tmp_122_cast_cast_fu_2644_p3      |  select  |      0|  0|    3|           1|           3|
    |tmp_13_fu_1779_p3                 |  select  |      0|  0|   13|           1|          13|
    |tmp_47_fu_2438_p3                 |  select  |      0|  0|    3|           1|           3|
    |tmp_51_cast_fu_2406_p3            |  select  |      0|  0|    2|           1|           2|
    |tmp_51_fu_2474_p3                 |  select  |      0|  0|    4|           1|           4|
    |tmp_53_cast_cast_cas_fu_2424_p3   |  select  |      0|  0|    2|           1|           2|
    |tmp_55_fu_2506_p3                 |  select  |      0|  0|    4|           1|           4|
    |tmp_58_fu_2524_p3                 |  select  |      0|  0|    5|           1|           5|
    |tmp_60_fu_2538_p3                 |  select  |      0|  0|    4|           1|           4|
    |tmp_64_cast_cast_fu_2460_p3       |  select  |      0|  0|    3|           1|           3|
    |tmp_65_fu_2556_p3                 |  select  |      0|  0|    4|           1|           4|
    |tmp_67_fu_2570_p3                 |  select  |      0|  0|    4|           1|           4|
    |tmp_68_cast_cast_fu_2492_p3       |  select  |      0|  0|    3|           1|           3|
    |tmp_70_fu_2588_p3                 |  select  |      0|  0|    4|           1|           4|
    |tmp_72_fu_2602_p3                 |  select  |      0|  0|    4|           1|           4|
    |tmp_76_fu_2655_p3                 |  select  |      0|  0|    4|           1|           4|
    |op2_assign_1_fu_1549_p2           |    shl   |      0|  0|  101|          32|          32|
    |op2_assign_2_fu_2045_p2           |    shl   |      0|  0|  101|           1|          32|
    |op2_assign_9_fu_1427_p2           |    shl   |      0|  0|  101|           1|          32|
    |op2_assign_s_fu_1953_p2           |    shl   |      0|  0|  101|           1|          32|
    |r_V_23_fu_2947_p2                 |    shl   |      0|  0|  182|          64|          64|
    |r_V_28_fu_1705_p2                 |    shl   |      0|  0|  182|          64|          64|
    |tmp_11_fu_1760_p2                 |    shl   |      0|  0|  101|          32|          32|
    |tmp_16_fu_1799_p2                 |    shl   |      0|  0|   35|          16|          16|
    |tmp_46_fu_2290_p2                 |    shl   |      0|  0|   45|          18|          18|
    |tmp_78_fu_2634_p2                 |    shl   |      0|  0|   35|          16|          16|
    |tmp_87_fu_2713_p2                 |    shl   |      0|  0|  101|          32|          32|
    |TMP_0_V_fu_2305_p2                |    xor   |      0|  0|   64|          64|           2|
    |ap_enable_pp0                     |    xor   |      0|  0|    2|           1|           2|
    |ap_enable_reg_pp0_iter1           |    xor   |      0|  0|    2|           2|           1|
    |op2_assign_fu_2736_p2             |    xor   |      0|  0|   64|          64|           2|
    |p_03138_0_not_fu_2383_p2          |    xor   |      0|  0|   16|           2|          16|
    |r_V_1_fu_1413_p2                  |    xor   |      0|  0|    5|           5|           4|
    |r_V_5_fu_2325_p2                  |    xor   |      0|  0|    5|           4|           5|
    |rev_fu_2821_p2                    |    xor   |      0|  0|    2|           1|           2|
    |rhs_V_6_fu_2953_p2                |    xor   |      0|  0|   64|          64|           2|
    |rhs_i_i_fu_3119_p2                |    xor   |      0|  0|   15|          15|           2|
    +----------------------------------+----------+-------+---+-----+------------+------------+
    |Total                             |          |      0|  0| 5078|        2496|        3105|
    +----------------------------------+----------+-------+---+-----+------------+------------+

    * Multiplexer: 
    +-------------------------------------------+-----+-----------+-----+-----------+
    |                    Name                   | LUT | Input Size| Bits| Total Bits|
    +-------------------------------------------+-----+-----------+-----+-----------+
    |TMP_0_V_3_reg_960                          |    9|          2|   64|        128|
    |addr_layer_map_V_address0                  |   15|          3|    9|         27|
    |addr_tree_map_V_address0                   |   15|          3|    9|         27|
    |alloc_addr                                 |   21|          4|   32|        128|
    |alloc_addr_blk_n                           |    9|          2|    1|          2|
    |alloc_cmd_blk_n                            |    9|          2|    1|          2|
    |alloc_free_target_blk_n                    |    9|          2|    1|          2|
    |alloc_size_blk_n                           |    9|          2|    1|          2|
    |ap_NS_fsm                                  |  185|         42|    1|         42|
    |ap_enable_reg_pp0_iter1                    |   15|          3|    1|          3|
    |ap_phi_mux_p_03368_1_phi_fu_1128_p4        |    9|          2|   64|        128|
    |ap_phi_mux_p_03368_4_phi_fu_1025_p4        |    9|          2|   64|        128|
    |ap_phi_mux_p_03396_1_in_in_phi_fu_1016_p4  |    9|          2|   13|         26|
    |ap_phi_mux_p_03420_2_in_phi_fu_998_p4      |    9|          2|    4|          8|
    |ap_phi_mux_p_03424_1_in_phi_fu_1007_p4     |    9|          2|   64|        128|
    |ap_phi_mux_p_4_phi_fu_875_p34              |   15|          3|   16|         48|
    |ap_phi_mux_p_8_phi_fu_1109_p4              |    9|          2|    4|          8|
    |ap_phi_mux_p_9_phi_fu_1119_p4              |    9|          2|   13|         26|
    |ap_phi_mux_p_s_phi_fu_818_p34              |   85|         17|    4|         68|
    |ap_phi_mux_rhs_V_4_phi_fu_1078_p4          |    9|          2|   64|        128|
    |ap_sig_ioackin_alloc_addr_ap_ack           |    9|          2|    1|          2|
    |buddy_tree_V_0_address0                    |   56|         13|    3|         39|
    |buddy_tree_V_0_address1                    |   47|         10|    3|         30|
    |buddy_tree_V_0_d0                          |   38|          7|   64|        448|
    |buddy_tree_V_0_d1                          |   47|         10|   64|        640|
    |buddy_tree_V_1_address0                    |   65|         16|    3|         48|
    |buddy_tree_V_1_address1                    |   33|          6|    3|         18|
    |buddy_tree_V_1_d0                          |   53|         12|   64|        768|
    |buddy_tree_V_1_d1                          |   15|          3|   64|        192|
    |buddy_tree_V_load_1_s_reg_1096             |    9|          2|   64|        128|
    |cmd_fu_268                                 |    9|          2|    8|         16|
    |cnt_1_fu_272                               |    9|          2|   32|         64|
    |group_tree_V_0_address0                    |   38|          7|    6|         42|
    |group_tree_V_0_d0                          |   21|          4|   16|         64|
    |group_tree_V_1_address0                    |   38|          7|    6|         42|
    |group_tree_V_1_d0                          |   21|          4|   16|         64|
    |loc1_V_7_fu_284                            |    9|          2|    7|         14|
    |loc2_V_fu_280                              |    9|          2|   12|         24|
    |mark_mask_V_address0                       |   15|          3|    5|         15|
    |mask_V_load_phi_reg_982                    |   21|          4|   64|        256|
    |op2_assign_3_reg_970                       |    9|          2|   32|         64|
    |p_03368_1_reg_1125                         |    9|          2|   64|        128|
    |p_03368_4_reg_1022                         |    9|          2|   64|        128|
    |p_03396_1_in_in_reg_1013                   |    9|          2|   13|         26|
    |p_03400_3_in_reg_951                       |    9|          2|   13|         26|
    |p_03408_5_in_reg_1154                      |    9|          2|    8|         16|
    |p_03408_8_in_reg_912                       |    9|          2|   13|         26|
    |p_03416_1_reg_1164                         |    9|          2|    3|          6|
    |p_03416_2_in_reg_942                       |    9|          2|    4|          8|
    |p_03420_1_in_reg_921                       |    9|          2|    4|          8|
    |p_03420_2_in_reg_995                       |    9|          2|    4|          8|
    |p_03420_3_reg_1042                         |    9|          2|    4|          8|
    |p_03424_1_in_reg_1004                      |    9|          2|   64|        128|
    |p_2_reg_1134                               |    9|          2|    4|          8|
    |p_3_reg_1144                               |    9|          2|    4|          8|
    |p_8_reg_1105                               |    9|          2|    4|          8|
    |p_9_reg_1116                               |    9|          2|   13|         26|
    |p_Val2_11_reg_1032                         |    9|          2|    8|         16|
    |p_Val2_2_reg_1054                          |    9|          2|    2|          4|
    |p_Val2_3_reg_930                           |    9|          2|    2|          4|
    |p_s_reg_814                                |   65|         16|    4|         64|
    |reg_1063                                   |   15|          3|    8|         24|
    |rhs_V_3_fu_276                             |    9|          2|   64|        128|
    |rhs_V_4_reg_1075                           |    9|          2|   64|        128|
    |shift_constant_V_address0                  |   15|          3|    3|          9|
    |storemerge_reg_1086                        |    9|          2|   64|        128|
    +-------------------------------------------+-----+-----------+-----+-----------+
    |Total                                      | 1332|        287| 1469|       5108|
    +-------------------------------------------+-----+-----------+-----+-----------+

    * Register: 
    +----------------------------------+----+----+-----+-----------+
    |               Name               | FF | LUT| Bits| Const Bits|
    +----------------------------------+----+----+-----+-----------+
    |TMP_0_V_3_reg_960                 |  64|   0|   64|          0|
    |TMP_0_V_4_reg_3687                |  64|   0|   64|          0|
    |TMP_1_V_1_reg_3845                |  16|   0|   16|          0|
    |addr_tree_map_V_load_reg_3419     |   8|   0|    8|          0|
    |ans_V_reg_3405                    |   4|   0|    4|          0|
    |ap_CS_fsm                         |  41|   0|   41|          0|
    |ap_enable_reg_pp0_iter0           |   1|   0|    1|          0|
    |ap_enable_reg_pp0_iter1           |   1|   0|    1|          0|
    |ap_reg_ioackin_alloc_addr_ap_ack  |   1|   0|    1|          0|
    |buddy_tree_V_load_1_s_reg_1096    |  64|   0|   64|          0|
    |cmd_fu_268                        |   8|   0|    8|          0|
    |cnt_1_fu_272                      |  32|   0|   32|          0|
    |free_target_V_reg_3340            |  16|   0|   16|          0|
    |loc1_V_10_reg_3428                |   8|   0|   13|          5|
    |loc1_V_11_reg_3488                |  12|   0|   13|          1|
    |loc1_V_7_fu_284                   |   7|   0|   13|          6|
    |loc1_V_9_cast_cast_reg_3434       |   8|   0|   11|          3|
    |loc1_V_reg_3483                   |  12|   0|   12|          0|
    |loc2_V_fu_280                     |  12|   0|   13|          1|
    |loc_tree_V_5_reg_3622             |  13|   0|   13|          0|
    |mask_V_load_phi_reg_982           |  64|   0|   64|          0|
    |newIndex11_reg_3712               |   3|   0|   64|         61|
    |newIndex13_reg_3949               |   7|   0|   64|         57|
    |newIndex15_reg_3580               |   3|   0|   64|         61|
    |newIndex17_reg_3984               |   3|   0|   64|         61|
    |newIndex19_reg_4059               |   2|   0|   64|         62|
    |newIndex21_reg_4069               |   2|   0|   64|         62|
    |newIndex23_reg_4009               |   3|   0|   64|         61|
    |newIndex2_reg_3439                |   3|   0|   64|         61|
    |newIndex4_reg_3373                |   3|   0|   64|         61|
    |newIndex6_reg_3627                |   7|   0|   64|         57|
    |newIndex8_reg_3815                |   7|   0|   64|         57|
    |newIndex_reg_3507                 |   3|   0|   64|         61|
    |now1_V_1_reg_3498                 |   4|   0|    4|          0|
    |now1_V_2_reg_3673                 |   4|   0|    4|          0|
    |now2_V_s_reg_4079                 |   3|   0|    3|          0|
    |op2_assign_3_reg_970              |  32|   0|   32|          0|
    |op2_assign_8_reg_3969             |   1|   0|    1|          0|
    |p_03368_1_reg_1125                |  64|   0|   64|          0|
    |p_03368_4_reg_1022                |  64|   0|   64|          0|
    |p_03396_1_in_in_reg_1013          |  13|   0|   13|          0|
    |p_03400_3_in_reg_951              |  13|   0|   13|          0|
    |p_03408_5_in_reg_1154             |   8|   0|    8|          0|
    |p_03408_8_in_reg_912              |  13|   0|   13|          0|
    |p_03416_1_reg_1164                |   3|   0|    3|          0|
    |p_03416_2_in_reg_942              |   4|   0|    4|          0|
    |p_03420_1_in_reg_921              |   4|   0|    4|          0|
    |p_03420_2_in_reg_995              |   4|   0|    4|          0|
    |p_03420_3_reg_1042                |   4|   0|    4|          0|
    |p_03424_1_in_reg_1004             |  64|   0|   64|          0|
    |p_11_cast1_reg_4041               |  14|   0|   14|          0|
    |p_11_cast2_reg_4046               |   6|   0|    6|          0|
    |p_11_cast_reg_4051                |   2|   0|    2|          0|
    |p_2_reg_1134                      |   4|   0|    4|          0|
    |p_3_reg_1144                      |   4|   0|    4|          0|
    |p_4_cast_reg_3363                 |  16|   0|   64|         48|
    |p_8_reg_1105                      |   4|   0|    4|          0|
    |p_9_reg_1116                      |  13|   0|   13|          0|
    |p_Repl2_10_reg_4094               |   1|   0|    1|          0|
    |p_Repl2_11_reg_3544               |   4|   0|    4|          0|
    |p_Repl2_5_reg_3728                |   1|   0|    1|          0|
    |p_Repl2_8_reg_4084                |   1|   0|    1|          0|
    |p_Repl2_9_reg_4089                |   1|   0|    1|          0|
    |p_Repl2_s_reg_3538                |  12|   0|   13|          1|
    |p_Result_11_reg_3693              |  13|   0|   13|          0|
    |p_Result_7_reg_3347               |  16|   0|   16|          0|
    |p_Val2_11_reg_1032                |   8|   0|   11|          3|
    |p_Val2_2_reg_1054                 |   2|   0|    2|          0|
    |p_Val2_3_reg_930                  |   2|   0|    2|          0|
    |p_s_reg_814                       |   4|   0|    4|          0|
    |r_V_11_reg_3896                   |  13|   0|   13|          0|
    |r_V_22_reg_3601                   |  64|   0|   64|          0|
    |r_V_28_reg_3596                   |  64|   0|   64|          0|
    |r_V_4_reg_3652                    |  16|   0|   16|          0|
    |r_V_9_reg_3886                    |  13|   0|   13|          0|
    |r_V_reg_3617                      |  13|   0|   13|          0|
    |rec_bits_V_3_reg_3678             |   2|   0|    2|          0|
    |reg_1063                          |   8|   0|    8|          0|
    |reg_1271                          |   5|   0|    5|          0|
    |rhs_V_3_fu_276                    |  64|   0|   64|          0|
    |rhs_V_4_reg_1075                  |  64|   0|   64|          0|
    |rhs_V_6_reg_3978                  |  64|   0|   64|          0|
    |size_V_reg_3335                   |  16|   0|   16|          0|
    |storemerge_reg_1086               |  64|   0|   64|          0|
    |tmp_100_reg_3974                  |   1|   0|    1|          0|
    |tmp_102_reg_3368                  |   1|   0|    1|          0|
    |tmp_108_reg_3704                  |  16|   0|   16|          0|
    |tmp_111_reg_3493                  |   1|   0|    1|          0|
    |tmp_114_reg_4000                  |   1|   0|    1|          0|
    |tmp_125_reg_3791                  |   1|   0|    1|          0|
    |tmp_128_reg_3841                  |   1|   0|    1|          0|
    |tmp_134_reg_3733                  |   1|   0|    1|          0|
    |tmp_137_reg_3901                  |   1|   0|    1|          0|
    |tmp_13_reg_3612                   |  13|   0|   13|          0|
    |tmp_152_reg_3965                  |   1|   0|    1|          0|
    |tmp_159_reg_3575                  |   1|   0|    1|          0|
    |tmp_15_reg_3415                   |   1|   0|    1|          0|
    |tmp_171_reg_4004                  |   1|   0|    1|          0|
    |tmp_24_reg_3787                   |   1|   0|    1|          0|
    |tmp_25_reg_3683                   |   1|   0|    1|          0|
    |tmp_27_reg_3503                   |   1|   0|    1|          0|
    |tmp_40_reg_3523                   |  64|   0|   64|          0|
    |tmp_6_reg_3391                    |   1|   0|    1|          0|
    |tmp_72_reg_3870                   |   4|   0|    4|          0|
    |tmp_73_reg_3875                   |   1|   0|    1|          0|
    |tmp_74_reg_3880                   |   1|   0|    1|          0|
    |tmp_76_reg_3891                   |   4|   0|    4|          0|
    |tmp_84_reg_3648                   |   1|   0|    1|          0|
    |tmp_88_reg_3864                   |  16|   0|   16|          0|
    |tmp_8_reg_3468                    |  64|   0|   64|          0|
    |tmp_93_reg_3737                   |  64|   0|   64|          0|
    |tmp_V_1_reg_3779                  |  64|   0|   64|          0|
    |tmp_V_reg_3460                    |  64|   0|   64|          0|
    |tmp_reg_3353                      |   1|   0|    1|          0|
    +----------------------------------+----+----+-----+-----------+
    |Total                             |1795|   0| 2585|        790|
    +----------------------------------+----+----+-----+-----------+



================================================================
== Interface
================================================================
* Summary: 
+--------------------------+-----+-----+------------+-------------------+--------------+
|         RTL Ports        | Dir | Bits|  Protocol  |   Source Object   |    C Type    |
+--------------------------+-----+-----+------------+-------------------+--------------+
|ap_clk                    |  in |    1| ap_ctrl_hs |    HTA512_theta   | return value |
|ap_rst                    |  in |    1| ap_ctrl_hs |    HTA512_theta   | return value |
|ap_start                  |  in |    1| ap_ctrl_hs |    HTA512_theta   | return value |
|ap_done                   | out |    1| ap_ctrl_hs |    HTA512_theta   | return value |
|ap_idle                   | out |    1| ap_ctrl_hs |    HTA512_theta   | return value |
|ap_ready                  | out |    1| ap_ctrl_hs |    HTA512_theta   | return value |
|alloc_size                |  in |   32|    ap_hs   |     alloc_size    |    pointer   |
|alloc_size_ap_vld         |  in |    1|    ap_hs   |     alloc_size    |    pointer   |
|alloc_size_ap_ack         | out |    1|    ap_hs   |     alloc_size    |    pointer   |
|alloc_addr                | out |   32|    ap_hs   |     alloc_addr    |    pointer   |
|alloc_addr_ap_vld         | out |    1|    ap_hs   |     alloc_addr    |    pointer   |
|alloc_addr_ap_ack         |  in |    1|    ap_hs   |     alloc_addr    |    pointer   |
|alloc_free_target         |  in |   32|    ap_hs   | alloc_free_target |    pointer   |
|alloc_free_target_ap_vld  |  in |    1|    ap_hs   | alloc_free_target |    pointer   |
|alloc_free_target_ap_ack  | out |    1|    ap_hs   | alloc_free_target |    pointer   |
|alloc_cmd                 |  in |    8|    ap_hs   |     alloc_cmd     |    pointer   |
|alloc_cmd_ap_vld          |  in |    1|    ap_hs   |     alloc_cmd     |    pointer   |
|alloc_cmd_ap_ack          | out |    1|    ap_hs   |     alloc_cmd     |    pointer   |
+--------------------------+-----+-----+------------+-------------------+--------------+

