

================================================================
== Vivado HLS Report for 'Ext_HTA'
================================================================
* Date:           Mon Jul 30 20:15:52 2018

* Version:        2018.2 (Build 2258646 on Thu Jun 14 20:25:20 MDT 2018)
* Project:        Ext_HTA
* Solution:       solution1
* Product family: zynq
* Target device:  xc7z020clg484-1


================================================================
== Performance Estimates
================================================================
+ Timing (ns): 
    * Summary: 
    +--------+-------+----------+------------+
    |  Clock | Target| Estimated| Uncertainty|
    +--------+-------+----------+------------+
    |ap_clk  |  10.00|     8.750|        1.25|
    +--------+-------+----------+------------+

+ Latency (clock cycles): 
    * Summary: 
    +-----+-----+-----+-----+---------+
    |  Latency  |  Interval | Pipeline|
    | min | max | min | max |   Type  |
    +-----+-----+-----+-----+---------+
    |    ?|    ?|    ?|    ?|   none  |
    +-----+-----+-----+-----+---------+

    + Detail: 
        * Instance: 
        +------------------------+-------------+-----+-----+-----+-----+---------+
        |                        |             |  Latency  |  Interval | Pipeline|
        |        Instance        |    Module   | min | max | min | max |   Type  |
        +------------------------+-------------+-----+-----+-----+-----+---------+
        |grp_log_2_64bit_fu_873  |log_2_64bit  |    0|    0|    0|    0|   none  |
        +------------------------+-------------+-----+-----+-----+-----+---------+

        * Loop: 
        +----------+-----+-----+----------+-----------+-----------+------+----------+
        |          |  Latency  | Iteration|  Initiation Interval  | Trip |          |
        | Loop Name| min | max |  Latency |  achieved |   target  | Count| Pipelined|
        +----------+-----+-----+----------+-----------+-----------+------+----------+
        |- Loop 1  |    ?|    ?|         2|          -|          -|     ?|    no    |
        |- Loop 2  |    ?|    ?|         2|          -|          -|     ?|    no    |
        |- Loop 3  |    ?|    ?|         2|          2|          1|     ?|    yes   |
        |- Loop 4  |    ?|    ?|         2|          -|          -|     ?|    no    |
        |- Loop 5  |    ?|    ?|         1|          1|          1|     ?|    yes   |
        |- Loop 6  |    ?|    ?|         2|          -|          -|     ?|    no    |
        +----------+-----+-----+----------+-----------+-----------+------+----------+



================================================================
== Utilization Estimates
================================================================
* Summary: 
+-----------------+---------+-------+--------+-------+
|       Name      | BRAM_18K| DSP48E|   FF   |  LUT  |
+-----------------+---------+-------+--------+-------+
|DSP              |        -|      -|       -|      -|
|Expression       |        -|      -|       0|   4380|
|FIFO             |        -|      -|       -|      -|
|Instance         |        -|      -|       0|    579|
|Memory           |        5|      -|     164|     21|
|Multiplexer      |        -|      -|       -|   1246|
|Register         |        -|      -|    3417|      -|
+-----------------+---------+-------+--------+-------+
|Total            |        5|      0|    3581|   6226|
+-----------------+---------+-------+--------+-------+
|Available        |      280|    220|  106400|  53200|
+-----------------+---------+-------+--------+-------+
|Utilization (%)  |        1|      0|       3|     11|
+-----------------+---------+-------+--------+-------+

+ Detail: 
    * Instance: 
    +-------------------------+----------------------+---------+-------+---+-----+
    |         Instance        |        Module        | BRAM_18K| DSP48E| FF| LUT |
    +-------------------------+----------------------+---------+-------+---+-----+
    |Ext_HTA_mux_164_6g8j_U2  |Ext_HTA_mux_164_6g8j  |        0|      0|  0|   65|
    |Ext_HTA_mux_164_6g8j_U3  |Ext_HTA_mux_164_6g8j  |        0|      0|  0|   65|
    |grp_log_2_64bit_fu_873   |log_2_64bit           |        0|      0|  0|  449|
    +-------------------------+----------------------+---------+-------+---+-----+
    |Total                    |                      |        0|      0|  0|  579|
    +-------------------------+----------------------+---------+-------+---+-----+

    * DSP48: 
    N/A

    * Memory: 
    +---------------------+----------------------+---------+-----+----+------+-----+------+-------------+
    |        Memory       |        Module        | BRAM_18K|  FF | LUT| Words| Bits| Banks| W*Bits*Banks|
    +---------------------+----------------------+---------+-----+----+------+-----+------+-------------+
    |addr_tree_map_V_U    |Ext_HTA_addr_treefYi  |        1|    0|   0|  2048|    8|     1|        16384|
    |buddy_tree_V_U       |Ext_HTA_buddy_trebkb  |        0|  128|  16|    16|   64|     1|         1024|
    |group_tree_V_U       |Ext_HTA_group_trecud  |        2|    0|   0|    70|   64|     1|         4480|
    |group_tree_mask_V_U  |Ext_HTA_group_tredEe  |        0|   31|   4|     8|   31|     1|          248|
    |mark_mask_V_U        |Ext_HTA_mark_mask_V   |        2|    0|   0|   128|   62|     1|         7936|
    |shift_constant_V_U   |Ext_HTA_shift_coneOg  |        0|    5|   1|     5|    5|     1|           25|
    +---------------------+----------------------+---------+-----+----+------+-----+------+-------------+
    |Total                |                      |        5|  164|  21|  2275|  234|     6|        30097|
    +---------------------+----------------------+---------+-----+----+------+-----+------+-------------+

    * FIFO: 
    N/A

    * Expression: 
    +---------------------------------+----------+-------+---+-----+------------+------------+
    |          Variable Name          | Operation| DSP48E| FF| LUT | Bitwidth P0| Bitwidth P1|
    +---------------------------------+----------+-------+---+-----+------------+------------+
    |ans_V_fu_1028_p2                 |     +    |      0|  0|   13|           1|           4|
    |cnt_1_fu_2195_p2                 |     +    |      0|  0|   39|           1|          32|
    |cnt_fu_1356_p2                   |     +    |      0|  0|   39|           1|          32|
    |grp_fu_973_p2                    |     +    |      0|  0|   13|           4|           4|
    |grp_fu_978_p2                    |     +    |      0|  0|   13|           4|           2|
    |grp_fu_983_p2                    |     +    |      0|  0|   13|           4|           4|
    |loc_tree_V_8_fu_1388_p2          |     +    |      0|  0|   13|          13|          13|
    |loc_tree_V_9_fu_1495_p2          |     +    |      0|  0|   17|          13|           2|
    |loc_tree_V_fu_2040_p2            |     +    |      0|  0|   15|           6|           6|
    |now1_V_2_fu_1267_p2              |     +    |      0|  0|   13|           4|           2|
    |now1_V_3_fu_1535_p2              |     +    |      0|  0|   13|           4|           2|
    |now1_V_4_fu_1564_p2              |     +    |      0|  0|   13|           2|           4|
    |now1_V_fu_2125_p2                |     +    |      0|  0|   13|           1|           4|
    |now2_V_2_fu_2226_p2              |     +    |      0|  0|   13|           4|           2|
    |now2_V_fu_1292_p2                |     +    |      0|  0|   13|           1|           4|
    |r_V_6_fu_1401_p2                 |     +    |      0|  0|   19|           6|          14|
    |tmp_46_fu_1891_p2                |     +    |      0|  0|   13|          13|          13|
    |grp_fu_962_p2                    |     -    |      0|  0|   13|           4|           4|
    |grp_fu_967_p2                    |     -    |      0|  0|   13|           1|           4|
    |new_loc1_V_fu_1896_p2            |     -    |      0|  0|   13|          13|          13|
    |tmp_13_fu_1771_p2                |     -    |      0|  0|   71|           1|          64|
    |tmp_29_fu_1379_p2                |     -    |      0|  0|   13|          13|          13|
    |tmp_33_fu_1850_p2                |     -    |      0|  0|   69|           1|          62|
    |TMP_0_V_1_fu_1856_p2             |    and   |      0|  0|   62|          62|          62|
    |ap_block_state2_io               |    and   |      0|  0|    2|           1|           1|
    |ap_block_state33_io              |    and   |      0|  0|    2|           1|           1|
    |ap_predicate_op101_write_state2  |    and   |      0|  0|    2|           1|           1|
    |ap_predicate_op102_read_state2   |    and   |      0|  0|    2|           1|           1|
    |ap_predicate_op113_read_state2   |    and   |      0|  0|    2|           1|           1|
    |grp_fu_1018_p2                   |    and   |      0|  0|   64|          64|          64|
    |p_Repl2_s_fu_1215_p2             |    and   |      0|  0|    2|           1|           1|
    |r_V_35_fu_2188_p2                |    and   |      0|  0|   64|          64|          64|
    |r_V_39_cast1_fu_2348_p2          |    and   |      0|  0|   62|          62|          62|
    |r_V_39_cast2_fu_2354_p2          |    and   |      0|  0|   30|          30|          30|
    |r_V_39_cast3_fu_2360_p2          |    and   |      0|  0|   14|          14|          14|
    |r_V_39_cast4_fu_2366_p2          |    and   |      0|  0|    6|           6|           6|
    |r_V_39_cast_fu_2372_p2           |    and   |      0|  0|    2|           2|           2|
    |r_V_42_fu_2246_p2                |    and   |      0|  0|   64|          64|          64|
    |r_V_44_fu_2253_p2                |    and   |      0|  0|   64|          64|          64|
    |r_V_45_fu_2259_p2                |    and   |      0|  0|   64|          64|          64|
    |r_V_46_fu_1844_p2                |    and   |      0|  0|   62|          62|          62|
    |r_V_49_fu_2341_p2                |    and   |      0|  0|   64|          64|          64|
    |tmp_10_fu_2073_p2                |    and   |      0|  0|   64|          64|          64|
    |tmp_11_fu_2099_p2                |    and   |      0|  0|   64|          64|          64|
    |tmp_48_fu_1475_p2                |    and   |      0|  0|    2|           1|           1|
    |tmp_59_fu_1960_p2                |    and   |      0|  0|   64|          64|          64|
    |tmp_66_fu_1553_p2                |    and   |      0|  0|    2|           1|           1|
    |tmp_V_2_fu_1777_p2               |    and   |      0|  0|   64|          64|          64|
    |not_s_fu_1547_p2                 |   icmp   |      0|  0|    9|           4|           1|
    |p_Repl2_12_fu_1631_p2            |   icmp   |      0|  0|    8|           2|           1|
    |p_Repl2_13_fu_1680_p2            |   icmp   |      0|  0|    9|           4|           1|
    |p_Repl2_14_fu_1706_p2            |   icmp   |      0|  0|   11|           8|           1|
    |p_Repl2_15_fu_1731_p2            |   icmp   |      0|  0|   13|          16|           1|
    |p_Repl2_16_fu_1756_p2            |   icmp   |      0|  0|   18|          32|           1|
    |p_Repl2_3_fu_2378_p2             |   icmp   |      0|  0|    8|           2|           1|
    |p_Repl2_4_fu_2394_p2             |   icmp   |      0|  0|    9|           4|           1|
    |p_Repl2_5_fu_2410_p2             |   icmp   |      0|  0|   11|           8|           1|
    |p_Repl2_6_fu_2426_p2             |   icmp   |      0|  0|   13|          16|           1|
    |p_Repl2_7_fu_2442_p2             |   icmp   |      0|  0|   18|          32|           1|
    |tmp_14_fu_1787_p2                |   icmp   |      0|  0|   29|          64|           1|
    |tmp_22_fu_1034_p2                |   icmp   |      0|  0|   11|           8|           3|
    |tmp_23_fu_1182_p2                |   icmp   |      0|  0|    9|           4|           1|
    |tmp_25_fu_1039_p2                |   icmp   |      0|  0|   11|           8|           2|
    |tmp_47_fu_1469_p2                |   icmp   |      0|  0|    8|           2|           2|
    |tmp_52_fu_1261_p2                |   icmp   |      0|  0|    8|           2|           2|
    |tmp_65_fu_1541_p2                |   icmp   |      0|  0|    8|           2|           2|
    |tmp_88_fu_2215_p2                |   icmp   |      0|  0|    9|           4|           1|
    |tmp_fu_1050_p2                   |   icmp   |      0|  0|   11|           8|           2|
    |tmp_s_fu_1060_p2                 |   icmp   |      0|  0|   11|           8|           3|
    |r_V_16_fu_1529_p2                |   lshr   |      0|  0|  182|          64|          64|
    |r_V_17_fu_1603_p2                |   lshr   |      0|  0|  182|          64|          64|
    |r_V_1_fu_1172_p2                 |   lshr   |      0|  0|  182|          64|          64|
    |r_V_8_fu_1451_p2                 |   lshr   |      0|  0|  182|          64|          64|
    |r_V_9_fu_1251_p2                 |   lshr   |      0|  0|  182|          64|          64|
    |tmp_21_fu_1112_p2                |   lshr   |      0|  0|   35|          16|          16|
    |tmp_55_fu_1922_p2                |   lshr   |      0|  0|   29|          13|          13|
    |ap_block_state1                  |    or    |      0|  0|    2|           1|           1|
    |ap_block_state2                  |    or    |      0|  0|    2|           1|           1|
    |grp_fu_1011_p2                   |    or    |      0|  0|   64|          64|          64|
    |r_V_33_fu_1349_p2                |    or    |      0|  0|   64|          64|          64|
    |r_V_37_fu_1637_p2                |    or    |      0|  0|   64|          64|          64|
    |r_V_39_fu_1644_p2                |    or    |      0|  0|   64|          64|          64|
    |r_V_40_fu_1650_p2                |    or    |      0|  0|   64|          64|          64|
    |tmp_17_fu_1152_p2                |    or    |      0|  0|   64|          64|          64|
    |tmp_26_fu_1044_p2                |    or    |      0|  0|    2|           1|           1|
    |tmp_39_fu_1416_p2                |    or    |      0|  0|   62|          62|          62|
    |r_V_13_fu_1938_p3                |  select  |      0|  0|   13|           1|          13|
    |tmp_24_fu_1126_p3                |  select  |      0|  0|   13|           1|          13|
    |r_V_34_fu_2176_p2                |    shl   |      0|  0|  182|          64|          64|
    |r_V_50_fu_1343_p2                |    shl   |      0|  0|  182|          64|          64|
    |tmp_20_fu_1106_p2                |    shl   |      0|  0|  101|          32|          32|
    |tmp_28_fu_1369_p2                |    shl   |      0|  0|   35|          16|          16|
    |tmp_43_fu_1874_p2                |    shl   |      0|  0|   35|          16|          16|
    |tmp_50_fu_1800_p2                |    shl   |      0|  0|   53|          20|          20|
    |tmp_56_fu_1928_p2                |    shl   |      0|  0|  101|          32|          32|
    |TMP_0_V_3_fu_1814_p2             |    xor   |      0|  0|   64|          64|           2|
    |op2_assign_5_fu_2067_p2          |    xor   |      0|  0|   64|          64|           2|
    |op2_assign_6_fu_2093_p2          |    xor   |      0|  0|   64|          64|           2|
    |op2_assign_fu_1955_p2            |    xor   |      0|  0|   64|          64|           2|
    |rhs_V_2_fu_2285_p2               |    xor   |      0|  0|   64|          64|           2|
    |rhs_V_5_fu_2182_p2               |    xor   |      0|  0|   64|          64|           2|
    |tmp_58_fu_1950_p2                |    xor   |      0|  0|   64|          64|          64|
    |tmp_61_fu_1819_p2                |    xor   |      0|  0|   64|          64|          64|
    |tmp_77_fu_2291_p2                |    xor   |      0|  0|    2|           2|           2|
    |tmp_81_fu_2301_p2                |    xor   |      0|  0|    6|           6|           4|
    |tmp_82_fu_2311_p2                |    xor   |      0|  0|   14|          14|           8|
    |tmp_84_fu_2321_p2                |    xor   |      0|  0|   30|          30|          16|
    |tmp_85_fu_2331_p2                |    xor   |      0|  0|   62|          62|          32|
    +---------------------------------+----------+-------+---+-----+------------+------------+
    |Total                            |          |      0|  0| 4380|        2909|        2490|
    +---------------------------------+----------+-------+---+-----+------------+------------+

    * Multiplexer: 
    +----------------------------------------------+-----+-----------+-----+-----------+
    |                     Name                     | LUT | Input Size| Bits| Total Bits|
    +----------------------------------------------+-----+-----------+-----+-----------+
    |addr_tree_map_V_address0                      |   15|          3|   11|         33|
    |alloc_allocated_addr_V                        |   21|          4|   16|         64|
    |alloc_allocated_addr_V_blk_n                  |    9|          2|    1|          2|
    |alloc_cmd_blk_n                               |    9|          2|    1|          2|
    |alloc_layer_V_blk_n                           |    9|          2|    1|          2|
    |alloc_target_V_blk_n                          |    9|          2|    1|          2|
    |ap_NS_fsm                                     |  341|         77|    1|         77|
    |ap_phi_mux_loc_tree_V_7_phi_fu_764_p4         |    9|          2|   11|         22|
    |ap_phi_mux_p_03550_1_phi_fu_753_p4            |    9|          2|   64|        128|
    |ap_phi_mux_p_03550_2_phi_fu_794_p4            |    9|          2|   64|        128|
    |ap_phi_mux_p_03578_2_phi_fu_784_p4            |    9|          2|   17|         34|
    |ap_phi_mux_p_03598_1_phi_fu_730_p4            |    9|          2|    8|         16|
    |ap_phi_mux_p_03598_2_phi_fu_774_p4            |    9|          2|    8|         16|
    |ap_phi_mux_p_Val2_3_phi_fu_742_p4             |    9|          2|   14|         28|
    |ap_sig_ioackin_alloc_allocated_addr_V_ap_ack  |    9|          2|    1|          2|
    |buddy_tree_V_address0                         |   62|         15|    4|         60|
    |buddy_tree_V_address1                         |   97|         20|    4|         80|
    |buddy_tree_V_d1                               |  153|         34|   64|       2176|
    |cnt1_reg_832                                  |    9|          2|   32|         64|
    |group_tree_V_address0                         |   44|          9|    7|         63|
    |group_tree_V_d0                               |   27|          5|   64|        320|
    |grp_log_2_64bit_fu_873_tmp_V                  |   15|          3|   64|        192|
    |loc_tree_V_7_reg_761                          |    9|          2|   11|         22|
    |mark_mask_V_address0                          |   15|          3|    7|         21|
    |p_03550_1_reg_749                             |    9|          2|   64|        128|
    |p_03550_2_reg_790                             |    9|          2|   64|        128|
    |p_03578_0_in_reg_708                          |    9|          2|   13|         26|
    |p_03578_2_reg_781                             |    9|          2|   17|         34|
    |p_03598_1_reg_726                             |    9|          2|    8|         16|
    |p_03598_2_reg_771                             |    9|          2|    8|         16|
    |p_03598_3_in_in_reg_613                       |    9|          2|   13|         26|
    |p_03598_4_reg_663                             |    9|          2|    8|         16|
    |p_03602_1_in_reg_812                          |    9|          2|   13|         26|
    |p_03602_3_in_reg_564                          |    9|          2|   13|         26|
    |p_03610_2_in_reg_853                          |    9|          2|   11|         22|
    |p_03610_8_in_reg_546                          |    9|          2|   13|         26|
    |p_03622_1_reg_536                             |    9|          2|    4|          8|
    |p_03622_2_reg_604                             |    9|          2|    4|          8|
    |p_03622_3_reg_642                             |    9|          2|    4|          8|
    |p_03626_1_in_reg_595                          |    9|          2|   64|        128|
    |p_5_reg_697                                   |    9|          2|    8|         16|
    |p_6_reg_717                                   |    9|          2|   64|        128|
    |p_8_reg_803                                   |    9|          2|    4|          8|
    |p_9_reg_844                                   |    9|          2|    4|          8|
    |p_Val2_27_reg_633                             |    9|          2|    2|          4|
    |p_Val2_2_reg_653                              |    9|          2|    8|         16|
    |p_Val2_3_reg_738                              |    9|          2|   14|         28|
    |p_Val2_4_reg_525                              |    9|          2|    2|          4|
    |reg_1006                                      |    9|          2|   64|        128|
    |reg_583                                       |   15|          3|   32|         96|
    |reg_687                                       |   15|          3|   64|        192|
    |rhs_V_4_reg_675                               |    9|          2|   64|        128|
    |shift_constant_V_address0                     |   21|          4|    3|         12|
    |storemerge1_reg_863                           |    9|          2|   64|        128|
    |t1_V_reg_821                                  |    9|          2|   64|        128|
    |t5_V_3_reg_622                                |    9|          2|   64|        128|
    |t5_V_reg_573                                  |    9|          2|   64|        128|
    |t_V_reg_555                                   |    9|          2|    4|          8|
    +----------------------------------------------+-----+-----------+-----+-----------+
    |Total                                         | 1246|        273| 1390|       5484|
    +----------------------------------------------+-----+-----------+-----+-----------+

    * Register: 
    +----------------------------------------------+----+----+-----+-----------+
    |                     Name                     | FF | LUT| Bits| Const Bits|
    +----------------------------------------------+----+----+-----+-----------+
    |TMP_0_V_1_cast_reg_3032                       |  62|   0|   64|          2|
    |TMP_0_V_1_reg_3022                            |  62|   0|   62|          0|
    |addr_tree_map_V_load_reg_2699                 |   8|   0|    8|          0|
    |alloc_cmd_read_reg_2637                       |   8|   0|    8|          0|
    |alloc_layer_V_read_reg_2645                   |   8|   0|    8|          0|
    |ans_V_reg_2661                                |   4|   0|    4|          0|
    |ap_CS_fsm                                     |  76|   0|   76|          0|
    |ap_reg_ioackin_alloc_allocated_addr_V_ap_ack  |   1|   0|    1|          0|
    |buddy_tree_V_addr_5_reg_3106                  |   4|   0|    4|          0|
    |buddy_tree_V_addr_6_reg_3140                  |   4|   0|    4|          0|
    |buddy_tree_V_addr_reg_2684                    |   4|   0|    4|          0|
    |buddy_tree_V_load_10_reg_3196                 |  64|   0|   64|          0|
    |buddy_tree_V_load_11_reg_3201                 |  64|   0|   64|          0|
    |buddy_tree_V_load_9_reg_3191                  |  64|   0|   64|          0|
    |cnt1_reg_832                                  |  32|   0|   32|          0|
    |group_tree_V_addr_1_reg_3002                  |   7|   0|    7|          0|
    |group_tree_V_addr_3_reg_3065                  |   7|   0|    7|          0|
    |group_tree_V_addr_reg_3087                    |   7|   0|    7|          0|
    |i_assign_6_reg_2947                           |   8|   0|   32|         24|
    |lhs_V_1_reg_3017                              |  64|   0|   64|          0|
    |loc1_V_11_cast_cast_reg_2713                  |   8|   0|   11|          3|
    |loc1_V_1_cast_reg_2979                        |   8|   0|   11|          3|
    |loc1_V_4_reg_3132                             |  10|   0|   11|          1|
    |loc1_V_5_reg_2707                             |   8|   0|   13|          5|
    |loc1_V_8_reg_3127                             |  10|   0|   10|          0|
    |loc1_V_s_reg_2757                             |  12|   0|   12|          0|
    |loc_tree_V_7_reg_761                          |  11|   0|   11|          0|
    |loc_tree_V_8_reg_2825                         |  13|   0|   13|          0|
    |loc_tree_V_reg_3081                           |   6|   0|    6|          0|
    |now1_V_4_reg_2912                             |   4|   0|    4|          0|
    |now1_V_reg_3112                               |   4|   0|    4|          0|
    |now2_V_2_reg_3146                             |   4|   0|    4|          0|
    |now2_V_4_reg_2650                             |   4|   0|    4|          0|
    |now2_V_reg_2810                               |   4|   0|    4|          0|
    |output_addr_V_cast_reg_2690                   |  16|   0|   17|          1|
    |p_03550_1_reg_749                             |  64|   0|   64|          0|
    |p_03550_2_reg_790                             |  64|   0|   64|          0|
    |p_03578_0_in_reg_708                          |  13|   0|   13|          0|
    |p_03578_2_reg_781                             |  17|   0|   17|          0|
    |p_03598_1_reg_726                             |   8|   0|    8|          0|
    |p_03598_2_reg_771                             |   8|   0|    8|          0|
    |p_03598_3_in_in_reg_613                       |  13|   0|   13|          0|
    |p_03598_4_reg_663                             |   8|   0|    8|          0|
    |p_03602_1_in_reg_812                          |  13|   0|   13|          0|
    |p_03602_3_in_reg_564                          |  13|   0|   13|          0|
    |p_03610_2_in_reg_853                          |  11|   0|   11|          0|
    |p_03610_8_in_reg_546                          |  13|   0|   13|          0|
    |p_03622_1_reg_536                             |   4|   0|    4|          0|
    |p_03622_2_reg_604                             |   4|   0|    4|          0|
    |p_03622_3_reg_642                             |   4|   0|    4|          0|
    |p_03626_1_in_reg_595                          |  64|   0|   64|          0|
    |p_5_reg_697                                   |   8|   0|    8|          0|
    |p_6_reg_717                                   |  64|   0|   64|          0|
    |p_8_reg_803                                   |   4|   0|    4|          0|
    |p_9_reg_844                                   |   4|   0|    4|          0|
    |p_Repl2_11_reg_3097                           |  12|   0|   13|          1|
    |p_Repl2_12_reg_2927                           |   1|   0|    1|          0|
    |p_Repl2_2_reg_2791                            |  12|   0|   13|          1|
    |p_Repl2_3_reg_3166                            |   1|   0|    1|          0|
    |p_Repl2_4_reg_3171                            |   1|   0|    1|          0|
    |p_Repl2_5_reg_3176                            |   1|   0|    1|          0|
    |p_Repl2_6_reg_3181                            |   1|   0|    1|          0|
    |p_Repl2_7_reg_3186                            |   1|   0|    1|          0|
    |p_Repl2_s_reg_2768                            |   1|   0|    1|          0|
    |p_Result_11_reg_2955                          |  64|   0|   64|          0|
    |p_Result_12_reg_2960                          |  64|   0|   64|          0|
    |p_Result_13_reg_2965                          |  64|   0|   64|          0|
    |p_Result_17_reg_2738                          |  64|   0|   64|          0|
    |p_Result_18_reg_2743                          |  13|   0|   13|          0|
    |p_Result_4_reg_3241                           |  64|   0|   64|          0|
    |p_Result_5_reg_3246                           |  64|   0|   64|          0|
    |p_Result_6_reg_3251                           |  64|   0|   64|          0|
    |p_Result_7_reg_3256                           |  64|   0|   64|          0|
    |p_Result_8_reg_3261                           |  64|   0|   64|          0|
    |p_Val2_27_reg_633                             |   2|   0|    2|          0|
    |p_Val2_29_reg_3206                            |  64|   0|   64|          0|
    |p_Val2_2_reg_653                              |   8|   0|   11|          3|
    |p_Val2_30_reg_3211                            |  64|   0|   64|          0|
    |p_Val2_32_reg_3216                            |  64|   0|   64|          0|
    |p_Val2_3_reg_738                              |  14|   0|   14|          0|
    |p_Val2_4_reg_525                              |   2|   0|    2|          0|
    |r_V_11_reg_3038                               |  13|   0|   13|          0|
    |r_V_13_reg_3043                               |  13|   0|   13|          0|
    |r_V_15_reg_2991                               |  13|   0|   13|          0|
    |r_V_38_reg_2932                               |  64|   0|   64|          0|
    |r_V_39_reg_2937                               |  64|   0|   64|          0|
    |r_V_40_reg_2942                               |  64|   0|   64|          0|
    |r_V_43_reg_3151                               |  64|   0|   64|          0|
    |r_V_44_reg_3156                               |  64|   0|   64|          0|
    |r_V_45_reg_3161                               |  64|   0|   64|          0|
    |rec_bits_V_4_reg_2871                         |   2|   0|    2|          0|
    |rec_bits_V_reg_2748                           |   2|   0|    2|          0|
    |reg_1002                                      |  64|   0|   64|          0|
    |reg_1006                                      |  64|   0|   64|          0|
    |reg_583                                       |  32|   0|   32|          0|
    |reg_687                                       |  64|   0|   64|          0|
    |reg_988                                       |  16|   0|   16|          0|
    |reg_998                                       |  64|   0|   64|          0|
    |rhs_V_4_reg_675                               |  64|   0|   64|          0|
    |shift_constant_V_loa_reg_3027                 |   5|   0|    5|          0|
    |storemerge1_reg_863                           |  64|   0|   64|          0|
    |t1_V_reg_821                                  |  64|   0|   64|          0|
    |t5_V_3_reg_622                                |  64|   0|   64|          0|
    |t5_V_reg_573                                  |  64|   0|   64|          0|
    |t_V_reg_555                                   |   4|   0|    4|          0|
    |tmp_132_reg_3221                              |  64|   0|   64|          0|
    |tmp_133_reg_3226                              |  64|   0|   64|          0|
    |tmp_134_reg_3231                              |  64|   0|   64|          0|
    |tmp_135_reg_3236                              |  64|   0|   64|          0|
    |tmp_14_reg_2984                               |   1|   0|    1|          0|
    |tmp_16_reg_2718                               |   4|   0|   64|         60|
    |tmp_23_reg_2753                               |   1|   0|    1|          0|
    |tmp_24_reg_2728                               |  13|   0|   13|          0|
    |tmp_26_reg_2667                               |   1|   0|    1|          0|
    |tmp_36_reg_2763                               |   4|   0|   64|         60|
    |tmp_37_reg_2831                               |   8|   0|   64|         56|
    |tmp_39_reg_2846                               |  62|   0|   62|          0|
    |tmp_41_reg_2851                               |   2|   0|    2|          0|
    |tmp_68_reg_2902                               |   4|   0|   64|         60|
    |tmp_69_reg_2695                               |   1|   0|    1|          0|
    |tmp_75_reg_2800                               |   4|   0|   64|         60|
    |tmp_8_reg_3075                                |  11|   0|   11|          0|
    |tmp_V_2_reg_2970                              |  64|   0|   64|          0|
    |tmp_reg_2671                                  |   1|   0|    1|          0|
    |tmp_s_reg_2680                                |   1|   0|    1|          0|
    +----------------------------------------------+----+----+-----+-----------+
    |Total                                         |3417|   0| 3757|        340|
    +----------------------------------------------+----+----+-----+-----------+



================================================================
== Interface
================================================================
* Summary: 
+-------------------------------+-----+-----+------------+------------------------+--------------+
|           RTL Ports           | Dir | Bits|  Protocol  |      Source Object     |    C Type    |
+-------------------------------+-----+-----+------------+------------------------+--------------+
|ap_clk                         |  in |    1| ap_ctrl_hs |         Ext_HTA        | return value |
|ap_rst                         |  in |    1| ap_ctrl_hs |         Ext_HTA        | return value |
|ap_start                       |  in |    1| ap_ctrl_hs |         Ext_HTA        | return value |
|ap_done                        | out |    1| ap_ctrl_hs |         Ext_HTA        | return value |
|ap_idle                        | out |    1| ap_ctrl_hs |         Ext_HTA        | return value |
|ap_ready                       | out |    1| ap_ctrl_hs |         Ext_HTA        | return value |
|alloc_layer_V                  |  in |    8|    ap_hs   |      alloc_layer_V     |    pointer   |
|alloc_layer_V_ap_vld           |  in |    1|    ap_hs   |      alloc_layer_V     |    pointer   |
|alloc_layer_V_ap_ack           | out |    1|    ap_hs   |      alloc_layer_V     |    pointer   |
|alloc_target_V                 |  in |   16|    ap_hs   |     alloc_target_V     |    pointer   |
|alloc_target_V_ap_vld          |  in |    1|    ap_hs   |     alloc_target_V     |    pointer   |
|alloc_target_V_ap_ack          | out |    1|    ap_hs   |     alloc_target_V     |    pointer   |
|alloc_allocated_addr_V         | out |   16|    ap_hs   | alloc_allocated_addr_V |    pointer   |
|alloc_allocated_addr_V_ap_vld  | out |    1|    ap_hs   | alloc_allocated_addr_V |    pointer   |
|alloc_allocated_addr_V_ap_ack  |  in |    1|    ap_hs   | alloc_allocated_addr_V |    pointer   |
|alloc_cmd                      |  in |    8|    ap_hs   |        alloc_cmd       |    pointer   |
|alloc_cmd_ap_vld               |  in |    1|    ap_hs   |        alloc_cmd       |    pointer   |
|alloc_cmd_ap_ack               | out |    1|    ap_hs   |        alloc_cmd       |    pointer   |
+-------------------------------+-----+-----+------------+------------------------+--------------+

