

================================================================
== Vivado HLS Report for 'KWTA_mini1_theta'
================================================================
* Date:           Sat Aug 25 21:49:56 2018

* Version:        2018.2 (Build 2258646 on Thu Jun 14 20:25:20 MDT 2018)
* Project:        KWTAmini1_0
* Solution:       solution1
* Product family: zynq
* Target device:  xc7z020clg484-1


================================================================
== Performance Estimates
================================================================
+ Timing (ns): 
    * Summary: 
    +--------+-------+----------+------------+
    |  Clock | Target| Estimated| Uncertainty|
    +--------+-------+----------+------------+
    |ap_clk  |  10.00|     7.739|        1.25|
    +--------+-------+----------+------------+

+ Latency (clock cycles): 
    * Summary: 
    +-----+-----+-----+-----+---------+
    |  Latency  |  Interval | Pipeline|
    | min | max | min | max |   Type  |
    +-----+-----+-----+-----+---------+
    |    2|    8|    2|    8|   none  |
    +-----+-----+-----+-----+---------+

    + Detail: 
        * Instance: 
        N/A

        * Loop: 
        N/A



================================================================
== Utilization Estimates
================================================================
* Summary: 
+-----------------+---------+-------+--------+-------+
|       Name      | BRAM_18K| DSP48E|   FF   |  LUT  |
+-----------------+---------+-------+--------+-------+
|DSP              |        -|      -|       -|      -|
|Expression       |        -|      -|       0|    585|
|FIFO             |        -|      -|       -|      -|
|Instance         |        -|      -|       -|      -|
|Memory           |        2|      -|       0|      0|
|Multiplexer      |        -|      -|       -|    853|
|Register         |        -|      -|     510|      -|
+-----------------+---------+-------+--------+-------+
|Total            |        2|      0|     510|   1438|
+-----------------+---------+-------+--------+-------+
|Available        |      280|    220|  106400|  53200|
+-----------------+---------+-------+--------+-------+
|Utilization (%)  |    ~0   |      0|   ~0   |      2|
+-----------------+---------+-------+--------+-------+

+ Detail: 
    * Instance: 
    N/A

    * DSP48: 
    N/A

    * Memory: 
    +---------------+----------------------+---------+---+----+------+-----+------+-------------+
    |     Memory    |        Module        | BRAM_18K| FF| LUT| Words| Bits| Banks| W*Bits*Banks|
    +---------------+----------------------+---------+---+----+------+-----+------+-------------+
    |heap_tree_V_U  |KWTA_mini1_theta_bkb  |        2|  0|   0|    64|   64|     1|         4096|
    +---------------+----------------------+---------+---+----+------+-----+------+-------------+
    |Total          |                      |        2|  0|   0|    64|   64|     1|         4096|
    +---------------+----------------------+---------+---+----+------+-----+------+-------------+

    * FIFO: 
    N/A

    * Expression: 
    +--------------------------------+----------+-------+---+----+------------+------------+
    |          Variable Name         | Operation| DSP48E| FF| LUT| Bitwidth P0| Bitwidth P1|
    +--------------------------------+----------+-------+---+----+------------+------------+
    |tmp2_fu_940_p2                  |     +    |      0|  0|  15|           6|           6|
    |tmp3_fu_949_p2                  |     +    |      0|  0|  15|           7|           7|
    |tmp5_fu_1053_p2                 |     +    |      0|  0|  15|           6|           6|
    |tmp6_fu_1062_p2                 |     +    |      0|  0|  15|           7|           7|
    |tmp_13_fu_958_p2                |     +    |      0|  0|  15|           8|           8|
    |tmp_19_fu_1071_p2               |     +    |      0|  0|  15|           8|           8|
    |tmp_20_fu_1088_p2               |     +    |      0|  0|  19|          14|          14|
    |p_not1_fu_969_p2                |     -    |      0|  0|  71|           1|          64|
    |p_not_fu_842_p2                 |     -    |      0|  0|  71|           1|          64|
    |ap_condition_395                |    and   |      0|  0|   2|           1|           1|
    |ap_condition_495                |    and   |      0|  0|   2|           1|           1|
    |ap_condition_579                |    and   |      0|  0|   2|           1|           1|
    |ap_condition_746                |    and   |      0|  0|   2|           1|           1|
    |ap_condition_829                |    and   |      0|  0|   2|           1|           1|
    |ap_condition_910                |    and   |      0|  0|   2|           1|           1|
    |ap_predicate_op33_write_state2  |    and   |      0|  0|   2|           1|           1|
    |ap_predicate_op53_write_state2  |    and   |      0|  0|   2|           1|           1|
    |p_Val2_3_fu_975_p2              |    and   |      0|  0|  64|          64|          64|
    |p_Val2_s_fu_862_p2              |    and   |      0|  0|  64|          64|          64|
    |tmp_10_fu_926_p2                |   icmp   |      0|  0|  13|          16|           1|
    |tmp_15_fu_1013_p2               |   icmp   |      0|  0|  13|          16|           1|
    |tmp_16_fu_1023_p2               |   icmp   |      0|  0|  13|          16|           1|
    |tmp_17_fu_1033_p2               |   icmp   |      0|  0|  13|          16|           1|
    |tmp_18_fu_1039_p2               |   icmp   |      0|  0|  13|          16|           1|
    |tmp_1_fu_823_p2                 |   icmp   |      0|  0|  29|          64|           1|
    |tmp_23_fu_1111_p2               |   icmp   |      0|  0|  29|          64|           1|
    |tmp_3_fu_781_p2                 |   icmp   |      0|  0|  11|           8|           2|
    |tmp_5_fu_900_p2                 |   icmp   |      0|  0|  13|          16|           1|
    |tmp_8_fu_910_p2                 |   icmp   |      0|  0|  13|          16|           1|
    |tmp_fu_772_p2                   |   icmp   |      0|  0|  11|           8|           2|
    |tmp_s_fu_920_p2                 |   icmp   |      0|  0|  13|          16|           1|
    |ap_block_state1                 |    or    |      0|  0|   2|           1|           1|
    |ap_block_state2_io              |    or    |      0|  0|   2|           1|           1|
    |or_cond_fu_836_p2               |    or    |      0|  0|   2|           1|           1|
    +--------------------------------+----------+-------+---+----+------------+------------+
    |Total                           |          |      0|  0| 585|         469|         337|
    +--------------------------------+----------+-------+---+----+------------+------------+

    * Multiplexer: 
    +---------------------------------------+----+-----------+-----+-----------+
    |                  Name                 | LUT| Input Size| Bits| Total Bits|
    +---------------------------------------+----+-----------+-----+-----------+
    |alloc_addr                             |  15|          3|   32|         96|
    |alloc_addr_blk_n                       |   9|          2|    1|          2|
    |alloc_cmd_blk_n                        |   9|          2|    1|          2|
    |alloc_free_target_blk_n                |   9|          2|    1|          2|
    |alloc_size_blk_n                       |   9|          2|    1|          2|
    |ap_NS_fsm                              |  50|         11|    1|         11|
    |ap_phi_mux_p_0167_0_i1_phi_fu_292_p34  |  85|         17|    4|         68|
    |ap_phi_mux_p_0167_0_i_phi_fu_534_p34   |  85|         17|    4|         68|
    |ap_phi_mux_p_0244_0_i_phi_fu_719_p34   |  89|         18|    5|         90|
    |ap_phi_mux_p_0252_0_i1_phi_fu_348_p34  |  89|         18|    5|         90|
    |ap_phi_mux_p_0252_0_i_phi_fu_590_p34   |  89|         18|    5|         90|
    |ap_sig_ioackin_alloc_addr_ap_ack       |   9|          2|    1|          2|
    |heap_tree_V_address0                   |  27|          5|    6|         30|
    |heap_tree_V_d0                         |  15|          3|   64|        192|
    |p_0244_0_i1_reg_458                    |  85|         17|    5|         85|
    |p_0248_0_i1_reg_401                    |  85|         17|    5|         85|
    |p_0248_0_i_reg_643                     |  85|         17|    5|         85|
    |top_heap_V                             |   9|          2|   64|        128|
    +---------------------------------------+----+-----------+-----+-----------+
    |Total                                  | 853|        173|  210|       1128|
    +---------------------------------------+----+-----------+-----+-----------+

    * Register: 
    +----------------------------------+----+----+-----+-----------+
    |               Name               | FF | LUT| Bits| Const Bits|
    +----------------------------------+----+----+-----+-----------+
    |DD_V_1_reg_1260                   |  16|   0|   16|          0|
    |alloc_cmd_read_reg_1135           |   8|   0|    8|          0|
    |alloc_free_target_re_reg_1146     |  32|   0|   32|          0|
    |alloc_size_read_reg_1141          |  32|   0|   32|          0|
    |ap_CS_fsm                         |  10|   0|   10|          0|
    |ap_reg_ioackin_alloc_addr_ap_ack  |   1|   0|    1|          0|
    |or_cond_reg_1181                  |   1|   0|    1|          0|
    |p_0167_0_i1_cast_reg_1205         |   4|   0|    6|          2|
    |p_0167_0_i_cast_reg_1267          |   4|   0|    6|          2|
    |p_0244_0_i1_reg_458               |   5|   0|    5|          0|
    |p_0248_0_i1_reg_401               |   5|   0|    6|          1|
    |p_0248_0_i_reg_643                |   5|   0|    6|          1|
    |p_0252_0_i1_cast_reg_1213         |   5|   0|    7|          2|
    |p_0252_0_i_cast_reg_1275          |   5|   0|    7|          2|
    |p_Val2_2_reg_1156                 |  64|   0|   64|          0|
    |p_Val2_4_reg_1240                 |  64|   0|   64|          0|
    |p_not1_reg_1246                   |  64|   0|   64|          0|
    |p_not_reg_1185                    |  64|   0|   64|          0|
    |tmp_13_reg_1224                   |   8|   0|    8|          0|
    |tmp_14_reg_1230                   |   8|   0|   64|         56|
    |tmp_18_reg_1283                   |   1|   0|    1|          0|
    |tmp_19_reg_1287                   |   8|   0|    8|          0|
    |tmp_20_reg_1292                   |  14|   0|   14|          0|
    |tmp_25_reg_1166                   |   6|   0|    6|          0|
    |tmp_3_reg_1162                    |   1|   0|    1|          0|
    |tmp_6_reg_1171                    |  10|   0|   64|         54|
    |tmp_reg_1152                      |   1|   0|    1|          0|
    |top_heap_V                        |  64|   0|   64|          0|
    +----------------------------------+----+----+-----+-----------+
    |Total                             | 510|   0|  630|        120|
    +----------------------------------+----+----+-----+-----------+



================================================================
== Interface
================================================================
* Summary: 
+--------------------------+-----+-----+------------+-------------------+--------------+
|         RTL Ports        | Dir | Bits|  Protocol  |   Source Object   |    C Type    |
+--------------------------+-----+-----+------------+-------------------+--------------+
|ap_clk                    |  in |    1| ap_ctrl_hs |  KWTA_mini1_theta | return value |
|ap_rst                    |  in |    1| ap_ctrl_hs |  KWTA_mini1_theta | return value |
|ap_start                  |  in |    1| ap_ctrl_hs |  KWTA_mini1_theta | return value |
|ap_done                   | out |    1| ap_ctrl_hs |  KWTA_mini1_theta | return value |
|ap_idle                   | out |    1| ap_ctrl_hs |  KWTA_mini1_theta | return value |
|ap_ready                  | out |    1| ap_ctrl_hs |  KWTA_mini1_theta | return value |
|alloc_size                |  in |   32|    ap_hs   |     alloc_size    |    pointer   |
|alloc_size_ap_vld         |  in |    1|    ap_hs   |     alloc_size    |    pointer   |
|alloc_size_ap_ack         | out |    1|    ap_hs   |     alloc_size    |    pointer   |
|alloc_free_target         |  in |   32|    ap_hs   | alloc_free_target |    pointer   |
|alloc_free_target_ap_vld  |  in |    1|    ap_hs   | alloc_free_target |    pointer   |
|alloc_free_target_ap_ack  | out |    1|    ap_hs   | alloc_free_target |    pointer   |
|alloc_addr                | out |   32|    ap_hs   |     alloc_addr    |    pointer   |
|alloc_addr_ap_vld         | out |    1|    ap_hs   |     alloc_addr    |    pointer   |
|alloc_addr_ap_ack         |  in |    1|    ap_hs   |     alloc_addr    |    pointer   |
|alloc_cmd                 |  in |    8|    ap_hs   |     alloc_cmd     |    pointer   |
|alloc_cmd_ap_vld          |  in |    1|    ap_hs   |     alloc_cmd     |    pointer   |
|alloc_cmd_ap_ack          | out |    1|    ap_hs   |     alloc_cmd     |    pointer   |
+--------------------------+-----+-----+------------+-------------------+--------------+

