INFO: [VRFC 10-2263] Analyzing Verilog file "/home/tingyuan/Temporary/vivado-outputs/Algorithm_MAXHEAP_HTA/Algorithm_MAXHEAP_HTA.ip_user_files/bd/design_1/ip/design_1_blk_mem_gen_0_0/sim/design_1_blk_mem_gen_0_0.v" into library xil_defaultlib
INFO: [VRFC 10-311] analyzing module design_1_blk_mem_gen_0_0
INFO: [VRFC 10-2263] Analyzing Verilog file "/home/tingyuan/Temporary/vivado-outputs/Algorithm_MAXHEAP_HTA/Algorithm_MAXHEAP_HTA.ip_user_files/bd/design_1/ip/design_1_blk_mem_gen_1_0/sim/design_1_blk_mem_gen_1_0.v" into library xil_defaultlib
INFO: [VRFC 10-311] analyzing module design_1_blk_mem_gen_1_0
INFO: [VRFC 10-2263] Analyzing Verilog file "/home/tingyuan/Temporary/vivado-outputs/Algorithm_MAXHEAP_HTA/Algorithm_MAXHEAP_HTA.ip_user_files/bd/design_1/hdl/design_1.v" into library xil_defaultlib
INFO: [VRFC 10-311] analyzing module design_1
INFO: [VRFC 10-2263] Analyzing Verilog file "/home/tingyuan/Temporary/vivado-outputs/Algorithm_MAXHEAP_HTA/Algorithm_MAXHEAP_HTA.srcs/sources_1/bd/design_1/ipshared/d952/hdl/verilog/HLS_free_1_s.v" into library xil_defaultlib
INFO: [VRFC 10-311] analyzing module HLS_free_1_s
INFO: [VRFC 10-2263] Analyzing Verilog file "/home/tingyuan/Temporary/vivado-outputs/Algorithm_MAXHEAP_HTA/Algorithm_MAXHEAP_HTA.srcs/sources_1/bd/design_1/ipshared/d952/hdl/verilog/HLS_malloc_1_s.v" into library xil_defaultlib
INFO: [VRFC 10-311] analyzing module HLS_malloc_1_s
INFO: [VRFC 10-2263] Analyzing Verilog file "/home/tingyuan/Temporary/vivado-outputs/Algorithm_MAXHEAP_HTA/Algorithm_MAXHEAP_HTA.srcs/sources_1/bd/design_1/ipshared/d952/hdl/verilog/HLS_malloc_2_s.v" into library xil_defaultlib
INFO: [VRFC 10-311] analyzing module HLS_malloc_2_s
INFO: [VRFC 10-2263] Analyzing Verilog file "/home/tingyuan/Temporary/vivado-outputs/Algorithm_MAXHEAP_HTA/Algorithm_MAXHEAP_HTA.srcs/sources_1/bd/design_1/ipshared/d952/hdl/verilog/HLS_malloc_3_s.v" into library xil_defaultlib
INFO: [VRFC 10-311] analyzing module HLS_malloc_3_s
INFO: [VRFC 10-2263] Analyzing Verilog file "/home/tingyuan/Temporary/vivado-outputs/Algorithm_MAXHEAP_HTA/Algorithm_MAXHEAP_HTA.srcs/sources_1/bd/design_1/ipshared/d952/hdl/verilog/HLS_MAXHEAP_HTA_Hbkb.v" into library xil_defaultlib
INFO: [VRFC 10-311] analyzing module HLS_MAXHEAP_HTA_Hbkb_ram
INFO: [VRFC 10-311] analyzing module HLS_MAXHEAP_HTA_Hbkb
INFO: [VRFC 10-2263] Analyzing Verilog file "/home/tingyuan/Temporary/vivado-outputs/Algorithm_MAXHEAP_HTA/Algorithm_MAXHEAP_HTA.srcs/sources_1/bd/design_1/ipshared/d952/hdl/verilog/HLS_MAXHEAP_HTA.v" into library xil_defaultlib
INFO: [VRFC 10-311] analyzing module HLS_MAXHEAP_HTA
INFO: [VRFC 10-2263] Analyzing Verilog file "/home/tingyuan/Temporary/vivado-outputs/Algorithm_MAXHEAP_HTA/Algorithm_MAXHEAP_HTA.ip_user_files/bd/design_1/ip/design_1_HLS_MAXHEAP_HTA_0_1/sim/design_1_HLS_MAXHEAP_HTA_0_1.v" into library xil_defaultlib
INFO: [VRFC 10-311] analyzing module design_1_HLS_MAXHEAP_HTA_0_1
INFO: [VRFC 10-2263] Analyzing Verilog file "/home/tingyuan/Temporary/vivado-outputs/Algorithm_MAXHEAP_HTA/Algorithm_MAXHEAP_HTA.ip_user_files/bd/design_1/ip/design_1_clk_wiz_1/design_1_clk_wiz_1_clk_wiz.v" into library xil_defaultlib
INFO: [VRFC 10-311] analyzing module design_1_clk_wiz_1_clk_wiz
INFO: [VRFC 10-2263] Analyzing Verilog file "/home/tingyuan/Temporary/vivado-outputs/Algorithm_MAXHEAP_HTA/Algorithm_MAXHEAP_HTA.ip_user_files/bd/design_1/ip/design_1_clk_wiz_1/design_1_clk_wiz_1.v" into library xil_defaultlib
INFO: [VRFC 10-311] analyzing module design_1_clk_wiz_1
INFO: [VRFC 10-2263] Analyzing Verilog file "/home/tingyuan/Temporary/vivado-outputs/Algorithm_MAXHEAP_HTA/Algorithm_MAXHEAP_HTA.ip_user_files/bd/design_1/sim/design_1.v" into library xil_defaultlib
INFO: [VRFC 10-311] analyzing module design_1
WARNING: [VRFC 10-2845] overwriting previous definition of module design_1 [/home/tingyuan/Temporary/vivado-outputs/Algorithm_MAXHEAP_HTA/Algorithm_MAXHEAP_HTA.ip_user_files/bd/design_1/sim/design_1.v:13]
INFO: [VRFC 10-2263] Analyzing Verilog file "/home/tingyuan/Temporary/vivado-outputs/Algorithm_MAXHEAP_HTA/Algorithm_MAXHEAP_HTA.srcs/sources_1/bd/design_1/ipshared/9196/hdl/verilog/HTA2048_theta_addhbi.v" into library xil_defaultlib
INFO: [VRFC 10-311] analyzing module HTA2048_theta_addhbi_ram
INFO: [VRFC 10-311] analyzing module HTA2048_theta_addhbi
INFO: [VRFC 10-2263] Analyzing Verilog file "/home/tingyuan/Temporary/vivado-outputs/Algorithm_MAXHEAP_HTA/Algorithm_MAXHEAP_HTA.srcs/sources_1/bd/design_1/ipshared/9196/hdl/verilog/HTA2048_theta_addibs.v" into library xil_defaultlib
INFO: [VRFC 10-311] analyzing module HTA2048_theta_addibs_ram
INFO: [VRFC 10-311] analyzing module HTA2048_theta_addibs
INFO: [VRFC 10-2263] Analyzing Verilog file "/home/tingyuan/Temporary/vivado-outputs/Algorithm_MAXHEAP_HTA/Algorithm_MAXHEAP_HTA.srcs/sources_1/bd/design_1/ipshared/9196/hdl/verilog/HTA2048_theta_budfYi.v" into library xil_defaultlib
INFO: [VRFC 10-311] analyzing module HTA2048_theta_budfYi_ram
INFO: [VRFC 10-311] analyzing module HTA2048_theta_budfYi
INFO: [VRFC 10-2263] Analyzing Verilog file "/home/tingyuan/Temporary/vivado-outputs/Algorithm_MAXHEAP_HTA/Algorithm_MAXHEAP_HTA.srcs/sources_1/bd/design_1/ipshared/9196/hdl/verilog/HTA2048_theta_budg8j.v" into library xil_defaultlib
INFO: [VRFC 10-311] analyzing module HTA2048_theta_budg8j_ram
INFO: [VRFC 10-311] analyzing module HTA2048_theta_budg8j
INFO: [VRFC 10-2263] Analyzing Verilog file "/home/tingyuan/Temporary/vivado-outputs/Algorithm_MAXHEAP_HTA/Algorithm_MAXHEAP_HTA.srcs/sources_1/bd/design_1/ipshared/9196/hdl/verilog/HTA2048_theta_grobkb.v" into library xil_defaultlib
INFO: [VRFC 10-311] analyzing module HTA2048_theta_grobkb_ram
INFO: [VRFC 10-311] analyzing module HTA2048_theta_grobkb
INFO: [VRFC 10-2263] Analyzing Verilog file "/home/tingyuan/Temporary/vivado-outputs/Algorithm_MAXHEAP_HTA/Algorithm_MAXHEAP_HTA.srcs/sources_1/bd/design_1/ipshared/9196/hdl/verilog/HTA2048_theta_grodEe.v" into library xil_defaultlib
INFO: [VRFC 10-311] analyzing module HTA2048_theta_grodEe_rom
INFO: [VRFC 10-311] analyzing module HTA2048_theta_grodEe
INFO: [VRFC 10-2263] Analyzing Verilog file "/home/tingyuan/Temporary/vivado-outputs/Algorithm_MAXHEAP_HTA/Algorithm_MAXHEAP_HTA.srcs/sources_1/bd/design_1/ipshared/9196/hdl/verilog/HTA2048_theta_marjbC.v" into library xil_defaultlib
INFO: [VRFC 10-311] analyzing module HTA2048_theta_marjbC_rom
INFO: [VRFC 10-311] analyzing module HTA2048_theta_marjbC
INFO: [VRFC 10-2263] Analyzing Verilog file "/home/tingyuan/Temporary/vivado-outputs/Algorithm_MAXHEAP_HTA/Algorithm_MAXHEAP_HTA.srcs/sources_1/bd/design_1/ipshared/9196/hdl/verilog/HTA2048_theta_muxkbM.v" into library xil_defaultlib
INFO: [VRFC 10-311] analyzing module HTA2048_theta_muxkbM
INFO: [VRFC 10-2263] Analyzing Verilog file "/home/tingyuan/Temporary/vivado-outputs/Algorithm_MAXHEAP_HTA/Algorithm_MAXHEAP_HTA.srcs/sources_1/bd/design_1/ipshared/9196/hdl/verilog/HTA2048_theta_shieOg.v" into library xil_defaultlib
INFO: [VRFC 10-311] analyzing module HTA2048_theta_shieOg_rom
INFO: [VRFC 10-311] analyzing module HTA2048_theta_shieOg
INFO: [VRFC 10-2263] Analyzing Verilog file "/home/tingyuan/Temporary/vivado-outputs/Algorithm_MAXHEAP_HTA/Algorithm_MAXHEAP_HTA.srcs/sources_1/bd/design_1/ipshared/9196/hdl/verilog/log_2_64bit.v" into library xil_defaultlib
INFO: [VRFC 10-311] analyzing module log_2_64bit
INFO: [VRFC 10-2263] Analyzing Verilog file "/home/tingyuan/Temporary/vivado-outputs/Algorithm_MAXHEAP_HTA/Algorithm_MAXHEAP_HTA.srcs/sources_1/bd/design_1/ipshared/9196/hdl/verilog/HTA2048_theta.v" into library xil_defaultlib
INFO: [VRFC 10-311] analyzing module HTA2048_theta
INFO: [VRFC 10-2263] Analyzing Verilog file "/home/tingyuan/Temporary/vivado-outputs/Algorithm_MAXHEAP_HTA/Algorithm_MAXHEAP_HTA.ip_user_files/bd/design_1/ip/design_1_HTA2048_theta_0_0/sim/design_1_HTA2048_theta_0_0.v" into library xil_defaultlib
INFO: [VRFC 10-311] analyzing module design_1_HTA2048_theta_0_0
INFO: [VRFC 10-2263] Analyzing Verilog file "/home/tingyuan/Temporary/vivado-outputs/Algorithm_MAXHEAP_HTA/Algorithm_MAXHEAP_HTA.srcs/sources_1/bd/design_1/hdl/design_1_wrapper.v" into library xil_defaultlib
INFO: [VRFC 10-311] analyzing module design_1_wrapper
