

================================================================
== Vivado HLS Report for 'Ext_KWTA32k'
================================================================
* Date:           Tue Jul 31 00:20:51 2018

* Version:        2018.2 (Build 2258646 on Thu Jun 14 20:25:20 MDT 2018)
* Project:        Ext_KWTA32k_0
* Solution:       solution1
* Product family: zynq
* Target device:  xc7z020clg484-1


================================================================
== Performance Estimates
================================================================
+ Timing (ns): 
    * Summary: 
    +--------+-------+----------+------------+
    |  Clock | Target| Estimated| Uncertainty|
    +--------+-------+----------+------------+
    |ap_clk  |  10.00|     8.657|        1.25|
    +--------+-------+----------+------------+

+ Latency (clock cycles): 
    * Summary: 
    +-----+-----+-----+-----+---------+
    |  Latency  |  Interval | Pipeline|
    | min | max | min | max |   Type  |
    +-----+-----+-----+-----+---------+
    |    ?|    ?|    ?|    ?|   none  |
    +-----+-----+-----+-----+---------+

    + Detail: 
        * Instance: 
        N/A

        * Loop: 
        +----------+-----+-----+----------+-----------+-----------+------+----------+
        |          |  Latency  | Iteration|  Initiation Interval  | Trip |          |
        | Loop Name| min | max |  Latency |  achieved |   target  | Count| Pipelined|
        +----------+-----+-----+----------+-----------+-----------+------+----------+
        |- Loop 1  |    ?|    ?|         1|          1|          1|     ?|    yes   |
        +----------+-----+-----+----------+-----------+-----------+------+----------+



================================================================
== Utilization Estimates
================================================================
* Summary: 
+-----------------+---------+-------+--------+-------+
|       Name      | BRAM_18K| DSP48E|   FF   |  LUT  |
+-----------------+---------+-------+--------+-------+
|DSP              |        -|      -|       -|      -|
|Expression       |        -|      -|       0|   4871|
|FIFO             |        -|      -|       -|      -|
|Instance         |        -|      -|       0|     84|
|Memory           |        9|      -|      74|      9|
|Multiplexer      |        -|      -|       -|   2308|
|Register         |        -|      -|    3177|      -|
+-----------------+---------+-------+--------+-------+
|Total            |        9|      0|    3251|   7272|
+-----------------+---------+-------+--------+-------+
|Available        |      280|    220|  106400|  53200|
+-----------------+---------+-------+--------+-------+
|Utilization (%)  |        3|      0|       3|     13|
+-----------------+---------+-------+--------+-------+

+ Detail: 
    * Instance: 
    +-------------------------+----------------------+---------+-------+---+----+
    |         Instance        |        Module        | BRAM_18K| DSP48E| FF| LUT|
    +-------------------------+----------------------+---------+-------+---+----+
    |Ext_KWTA32k_mux_4lbW_U1  |Ext_KWTA32k_mux_4lbW  |        0|      0|  0|  21|
    |Ext_KWTA32k_mux_4lbW_U3  |Ext_KWTA32k_mux_4lbW  |        0|      0|  0|  21|
    |Ext_KWTA32k_mux_4lbW_U4  |Ext_KWTA32k_mux_4lbW  |        0|      0|  0|  21|
    |Ext_KWTA32k_mux_4mb6_U2  |Ext_KWTA32k_mux_4mb6  |        0|      0|  0|  21|
    +-------------------------+----------------------+---------+-------+---+----+
    |Total                    |                      |        0|      0|  0|  84|
    +-------------------------+----------------------+---------+-------+---+----+

    * DSP48: 
    N/A

    * Memory: 
    +---------------------+----------------------+---------+----+----+------+-----+------+-------------+
    |        Memory       |        Module        | BRAM_18K| FF | LUT| Words| Bits| Banks| W*Bits*Banks|
    +---------------------+----------------------+---------+----+----+------+-----+------+-------------+
    |extra_mask_V_U       |Ext_KWTA32k_extrakbM  |        0|   5|   1|     5|    5|     1|           25|
    |group_tree_V_U       |Ext_KWTA32k_groupg8j  |        4|   0|   0|  2048|   32|     1|        65536|
    |group_tree_mask_V_U  |Ext_KWTA32k_grouphbi  |        0|  31|   3|     5|   31|     1|          155|
    |heap_tree_V_0_U      |Ext_KWTA32k_heap_cud  |        1|   0|   0|    64|   32|     1|         2048|
    |heap_tree_V_1_U      |Ext_KWTA32k_heap_cud  |        1|   0|   0|    64|   32|     1|         2048|
    |heap_tree_V_2_U      |Ext_KWTA32k_heap_cud  |        1|   0|   0|    64|   32|     1|         2048|
    |heap_tree_V_3_U      |Ext_KWTA32k_heap_cud  |        1|   0|   0|    64|   32|     1|         2048|
    |maintain_mask_V_U    |Ext_KWTA32k_maintbkb  |        0|  33|   4|     7|   33|     1|          231|
    |mark_mask_V_U        |Ext_KWTA32k_mark_jbC  |        1|   0|   0|   128|   32|     1|         4096|
    |shift_constant_V_U   |Ext_KWTA32k_shiftibs  |        0|   5|   1|     5|    5|     1|           25|
    +---------------------+----------------------+---------+----+----+------+-----+------+-------------+
    |Total                |                      |        9|  74|   9|  2454|  266|    10|        78260|
    +---------------------+----------------------+---------+----+----+------+-----+------+-------------+

    * FIFO: 
    N/A

    * Expression: 
    +----------------------------------+----------+-------+---+-----+------------+------------+
    |           Variable Name          | Operation| DSP48E| FF| LUT | Bitwidth P0| Bitwidth P1|
    +----------------------------------+----------+-------+---+-----+------------+------------+
    |grp_fu_1670_p2                    |     +    |      0|  0|   15|           5|           5|
    |layer_offset_V_fu_2982_p2         |     +    |      0|  0|   12|          12|          12|
    |loc_in_group_tree_V_3_fu_1983_p2  |     +    |      0|  0|   15|           6|           6|
    |loc_in_group_tree_V_fu_2121_p2    |     +    |      0|  0|   23|          16|           2|
    |now1_V_1_fu_2161_p2               |     +    |      0|  0|   13|           4|           2|
    |now1_V_fu_2080_p2                 |     +    |      0|  0|   13|           3|           4|
    |r_V_11_fu_2024_p2                 |     +    |      0|  0|   15|           6|           7|
    |r_V_18_fu_2612_p2                 |     +    |      0|  0|   12|          12|           7|
    |r_V_19_fu_2274_p2                 |     +    |      0|  0|   12|           7|          12|
    |r_V_20_fu_2661_p2                 |     +    |      0|  0|   12|          12|           8|
    |r_V_21_fu_2343_p2                 |     +    |      0|  0|   12|           8|          12|
    |r_V_25_fu_3211_p2                 |     +    |      0|  0|   24|          17|          17|
    |r_V_30_fu_3462_p2                 |     +    |      0|  0|   15|           8|           7|
    |r_V_31_fu_3550_p2                 |     +    |      0|  0|   15|           9|           8|
    |r_V_7_fu_3826_p2                  |     +    |      0|  0|   13|          11|           7|
    |r_V_8_fu_3874_p2                  |     +    |      0|  0|   13|          11|           8|
    |tmp54_fu_2918_p2                  |     +    |      0|  0|   15|           7|           7|
    |tmp55_fu_2926_p2                  |     +    |      0|  0|   15|           7|           7|
    |tmp56_fu_2941_p2                  |     +    |      0|  0|    8|           6|           6|
    |tmp57_fu_2947_p2                  |     +    |      0|  0|   15|           6|           6|
    |tmp_31_fu_1962_p2                 |     +    |      0|  0|   15|           1|           6|
    |tmp_65_fu_2935_p2                 |     +    |      0|  0|   15|           8|           8|
    |tmp_67_fu_2953_p2                 |     +    |      0|  0|    8|           6|           6|
    |tmp_69_fu_3016_p2                 |     +    |      0|  0|   39|           2|          32|
    |tmp_73_fu_3065_p2                 |     +    |      0|  0|   15|           6|           6|
    |tmp_80_fu_3170_p2                 |     +    |      0|  0|   15|           6|           6|
    |tmp_82_fu_3183_p2                 |     +    |      0|  0|   15|           1|           6|
    |tmp_size_V_fu_1777_p2             |     +    |      0|  0|   23|           2|          16|
    |tree_offset_V_fu_3096_p2          |     +    |      0|  0|   17|          13|          13|
    |p_not_fu_1893_p2                  |     -    |      0|  0|   71|           1|          64|
    |p_s_fu_1798_p2                    |     -    |      0|  0|   23|           1|          16|
    |r_V_15_fu_2499_p2                 |     -    |      0|  0|   13|           4|           4|
    |r_V_26_fu_3225_p2                 |     -    |      0|  0|   25|          18|          18|
    |r_V_33_fu_3234_p2                 |     -    |      0|  0|   15|           2|           6|
    |r_V_36_fu_1908_p2                 |     -    |      0|  0|   15|           2|           6|
    |r_V_3_fu_3747_p2                  |     -    |      0|  0|   13|           3|           4|
    |r_V_5_fu_3710_p2                  |     -    |      0|  0|   13|           4|           4|
    |r_V_9_fu_2536_p2                  |     -    |      0|  0|   13|           3|           4|
    |tmp1_V_fu_3026_p2                 |     -    |      0|  0|   39|          32|          32|
    |tmp_14_fu_1929_p2                 |     -    |      0|  0|   15|           1|           6|
    |tmp_77_fu_3126_p2                 |     -    |      0|  0|   39|           1|          32|
    |tmp_86_fu_3255_p2                 |     -    |      0|  0|   15|           1|           6|
    |TMP_1_V_fu_1803_p2                |    and   |      0|  0|   16|          16|          16|
    |ap_block_state33_io               |    and   |      0|  0|    2|           1|           1|
    |ap_condition_1220                 |    and   |      0|  0|    2|           1|           1|
    |ap_condition_1319                 |    and   |      0|  0|    2|           1|           1|
    |ap_condition_1403                 |    and   |      0|  0|    2|           1|           1|
    |ap_condition_1570                 |    and   |      0|  0|    2|           1|           1|
    |ap_condition_1737                 |    and   |      0|  0|    2|           1|           1|
    |ap_condition_918                  |    and   |      0|  0|    2|           1|           1|
    |ap_predicate_op106_write_state3   |    and   |      0|  0|    2|           1|           1|
    |ap_predicate_op116_write_state3   |    and   |      0|  0|    2|           1|           1|
    |ap_predicate_op136_write_state3   |    and   |      0|  0|    2|           1|           1|
    |ap_predicate_op293_write_state15  |    and   |      0|  0|    2|           1|           1|
    |group_tree_tmp_maske_fu_3131_p2   |    and   |      0|  0|   32|          32|          32|
    |r_V_32_fu_3117_p2                 |    and   |      0|  0|   32|          32|          32|
    |tmp0_V_6_fu_2828_p2               |    and   |      0|  0|   64|          64|          64|
    |tmp_18_fu_3995_p2                 |    and   |      0|  0|   64|          64|          64|
    |tmp_19_fu_4007_p2                 |    and   |      0|  0|   64|          64|          64|
    |tmp_20_fu_4019_p2                 |    and   |      0|  0|   64|          64|          64|
    |tmp_21_fu_4031_p2                 |    and   |      0|  0|   64|          64|          64|
    |tmp_26_fu_1971_p2                 |    and   |      0|  0|    5|           5|           5|
    |tmp_27_fu_3794_p2                 |    and   |      0|  0|   32|          32|          32|
    |tmp_30_fu_3869_p2                 |    and   |      0|  0|   32|          32|          32|
    |tmp_32_fu_3930_p2                 |    and   |      0|  0|   32|          32|          32|
    |tmp_34_fu_3955_p2                 |    and   |      0|  0|   32|          32|          32|
    |tmp_52_fu_2101_p2                 |    and   |      0|  0|    2|           1|           1|
    |tmp_70_fu_3022_p2                 |    and   |      0|  0|   32|          32|          32|
    |cond1_fu_3897_p2                  |   icmp   |      0|  0|   13|          11|           8|
    |cond2_fu_2684_p2                  |   icmp   |      0|  0|   13|          12|           8|
    |cond3_fu_3588_p2                  |   icmp   |      0|  0|   13|           9|           8|
    |cond_fu_2366_p2                   |   icmp   |      0|  0|   13|          12|           8|
    |grp_fu_1664_p2                    |   icmp   |      0|  0|   11|           5|           4|
    |grp_fu_1701_p2                    |   icmp   |      0|  0|   11|           5|           3|
    |not_s_fu_2095_p2                  |   icmp   |      0|  0|    9|           4|           1|
    |p_Repl2_10_fu_2748_p2             |   icmp   |      0|  0|   18|          32|           1|
    |p_Repl2_11_fu_2372_p2             |   icmp   |      0|  0|   18|          32|           1|
    |p_Repl2_12_fu_2402_p2             |   icmp   |      0|  0|   11|           8|           1|
    |p_Repl2_13_fu_2445_p2             |   icmp   |      0|  0|   18|          32|           1|
    |p_Repl2_14_fu_2434_p2             |   icmp   |      0|  0|   13|          16|           1|
    |p_Repl2_15_fu_2474_p2             |   icmp   |      0|  0|   18|          32|           1|
    |p_Repl2_16_fu_3377_p2             |   icmp   |      0|  0|    8|           2|           2|
    |p_Repl2_17_fu_3438_p2             |   icmp   |      0|  0|   18|          32|           1|
    |p_Repl2_18_fu_3477_p2             |   icmp   |      0|  0|    9|           4|           1|
    |p_Repl2_19_fu_3531_p2             |   icmp   |      0|  0|   18|          32|           1|
    |p_Repl2_1_fu_3805_p2              |   icmp   |      0|  0|   18|          32|           1|
    |p_Repl2_20_fu_3564_p2             |   icmp   |      0|  0|   11|           8|           1|
    |p_Repl2_21_fu_3611_p2             |   icmp   |      0|  0|   18|          32|           1|
    |p_Repl2_22_fu_3639_p2             |   icmp   |      0|  0|   13|          16|           1|
    |p_Repl2_23_fu_3655_p2             |   icmp   |      0|  0|   18|          32|           1|
    |p_Repl2_2_fu_2588_p2              |   icmp   |      0|  0|   18|          32|           1|
    |p_Repl2_3_fu_2250_p2              |   icmp   |      0|  0|   18|          32|           1|
    |p_Repl2_4_fu_2290_p2              |   icmp   |      0|  0|    9|           4|           1|
    |p_Repl2_5_fu_3903_p2              |   icmp   |      0|  0|   18|          32|           1|
    |p_Repl2_6_fu_2690_p2              |   icmp   |      0|  0|   18|          32|           1|
    |p_Repl2_7_fu_3935_p2              |   icmp   |      0|  0|   18|          32|           1|
    |p_Repl2_8_fu_3961_p2              |   icmp   |      0|  0|   18|          32|           1|
    |p_Repl2_9_fu_2722_p2              |   icmp   |      0|  0|   18|          32|           1|
    |p_Repl2_s_fu_2211_p2              |   icmp   |      0|  0|    8|           2|           1|
    |sel_tmp11_fu_3406_p2              |   icmp   |      0|  0|    8|           2|           1|
    |sel_tmp12_fu_3493_p2              |   icmp   |      0|  0|    8|           2|           1|
    |sel_tmp14_fu_3507_p2              |   icmp   |      0|  0|    9|           2|           3|
    |sel_tmp2_fu_3855_p2               |   icmp   |      0|  0|   11|           5|           2|
    |sel_tmp2_i_fu_1865_p2             |   icmp   |      0|  0|    8|           2|           1|
    |sel_tmp3_fu_2306_p2               |   icmp   |      0|  0|   11|           6|           1|
    |sel_tmp4_i_fu_1879_p2             |   icmp   |      0|  0|    9|           2|           3|
    |sel_tmp5_fu_2628_p2               |   icmp   |      0|  0|   11|           6|           1|
    |sel_tmp7_fu_2642_p2               |   icmp   |      0|  0|   11|           6|           2|
    |sel_tmp8_fu_2320_p2               |   icmp   |      0|  0|   11|           6|           2|
    |sel_tmp9_fu_3392_p2               |   icmp   |      0|  0|    8|           2|           1|
    |sel_tmp_fu_3841_p2                |   icmp   |      0|  0|   11|           5|           1|
    |sel_tmp_i_fu_1851_p2              |   icmp   |      0|  0|    8|           2|           1|
    |tmp_4_fu_1808_p2                  |   icmp   |      0|  0|   11|           8|           2|
    |tmp_50_fu_2089_p2                 |   icmp   |      0|  0|    8|           2|           2|
    |tmp_53_fu_2876_p2                 |   icmp   |      0|  0|   13|          16|           1|
    |tmp_60_fu_2886_p2                 |   icmp   |      0|  0|   13|          16|           1|
    |tmp_61_fu_2440_p2                 |   icmp   |      0|  0|    8|           2|           2|
    |tmp_62_fu_2896_p2                 |   icmp   |      0|  0|   13|          16|           1|
    |tmp_6_fu_1813_p2                  |   icmp   |      0|  0|   11|           8|           2|
    |tmp_71_fu_3045_p2                 |   icmp   |      0|  0|   13|          16|           1|
    |tmp_72_fu_3055_p2                 |   icmp   |      0|  0|   13|          16|           1|
    |tmp_74_fu_3070_p2                 |   icmp   |      0|  0|   29|          64|           1|
    |tmp_75_fu_3075_p2                 |   icmp   |      0|  0|   18|          32|          32|
    |tmp_78_fu_3150_p2                 |   icmp   |      0|  0|   13|          16|           1|
    |tmp_79_fu_3156_p2                 |   icmp   |      0|  0|   13|          16|           1|
    |tmp_fu_1793_p2                    |   icmp   |      0|  0|   13|          16|           1|
    |tmp_s_fu_2866_p2                  |   icmp   |      0|  0|   13|          16|           1|
    |r_V_13_fu_2071_p2                 |   lshr   |      0|  0|  101|          32|          32|
    |r_V_17_fu_2155_p2                 |   lshr   |      0|  0|  182|          64|          64|
    |tmp_23_fu_1949_p2                 |   lshr   |      0|  0|   53|          20|          20|
    |tmp_40_fu_1992_p2                 |   lshr   |      0|  0|   53|          20|          20|
    |tmp_87_fu_3265_p2                 |   lshr   |      0|  0|   53|          20|          20|
    |ap_block_state1                   |    or    |      0|  0|    2|           1|           1|
    |ap_block_state15_io               |    or    |      0|  0|    2|           1|           1|
    |ap_block_state37_io               |    or    |      0|  0|    2|           1|           1|
    |ap_block_state3_io                |    or    |      0|  0|    2|           1|           1|
    |ap_block_state45_io               |    or    |      0|  0|    2|           1|           1|
    |or_cond_fu_3079_p2                |    or    |      0|  0|    2|           1|           1|
    |r_V_12_fu_2045_p2                 |    or    |      0|  0|   32|          32|          32|
    |r_V_29_fu_3326_p2                 |    or    |      0|  0|   32|          32|          32|
    |tmp_101_fu_3332_p2                |    or    |      0|  0|    2|           2|           2|
    |tmp_102_fu_3338_p2                |    or    |      0|  0|    6|           6|           6|
    |tmp_103_fu_3344_p2                |    or    |      0|  0|   14|          14|          14|
    |tmp_104_fu_3350_p2                |    or    |      0|  0|   30|          30|          30|
    |tmp_35_fu_2776_p2                 |    or    |      0|  0|   64|          64|          64|
    |tmp_36_fu_2788_p2                 |    or    |      0|  0|   64|          64|          64|
    |tmp_37_fu_2800_p2                 |    or    |      0|  0|   64|          64|          64|
    |tmp_38_fu_2812_p2                 |    or    |      0|  0|   64|          64|          64|
    |tmp_43_fu_2577_p2                 |    or    |      0|  0|   32|          32|          32|
    |tmp_47_fu_2656_p2                 |    or    |      0|  0|   32|          32|          32|
    |tmp_49_fu_2717_p2                 |    or    |      0|  0|   32|          32|          32|
    |tmp_51_fu_2742_p2                 |    or    |      0|  0|   32|          32|          32|
    |TMP_0_V_fu_1885_p3                |  select  |      0|  0|   64|           1|          64|
    |heap_tree_V_load_1_p_fu_3861_p3   |  select  |      0|  0|   32|           1|          32|
    |heap_tree_V_load_2_p_fu_3923_p3   |  select  |      0|  0|   32|           1|          32|
    |heap_tree_V_load_5_p_fu_2648_p3   |  select  |      0|  0|   32|           1|          32|
    |heap_tree_V_load_6_p_fu_2710_p3   |  select  |      0|  0|   32|           1|          32|
    |p_Val2_29_fu_2326_p3              |  select  |      0|  0|   32|           1|          32|
    |p_Val2_39_fu_2408_p3              |  select  |      0|  0|   32|           1|          32|
    |p_Val2_46_fu_3412_p3              |  select  |      0|  0|   32|           1|          32|
    |p_Val2_48_fu_3513_p3              |  select  |      0|  0|   32|           1|          32|
    |p_Val2_50_fu_3594_p3              |  select  |      0|  0|   32|           1|          32|
    |r_V_28_fu_3281_p3                 |  select  |      0|  0|   20|           1|          20|
    |r_V_37_fu_1954_p3                 |  select  |      0|  0|   20|           1|          20|
    |sel_tmp10_fu_3398_p3              |  select  |      0|  0|   32|           1|          32|
    |sel_tmp13_fu_3499_p3              |  select  |      0|  0|   32|           1|          32|
    |sel_tmp1_fu_3847_p3               |  select  |      0|  0|   32|           1|          32|
    |sel_tmp1_i_fu_1857_p3             |  select  |      0|  0|   64|           1|          64|
    |sel_tmp3_i_fu_1871_p3             |  select  |      0|  0|   64|           1|          64|
    |sel_tmp4_fu_2312_p3               |  select  |      0|  0|   32|           1|          32|
    |sel_tmp6_fu_2634_p3               |  select  |      0|  0|   32|           1|          32|
    |r_V_34_fu_2770_p2                 |    shl   |      0|  0|  182|          64|          64|
    |r_V_35_fu_2554_p2                 |    shl   |      0|  0|  101|          32|          32|
    |r_V_4_fu_3983_p2                  |    shl   |      0|  0|  182|          64|          64|
    |r_V_6_fu_3765_p2                  |    shl   |      0|  0|  101|          32|          32|
    |tmp_15_fu_1939_p2                 |    shl   |      0|  0|  101|          32|          32|
    |tmp_83_fu_3193_p2                 |    shl   |      0|  0|  101|          32|          32|
    |tmp_88_fu_3271_p2                 |    shl   |      0|  0|  101|          32|          32|
    |i_op_assign_fu_3107_p2            |    xor   |      0|  0|   32|          32|           2|
    |lhs_V_1_fu_2039_p2                |    xor   |      0|  0|   32|          32|           2|
    |p_4_fu_2171_p2                    |    xor   |      0|  0|   32|          32|           2|
    |tmp0_V_2_fu_3989_p2               |    xor   |      0|  0|   64|          64|           2|
    |tmp_25_fu_3771_p2                 |    xor   |      0|  0|   32|          32|           2|
    |val_assign_3_cast1_fu_3362_p2     |    xor   |      0|  0|   14|          14|           8|
    |val_assign_3_cast2_fu_3368_p2     |    xor   |      0|  0|    6|           6|           4|
    |val_assign_3_cast_fu_3356_p2      |    xor   |      0|  0|   30|          30|          16|
    +----------------------------------+----------+-------+---+-----+------------+------------+
    |Total                             |          |      0|  0| 4871|        3017|        2831|
    +----------------------------------+----------+-------+---+-----+------------+------------+

    * Multiplexer: 
    +------------------------------------------------+-----+-----------+-----+-----------+
    |                      Name                      | LUT | Input Size| Bits| Total Bits|
    +------------------------------------------------+-----+-----------+-----+-----------+
    |alloc_addr                                      |   21|          4|   32|        128|
    |alloc_addr_blk_n                                |    9|          2|    1|          2|
    |alloc_cmd_blk_n                                 |    9|          2|    1|          2|
    |alloc_free_target_blk_n                         |    9|          2|    1|          2|
    |alloc_size_blk_n                                |    9|          2|    1|          2|
    |ap_NS_fsm                                       |  237|         55|    1|         55|
    |ap_phi_mux_heap_tree_V_1_load_4_phi_fu_1532_p6  |   15|          3|   32|         96|
    |ap_phi_mux_heap_tree_V_2_load_7_phi_fu_1520_p6  |   15|          3|   32|         96|
    |ap_phi_mux_heap_tree_V_2_load_8_phi_fu_1555_p6  |   15|          3|   32|         96|
    |ap_phi_mux_heap_tree_V_3_load_s_phi_fu_1543_p6  |    9|          2|   32|         64|
    |ap_phi_mux_p_0167_0_i1_phi_fu_1017_p34          |   85|         17|    4|         68|
    |ap_phi_mux_p_0248_0_i1_phi_fu_1131_p34          |   89|         18|    6|        108|
    |ap_phi_mux_p_0252_0_i1_phi_fu_1074_p34          |   89|         18|    5|         90|
    |ap_phi_mux_p_061_0_i_phi_fu_1261_p34            |   85|         17|    4|         68|
    |ap_phi_mux_p_Val2_52_phi_fu_1568_p4             |    9|          2|   32|         64|
    |ap_phi_mux_storemerge1_phi_fu_1578_p6           |    9|          2|   64|        128|
    |ap_sig_ioackin_alloc_addr_ap_ack                |    9|          2|    1|          2|
    |ap_sig_ioackin_com_port_cmd_ap_ack              |    9|          2|    1|          2|
    |ap_sig_ioackin_com_port_layer_V_ap_ack          |    9|          2|    1|          2|
    |ap_sig_ioackin_com_port_target_V_ap_ack         |    9|          2|    1|          2|
    |com_port_allocated_addr_V_blk_n                 |    9|          2|    1|          2|
    |com_port_cmd                                    |   21|          4|    8|         32|
    |com_port_cmd_blk_n                              |    9|          2|    1|          2|
    |com_port_layer_V                                |   21|          4|    8|         32|
    |com_port_layer_V_blk_n                          |    9|          2|    1|          2|
    |com_port_target_V                               |   15|          3|   16|         48|
    |com_port_target_V_blk_n                         |    9|          2|    1|          2|
    |group_tree_V_address0                           |   27|          5|   11|         55|
    |group_tree_V_d0                                 |   15|          3|   32|         96|
    |heap_tree_V_0_address0                          |   44|          9|    6|         54|
    |heap_tree_V_0_d0                                |   27|          5|   32|        160|
    |heap_tree_V_1_address0                          |   44|          9|    6|         54|
    |heap_tree_V_1_d0                                |   44|          9|   32|        288|
    |heap_tree_V_1_load_1_reg_941                    |    9|          2|   32|         64|
    |heap_tree_V_1_load_2_reg_863                    |    9|          2|   32|         64|
    |heap_tree_V_1_load_reg_1600                     |    9|          2|   32|         64|
    |heap_tree_V_2_address0                          |   44|          9|    6|         54|
    |heap_tree_V_2_d0                                |   56|         13|   32|        416|
    |heap_tree_V_2_load_1_reg_927                    |    9|          2|   32|         64|
    |heap_tree_V_2_load_2_reg_1641                   |   15|          3|   32|         96|
    |heap_tree_V_2_load_3_reg_982                    |   15|          3|   32|         96|
    |heap_tree_V_2_load_4_reg_849                    |    9|          2|   32|         64|
    |heap_tree_V_2_load_5_reg_904                    |   15|          3|   32|         96|
    |heap_tree_V_2_load_7_reg_1517                   |    9|          2|   32|         64|
    |heap_tree_V_2_load_8_reg_1552                   |   15|          3|   32|         96|
    |heap_tree_V_2_load_reg_1586                     |    9|          2|   32|         64|
    |heap_tree_V_3_address0                          |   44|          9|    6|         54|
    |heap_tree_V_3_d0                                |   27|          5|   32|        160|
    |heap_tree_V_3_load_1_reg_954                    |    9|          2|   32|         64|
    |heap_tree_V_3_load_2_reg_1627                   |    9|          2|   32|         64|
    |heap_tree_V_3_load_3_reg_968                    |    9|          2|   32|         64|
    |heap_tree_V_3_load_4_reg_876                    |    9|          2|   32|         64|
    |heap_tree_V_3_load_5_reg_1654                   |    9|          2|   32|         64|
    |heap_tree_V_3_load_6_reg_995                    |    9|          2|   32|         64|
    |heap_tree_V_3_load_7_reg_890                    |    9|          2|   32|         64|
    |heap_tree_V_3_load_reg_1613                     |    9|          2|   32|         64|
    |heap_tree_V_3_load_s_reg_1540                   |    9|          2|   32|         64|
    |layer0_V_reg_755                                |   85|         17|    5|         85|
    |maintain_mask_V_address0                        |   27|          5|    3|         15|
    |mark_mask_V_address0                            |   15|          3|    7|         21|
    |p_0102_0_i_reg_1314                             |   85|         17|    5|         85|
    |p_0167_0_i1_reg_1014                            |   65|         16|    4|         64|
    |p_0167_0_i_reg_1387                             |   65|         16|    4|         64|
    |p_0244_0_i1_reg_1185                            |   85|         17|    5|         85|
    |p_02466_0_in_in_reg_830                         |    9|          2|   16|         32|
    |p_0248_0_i1_reg_1128                            |   85|         17|    5|         85|
    |p_0252_0_i1_reg_1071                            |   85|         17|    5|         85|
    |p_0252_0_i_reg_1444                             |   85|         17|    5|         85|
    |p_02595_0_in_reg_821                            |    9|          2|   64|        128|
    |p_3_reg_812                                     |    9|          2|    4|          8|
    |p_Val2_41_reg_917                               |    9|          2|   32|         64|
    |p_Val2_52_reg_1565                              |    9|          2|   32|         64|
    |p_Val2_54_reg_839                               |    9|          2|   64|        128|
    |shift_constant_V_address0                       |   15|          3|    3|          9|
    |storemerge1_reg_1575                            |   15|          3|   64|        192|
    |storemerge_reg_1005                             |    9|          2|   64|        128|
    |top_heap_V_0                                    |   33|          6|   64|        384|
    |top_heap_V_1                                    |   33|          6|   64|        384|
    |top_heap_V_2                                    |   33|          6|   64|        384|
    |top_heap_V_3                                    |   15|          3|   64|        192|
    +------------------------------------------------+-----+-----------+-----+-----------+
    |Total                                           | 2308|        482| 1802|       6767|
    +------------------------------------------------+-----+-----------+-----+-----------+

    * Register: 
    +-----------------------------------------+----+----+-----+-----------+
    |                   Name                  | FF | LUT| Bits| Const Bits|
    +-----------------------------------------+----+----+-----+-----------+
    |TMP_0_V_reg_4133                         |  64|   0|   64|          0|
    |addr_HTA_V_3_reg_4693                    |  16|   0|   16|          0|
    |alloc_cmd_read_reg_4037                  |   8|   0|    8|          0|
    |alloc_free_target_re_reg_4048            |  32|   0|   32|          0|
    |ap_CS_fsm                                |  54|   0|   54|          0|
    |ap_reg_ioackin_alloc_addr_ap_ack         |   1|   0|    1|          0|
    |ap_reg_ioackin_com_port_cmd_ap_ack       |   1|   0|    1|          0|
    |ap_reg_ioackin_com_port_layer_V_ap_ack   |   1|   0|    1|          0|
    |ap_reg_ioackin_com_port_target_V_ap_ack  |   1|   0|    1|          0|
    |arrayNo1_reg_4349                        |   5|   0|    5|          0|
    |arrayNo3_reg_4250                        |   5|   0|    5|          0|
    |arrayNo_reg_4727                         |   5|   0|    5|          0|
    |cond1_reg_4793                           |   1|   0|    1|          0|
    |cond2_reg_4420                           |   1|   0|    1|          0|
    |cond3_reg_4682                           |   1|   0|    1|          0|
    |cond_reg_4320                            |   1|   0|    1|          0|
    |extra_mask_V_load_reg_4149               |   5|   0|    5|          0|
    |free_target_V_reg_4057                   |  20|   0|   20|          0|
    |group_tree_V_addr_1_reg_4571             |  11|   0|   11|          0|
    |group_tree_V_addr_reg_4186               |  11|   0|   11|          0|
    |heap_tree_V_0_addr_1_reg_4354            |   6|   0|    6|          0|
    |heap_tree_V_0_addr_2_reg_4255            |   6|   0|    6|          0|
    |heap_tree_V_0_addr_3_reg_4502            |   6|   0|    6|          0|
    |heap_tree_V_0_addr_reg_4732              |   6|   0|    6|          0|
    |heap_tree_V_1_addr_1_reg_4359            |   6|   0|    6|          0|
    |heap_tree_V_1_addr_2_reg_4260            |   6|   0|    6|          0|
    |heap_tree_V_1_addr_3_reg_4507            |   6|   0|    6|          0|
    |heap_tree_V_1_addr_reg_4737              |   6|   0|    6|          0|
    |heap_tree_V_1_load_1_reg_941             |  32|   0|   32|          0|
    |heap_tree_V_1_load_2_reg_863             |  32|   0|   32|          0|
    |heap_tree_V_1_load_reg_1600              |  32|   0|   32|          0|
    |heap_tree_V_2_addr_1_reg_4364            |   6|   0|    6|          0|
    |heap_tree_V_2_addr_2_reg_4265            |   6|   0|    6|          0|
    |heap_tree_V_2_addr_3_reg_4512            |   6|   0|    6|          0|
    |heap_tree_V_2_addr_reg_4742              |   6|   0|    6|          0|
    |heap_tree_V_2_load_1_reg_927             |  32|   0|   32|          0|
    |heap_tree_V_2_load_2_reg_1641            |  32|   0|   32|          0|
    |heap_tree_V_2_load_3_reg_982             |  32|   0|   32|          0|
    |heap_tree_V_2_load_4_reg_849             |  32|   0|   32|          0|
    |heap_tree_V_2_load_5_reg_904             |  32|   0|   32|          0|
    |heap_tree_V_2_load_7_reg_1517            |  32|   0|   32|          0|
    |heap_tree_V_2_load_8_reg_1552            |  32|   0|   32|          0|
    |heap_tree_V_2_load_reg_1586              |  32|   0|   32|          0|
    |heap_tree_V_3_addr_1_reg_4369            |   6|   0|    6|          0|
    |heap_tree_V_3_addr_2_reg_4270            |   6|   0|    6|          0|
    |heap_tree_V_3_addr_3_reg_4517            |   6|   0|    6|          0|
    |heap_tree_V_3_addr_reg_4747              |   6|   0|    6|          0|
    |heap_tree_V_3_load_1_reg_954             |  32|   0|   32|          0|
    |heap_tree_V_3_load_2_reg_1627            |  32|   0|   32|          0|
    |heap_tree_V_3_load_3_reg_968             |  32|   0|   32|          0|
    |heap_tree_V_3_load_4_reg_876             |  32|   0|   32|          0|
    |heap_tree_V_3_load_5_reg_1654            |  32|   0|   32|          0|
    |heap_tree_V_3_load_6_reg_995             |  32|   0|   32|          0|
    |heap_tree_V_3_load_7_reg_890             |  32|   0|   32|          0|
    |heap_tree_V_3_load_reg_1613              |  32|   0|   32|          0|
    |heap_tree_V_3_load_s_reg_1540            |  32|   0|   32|          0|
    |i_assign_1_reg_4395                      |  11|   0|   32|         21|
    |i_assign_3_reg_4280                      |   5|   0|   32|         27|
    |i_assign_4_reg_4295                      |  11|   0|   32|         21|
    |i_assign_5_reg_4648                      |   6|   0|   32|         26|
    |i_assign_6_reg_4657                      |   8|   0|   32|         24|
    |i_assign_reg_4773                        |  11|   0|   32|         21|
    |layer0_V_reg_755                         |   5|   0|    5|          0|
    |lhs_V_4_reg_4581                         |  32|   0|   32|          0|
    |lhs_V_8_cast_reg_4623                    |   5|   0|    6|          1|
    |loc2_V_1_reg_4097                        |   5|   0|    5|          0|
    |loc2_V_2_reg_4175                        |   5|   0|    5|          0|
    |loc2_V_reg_4702                          |   5|   0|    5|          0|
    |loc_in_group_tree_V_3_reg_4164           |   6|   0|    6|          0|
    |or_cond_reg_4561                         |   1|   0|    1|          0|
    |p_0102_0_i_reg_1314                      |   5|   0|    5|          0|
    |p_0167_0_i1_cast_reg_4468                |   4|   0|    7|          3|
    |p_0167_0_i1_reg_1014                     |   4|   0|    4|          0|
    |p_0167_0_i_reg_1387                      |   4|   0|    4|          0|
    |p_0244_0_i1_reg_1185                     |   5|   0|    5|          0|
    |p_02466_0_in_in_reg_830                  |  16|   0|   16|          0|
    |p_0248_0_i1_cast_reg_4484                |   6|   0|    7|          1|
    |p_0248_0_i1_reg_1128                     |   5|   0|    6|          1|
    |p_0252_0_i1_cast_reg_4476                |   5|   0|    7|          2|
    |p_0252_0_i1_reg_1071                     |   5|   0|    5|          0|
    |p_0252_0_i_reg_1444                      |   5|   0|    5|          0|
    |p_02595_0_in_reg_821                     |  64|   0|   64|          0|
    |p_061_0_i_cast_reg_4548                  |   4|   0|    6|          2|
    |p_3_reg_812                              |   4|   0|    4|          0|
    |p_Repl2_14_reg_4332                      |   1|   0|    1|          0|
    |p_Result_12_reg_4325                     |  32|   0|   32|          0|
    |p_Result_18_reg_4673                     |  32|   0|   32|          0|
    |p_Result_20_reg_4686                     |  32|   0|   32|          0|
    |p_Result_24_reg_4063                     |  16|   0|   16|          0|
    |p_Result_4_reg_4311                      |  32|   0|   32|          0|
    |p_Result_s_reg_4287                      |  32|   0|   32|          0|
    |p_Val2_41_reg_917                        |  32|   0|   32|          0|
    |p_Val2_47_reg_4118                       |  64|   0|   64|          0|
    |p_Val2_49_reg_4123                       |  64|   0|   64|          0|
    |p_Val2_51_reg_4128                       |  64|   0|   64|          0|
    |p_Val2_52_reg_1565                       |  32|   0|   32|          0|
    |p_Val2_53_reg_4113                       |  64|   0|   64|          0|
    |p_Val2_54_reg_839                        |  64|   0|   64|          0|
    |p_not_reg_4138                           |  64|   0|   64|          0|
    |phitmp2_reg_4102                         |  11|   0|   11|          0|
    |r_V_10_reg_4180                          |  11|   0|   11|          0|
    |r_V_12_reg_4201                          |  32|   0|   32|          0|
    |r_V_26_reg_4628                          |  18|   0|   18|          0|
    |r_V_32_reg_4590                          |  32|   0|   32|          0|
    |r_V_35_reg_4379                          |  32|   0|   32|          0|
    |r_V_37_reg_4143                          |  20|   0|   20|          0|
    |r_V_s_reg_4711                           |  11|   0|   11|          0|
    |reg_1707                                 |   5|   0|    5|          0|
    |reg_1711                                 |  16|   0|   16|          0|
    |reg_1716                                 |  32|   0|   32|          0|
    |reg_1731                                 |  32|   0|   32|          0|
    |reg_1746                                 |  32|   0|   32|          0|
    |reg_1761                                 |  32|   0|   32|          0|
    |reg_1765                                 |  33|   0|   33|          0|
    |rhs_V_13_cast_reg_4664                   |   8|   0|    9|          1|
    |rhs_V_5_cast_reg_4402                    |  11|   0|   12|          1|
    |rhs_V_7_cast_reg_4302                    |  11|   0|   12|          1|
    |shift_constant_V_loa_1_reg_4154          |   5|   0|    5|          0|
    |size_V_reg_4043                          |  16|   0|   16|          0|
    |storemerge1_reg_1575                     |  64|   0|   64|          0|
    |storemerge_reg_1005                      |  64|   0|   64|          0|
    |tmp0_V_6_reg_4448                        |  64|   0|   64|          0|
    |tmp_108_reg_4669                         |   2|   0|    2|          0|
    |tmp_123_reg_4275                         |   2|   0|    2|          0|
    |tmp_25_reg_4757                          |  32|   0|   32|          0|
    |tmp_27_reg_4765                          |  32|   0|   32|          0|
    |tmp_29_reg_4707                          |   1|   0|    1|          0|
    |tmp_30_reg_4784                          |  32|   0|   32|          0|
    |tmp_31_reg_4159                          |   6|   0|    6|          0|
    |tmp_32_reg_4798                          |  32|   0|   32|          0|
    |tmp_3_reg_4083                           |   1|   0|    1|          0|
    |tmp_40_reg_4169                          |  20|   0|   20|          0|
    |tmp_43_reg_4387                          |  32|   0|   32|          0|
    |tmp_47_reg_4411                          |  32|   0|   32|          0|
    |tmp_49_reg_4425                          |  32|   0|   32|          0|
    |tmp_4_reg_4075                           |   1|   0|    1|          0|
    |tmp_58_reg_4780                          |   5|   0|    5|          0|
    |tmp_5_reg_4109                           |   1|   0|    1|          0|
    |tmp_61_reg_4337                          |   1|   0|    1|          0|
    |tmp_65_reg_4492                          |   8|   0|    8|          0|
    |tmp_68_reg_4522                          |  32|   0|   32|          0|
    |tmp_69_reg_4529                          |  32|   0|   32|          0|
    |tmp_6_reg_4079                           |   1|   0|    1|          0|
    |tmp_70_reg_4534                          |  32|   0|   32|          0|
    |tmp_73_reg_4556                          |   6|   0|    6|          0|
    |tmp_80_reg_4618                          |   6|   0|    6|          0|
    |tmp_89_reg_4407                          |   6|   0|    6|          0|
    |tmp_93_reg_4307                          |   6|   0|    6|          0|
    |tmp_96_reg_4196                          |   4|   0|    4|          0|
    |tmp_9_reg_4442                           |   5|   0|   64|         59|
    |top_heap_V_0                             |  64|   0|   64|          0|
    |top_heap_V_1                             |  64|   0|   64|          0|
    |top_heap_V_2                             |  64|   0|   64|          0|
    |top_heap_V_3                             |  64|   0|   64|          0|
    |tree_offset_V_cast_reg_4596              |  13|   0|   16|          3|
    |tree_offset_V_reg_4565                   |  13|   0|   13|          0|
    |val_assign_3_cast1_reg_4643              |  14|   0|   14|          0|
    |val_assign_3_cast_reg_4638               |  30|   0|   30|          0|
    +-----------------------------------------+----+----+-----+-----------+
    |Total                                    |3177|   0| 3392|        215|
    +-----------------------------------------+----+----+-----+-----------+



================================================================
== Interface
================================================================
* Summary: 
+----------------------------------+-----+-----+------------+---------------------------+--------------+
|             RTL Ports            | Dir | Bits|  Protocol  |       Source Object       |    C Type    |
+----------------------------------+-----+-----+------------+---------------------------+--------------+
|ap_clk                            |  in |    1| ap_ctrl_hs |        Ext_KWTA32k        | return value |
|ap_rst                            |  in |    1| ap_ctrl_hs |        Ext_KWTA32k        | return value |
|ap_start                          |  in |    1| ap_ctrl_hs |        Ext_KWTA32k        | return value |
|ap_done                           | out |    1| ap_ctrl_hs |        Ext_KWTA32k        | return value |
|ap_idle                           | out |    1| ap_ctrl_hs |        Ext_KWTA32k        | return value |
|ap_ready                          | out |    1| ap_ctrl_hs |        Ext_KWTA32k        | return value |
|alloc_size                        |  in |   32|    ap_hs   |         alloc_size        |    pointer   |
|alloc_size_ap_vld                 |  in |    1|    ap_hs   |         alloc_size        |    pointer   |
|alloc_size_ap_ack                 | out |    1|    ap_hs   |         alloc_size        |    pointer   |
|alloc_free_target                 |  in |   32|    ap_hs   |     alloc_free_target     |    pointer   |
|alloc_free_target_ap_vld          |  in |    1|    ap_hs   |     alloc_free_target     |    pointer   |
|alloc_free_target_ap_ack          | out |    1|    ap_hs   |     alloc_free_target     |    pointer   |
|alloc_addr                        | out |   32|    ap_hs   |         alloc_addr        |    pointer   |
|alloc_addr_ap_vld                 | out |    1|    ap_hs   |         alloc_addr        |    pointer   |
|alloc_addr_ap_ack                 |  in |    1|    ap_hs   |         alloc_addr        |    pointer   |
|alloc_cmd                         |  in |    8|    ap_hs   |         alloc_cmd         |    pointer   |
|alloc_cmd_ap_vld                  |  in |    1|    ap_hs   |         alloc_cmd         |    pointer   |
|alloc_cmd_ap_ack                  | out |    1|    ap_hs   |         alloc_cmd         |    pointer   |
|com_port_layer_V                  | out |    8|    ap_hs   |      com_port_layer_V     |    pointer   |
|com_port_layer_V_ap_vld           | out |    1|    ap_hs   |      com_port_layer_V     |    pointer   |
|com_port_layer_V_ap_ack           |  in |    1|    ap_hs   |      com_port_layer_V     |    pointer   |
|com_port_target_V                 | out |   16|    ap_hs   |     com_port_target_V     |    pointer   |
|com_port_target_V_ap_vld          | out |    1|    ap_hs   |     com_port_target_V     |    pointer   |
|com_port_target_V_ap_ack          |  in |    1|    ap_hs   |     com_port_target_V     |    pointer   |
|com_port_allocated_addr_V         |  in |   16|    ap_hs   | com_port_allocated_addr_V |    pointer   |
|com_port_allocated_addr_V_ap_vld  |  in |    1|    ap_hs   | com_port_allocated_addr_V |    pointer   |
|com_port_allocated_addr_V_ap_ack  | out |    1|    ap_hs   | com_port_allocated_addr_V |    pointer   |
|com_port_cmd                      | out |    8|    ap_hs   |        com_port_cmd       |    pointer   |
|com_port_cmd_ap_vld               | out |    1|    ap_hs   |        com_port_cmd       |    pointer   |
|com_port_cmd_ap_ack               |  in |    1|    ap_hs   |        com_port_cmd       |    pointer   |
+----------------------------------+-----+-----+------------+---------------------------+--------------+

