INFO-FLOW: Workspace /home/tingyuan/Temporary/vivado-outputs/HTA128_0/solution1 opened at Mon Jul 30 02:51:05 CST 2018
Execute     config_clock -quiet -name default -period 10 -default=false 
INFO: [SYN 201-201] Setting up clock 'default' with a period of 10ns.
Execute     open_platform DefaultPlatform 
Execute     import_lib /opt/Xilinx/Vivado/2018.2/common/technology/xilinx/zynq/zynq 
Execute       source /opt/Xilinx/Vivado/2018.2/common/technology/xilinx/common/xilinx.lib 
Execute         source /opt/Xilinx/Vivado/2018.2/common/technology/xilinx/interface/xilinx_interface.lib 
Execute           source /opt/Xilinx/Vivado/2018.2/common/technology/xilinx/interface/plb46.lib 
Execute           source /opt/Xilinx/Vivado/2018.2/common/technology/xilinx/interface/fsl.lib 
Execute           source /opt/Xilinx/Vivado/2018.2/common/technology/xilinx/interface/axi4.lib 
Execute           source /opt/Xilinx/Vivado/2018.2/common/technology/xilinx/interface/maxi.lib 
Execute           source /opt/Xilinx/Vivado/2018.2/common/technology/xilinx/interface/saxilite.lib 
Execute         source /opt/Xilinx/Vivado/2018.2/common/technology/xilinx/common/dsp48.lib 
Execute         source /opt/Xilinx/Vivado/2018.2/common/technology/xilinx/ip/xfft.lib 
Execute         source /opt/Xilinx/Vivado/2018.2/common/technology/xilinx/ip/dds_compiler.lib 
Execute         source /opt/Xilinx/Vivado/2018.2/common/technology/xilinx/ip/xfir.lib 
Execute       source /opt/Xilinx/Vivado/2018.2/common/technology/xilinx/common/xilinx_old.lib 
Execute       source /opt/Xilinx/Vivado/2018.2/common/technology/xilinx/common/xilinx_vivado.lib 
Execute       source /opt/Xilinx/Vivado/2018.2/common/technology/xilinx/common/xilinx.hlp 
Execute         source /opt/Xilinx/Vivado/2018.2/common/technology/xilinx/common/target_info.tcl 
Execute         source /opt/Xilinx/Vivado/2018.2/common/technology/xilinx/interface/xilinx_interface.hlp 
Execute           source /opt/Xilinx/Vivado/2018.2/common/technology/xilinx/interface/maxi.hlp 
Execute           source /opt/Xilinx/Vivado/2018.2/common/technology/xilinx/interface/saxilite.hlp 
Execute         source /opt/Xilinx/Vivado/2018.2/common/technology/xilinx/common/dsp48.hlp 
Execute       source /opt/Xilinx/Vivado/2018.2/common/technology/xilinx/zynq/dsp48e1.hlp 
Execute       get_default_platform 
Execute       config_chip_info -quiet -resource  {SLICE 13300}  {LUT 53200}     {FF 106400} {DSP48E 220}   {BRAM 280}  
Execute       config_chip_info -quiet -speed medium 
Execute       source /opt/Xilinx/Vivado/2018.2/common/technology/xilinx/common/xilinx.hlp 
Execute         source /opt/Xilinx/Vivado/2018.2/common/technology/xilinx/common/target_info.tcl 
Execute         source /opt/Xilinx/Vivado/2018.2/common/technology/xilinx/interface/xilinx_interface.hlp 
Execute           source /opt/Xilinx/Vivado/2018.2/common/technology/xilinx/interface/maxi.hlp 
Execute           source /opt/Xilinx/Vivado/2018.2/common/technology/xilinx/interface/saxilite.hlp 
Execute         source /opt/Xilinx/Vivado/2018.2/common/technology/xilinx/common/dsp48.hlp 
Execute     source /opt/Xilinx/Vivado/2018.2/common/technology/xilinx/zynq/zynq.gen 
Execute       source /opt/Xilinx/Vivado/2018.2/common/technology/xilinx/common/virtex.gen 
Execute         source /opt/Xilinx/Vivado/2018.2/common/technology/xilinx/common/xilinx.gen 
Execute           source /opt/Xilinx/Vivado/2018.2/common/technology/xilinx/interface/plb46.gen 
Execute           source /opt/Xilinx/Vivado/2018.2/common/technology/xilinx/interface/fsl.gen 
Execute           source /opt/Xilinx/Vivado/2018.2/common/technology/xilinx/interface/axi4.gen 
Execute           source /opt/Xilinx/Vivado/2018.2/common/technology/xilinx/interface/nativeAXI4.gen 
Execute             source /opt/Xilinx/Vivado/2018.2/common/technology/xilinx/interface/saxilite.gen 
Execute             source /opt/Xilinx/Vivado/2018.2/common/technology/xilinx/interface/maxi.gen 
Execute           source /opt/Xilinx/Vivado/2018.2/common/technology/xilinx/scripts/xilinxcoregen.gen 
Execute           source /opt/Xilinx/Vivado/2018.2/common/technology/xilinx/interface/XilEDKCoreGen.gen 
Execute           source /opt/Xilinx/Vivado/2018.2/common/technology/xilinx/ip/dds_compiler.gen 
Execute           source /opt/Xilinx/Vivado/2018.2/common/technology/xilinx/ip/util.gen 
Execute           source /opt/Xilinx/Vivado/2018.2/common/technology/xilinx/ip/xfft.gen 
Execute           source /opt/Xilinx/Vivado/2018.2/common/technology/xilinx/ip/xfir.gen 
Command         ap_source done; 0.12 sec.
Execute         source /opt/Xilinx/Vivado/2018.2/common/technology/xilinx/common/dsp48.gen 
Command       ap_source done; 0.12 sec.
Command     ap_source done; 0.12 sec.
Execute     open_platform DefaultPlatform 
Execute     import_lib /opt/Xilinx/Vivado/2018.2/common/technology/xilinx/zynq/zynq_fpv6 
Execute       source /opt/Xilinx/Vivado/2018.2/common/technology/xilinx/common/xilinx_fpv7.lib 
Execute         source /opt/Xilinx/Vivado/2018.2/common/technology/xilinx/common/xilinx_hp.lib 
Execute       source /opt/Xilinx/Vivado/2018.2/common/technology/xilinx/common/xilinx_fpv.hlp 
Execute         source /opt/Xilinx/Vivado/2018.2/common/technology/xilinx/common/xilinx.hlp 
Execute           source /opt/Xilinx/Vivado/2018.2/common/technology/xilinx/common/target_info.tcl 
Execute           source /opt/Xilinx/Vivado/2018.2/common/technology/xilinx/interface/xilinx_interface.hlp 
Execute             source /opt/Xilinx/Vivado/2018.2/common/technology/xilinx/interface/maxi.hlp 
Execute             source /opt/Xilinx/Vivado/2018.2/common/technology/xilinx/interface/saxilite.hlp 
Execute           source /opt/Xilinx/Vivado/2018.2/common/technology/xilinx/common/dsp48.hlp 
Execute       source /opt/Xilinx/Vivado/2018.2/common/technology/xilinx/zynq/zynq_hp.hlp 
Execute     source /opt/Xilinx/Vivado/2018.2/common/technology/xilinx/zynq/zynq_fpv6.gen 
Execute       source /opt/Xilinx/Vivado/2018.2/common/technology/xilinx/common/xilinx_fpv6.gen 
Execute     set_part xc7z020clg484-1 
Execute       add_library xilinx/zynq/zynq:xc7z020:clg484:-1 
Execute         get_default_platform 
Execute         license_isbetapart xc7z020 
Command         license_isbetapart done; error code: 1; 
Execute         get_default_platform 
Execute         config_chip_info -quiet -resource  {SLICE 13300}  {LUT 53200}     {FF 106400} {DSP48E 220}   {BRAM 280}  
Execute         config_chip_info -quiet -speed slow 
Execute       add_library xilinx/zynq/zynq_fpv6 
Execute         get_default_platform 
INFO: [HLS 200-10] Setting target device to 'xc7z020clg484-1'
Execute       get_default_platform 
Execute     get_default_platform 
Execute     config_chip_info -quiet -resource  {SLICE 13300}  {LUT 53200}     {FF 106400} {DSP48E 220}   {BRAM 280}  
Execute     config_chip_info -quiet -speed slow 
Command   open_solution done; 0.22 sec.
Execute   set_part xc7z020clg484-1 -tool vivado 
Execute     add_library xilinx/zynq/zynq:xc7z020:clg484:-1 
Execute       get_default_platform 
Execute       license_isbetapart xc7z020 
Command       license_isbetapart done; error code: 1; 
Execute       get_default_platform 
Execute       config_chip_info -quiet -resource  {SLICE 13300}  {LUT 53200}     {FF 106400} {DSP48E 220}   {BRAM 280}  
Execute       config_chip_info -quiet -speed slow 
Execute     add_library xilinx/zynq/zynq_fpv6 
Execute       get_default_platform 
Execute     get_default_platform 
Execute   create_clock -period 10 -name default 
Execute     config_clock -quiet -name default -period 10 -default=false 
INFO: [SYN 201-201] Setting up clock 'default' with a period of 10ns.
Execute   csynth_design 
Execute     get_config_compile -effort 
Execute     get_config_compile -enable_clang39 
Execute     get_config_compile -g 
Execute     get_config_compile -lm 
Execute     get_config_compile -ng 
Execute     get_config_compile -opt_fp 
Execute     get_config_compile -skip_cdt 
Execute     get_config_compile -skip_syncheck 
Execute     get_config_compile -skip_transform 
Execute     get_config_compile -keep_printf 
Execute     elaborate -effort=medium -skip_syncheck=0 -keep_printf=0 -lm=0 -skip_cdt=0 -skip_transform=0 -ng=0 -g=0 -opt_fp=0 -from_csynth_design=1 
Execute       get_config_schedule -relax_ii_for_timing 
Execute       get_config_schedule -suppress_dependence_error_break 
INFO: [HLS 200-10] Analyzing design file 'HTA128_0/solution1/top.cc' ... 
INFO-FLOW: Compiling one TU...
Execute       is_m_axi_addr64 
INFO-FLOW: Handling HTA128_0/solution1/top.cc as C++
Execute       get_default_platform 
Execute       is_encrypted HTA128_0/solution1/top.cc 
Execute       get_default_platform 
INFO-FLOW: Source preprocessing
Execute       clang  -fno-limit-debug-info -gcc-toolchain "/opt/Xilinx/Vivado/2018.2/lnx64/tools/gcc" -hls  -fno-exceptions  -D__llvm__  -E "HTA128_0/solution1/top.cc"     -fno-math-errno -c -emit-llvm -O0  -mllvm -disable-llvm-optzns -fno-threadsafe-statics  -fno-use-cxa-atexit  -fno-threadsafe-statics -fno-use-cxa-atexit -D__CLANG_3_1__ -DAESL_SYN -D__SYNTHESIS__ -D__HLS_SYN__ -I "/opt/Xilinx/Vivado/2018.2/common/technology/autopilot" -I "/opt/Xilinx/Vivado/2018.2/common/technology/autopilot/ap_sysc" -include etc/autopilot_ssdm_op.h -D__DSP48E1__  -o "/home/tingyuan/Temporary/vivado-outputs/HTA128_0/solution1/.autopilot/db/top.pp.0.cc" 
INFO-FLOW: exec /opt/Xilinx/Vivado/2018.2/lnx64/tools/clang/bin/clang -fno-limit-debug-info -gcc-toolchain /opt/Xilinx/Vivado/2018.2/lnx64/tools/gcc -hls -fno-exceptions -D__llvm__ -E HTA128_0/solution1/top.cc -fno-math-errno -c -emit-llvm -O0 -mllvm -disable-llvm-optzns -fno-threadsafe-statics -fno-use-cxa-atexit -fno-threadsafe-statics -fno-use-cxa-atexit -D__CLANG_3_1__ -DAESL_SYN -D__SYNTHESIS__ -D__HLS_SYN__ -I /opt/Xilinx/Vivado/2018.2/common/technology/autopilot -I /opt/Xilinx/Vivado/2018.2/common/technology/autopilot/ap_sysc -include etc/autopilot_ssdm_op.h -D__DSP48E1__ -o /home/tingyuan/Temporary/vivado-outputs/HTA128_0/solution1/.autopilot/db/top.pp.0.cc
Command       clang done; 1.29 sec.
INFO-FLOW: Syntax Checking before pre-processing...
Execute       clang  -fno-limit-debug-info -gcc-toolchain "/opt/Xilinx/Vivado/2018.2/lnx64/tools/gcc" -hls    -fno-math-errno -c -emit-llvm -O0  -mllvm -disable-llvm-optzns -fno-threadsafe-statics  -fno-use-cxa-atexit  -fno-threadsafe-statics -fno-use-cxa-atexit -D__CLANG_3_1__ -DAESL_SYN -D__SYNTHESIS__ -D__HLS_SYN__ -I "/opt/Xilinx/Vivado/2018.2/common/technology/autopilot" -I "/opt/Xilinx/Vivado/2018.2/common/technology/autopilot/ap_sysc" -include etc/autopilot_ssdm_op.h -D__DSP48E1__  "/home/tingyuan/Temporary/vivado-outputs/HTA128_0/solution1/.autopilot/db/top.pp.0.cc"  -o "/home/tingyuan/Temporary/vivado-outputs/HTA128_0/solution1/.autopilot/db/useless.bc"  
INFO-FLOW: exec /opt/Xilinx/Vivado/2018.2/lnx64/tools/clang/bin/clang -fno-limit-debug-info -gcc-toolchain /opt/Xilinx/Vivado/2018.2/lnx64/tools/gcc -hls -fno-math-errno -c -emit-llvm -O0 -mllvm -disable-llvm-optzns -fno-threadsafe-statics -fno-use-cxa-atexit -fno-threadsafe-statics -fno-use-cxa-atexit -D__CLANG_3_1__ -DAESL_SYN -D__SYNTHESIS__ -D__HLS_SYN__ -I /opt/Xilinx/Vivado/2018.2/common/technology/autopilot -I /opt/Xilinx/Vivado/2018.2/common/technology/autopilot/ap_sysc -include etc/autopilot_ssdm_op.h -D__DSP48E1__ /home/tingyuan/Temporary/vivado-outputs/HTA128_0/solution1/.autopilot/db/top.pp.0.cc -o /home/tingyuan/Temporary/vivado-outputs/HTA128_0/solution1/.autopilot/db/useless.bc
Command       clang done; 2.09 sec.
INFO-FLOW: GCC PP time: 3 seconds per iteration
Execute       list_core -type functional_unit 
Execute       tidy_31 xilinx-systemc-detector /home/tingyuan/Temporary/vivado-outputs/HTA128_0/solution1/.autopilot/db/top.pp.0.cc std=gnu++98 -directive=/home/tingyuan/Temporary/vivado-outputs/HTA128_0/solution1/.autopilot/db/.systemc_flag 
INFO-FLOW: exec /opt/Xilinx/Vivado/2018.2/lnx64/tools/clang-3.9-csynth/bin/tidy-3.1 -header-filter=.* --checks=-*,xilinx-systemc-detector -import-directive=/home/tingyuan/Temporary/vivado-outputs/HTA128_0/solution1/.autopilot/db/.systemc_flag -quiet -fix-errors /home/tingyuan/Temporary/vivado-outputs/HTA128_0/solution1/.autopilot/db/top.pp.0.cc -- -std=gnu++98 -fhls -ferror-limit=0
Command       tidy_31 done; 1.37 sec.
INFO-FLOW: CDT Preprocessing with tidy-3.1...
Execute       tidy_31 xilinx-directive2pragma /home/tingyuan/Temporary/vivado-outputs/HTA128_0/solution1/.autopilot/db/top.pp.0.cc std=gnu++98 -directive=/home/tingyuan/Temporary/vivado-outputs/HTA128_0/solution1/solution1.json 
INFO-FLOW: exec /opt/Xilinx/Vivado/2018.2/lnx64/tools/clang-3.9-csynth/bin/tidy-3.1 -header-filter=.* --checks=-*,xilinx-directive2pragma -import-directive=/home/tingyuan/Temporary/vivado-outputs/HTA128_0/solution1/solution1.json -quiet -fix-errors /home/tingyuan/Temporary/vivado-outputs/HTA128_0/solution1/.autopilot/db/top.pp.0.cc -- -std=gnu++98 -fhls -ferror-limit=0
Command       tidy_31 done; 1.37 sec.
Execute       get_config_dataflow -strict_mode 
Execute       ap_eval exec -ignorestderr /opt/Xilinx/Vivado/2018.2/lnx64/tools/clang-3.9-csynth/bin/xilinx-dataflow-lawyer -export-fixes=/home/tingyuan/Temporary/vivado-outputs/HTA128_0/solution1/.autopilot/db/xilinx-dataflow-lawyer.top.pp.0.cc.diag.yml /home/tingyuan/Temporary/vivado-outputs/HTA128_0/solution1/.autopilot/db/top.pp.0.cc -- -std=gnu++98 -fhls -ferror-limit=0 -fstrict-dataflow > /home/tingyuan/Temporary/vivado-outputs/HTA128_0/solution1/.autopilot/db/xilinx-dataflow-lawyer.top.pp.0.cc.out.log 2> /home/tingyuan/Temporary/vivado-outputs/HTA128_0/solution1/.autopilot/db/xilinx-dataflow-lawyer.top.pp.0.cc.err.log 
Command       ap_eval done; 0.97 sec.
Execute       tidy_31 -errorcheck xilinx-constantarray-param,xilinx-resource-pragma-transformer /home/tingyuan/Temporary/vivado-outputs/HTA128_0/solution1/.autopilot/db/top.pp.0.cc std=gnu++98 
INFO-FLOW: exec /opt/Xilinx/Vivado/2018.2/lnx64/tools/clang-3.9-csynth/bin/tidy-3.1 -header-filter=.* --checks=-*,xilinx-constantarray-param,xilinx-resource-pragma-transformer -quiet -fix-errors /home/tingyuan/Temporary/vivado-outputs/HTA128_0/solution1/.autopilot/db/top.pp.0.cc -- -std=gnu++98 -fhls -ferror-limit=0
INFO-FLOW: exec /opt/Xilinx/Vivado/2018.2/lnx64/tools/clang-3.9-csynth/bin/xilinx-legacy-rewriter /home/tingyuan/Temporary/vivado-outputs/HTA128_0/solution1/.autopilot/db/top.pp.0.cc -- -std=gnu++98 -fhls -ferror-limit=0
Command       tidy_31 done; 2.83 sec.
INFO-FLOW: tidy-3.1 time 5 seconds per iteration
INFO-FLOW: Pragma Handling...
Execute       tidy_31 xilinx-ssdm-intrinsics-arguments /home/tingyuan/Temporary/vivado-outputs/HTA128_0/solution1/.autopilot/db/top.pragma.1.cc std=gnu++98 
INFO-FLOW: exec /opt/Xilinx/Vivado/2018.2/lnx64/tools/clang-3.9-csynth/bin/tidy-3.1 -header-filter=.* --checks=-*,xilinx-ssdm-intrinsics-arguments -quiet -fix-errors /home/tingyuan/Temporary/vivado-outputs/HTA128_0/solution1/.autopilot/db/top.pragma.1.cc -- -std=gnu++98 -fhls -ferror-limit=0
Command       tidy_31 done; 2.13 sec.
INFO-FLOW: Source preprocessing
Execute       clang  -fno-limit-debug-info -gcc-toolchain "/opt/Xilinx/Vivado/2018.2/lnx64/tools/gcc" -hls  -fno-exceptions  -D__llvm__  -E "/home/tingyuan/Temporary/vivado-outputs/HTA128_0/solution1/.autopilot/db/top.pragma.1.cc"     -fno-math-errno -c -emit-llvm -O0  -mllvm -disable-llvm-optzns -fno-threadsafe-statics  -fno-use-cxa-atexit  -fno-threadsafe-statics -fno-use-cxa-atexit -D__CLANG_3_1__ -DAESL_SYN -D__SYNTHESIS__ -D__HLS_SYN__ -I "/opt/Xilinx/Vivado/2018.2/common/technology/autopilot" -I "/opt/Xilinx/Vivado/2018.2/common/technology/autopilot/ap_sysc" -include etc/autopilot_ssdm_op.h -D__DSP48E1__  -o "/home/tingyuan/Temporary/vivado-outputs/HTA128_0/solution1/.autopilot/db/top.pragma.2.cc" 
INFO-FLOW: exec /opt/Xilinx/Vivado/2018.2/lnx64/tools/clang/bin/clang -fno-limit-debug-info -gcc-toolchain /opt/Xilinx/Vivado/2018.2/lnx64/tools/gcc -hls -fno-exceptions -D__llvm__ -E /home/tingyuan/Temporary/vivado-outputs/HTA128_0/solution1/.autopilot/db/top.pragma.1.cc -fno-math-errno -c -emit-llvm -O0 -mllvm -disable-llvm-optzns -fno-threadsafe-statics -fno-use-cxa-atexit -fno-threadsafe-statics -fno-use-cxa-atexit -D__CLANG_3_1__ -DAESL_SYN -D__SYNTHESIS__ -D__HLS_SYN__ -I /opt/Xilinx/Vivado/2018.2/common/technology/autopilot -I /opt/Xilinx/Vivado/2018.2/common/technology/autopilot/ap_sysc -include etc/autopilot_ssdm_op.h -D__DSP48E1__ -o /home/tingyuan/Temporary/vivado-outputs/HTA128_0/solution1/.autopilot/db/top.pragma.2.cc
Command       clang done; 1.24 sec.
Execute       get_default_platform 
INFO-FLOW: Processing labels
Execute       clang -src /home/tingyuan/Temporary/vivado-outputs/HTA128_0/solution1/.autopilot/db/top.pragma.2.cc  -fno-limit-debug-info -gcc-toolchain /opt/Xilinx/Vivado/2018.2/lnx64/tools/gcc -hls -hls-analyze-label -hls-analyze-pragma -fno-exceptions  -D__llvm__  -w  "/home/tingyuan/Temporary/vivado-outputs/HTA128_0/solution1/.autopilot/db/top.pragma.2.cc"    -fno-math-errno -c -emit-llvm -O0  -mllvm -disable-llvm-optzns -fno-threadsafe-statics  -fno-use-cxa-atexit -DAESL_SYN -D__SYNTHESIS__ -D__HLS_SYN__ -I "/opt/Xilinx/Vivado/2018.2/common/technology/autopilot" -I "/opt/Xilinx/Vivado/2018.2/common/technology/autopilot/ap_sysc" -include etc/autopilot_ssdm_op.h -D__DSP48E1__ -g -o "/home/tingyuan/Temporary/vivado-outputs/HTA128_0/solution1/.autopilot/db/top.bc" 
INFO-FLOW: exec /opt/Xilinx/Vivado/2018.2/lnx64/tools/clang/bin/clang -fno-limit-debug-info -gcc-toolchain /opt/Xilinx/Vivado/2018.2/lnx64/tools/gcc -hls -hls-analyze-label -hls-analyze-pragma -fno-exceptions -D__llvm__ -w /home/tingyuan/Temporary/vivado-outputs/HTA128_0/solution1/.autopilot/db/top.pragma.2.cc -fno-math-errno -c -emit-llvm -O0 -mllvm -disable-llvm-optzns -fno-threadsafe-statics -fno-use-cxa-atexit -DAESL_SYN -D__SYNTHESIS__ -D__HLS_SYN__ -I /opt/Xilinx/Vivado/2018.2/common/technology/autopilot -I /opt/Xilinx/Vivado/2018.2/common/technology/autopilot/ap_sysc -include etc/autopilot_ssdm_op.h -D__DSP48E1__ -g -o /home/tingyuan/Temporary/vivado-outputs/HTA128_0/solution1/.autopilot/db/top.bc
Command       clang done; 2.16 sec.
INFO-FLOW: Linking Debug ...
Execute       llvm-ld /home/tingyuan/Temporary/vivado-outputs/HTA128_0/solution1/.autopilot/db/top.g.bc -hls-opt -except-internalize HTA128_theta -L/opt/Xilinx/Vivado/2018.2/lnx64/lib -lhlsm -lhlsmc++ -o /home/tingyuan/Temporary/vivado-outputs/HTA128_0/solution1/.autopilot/db/a.g 
Command       llvm-ld done; 0.8 sec.
INFO: [HLS 200-111] Finished Linking Time (s): cpu = 00:00:17 ; elapsed = 00:00:17 . Memory (MB): peak = 375.672 ; gain = 0.113 ; free physical = 10159 ; free virtual = 27427
INFO: [HLS 200-111] Finished Checking Pragmas Time (s): cpu = 00:00:17 ; elapsed = 00:00:17 . Memory (MB): peak = 375.672 ; gain = 0.113 ; free physical = 10159 ; free virtual = 27427
Execute       ::config_rtl 
Execute       opt_and_import_c a -opt_level=2 -skip_syncheck=0 -ng=0 -keep_printf=0 
Execute         cleanup_all_models 
INFO: [HLS 200-10] Starting code transformations ...
Execute         transform -promote-dbg-pointer /home/tingyuan/Temporary/vivado-outputs/HTA128_0/solution1/.autopilot/db/a.pp.bc -o /home/tingyuan/Temporary/vivado-outputs/HTA128_0/solution1/.autopilot/db/a.pp.0.bc -f 
Execute         llvm-ld /home/tingyuan/Temporary/vivado-outputs/HTA128_0/solution1/.autopilot/db/a.pp.0.bc -disable-opt -L/opt/Xilinx/Vivado/2018.2/lnx64/lib -lfloatconversion -o /home/tingyuan/Temporary/vivado-outputs/HTA128_0/solution1/.autopilot/db/a.g.0 
Command         llvm-ld done; 0.78 sec.
INFO-FLOW: Running Standard Transforms...
Execute         transform -hls -share-std-xform -demangle-name -inline-byval-memcpy -always-inline -promote-dbg-pointer -interface-preproc -scalarrepl -mem2reg -keep-read-access -instcombine -dce -promote-dbg-pointer -bitop-raise -loop-simplify -indvarspre -indvars -loop-simplify -xunroll -constprop -instcombine -simplifycfg -indvars -simplifycfg -dce -globaldce -basicaa -simplifycfg -mem2reg -globalopt -global-constprop -deadargelim -instcombine -simplifycfg -prune-eh -simplifycfg -scalarrepl -instcombine -reassociate -licm -simplifycfg -loop-simplify -indvars -instcombine -simplifycfg -mem2reg -loop-simplify -indvars -instcombine -gvn -gvn -instcombine -adce -break-crit-edges -simplifycfg -loop-delete -global-array-opt -dce -dse -adce -find-syn-modules -top HTA128_theta -deadargelim -mem2reg -instcombine -dce -presyn-prepare -auto-rom-infer -interface-preproc -syn-check -check-rec-only -find-region -simplifycfg -func-extr -function-inline -globaldce -mem2reg -instcombine -dce -gvn -globaldce -adce -adse -constprop -instcombine -bit-constprop -instcombine -dce -simplifycfg -bitop-raise -simplifycfg -dce -loop-delete -reassociate -globalopt -global-privatize -mem2reg -dce -global-constprop -pointer-simplify -constprop -dce -func-inst -deadargelim -auto-shift-reg-idiom -promote-dbg-pointer -norm-name /home/tingyuan/Temporary/vivado-outputs/HTA128_0/solution1/.autopilot/db/a.g.0.bc -o /home/tingyuan/Temporary/vivado-outputs/HTA128_0/solution1/.autopilot/db/a.g.1.bc -f -phase std-opt 
INFO: [XFORM 203-603] Inlining function 'log_2_16bit' into 'HTA128_theta' (HTA128_0/solution1/top.cc:174).
INFO: [XFORM 203-603] Inlining function 'log_2_16bit' into 'HTA128_theta' (HTA128_0/solution1/top.cc:155).
INFO: [XFORM 203-603] Inlining function 'log_2_16bit' into 'log_2_64bit' (HTA128_0/solution1/top.cc:74).
INFO: [XFORM 203-603] Inlining function 'log_2_16bit' into 'log_2_64bit' (HTA128_0/solution1/top.cc:73).
INFO: [XFORM 203-603] Inlining function 'log_2_16bit' into 'log_2_64bit' (HTA128_0/solution1/top.cc:72).
INFO: [XFORM 203-603] Inlining function 'log_2_16bit' into 'log_2_64bit' (HTA128_0/solution1/top.cc:71).
Command         transform done; 0.35 sec.
INFO: [HLS 200-111] Finished Standard Transforms Time (s): cpu = 00:00:18 ; elapsed = 00:00:18 . Memory (MB): peak = 504.637 ; gain = 129.078 ; free physical = 10139 ; free virtual = 27394
INFO: [HLS 200-10] Checking synthesizability ...
INFO-FLOW: Checking Synthesizability 1/2..
Execute         transform -hls -syn-check -check-rec-only -disaggr -scalarrepl -norm-name -dce -mem2reg -instcombine -function-uniquify -directive-preproc -mem2reg -dse -dce -auto-rom-infer -dce -array-normalize -instcombine -dce -warn-fifo-pointer -array-seg-normalize -instcombine -dce -array-flatten -instcombine -dce -array-burst -dce -deadargelim -promote-global-argument -simplifycfg -mem2reg -globaldce -resolve-double-ptr -dce -deadargelim -dce -instcombine -function-inline -globaldce -dce -doublePtrSimplify -doublePtrElim -dce -doublePtrSimplify -promote-dbg-pointer -dce -scalarrepl -dse -adse -instcombine -ptrLegalization -simplifycfg -dce -instcombine -pointer-simplify -ptrArgReplace -dce -instcombine -disaggr -scalarrepl -norm-name -dce -mem2reg -instcombine -ptrLegalization -simplifycfg -deadargelim -instcombine -dce -inst-simplify -function-uniquify -directive-preproc -mem2reg -dse -dce -globaldce /home/tingyuan/Temporary/vivado-outputs/HTA128_0/solution1/.autopilot/db/a.g.1.bc -o /home/tingyuan/Temporary/vivado-outputs/HTA128_0/solution1/.autopilot/db/a.g.2.prechk.bc -f 
Command         transform done; 0.16 sec.
INFO-FLOW: Checking Synthesizability 2/2..
Execute         transform -syn-check /home/tingyuan/Temporary/vivado-outputs/HTA128_0/solution1/.autopilot/db/a.g.2.prechk.bc -o /home/tingyuan/Temporary/vivado-outputs/HTA128_0/solution1/.autopilot/db/a.g.2.bc -f -phase syn-check 
WARNING: [SYNCHK 200-23] HTA128_0/solution1/top.cc:223: variable-indexed range selection may cause suboptimal QoR.
INFO: [SYNCHK 200-10] 0 error(s), 1 warning(s).
INFO: [HLS 200-111] Finished Checking Synthesizability Time (s): cpu = 00:00:18 ; elapsed = 00:00:19 . Memory (MB): peak = 504.637 ; gain = 129.078 ; free physical = 10109 ; free virtual = 27383
INFO-FLOW: Compiler optimizing ...
INFO-FLOW: Share syncheck's 1.bc for syn flow: copy /home/tingyuan/Temporary/vivado-outputs/HTA128_0/solution1/.autopilot/db/a.g.1.bc to /home/tingyuan/Temporary/vivado-outputs/HTA128_0/solution1/.autopilot/db/a.o.1.bc
INFO-FLOW: Presyn 1...
Execute         transform -hls -tmp /home/tingyuan/Temporary/vivado-outputs/HTA128_0/solution1/.autopilot/db -interface-port-rename -type-info -function-uniquify -directive-preproc -mem2reg -dse -dce -disaggr -scalarrepl -norm-name -deadargelim -mem2reg -instcombine -dce -simplifycfg -auto-rom-infer -dce -function-uniquify -resource-proc -simplifycfg -mem2reg -globaldce -resolve-double-ptr -dce -deadargelim -dce -instcombine -clib-intrinsic-prepare -dce -func-buffer -dce -array-normalize -func-legal -instcombine -gvn -constprop -dce -ptrArgReplace -mem2reg -instcombine -dce -array-seg-normalize -deadargelim -instcombine -dce -pointer-simplify -dce -port-alignment -dce -interface-preproc -data-pack -instcombine -dce -basicaa -aggr-aa -aggrmodref-aa -aggr-aa -gvn -gvn -basicaa -aggr-aa -aggrmodref-aa -aggr-aa -dse -adse -adce -loop-simplify -indvars -instcombine -gvn -loop-simplify -mem2reg -dce -find-region -instcombine -auto-loop-pipeline -inst-simplify -interface-preproc -cfgopt -instcombine -indvars -auto-loop-unroll -loop-simplify -loop-bound -xunroll -constprop -instcombine -simplifycfg -indvars -simplifycfg -dce -globaldce -clean-region -attach-range -gvn -inst-simplify -constprop -simplifycfg -dce -pointer-simplify -dce -globalopt -constprop -dce -array-promote -constprop -instcombine -dce -ptrArgReplace -mem2reg -instcombine -simplifycfg -dce -auto-par -instcombine -dce -array-transform-check -array-reshape -instcombine -simplifycfg -dce -ptrArgReplace -deadargelim -mem2reg -instcombine -simplifycfg -dce -indvars -loop-simplify -loop-bound -xunroll -constprop -instcombine -simplifycfg -indvars -simplifycfg -dce -globaldce -duplicate-dataflow-processes -globaldce -instcombine -array-partition -instcombine -simplifycfg -dce -ptrArgReplace -global-constprop -deadargelim -mem2reg -func-legal -instcombine -dce -global-constprop -deadargelim -mem2reg -instcombine -simplifycfg -dce -merge-param -deadargelim -globalopt -constprop -dce -array-promote -constprop -instcombine -dce -ptrArgReplace -mem2reg -instcombine -simplifycfg -dce -mem-intrinsic-preproc -dce -global-internalize -global-privatize -mem2reg -globaldce -promote-global-argument -ptrArgReplace -mem2reg -instcombine -dce -globalopt -mergereturn -simplify-global-access -mem2reg -dce -pointer-simplify -dce -functionattrs -basicaa -aggr-aa -aggrmodref-aa -aggr-aa -gvn -gvn -basicaa -aggr-aa -aggrmodref-aa -aggr-aa -dse -adse -adce -inst-simplify -dce -norm-name -function-inline -globaldce -func-inst -constprop -instcombine -simplifycfg -dce -func-legal -dce -loop-bound -arraycheck -bitwidthmin -on-by-dataflow -loop-delete -instcombine -simplifycfg -globaldce -dce -gvn -deadargelim -dce -loop-simplify -clean-region -simplifycfg -propagate-stable-arguments -loop-stream -instcombine -simplifycfg -dce -globaldce -duplicate-dataflow-processes -stream-intrinsic-preproc -dce -check-ap-stream -loop-simplify -eliminate-keepreads -extract-dataflow-in-loop -loop-simplify -dce -gvn -deadargelim -dse -check-dataflow-syntax -legalize-stream-variable -legalize-global -extract-subproc -dce -dead-channel-elimination -canonicalize-gep -globaldce -dce -gvn -deadargelim -annotate-dataflow-channels -scalar-propagation -deadargelim -globaldce -mem2reg -check-dataflow-channels -function-stream -dce -globaldce -prop-fifo-spec -internal-stream-gen -canonicalize-gep -globaldce -dce -gvn -deadargelim -mergereturn -indvars -loop-simplify -instcombine -array-stream -array-seg-normalize -array-partition -func-legal -instcombine -simplifycfg -dce -bundle-memfifo-ops -deadargelim -function-uniquify -directive-preproc -mem2reg -dse -dce -group-axi-access -licm -simplifycfg -dce -loop-delete -norm-name /home/tingyuan/Temporary/vivado-outputs/HTA128_0/solution1/.autopilot/db/a.o.1.bc -o /home/tingyuan/Temporary/vivado-outputs/HTA128_0/solution1/.autopilot/db/a.o.1.tmp.bc -f 
INFO: [XFORM 203-501] Unrolling loop 'Loop-2' (HTA128_0/solution1/top.cc:262) in function 'HTA128_theta' partially with a factor of 2.
INFO: [XFORM 203-101] Partitioning array 'mask.V'  in dimension 1 with a cyclic factor 4.
INFO: [XFORM 203-101] Partitioning array 'buddy_tree.V'  in dimension 1 with a cyclic factor 2.
INFO: [XFORM 203-101] Partitioning array 'group_tree.V'  in dimension 1 with a cyclic factor 2.
INFO: [XFORM 203-102] Automatically partitioning small array 'mask.V.0' completely based on array size.
INFO: [XFORM 203-102] Automatically partitioning small array 'mask.V.1' completely based on array size.
INFO: [XFORM 203-102] Automatically partitioning small array 'mask.V.2' completely based on array size.
INFO: [XFORM 203-102] Automatically partitioning small array 'mask.V.3' completely based on array size.
INFO: [XFORM 203-101] Partitioning array 'mask.V.0' in dimension 1 completely.
INFO: [XFORM 203-101] Partitioning array 'mask.V.1' in dimension 1 completely.
INFO: [XFORM 203-101] Partitioning array 'mask.V.2' in dimension 1 completely.
INFO: [XFORM 203-101] Partitioning array 'mask.V.3' in dimension 1 completely.
Command         transform done; 0.47 sec.
INFO-FLOW: Presyn 2...
Execute         transform -hls -keep-callgraph -scalarrepl -mem2reg -port-alignment -attach-range -dce -pipe-mux-gen -indvars -loop-bound -inst-simplify -instcombine -dce -merge-array-access -mem2reg -dce -clean-region -mergereturn -if-conv -instcombine -dce -constprop -basicaa -aggr-aa -aggrmodref-aa -aggr-aa -gvn -gvn -basicaa -aggr-aa -aggrmodref-aa -aggr-aa -dse -adse -adce -scalarrepl -mem2reg -global-constprop -deadargelim -deadargelim -instcombine -dce -simplifycfg -ptrArgReplace -mem2reg -function-inline -globaldce -mem2reg -instcombine -dce -expr-balance -instcombine -dce -bitwidthmin -interface-preproc -directive-preproc -inst-rectify -instcombine -dce -functionattrs -constprop -instcombine -bit-constprop -simplify-global-access -globalopt -globaldce -inst-simplify -instcombine -elimdeaddata -dce -loop-delete -simplifycfg -loop-simplify -auto-burst -norm-name /home/tingyuan/Temporary/vivado-outputs/HTA128_0/solution1/.autopilot/db/a.o.1.tmp.bc -o /home/tingyuan/Temporary/vivado-outputs/HTA128_0/solution1/.autopilot/db/a.o.2.bc -f -phase presyn 
INFO: [XFORM 203-401] Performing if-conversion on hyperblock to (HTA128_0/solution1/top.cc:217:38) in function 'HTA128_theta'... converting 9 basic blocks.
INFO: [XFORM 203-401] Performing if-conversion on hyperblock from (HTA128_0/solution1/top.cc:223:31) to (HTA128_0/solution1/top.cc:223:31) in function 'HTA128_theta'... converting 4 basic blocks.
INFO: [XFORM 203-401] Performing if-conversion on hyperblock from (HTA128_0/solution1/top.cc:321:28) to (HTA128_0/solution1/top.cc:321:59) in function 'HTA128_theta'... converting 6 basic blocks.
INFO: [XFORM 203-401] Performing if-conversion on hyperblock from (HTA128_0/solution1/top.cc:329:16) to (HTA128_0/solution1/top.cc:330:38) in function 'HTA128_theta'... converting 4 basic blocks.
INFO: [XFORM 203-401] Performing if-conversion on hyperblock from (HTA128_0/solution1/top.cc:384:28) to (HTA128_0/solution1/top.cc:384:59) in function 'HTA128_theta'... converting 4 basic blocks.
INFO: [XFORM 203-401] Performing if-conversion on hyperblock from (HTA128_0/solution1/top.cc:309:29) to (HTA128_0/solution1/top.cc:312:28) in function 'HTA128_theta'... converting 4 basic blocks.
INFO: [XFORM 203-401] Performing if-conversion on hyperblock from (HTA128_0/solution1/top.cc:356:29) to (HTA128_0/solution1/top.cc:367:39) in function 'HTA128_theta'... converting 10 basic blocks.
INFO: [XFORM 203-401] Performing if-conversion on hyperblock from (HTA128_0/solution1/top.cc:172:47) to (HTA128_0/solution1/top.cc:177:28) in function 'HTA128_theta'... converting 10 basic blocks.
INFO: [XFORM 203-401] Performing if-conversion on hyperblock from (HTA128_0/solution1/top.cc:188:45) to (HTA128_0/solution1/top.cc:189:27) in function 'HTA128_theta'... converting 7 basic blocks.
INFO: [XFORM 203-401] Performing if-conversion on hyperblock from (HTA128_0/solution1/top.cc:393:10) to (HTA128_0/solution1/top.cc:405:4) in function 'HTA128_theta'... converting 4 basic blocks.
INFO: [XFORM 203-401] Performing if-conversion on hyperblock from (HTA128_0/solution1/top.cc:234:56) to (HTA128_0/solution1/top.cc:234:56) in function 'HTA128_theta'... converting 4 basic blocks.
INFO: [XFORM 203-11] Balancing expressions in function 'log_2_64bit' (HTA128_0/solution1/top.cc:42:23)...3 expression(s) balanced.
Command         transform done; 0.29 sec.
INFO: [HLS 200-111] Finished Pre-synthesis Time (s): cpu = 00:00:19 ; elapsed = 00:00:19 . Memory (MB): peak = 567.559 ; gain = 192.000 ; free physical = 10092 ; free virtual = 27351
INFO-FLOW: Building ssdm...
Execute         transform -hls -function-uniquify -auto-function-inline -globaldce -ptrArgReplace -mem2reg -instcombine -dce -reset-lda -loop-simplify -indvars -licm -loop-dep -loop-bound -licm -loop-simplify -flattenloopnest -array-flatten -gvn -instcombine -dce -array-map -dce -func-legal -gvn -adce -instcombine -cfgopt -simplifycfg -loop-simplify -array-burst -promote-global-argument -dce -axi4-lower -array-seg-normalize -basicaa -aggrmodref-aa -globalsmodref-aa -aggr-aa -gvn -gvn -basicaa -aggrmodref-aa -globalsmodref-aa -aggr-aa -dse -adse -adce -licm -inst-simplify -dce -globaldce -instcombine -array-stream -eliminate-keepreads -instcombine -dce -deadargelim -doublePtrSimplify -doublePtrElim -dce -doublePtrSimplify -promote-dbg-pointer -dce -scalarrepl -mem2reg -disaggr -norm-name -mem2reg -instcombine -dse -adse -adce -ptrLegalization -dce -auto-rom-infer -array-flatten -dce -instcombine -check-doubleptr -loop-rot -constprop -cfgopt -simplifycfg -loop-simplify -indvars -pointer-simplify -dce -loop-bound -loop-simplify -loop-preproc -constprop -global-constprop -gvn -mem2reg -instcombine -dce -loop-bound -loop-merge -dce -bitwidthmin -deadargelim -dce -canonicalize-dataflow -dce -scalar-propagation -deadargelim -globaldce -mem2reg -read-loop-dep -interface-preproc -directive-preproc -interface-gen -bram-byte-enable -deadargelim -inst-simplify -dce -gvn -mem2reg -instcombine -dce -adse -loop-bound -instcombine -cfgopt -simplifycfg -loop-simplify -clean-region -io-protocol -find-region -mem2reg -bitop-raise -inst-simplify -inst-rectify -instcombine -adce -deadargelim -loop-simplify -phi-opt -bitop-raise -cfgopt -simplifycfg -strip-dead-prototypes -interface-lower -bitop-lower -intrinsic-lower -auto-function-inline -basicaa -aggrmodref-aa -globalsmodref-aa -aggr-aa -inst-simplify -simplifycfg -loop-simplify -mergereturn -inst-simplify -inst-rectify -dce -load-elim -bitop-lower -loop-rewind -pointer-simplify -dce -cfgopt -dce -bitwidth -loop-dep -read-loop-dep -dce -check-stream -norm-name -legalize -validate-dataflow -dead-allocation-elimination -cdfg-build /home/tingyuan/Temporary/vivado-outputs/HTA128_0/solution1/.autopilot/db/a.o.2.bc -o /home/tingyuan/Temporary/vivado-outputs/HTA128_0/solution1/.autopilot/db/a.o.3.bc -f -phase build-ssdm 
WARNING: [ANALYSIS 214-52] Found false intra dependency for variable 'buddy_tree.V.1'.
WARNING: [ANALYSIS 214-52] Found false intra dependency for variable 'buddy_tree.V.0'.
Command         transform done; 0.63 sec.
INFO: [HLS 200-111] Finished Architecture Synthesis Time (s): cpu = 00:00:19 ; elapsed = 00:00:20 . Memory (MB): peak = 568.379 ; gain = 192.820 ; free physical = 10057 ; free virtual = 27334
INFO-FLOW: Finish building internal data model.
Command       opt_and_import_c done; 2.87 sec.
Command     elaborate done; 19.51 sec.
Execute     autosyn -from_csynth_design=1 
INFO: [HLS 200-10] Starting hardware synthesis ...
INFO-FLOW: Synthesizing C/C++ design ...
INFO: [HLS 200-10] Synthesizing 'HTA128_theta' ...
Execute       ap_set_top_model HTA128_theta 
Execute       get_model_list HTA128_theta -filter all-wo-channel -topdown 
Execute       preproc_iomode -model HTA128_theta 
Execute       preproc_iomode -model log_2_64bit 
Execute       get_model_list HTA128_theta -filter all-wo-channel 
INFO-FLOW: Model list for configure: log_2_64bit HTA128_theta
INFO-FLOW: Configuring Module : log_2_64bit ...
Execute       set_default_model log_2_64bit 
Execute       apply_spec_resource_limit log_2_64bit 
INFO-FLOW: Configuring Module : HTA128_theta ...
Execute       set_default_model HTA128_theta 
Execute       apply_spec_resource_limit HTA128_theta 
INFO-FLOW: Model list for preprocess: log_2_64bit HTA128_theta
INFO-FLOW: Preprocessing Module: log_2_64bit ...
Execute       set_default_model log_2_64bit 
Execute       cdfg_preprocess -model log_2_64bit 
Execute       rtl_gen_preprocess log_2_64bit 
INFO-FLOW: Preprocessing Module: HTA128_theta ...
Execute       set_default_model HTA128_theta 
Execute       cdfg_preprocess -model HTA128_theta 
Execute       rtl_gen_preprocess HTA128_theta 
INFO-FLOW: Model list for synthesis: log_2_64bit HTA128_theta
INFO: [HLS 200-10] ----------------------------------------------------------------
INFO: [HLS 200-42] -- Implementing module 'log_2_64bit' 
INFO: [HLS 200-10] ----------------------------------------------------------------
Execute       set_default_model log_2_64bit 
Execute       schedule -model log_2_64bit 
INFO: [SCHED 204-11] Starting scheduling ...
INFO: [SCHED 204-11] Finished scheduling.
Command       schedule done; 0.21 sec.
INFO: [HLS 200-111]  Elapsed time: 20.28 seconds; current allocated memory: 139.248 MB.
Execute       report -o /home/tingyuan/Temporary/vivado-outputs/HTA128_0/solution1/.autopilot/db/log_2_64bit.verbose.sched.rpt -verbose -f 
Execute       db_write -o /home/tingyuan/Temporary/vivado-outputs/HTA128_0/solution1/.autopilot/db/log_2_64bit.sched.adb -f 
INFO-FLOW: Finish scheduling log_2_64bit.
Execute       set_default_model log_2_64bit 
Execute       bind -model log_2_64bit 
BIND OPTION: fu_weight=[ 0.0 -- 1.0 ]
BIND OPTION: model=log_2_64bit
BIND OPTION: reg_weight=[ 0.0 -- 1.0 ]
INFO: [BIND 205-100] Starting micro-architecture generation ...
INFO: [BIND 205-101] Performing variable lifetime analysis.
INFO: [BIND 205-101] Exploring resource sharing.
INFO: [BIND 205-101] Binding ...
INFO: [BIND 205-100] Finished micro-architecture generation.
INFO: [HLS 200-111]  Elapsed time: 0.06 seconds; current allocated memory: 139.585 MB.
Execute       report -o /home/tingyuan/Temporary/vivado-outputs/HTA128_0/solution1/.autopilot/db/log_2_64bit.verbose.bind.rpt -verbose -f 
Execute       db_write -o /home/tingyuan/Temporary/vivado-outputs/HTA128_0/solution1/.autopilot/db/log_2_64bit.bind.adb -f 
INFO-FLOW: Finish binding log_2_64bit.
INFO: [HLS 200-10] ----------------------------------------------------------------
INFO: [HLS 200-42] -- Implementing module 'HTA128_theta' 
INFO: [HLS 200-10] ----------------------------------------------------------------
Execute       set_default_model HTA128_theta 
Execute       schedule -model HTA128_theta 
INFO: [SCHED 204-11] Starting scheduling ...
WARNING: [SCHED 204-32] Invalid protocol: Cannot embed pipeline region inside protocol 'io_section0'.
WARNING: [SCHED 204-32] Invalid protocol: Cannot embed pipeline region inside protocol 'io_section8'.
WARNING: [SCHED 204-32] Invalid protocol: Cannot embed pipeline region inside protocol 'io_section4'.
INFO: [SCHED 204-61] Pipelining loop 'Loop 5'.
INFO: [SCHED 204-61] Pipelining result : Target II = 1, Final II = 1, Depth = 2.
INFO: [SCHED 204-61] Pipelining loop 'Loop 1'.
WARNING: [SCHED 204-68] Unable to enforce a carried dependence constraint (II = 1, distance = 1, offset = 1)
   between 'store' operation (HTA128_0/solution1/top.cc:217) of variable 'r.V', HTA128_0/solution1/top.cc:217 on array 'buddy_tree_V_0' and 'load' operation ('buddy_tree_V_0_load_8', HTA128_0/solution1/top.cc:217) on array 'buddy_tree_V_0'.
INFO: [SCHED 204-61] Pipelining result : Target II = 1, Final II = 2, Depth = 2.
INFO: [SCHED 204-11] Finished scheduling.
Command       schedule done; 0.41 sec.
INFO: [HLS 200-111]  Elapsed time: 0.45 seconds; current allocated memory: 141.649 MB.
Execute       report -o /home/tingyuan/Temporary/vivado-outputs/HTA128_0/solution1/.autopilot/db/HTA128_theta.verbose.sched.rpt -verbose -f 
WARNING: [HLS 200-433] Loop - Loop 1 has an initiation interval that is equal to the pipeline depth (2) - this results in an unpipelined loop.
INFO: [HLS 200-434] Only 2 loops out of a total 6 loops have been pipelined in this design.
Command       report done; 0.3 sec.
Execute       db_write -o /home/tingyuan/Temporary/vivado-outputs/HTA128_0/solution1/.autopilot/db/HTA128_theta.sched.adb -f 
INFO-FLOW: Finish scheduling HTA128_theta.
Execute       set_default_model HTA128_theta 
Execute       bind -model HTA128_theta 
BIND OPTION: fu_weight=[ 0.0 -- 1.0 ]
BIND OPTION: model=HTA128_theta
BIND OPTION: reg_weight=[ 0.0 -- 1.0 ]
INFO: [BIND 205-100] Starting micro-architecture generation ...
INFO: [BIND 205-101] Performing variable lifetime analysis.
INFO: [BIND 205-101] Exploring resource sharing.
INFO: [BIND 205-101] Binding ...
INFO: [BIND 205-100] Starting global binding ...
INFO: [BIND 205-100] Finished micro-architecture generation.
Command       bind done; 0.18 sec.
INFO: [HLS 200-111]  Elapsed time: 0.59 seconds; current allocated memory: 143.719 MB.
Execute       report -o /home/tingyuan/Temporary/vivado-outputs/HTA128_0/solution1/.autopilot/db/HTA128_theta.verbose.bind.rpt -verbose -f 
WARNING: [HLS 200-433] Loop - Loop 1 has an initiation interval that is equal to the pipeline depth (2) - this results in an unpipelined loop.
Command       report done; 0.38 sec.
Execute       db_write -o /home/tingyuan/Temporary/vivado-outputs/HTA128_0/solution1/.autopilot/db/HTA128_theta.bind.adb -f 
INFO-FLOW: Finish binding HTA128_theta.
Execute       get_model_list HTA128_theta -filter all-wo-channel 
INFO-FLOW: Preprocessing for RTLGen ...
Execute       rtl_gen_preprocess log_2_64bit 
Execute       rtl_gen_preprocess HTA128_theta 
INFO-FLOW: Model list for RTL generation: log_2_64bit HTA128_theta
INFO: [HLS 200-10] ----------------------------------------------------------------
INFO: [HLS 200-10] -- Generating RTL for module 'log_2_64bit' 
INFO: [HLS 200-10] ----------------------------------------------------------------
Execute       get_config_rtl -prefix 
Execute       get_config_rtl -auto_prefix 
Execute       create_rtl_model log_2_64bit -vendor xilinx -mg_file /home/tingyuan/Temporary/vivado-outputs/HTA128_0/solution1/.autopilot/db/log_2_64bit.compgen.tcl 
INFO: [RTGEN 206-100] Finished creating RTL model for 'log_2_64bit'.
INFO: [HLS 200-111]  Elapsed time: 0.49 seconds; current allocated memory: 144.492 MB.
Execute       source /home/tingyuan/Temporary/vivado-outputs/HTA128_0/solution1/.autopilot/db/HTA128_theta.rtl_wrap.cfg.tcl 
Execute       gen_rtl log_2_64bit -style xilinx -tracefl mytrace -tracefmt vcd -traceopt all -f -lang sc -o /home/tingyuan/Temporary/vivado-outputs/HTA128_0/solution1/syn/systemc/log_2_64bit -synmodules log_2_64bit HTA128_theta 
Execute       gen_rtl log_2_64bit -style xilinx -f -lang vhdl -o /home/tingyuan/Temporary/vivado-outputs/HTA128_0/solution1/syn/vhdl/log_2_64bit 
Execute       gen_rtl log_2_64bit -style xilinx -f -lang vlog -o /home/tingyuan/Temporary/vivado-outputs/HTA128_0/solution1/syn/verilog/log_2_64bit 
Execute       gen_tb_info log_2_64bit -o /home/tingyuan/Temporary/vivado-outputs/HTA128_0/solution1/.autopilot/db/log_2_64bit -p /home/tingyuan/Temporary/vivado-outputs/HTA128_0/solution1/.autopilot/db 
Execute       report -model log_2_64bit -o /home/tingyuan/Temporary/vivado-outputs/HTA128_0/solution1/syn/report/log_2_64bit_csynth.rpt -f 
Execute       report -model log_2_64bit -o /home/tingyuan/Temporary/vivado-outputs/HTA128_0/solution1/syn/report/log_2_64bit_csynth.xml -f -x 
Execute       report -model log_2_64bit -o /home/tingyuan/Temporary/vivado-outputs/HTA128_0/solution1/.autopilot/db/log_2_64bit.verbose.rpt -verbose -f 
Execute       db_write -model log_2_64bit -o /home/tingyuan/Temporary/vivado-outputs/HTA128_0/solution1/.autopilot/db/log_2_64bit.adb -f 
INFO: [HLS 200-10] ----------------------------------------------------------------
INFO: [HLS 200-10] -- Generating RTL for module 'HTA128_theta' 
INFO: [HLS 200-10] ----------------------------------------------------------------
Execute       get_config_rtl -prefix 
Execute       get_config_rtl -auto_prefix 
Execute       create_rtl_model HTA128_theta -vendor xilinx -mg_file /home/tingyuan/Temporary/vivado-outputs/HTA128_0/solution1/.autopilot/db/HTA128_theta.compgen.tcl 
INFO: [RTGEN 206-500] Setting interface mode on port 'HTA128_theta/alloc_size' to 'ap_hs'.
INFO: [RTGEN 206-500] Setting interface mode on port 'HTA128_theta/alloc_addr' to 'ap_hs'.
INFO: [RTGEN 206-500] Setting interface mode on port 'HTA128_theta/alloc_free_target' to 'ap_hs'.
INFO: [RTGEN 206-500] Setting interface mode on port 'HTA128_theta/alloc_cmd' to 'ap_hs'.
INFO: [RTGEN 206-500] Setting interface mode on function 'HTA128_theta' to 'ap_ctrl_hs'.
INFO: [SYN 201-210] Renamed object name 'HTA128_theta_group_tree_V_1' to 'HTA128_theta_groubkb' due to the length limit 20
INFO: [SYN 201-210] Renamed object name 'HTA128_theta_group_tree_V_0' to 'HTA128_theta_groucud' due to the length limit 20
INFO: [SYN 201-210] Renamed object name 'HTA128_theta_group_tree_mask_V' to 'HTA128_theta_groudEe' due to the length limit 20
INFO: [SYN 201-210] Renamed object name 'HTA128_theta_shift_constant_V' to 'HTA128_theta_shifeOg' due to the length limit 20
INFO: [SYN 201-210] Renamed object name 'HTA128_theta_buddy_tree_V_1' to 'HTA128_theta_buddfYi' due to the length limit 20
INFO: [SYN 201-210] Renamed object name 'HTA128_theta_buddy_tree_V_0' to 'HTA128_theta_buddg8j' due to the length limit 20
INFO: [SYN 201-210] Renamed object name 'HTA128_theta_addr_layer_map_V' to 'HTA128_theta_addrhbi' due to the length limit 20
INFO: [SYN 201-210] Renamed object name 'HTA128_theta_addr_tree_map_V' to 'HTA128_theta_addribs' due to the length limit 20
INFO: [SYN 201-210] Renamed object name 'HTA128_theta_mark_mask_V' to 'HTA128_theta_markjbC' due to the length limit 20
INFO: [SYN 201-210] Renamed object name 'HTA128_theta_mux_32_64_1_1' to 'HTA128_theta_mux_kbM' due to the length limit 20
INFO: [RTGEN 206-100] Generating core module 'HTA128_theta_mux_kbM': 4 instance(s).
INFO: [RTGEN 206-100] Finished creating RTL model for 'HTA128_theta'.
Command       create_rtl_model done; 0.3 sec.
INFO: [HLS 200-111]  Elapsed time: 0.42 seconds; current allocated memory: 149.467 MB.
Execute       source /home/tingyuan/Temporary/vivado-outputs/HTA128_0/solution1/.autopilot/db/HTA128_theta.rtl_wrap.cfg.tcl 
Execute       gen_rtl HTA128_theta -istop -style xilinx -tracefl mytrace -tracefmt vcd -traceopt all -f -lang sc -o /home/tingyuan/Temporary/vivado-outputs/HTA128_0/solution1/syn/systemc/HTA128_theta -synmodules log_2_64bit HTA128_theta 
Execute       gen_rtl HTA128_theta -istop -style xilinx -f -lang vhdl -o /home/tingyuan/Temporary/vivado-outputs/HTA128_0/solution1/syn/vhdl/HTA128_theta 
Command       gen_rtl done; 0.17 sec.
Execute       gen_rtl HTA128_theta -istop -style xilinx -f -lang vlog -o /home/tingyuan/Temporary/vivado-outputs/HTA128_0/solution1/syn/verilog/HTA128_theta 
Execute       export_constraint_db -o /home/tingyuan/Temporary/vivado-outputs/HTA128_0/solution1/.autopilot/db/HTA128_theta.constraint.tcl -f -tool general 
Execute       report -model HTA128_theta -o /home/tingyuan/Temporary/vivado-outputs/HTA128_0/solution1/.autopilot/db/HTA128_theta.design.xml -verbose -f -dv 
Command       report done; 0.18 sec.
Execute       report -model HTA128_theta -o /home/tingyuan/Temporary/vivado-outputs/HTA128_0/solution1/.autopilot/db/HTA128_theta.sdaccel.xml -verbose -f -sdaccel 
WARNING: [HLS 200-433] Loop - Loop 1 has an initiation interval that is equal to the pipeline depth (2) - this results in an unpipelined loop.
Command       report done; 0.27 sec.
Execute       gen_tb_info HTA128_theta -o /home/tingyuan/Temporary/vivado-outputs/HTA128_0/solution1/.autopilot/db/HTA128_theta -p /home/tingyuan/Temporary/vivado-outputs/HTA128_0/solution1/.autopilot/db 
Execute       report -model HTA128_theta -o /home/tingyuan/Temporary/vivado-outputs/HTA128_0/solution1/syn/report/HTA128_theta_csynth.rpt -f 
WARNING: [HLS 200-433] Loop - Loop 1 has an initiation interval that is equal to the pipeline depth (2) - this results in an unpipelined loop.
Execute       report -model HTA128_theta -o /home/tingyuan/Temporary/vivado-outputs/HTA128_0/solution1/syn/report/HTA128_theta_csynth.xml -f -x 
Execute       report -model HTA128_theta -o /home/tingyuan/Temporary/vivado-outputs/HTA128_0/solution1/.autopilot/db/HTA128_theta.verbose.rpt -verbose -f 
WARNING: [HLS 200-433] Loop - Loop 1 has an initiation interval that is equal to the pipeline depth (2) - this results in an unpipelined loop.
Command       report done; 0.47 sec.
Execute       db_write -model HTA128_theta -o /home/tingyuan/Temporary/vivado-outputs/HTA128_0/solution1/.autopilot/db/HTA128_theta.adb -f 
Command       db_write done; 0.22 sec.
Execute       sc_get_clocks HTA128_theta 
Execute       sc_get_portdomain HTA128_theta 
INFO-FLOW: Model list for RTL component generation: log_2_64bit HTA128_theta
INFO-FLOW: Handling components in module [log_2_64bit] ... 
Execute       source /home/tingyuan/Temporary/vivado-outputs/HTA128_0/solution1/.autopilot/db/log_2_64bit.compgen.tcl 
INFO-FLOW: Handling components in module [HTA128_theta] ... 
Execute       source /home/tingyuan/Temporary/vivado-outputs/HTA128_0/solution1/.autopilot/db/HTA128_theta.compgen.tcl 
INFO-FLOW: Found component HTA128_theta_mux_kbM.
INFO-FLOW: Append model HTA128_theta_mux_kbM
INFO-FLOW: Found component HTA128_theta_groubkb.
INFO-FLOW: Append model HTA128_theta_groubkb
INFO-FLOW: Found component HTA128_theta_groudEe.
INFO-FLOW: Append model HTA128_theta_groudEe
INFO-FLOW: Found component HTA128_theta_shifeOg.
INFO-FLOW: Append model HTA128_theta_shifeOg
INFO-FLOW: Found component HTA128_theta_buddfYi.
INFO-FLOW: Append model HTA128_theta_buddfYi
INFO-FLOW: Found component HTA128_theta_buddg8j.
INFO-FLOW: Append model HTA128_theta_buddg8j
INFO-FLOW: Found component HTA128_theta_addrhbi.
INFO-FLOW: Append model HTA128_theta_addrhbi
INFO-FLOW: Found component HTA128_theta_addribs.
INFO-FLOW: Append model HTA128_theta_addribs
INFO-FLOW: Found component HTA128_theta_markjbC.
INFO-FLOW: Append model HTA128_theta_markjbC
INFO-FLOW: Append model log_2_64bit
INFO-FLOW: Append model HTA128_theta
INFO-FLOW: Generating RTL model list ...
INFO-FLOW: All models in this session: HTA128_theta_mux_kbM HTA128_theta_groubkb HTA128_theta_groudEe HTA128_theta_shifeOg HTA128_theta_buddfYi HTA128_theta_buddg8j HTA128_theta_addrhbi HTA128_theta_addribs HTA128_theta_markjbC log_2_64bit HTA128_theta
INFO-FLOW: To file: write model HTA128_theta_mux_kbM
INFO-FLOW: To file: write model HTA128_theta_groubkb
INFO-FLOW: To file: write model HTA128_theta_groudEe
INFO-FLOW: To file: write model HTA128_theta_shifeOg
INFO-FLOW: To file: write model HTA128_theta_buddfYi
INFO-FLOW: To file: write model HTA128_theta_buddg8j
INFO-FLOW: To file: write model HTA128_theta_addrhbi
INFO-FLOW: To file: write model HTA128_theta_addribs
INFO-FLOW: To file: write model HTA128_theta_markjbC
INFO-FLOW: To file: write model log_2_64bit
INFO-FLOW: To file: write model HTA128_theta
INFO-FLOW: Finished generating RTL model list.


INFO-FLOW: RTL Generation done.
INFO-FLOW: CAS Generation done.
INFO-FLOW: CBC Generation done.
Execute       get_config_sdx -target 
Execute       source /home/tingyuan/Temporary/vivado-outputs/HTA128_0/solution1/.autopilot/db/global.setting.tcl 
Execute       source /opt/Xilinx/Vivado/2018.2/common/technology/generic/autopilot/common.gen 
Execute         source /opt/Xilinx/Vivado/2018.2/common/technology/generic/autopilot/APCoreGen.gen 
Execute       source /opt/Xilinx/Vivado/2018.2/common/technology/generic/autopilot/op.gen 
Execute       source /opt/Xilinx/Vivado/2018.2/common/technology/generic/autopilot/op_simcore.gen 
Execute       source /opt/Xilinx/Vivado/2018.2/common/technology/generic/autopilot/interface.gen 
Execute       source /home/tingyuan/Temporary/vivado-outputs/HTA128_0/solution1/.autopilot/db/global.setting.tcl 
Execute       source /opt/Xilinx/Vivado/2018.2/common/technology/xilinx/zynq/zynq.gen 
Execute         source /opt/Xilinx/Vivado/2018.2/common/technology/xilinx/common/virtex.gen 
Execute           source /opt/Xilinx/Vivado/2018.2/common/technology/xilinx/common/xilinx.gen 
Execute             source /opt/Xilinx/Vivado/2018.2/common/technology/xilinx/interface/plb46.gen 
Execute             source /opt/Xilinx/Vivado/2018.2/common/technology/xilinx/interface/fsl.gen 
Execute             source /opt/Xilinx/Vivado/2018.2/common/technology/xilinx/interface/axi4.gen 
Execute             source /opt/Xilinx/Vivado/2018.2/common/technology/xilinx/interface/nativeAXI4.gen 
Execute               source /opt/Xilinx/Vivado/2018.2/common/technology/xilinx/interface/saxilite.gen 
Execute               source /opt/Xilinx/Vivado/2018.2/common/technology/xilinx/interface/maxi.gen 
Execute             source /opt/Xilinx/Vivado/2018.2/common/technology/xilinx/scripts/xilinxcoregen.gen 
Execute             source /opt/Xilinx/Vivado/2018.2/common/technology/xilinx/interface/XilEDKCoreGen.gen 
Execute             source /opt/Xilinx/Vivado/2018.2/common/technology/xilinx/ip/dds_compiler.gen 
Execute             source /opt/Xilinx/Vivado/2018.2/common/technology/xilinx/ip/util.gen 
Execute             source /opt/Xilinx/Vivado/2018.2/common/technology/xilinx/ip/xfft.gen 
Execute             source /opt/Xilinx/Vivado/2018.2/common/technology/xilinx/ip/xfir.gen 
Execute           source /opt/Xilinx/Vivado/2018.2/common/technology/xilinx/common/dsp48.gen 
Command         ap_source done; 0.11 sec.
Command       ap_source done; 0.11 sec.
Execute       source /opt/Xilinx/Vivado/2018.2/common/technology/xilinx/zynq/zynq_fpv6.gen 
Execute         source /opt/Xilinx/Vivado/2018.2/common/technology/xilinx/common/xilinx_fpv6.gen 
Execute       source /home/tingyuan/Temporary/vivado-outputs/HTA128_0/solution1/.autopilot/db/global.setting.tcl 
Execute       source /home/tingyuan/Temporary/vivado-outputs/HTA128_0/solution1/.autopilot/db/global.setting.tcl 
Execute       source /home/tingyuan/Temporary/vivado-outputs/HTA128_0/solution1/.autopilot/db/global.setting.tcl 
Execute       source /home/tingyuan/Temporary/vivado-outputs/HTA128_0/solution1/.autopilot/db/log_2_64bit.compgen.tcl 
Execute       source /home/tingyuan/Temporary/vivado-outputs/HTA128_0/solution1/.autopilot/db/HTA128_theta.compgen.tcl 
INFO: [RTMG 210-278] Implementing memory 'HTA128_theta_groubkb_ram (RAM)' using distributed RAMs with power-on initialization.
INFO: [RTMG 210-279] Implementing memory 'HTA128_theta_groudEe_rom' using distributed ROMs.
INFO: [RTMG 210-279] Implementing memory 'HTA128_theta_shifeOg_rom' using distributed ROMs.
INFO: [RTMG 210-278] Implementing memory 'HTA128_theta_buddfYi_ram (RAM_T2P_BRAM)' using block RAMs with power-on initialization.
INFO: [RTMG 210-278] Implementing memory 'HTA128_theta_buddg8j_ram (RAM_T2P_BRAM)' using block RAMs with power-on initialization.
INFO: [RTMG 210-278] Implementing memory 'HTA128_theta_addrhbi_ram (RAM)' using distributed RAMs with power-on initialization.
INFO: [RTMG 210-278] Implementing memory 'HTA128_theta_addribs_ram (RAM)' using block RAMs with power-on initialization.
INFO: [RTMG 210-279] Implementing memory 'HTA128_theta_markjbC_rom' using distributed ROMs.
Execute       get_config_sdx -target 
Execute       source /home/tingyuan/Temporary/vivado-outputs/HTA128_0/solution1/.autopilot/db/global.setting.tcl 
Execute       source /opt/Xilinx/Vivado/2018.2/common/technology/generic/autopilot/common.gen 
Execute         source /opt/Xilinx/Vivado/2018.2/common/technology/generic/autopilot/APCoreGen.gen 
Execute       source /opt/Xilinx/Vivado/2018.2/common/technology/generic/autopilot/op.gen 
Execute       source /opt/Xilinx/Vivado/2018.2/common/technology/generic/autopilot/op_simcore.gen 
Execute       source /opt/Xilinx/Vivado/2018.2/common/technology/generic/autopilot/interface.gen 
Execute       source /home/tingyuan/Temporary/vivado-outputs/HTA128_0/solution1/.autopilot/db/global.setting.tcl 
Execute       source /opt/Xilinx/Vivado/2018.2/common/technology/xilinx/zynq/zynq.gen 
Execute         source /opt/Xilinx/Vivado/2018.2/common/technology/xilinx/common/virtex.gen 
Execute           source /opt/Xilinx/Vivado/2018.2/common/technology/xilinx/common/xilinx.gen 
Execute             source /opt/Xilinx/Vivado/2018.2/common/technology/xilinx/interface/plb46.gen 
Execute             source /opt/Xilinx/Vivado/2018.2/common/technology/xilinx/interface/fsl.gen 
Execute             source /opt/Xilinx/Vivado/2018.2/common/technology/xilinx/interface/axi4.gen 
Execute             source /opt/Xilinx/Vivado/2018.2/common/technology/xilinx/interface/nativeAXI4.gen 
Execute               source /opt/Xilinx/Vivado/2018.2/common/technology/xilinx/interface/saxilite.gen 
Execute               source /opt/Xilinx/Vivado/2018.2/common/technology/xilinx/interface/maxi.gen 
Execute             source /opt/Xilinx/Vivado/2018.2/common/technology/xilinx/scripts/xilinxcoregen.gen 
Execute             source /opt/Xilinx/Vivado/2018.2/common/technology/xilinx/interface/XilEDKCoreGen.gen 
Execute             source /opt/Xilinx/Vivado/2018.2/common/technology/xilinx/ip/dds_compiler.gen 
Execute             source /opt/Xilinx/Vivado/2018.2/common/technology/xilinx/ip/util.gen 
Execute             source /opt/Xilinx/Vivado/2018.2/common/technology/xilinx/ip/xfft.gen 
Execute             source /opt/Xilinx/Vivado/2018.2/common/technology/xilinx/ip/xfir.gen 
Command           ap_source done; 0.11 sec.
Execute           source /opt/Xilinx/Vivado/2018.2/common/technology/xilinx/common/dsp48.gen 
Command         ap_source done; 0.11 sec.
Command       ap_source done; 0.11 sec.
Execute       source /opt/Xilinx/Vivado/2018.2/common/technology/xilinx/zynq/zynq_fpv6.gen 
Execute         source /opt/Xilinx/Vivado/2018.2/common/technology/xilinx/common/xilinx_fpv6.gen 
Execute       source /home/tingyuan/Temporary/vivado-outputs/HTA128_0/solution1/.autopilot/db/HTA128_theta.rtl_wrap.cfg.tcl 
Execute       source /home/tingyuan/Temporary/vivado-outputs/HTA128_0/solution1/.autopilot/db/HTA128_theta.rtl_wrap.cfg.tcl 
Execute       source /home/tingyuan/Temporary/vivado-outputs/HTA128_0/solution1/.autopilot/db/HTA128_theta.rtl_wrap.cfg.tcl 
Execute       source /home/tingyuan/Temporary/vivado-outputs/HTA128_0/solution1/.autopilot/db/HTA128_theta.tbgen.tcl 
Execute       source /home/tingyuan/Temporary/vivado-outputs/HTA128_0/solution1/.autopilot/db/HTA128_theta.tbgen.tcl 
Execute       source /home/tingyuan/Temporary/vivado-outputs/HTA128_0/solution1/.autopilot/db/global.setting.tcl 
Execute       source /home/tingyuan/Temporary/vivado-outputs/HTA128_0/solution1/.autopilot/db/log_2_64bit.compgen.tcl 
Execute       source /home/tingyuan/Temporary/vivado-outputs/HTA128_0/solution1/.autopilot/db/HTA128_theta.compgen.tcl 
Execute       source /home/tingyuan/Temporary/vivado-outputs/HTA128_0/solution1/.autopilot/db/global.setting.tcl 
Execute       source /home/tingyuan/Temporary/vivado-outputs/HTA128_0/solution1/.autopilot/db/log_2_64bit.compgen.tcl 
Execute       source /home/tingyuan/Temporary/vivado-outputs/HTA128_0/solution1/.autopilot/db/HTA128_theta.compgen.tcl 
Execute       source /home/tingyuan/Temporary/vivado-outputs/HTA128_0/solution1/.autopilot/db/global.setting.tcl 
Execute       source /home/tingyuan/Temporary/vivado-outputs/HTA128_0/solution1/.autopilot/db/log_2_64bit.compgen.tcl 
Execute       source /home/tingyuan/Temporary/vivado-outputs/HTA128_0/solution1/.autopilot/db/HTA128_theta.compgen.tcl 
Execute       source /home/tingyuan/Temporary/vivado-outputs/HTA128_0/solution1/.autopilot/db/global.setting.tcl 
Execute       source /home/tingyuan/Temporary/vivado-outputs/HTA128_0/solution1/.autopilot/db/HTA128_theta.constraint.tcl 
Execute       source /home/tingyuan/Temporary/vivado-outputs/HTA128_0/solution1/.autopilot/db/HTA128_theta.tbgen.tcl 
Execute       source /home/tingyuan/Temporary/vivado-outputs/HTA128_0/solution1/.autopilot/db/global.setting.tcl 
Execute       source /home/tingyuan/Temporary/vivado-outputs/HTA128_0/solution1/.autopilot/db/global.setting.tcl 
Execute       source /home/tingyuan/Temporary/vivado-outputs/HTA128_0/solution1/.autopilot/db/global.setting.tcl 
Execute       source /home/tingyuan/Temporary/vivado-outputs/HTA128_0/solution1/.autopilot/db/HTA128_theta.tbgen.tcl 
Execute       source /home/tingyuan/Temporary/vivado-outputs/HTA128_0/solution1/.autopilot/db/HTA128_theta.tbgen.tcl 
Execute       source /home/tingyuan/Temporary/vivado-outputs/HTA128_0/solution1/.autopilot/db/global.setting.tcl 
Execute       source /home/tingyuan/Temporary/vivado-outputs/HTA128_0/solution1/.autopilot/db/HTA128_theta.constraint.tcl 
Execute       sc_get_clocks HTA128_theta 
Execute       source /home/tingyuan/Temporary/vivado-outputs/HTA128_0/solution1/.autopilot/db/global.setting.tcl 
Execute       get_config_sdx -target 
Execute       get_config_sdx -profile 
Execute       ::config_rtl 
INFO: [HLS 200-111] Finished generating all RTL models Time (s): cpu = 00:00:23 ; elapsed = 00:00:25 . Memory (MB): peak = 568.379 ; gain = 192.820 ; free physical = 10033 ; free virtual = 27319
INFO: [SYSC 207-301] Generating SystemC RTL for HTA128_theta.
INFO: [VHDL 208-304] Generating VHDL RTL for HTA128_theta.
INFO: [VLOG 209-307] Generating Verilog RTL for HTA128_theta.
Command     autosyn done; 4.65 sec.
Command   csynth_design done; 24.17 sec.
Command ap_source done; 24.47 sec.
Execute cleanup_all 
INFO-FLOW: Workspace /home/tingyuan/Temporary/vivado-outputs/HTA128_0/solution1 opened at Mon Jul 30 02:52:29 CST 2018
Execute     config_clock -quiet -name default -period 10 -default=false 
INFO: [SYN 201-201] Setting up clock 'default' with a period of 10ns.
Execute     open_platform DefaultPlatform 
Execute     import_lib /opt/Xilinx/Vivado/2018.2/common/technology/xilinx/zynq/zynq 
Execute       source /opt/Xilinx/Vivado/2018.2/common/technology/xilinx/common/xilinx.lib 
Execute         source /opt/Xilinx/Vivado/2018.2/common/technology/xilinx/interface/xilinx_interface.lib 
Execute           source /opt/Xilinx/Vivado/2018.2/common/technology/xilinx/interface/plb46.lib 
Execute           source /opt/Xilinx/Vivado/2018.2/common/technology/xilinx/interface/fsl.lib 
Execute           source /opt/Xilinx/Vivado/2018.2/common/technology/xilinx/interface/axi4.lib 
Execute           source /opt/Xilinx/Vivado/2018.2/common/technology/xilinx/interface/maxi.lib 
Execute           source /opt/Xilinx/Vivado/2018.2/common/technology/xilinx/interface/saxilite.lib 
Execute         source /opt/Xilinx/Vivado/2018.2/common/technology/xilinx/common/dsp48.lib 
Execute         source /opt/Xilinx/Vivado/2018.2/common/technology/xilinx/ip/xfft.lib 
Execute         source /opt/Xilinx/Vivado/2018.2/common/technology/xilinx/ip/dds_compiler.lib 
Execute         source /opt/Xilinx/Vivado/2018.2/common/technology/xilinx/ip/xfir.lib 
Execute       source /opt/Xilinx/Vivado/2018.2/common/technology/xilinx/common/xilinx_old.lib 
Execute       source /opt/Xilinx/Vivado/2018.2/common/technology/xilinx/common/xilinx_vivado.lib 
Execute       source /opt/Xilinx/Vivado/2018.2/common/technology/xilinx/common/xilinx.hlp 
Execute         source /opt/Xilinx/Vivado/2018.2/common/technology/xilinx/common/target_info.tcl 
Execute         source /opt/Xilinx/Vivado/2018.2/common/technology/xilinx/interface/xilinx_interface.hlp 
Execute           source /opt/Xilinx/Vivado/2018.2/common/technology/xilinx/interface/maxi.hlp 
Execute           source /opt/Xilinx/Vivado/2018.2/common/technology/xilinx/interface/saxilite.hlp 
Execute         source /opt/Xilinx/Vivado/2018.2/common/technology/xilinx/common/dsp48.hlp 
Execute       source /opt/Xilinx/Vivado/2018.2/common/technology/xilinx/zynq/dsp48e1.hlp 
Execute       get_default_platform 
Execute       config_chip_info -quiet -resource  {SLICE 13300}  {LUT 53200}     {FF 106400} {DSP48E 220}   {BRAM 280}  
Execute       config_chip_info -quiet -speed medium 
Execute       source /opt/Xilinx/Vivado/2018.2/common/technology/xilinx/common/xilinx.hlp 
Execute         source /opt/Xilinx/Vivado/2018.2/common/technology/xilinx/common/target_info.tcl 
Execute         source /opt/Xilinx/Vivado/2018.2/common/technology/xilinx/interface/xilinx_interface.hlp 
Execute           source /opt/Xilinx/Vivado/2018.2/common/technology/xilinx/interface/maxi.hlp 
Execute           source /opt/Xilinx/Vivado/2018.2/common/technology/xilinx/interface/saxilite.hlp 
Execute         source /opt/Xilinx/Vivado/2018.2/common/technology/xilinx/common/dsp48.hlp 
Execute     source /opt/Xilinx/Vivado/2018.2/common/technology/xilinx/zynq/zynq.gen 
Execute       source /opt/Xilinx/Vivado/2018.2/common/technology/xilinx/common/virtex.gen 
Execute         source /opt/Xilinx/Vivado/2018.2/common/technology/xilinx/common/xilinx.gen 
Execute           source /opt/Xilinx/Vivado/2018.2/common/technology/xilinx/interface/plb46.gen 
Execute           source /opt/Xilinx/Vivado/2018.2/common/technology/xilinx/interface/fsl.gen 
Execute           source /opt/Xilinx/Vivado/2018.2/common/technology/xilinx/interface/axi4.gen 
Execute           source /opt/Xilinx/Vivado/2018.2/common/technology/xilinx/interface/nativeAXI4.gen 
Execute             source /opt/Xilinx/Vivado/2018.2/common/technology/xilinx/interface/saxilite.gen 
Execute             source /opt/Xilinx/Vivado/2018.2/common/technology/xilinx/interface/maxi.gen 
Execute           source /opt/Xilinx/Vivado/2018.2/common/technology/xilinx/scripts/xilinxcoregen.gen 
Execute           source /opt/Xilinx/Vivado/2018.2/common/technology/xilinx/interface/XilEDKCoreGen.gen 
Execute           source /opt/Xilinx/Vivado/2018.2/common/technology/xilinx/ip/dds_compiler.gen 
Execute           source /opt/Xilinx/Vivado/2018.2/common/technology/xilinx/ip/util.gen 
Execute           source /opt/Xilinx/Vivado/2018.2/common/technology/xilinx/ip/xfft.gen 
Execute           source /opt/Xilinx/Vivado/2018.2/common/technology/xilinx/ip/xfir.gen 
Command         ap_source done; 0.11 sec.
Execute         source /opt/Xilinx/Vivado/2018.2/common/technology/xilinx/common/dsp48.gen 
Command       ap_source done; 0.12 sec.
Command     ap_source done; 0.12 sec.
Execute     open_platform DefaultPlatform 
Execute     import_lib /opt/Xilinx/Vivado/2018.2/common/technology/xilinx/zynq/zynq_fpv6 
Execute       source /opt/Xilinx/Vivado/2018.2/common/technology/xilinx/common/xilinx_fpv7.lib 
Execute         source /opt/Xilinx/Vivado/2018.2/common/technology/xilinx/common/xilinx_hp.lib 
Execute       source /opt/Xilinx/Vivado/2018.2/common/technology/xilinx/common/xilinx_fpv.hlp 
Execute         source /opt/Xilinx/Vivado/2018.2/common/technology/xilinx/common/xilinx.hlp 
Execute           source /opt/Xilinx/Vivado/2018.2/common/technology/xilinx/common/target_info.tcl 
Execute           source /opt/Xilinx/Vivado/2018.2/common/technology/xilinx/interface/xilinx_interface.hlp 
Execute             source /opt/Xilinx/Vivado/2018.2/common/technology/xilinx/interface/maxi.hlp 
Execute             source /opt/Xilinx/Vivado/2018.2/common/technology/xilinx/interface/saxilite.hlp 
Execute           source /opt/Xilinx/Vivado/2018.2/common/technology/xilinx/common/dsp48.hlp 
Execute       source /opt/Xilinx/Vivado/2018.2/common/technology/xilinx/zynq/zynq_hp.hlp 
Execute     source /opt/Xilinx/Vivado/2018.2/common/technology/xilinx/zynq/zynq_fpv6.gen 
Execute       source /opt/Xilinx/Vivado/2018.2/common/technology/xilinx/common/xilinx_fpv6.gen 
Execute     set_part xc7z020clg484-1 
Execute       add_library xilinx/zynq/zynq:xc7z020:clg484:-1 
Execute         get_default_platform 
Execute         license_isbetapart xc7z020 
Command         license_isbetapart done; error code: 1; 
Execute         get_default_platform 
Execute         config_chip_info -quiet -resource  {SLICE 13300}  {LUT 53200}     {FF 106400} {DSP48E 220}   {BRAM 280}  
Execute         config_chip_info -quiet -speed slow 
Execute       add_library xilinx/zynq/zynq_fpv6 
Execute         get_default_platform 
INFO: [HLS 200-10] Setting target device to 'xc7z020clg484-1'
Execute       get_default_platform 
Execute     get_default_platform 
Execute     config_chip_info -quiet -resource  {SLICE 13300}  {LUT 53200}     {FF 106400} {DSP48E 220}   {BRAM 280}  
Execute     config_chip_info -quiet -speed slow 
Command   open_solution done; 0.21 sec.
Execute   export_design -rtl verilog -format ip_catalog 
Execute     source /home/tingyuan/Temporary/vivado-outputs/HTA128_0/solution1/.autopilot/db/global.setting.tcl 
Execute     source /opt/Xilinx/Vivado/2018.2/common/technology/generic/autopilot/common.gen 
Execute       source /opt/Xilinx/Vivado/2018.2/common/technology/generic/autopilot/APCoreGen.gen 
Execute     source /opt/Xilinx/Vivado/2018.2/common/technology/generic/autopilot/op.gen 
Execute     source /opt/Xilinx/Vivado/2018.2/common/technology/generic/autopilot/op_simcore.gen 
Execute     source /opt/Xilinx/Vivado/2018.2/common/technology/generic/autopilot/interface.gen 
Execute     source /home/tingyuan/Temporary/vivado-outputs/HTA128_0/solution1/.autopilot/db/global.setting.tcl 
Execute     source /opt/Xilinx/Vivado/2018.2/common/technology/xilinx/zynq/zynq.gen 
Execute       source /opt/Xilinx/Vivado/2018.2/common/technology/xilinx/common/virtex.gen 
Execute         source /opt/Xilinx/Vivado/2018.2/common/technology/xilinx/common/xilinx.gen 
Execute           source /opt/Xilinx/Vivado/2018.2/common/technology/xilinx/interface/plb46.gen 
Execute           source /opt/Xilinx/Vivado/2018.2/common/technology/xilinx/interface/fsl.gen 
Execute           source /opt/Xilinx/Vivado/2018.2/common/technology/xilinx/interface/axi4.gen 
Execute           source /opt/Xilinx/Vivado/2018.2/common/technology/xilinx/interface/nativeAXI4.gen 
Execute             source /opt/Xilinx/Vivado/2018.2/common/technology/xilinx/interface/saxilite.gen 
Execute             source /opt/Xilinx/Vivado/2018.2/common/technology/xilinx/interface/maxi.gen 
Execute           source /opt/Xilinx/Vivado/2018.2/common/technology/xilinx/scripts/xilinxcoregen.gen 
Execute           source /opt/Xilinx/Vivado/2018.2/common/technology/xilinx/interface/XilEDKCoreGen.gen 
Execute           source /opt/Xilinx/Vivado/2018.2/common/technology/xilinx/ip/dds_compiler.gen 
Execute           source /opt/Xilinx/Vivado/2018.2/common/technology/xilinx/ip/util.gen 
Execute           source /opt/Xilinx/Vivado/2018.2/common/technology/xilinx/ip/xfft.gen 
Execute           source /opt/Xilinx/Vivado/2018.2/common/technology/xilinx/ip/xfir.gen 
Command         ap_source done; 0.11 sec.
Execute         source /opt/Xilinx/Vivado/2018.2/common/technology/xilinx/common/dsp48.gen 
Command       ap_source done; 0.11 sec.
Command     ap_source done; 0.11 sec.
Execute     source /opt/Xilinx/Vivado/2018.2/common/technology/xilinx/zynq/zynq_fpv6.gen 
Execute       source /opt/Xilinx/Vivado/2018.2/common/technology/xilinx/common/xilinx_fpv6.gen 
Execute     source /home/tingyuan/Temporary/vivado-outputs/HTA128_0/solution1/.autopilot/db/global.setting.tcl 
INFO: [IMPL 213-8] Exporting RTL as a Vivado IP.
Execute     source /home/tingyuan/Temporary/vivado-outputs/HTA128_0/solution1/.autopilot/db/global.setting.tcl 
Execute     get_config_sdx -target 
Execute     source /home/tingyuan/Temporary/vivado-outputs/HTA128_0/solution1/.autopilot/db/global.setting.tcl 
Execute     source /opt/Xilinx/Vivado/2018.2/common/technology/generic/autopilot/common.gen 
Execute       source /opt/Xilinx/Vivado/2018.2/common/technology/generic/autopilot/APCoreGen.gen 
Execute     source /opt/Xilinx/Vivado/2018.2/common/technology/generic/autopilot/op.gen 
Execute     source /opt/Xilinx/Vivado/2018.2/common/technology/generic/autopilot/op_simcore.gen 
Execute     source /opt/Xilinx/Vivado/2018.2/common/technology/generic/autopilot/interface.gen 
Execute     source /home/tingyuan/Temporary/vivado-outputs/HTA128_0/solution1/.autopilot/db/global.setting.tcl 
Execute     source /opt/Xilinx/Vivado/2018.2/common/technology/xilinx/zynq/zynq.gen 
Execute       source /opt/Xilinx/Vivado/2018.2/common/technology/xilinx/common/virtex.gen 
Execute         source /opt/Xilinx/Vivado/2018.2/common/technology/xilinx/common/xilinx.gen 
Execute           source /opt/Xilinx/Vivado/2018.2/common/technology/xilinx/interface/plb46.gen 
Execute           source /opt/Xilinx/Vivado/2018.2/common/technology/xilinx/interface/fsl.gen 
Execute           source /opt/Xilinx/Vivado/2018.2/common/technology/xilinx/interface/axi4.gen 
Execute           source /opt/Xilinx/Vivado/2018.2/common/technology/xilinx/interface/nativeAXI4.gen 
Execute             source /opt/Xilinx/Vivado/2018.2/common/technology/xilinx/interface/saxilite.gen 
Execute             source /opt/Xilinx/Vivado/2018.2/common/technology/xilinx/interface/maxi.gen 
Execute           source /opt/Xilinx/Vivado/2018.2/common/technology/xilinx/scripts/xilinxcoregen.gen 
Execute           source /opt/Xilinx/Vivado/2018.2/common/technology/xilinx/interface/XilEDKCoreGen.gen 
Execute           source /opt/Xilinx/Vivado/2018.2/common/technology/xilinx/ip/dds_compiler.gen 
Execute           source /opt/Xilinx/Vivado/2018.2/common/technology/xilinx/ip/util.gen 
Execute           source /opt/Xilinx/Vivado/2018.2/common/technology/xilinx/ip/xfft.gen 
Execute           source /opt/Xilinx/Vivado/2018.2/common/technology/xilinx/ip/xfir.gen 
Execute         source /opt/Xilinx/Vivado/2018.2/common/technology/xilinx/common/dsp48.gen 
Command       ap_source done; 0.11 sec.
Command     ap_source done; 0.11 sec.
Execute     source /opt/Xilinx/Vivado/2018.2/common/technology/xilinx/zynq/zynq_fpv6.gen 
Execute       source /opt/Xilinx/Vivado/2018.2/common/technology/xilinx/common/xilinx_fpv6.gen 
Execute     source /home/tingyuan/Temporary/vivado-outputs/HTA128_0/solution1/.autopilot/db/HTA128_theta.rtl_wrap.cfg.tcl 
Execute     source /home/tingyuan/Temporary/vivado-outputs/HTA128_0/solution1/.autopilot/db/HTA128_theta.rtl_wrap.cfg.tcl 
Execute     source /home/tingyuan/Temporary/vivado-outputs/HTA128_0/solution1/.autopilot/db/HTA128_theta.rtl_wrap.cfg.tcl 
Execute     source /home/tingyuan/Temporary/vivado-outputs/HTA128_0/solution1/.autopilot/db/HTA128_theta.tbgen.tcl 
Execute     source /home/tingyuan/Temporary/vivado-outputs/HTA128_0/solution1/.autopilot/db/HTA128_theta.tbgen.tcl 
Execute     source /home/tingyuan/Temporary/vivado-outputs/HTA128_0/solution1/.autopilot/db/global.setting.tcl 
Execute     source /home/tingyuan/Temporary/vivado-outputs/HTA128_0/solution1/.autopilot/db/log_2_64bit.compgen.tcl 
Execute     source /home/tingyuan/Temporary/vivado-outputs/HTA128_0/solution1/.autopilot/db/HTA128_theta.compgen.tcl 
Execute     source /home/tingyuan/Temporary/vivado-outputs/HTA128_0/solution1/.autopilot/db/global.setting.tcl 
Execute     source /home/tingyuan/Temporary/vivado-outputs/HTA128_0/solution1/.autopilot/db/log_2_64bit.compgen.tcl 
Execute     source /home/tingyuan/Temporary/vivado-outputs/HTA128_0/solution1/.autopilot/db/HTA128_theta.compgen.tcl 
Execute     source /home/tingyuan/Temporary/vivado-outputs/HTA128_0/solution1/.autopilot/db/global.setting.tcl 
Execute     source /home/tingyuan/Temporary/vivado-outputs/HTA128_0/solution1/.autopilot/db/log_2_64bit.compgen.tcl 
Execute     source /home/tingyuan/Temporary/vivado-outputs/HTA128_0/solution1/.autopilot/db/HTA128_theta.compgen.tcl 
Execute     source /home/tingyuan/Temporary/vivado-outputs/HTA128_0/solution1/.autopilot/db/global.setting.tcl 
Execute     source /home/tingyuan/Temporary/vivado-outputs/HTA128_0/solution1/.autopilot/db/HTA128_theta.constraint.tcl 
Execute     source /home/tingyuan/Temporary/vivado-outputs/HTA128_0/solution1/.autopilot/db/HTA128_theta.tbgen.tcl 
Execute     source /home/tingyuan/Temporary/vivado-outputs/HTA128_0/solution1/.autopilot/db/global.setting.tcl 
Execute     source /home/tingyuan/Temporary/vivado-outputs/HTA128_0/solution1/.autopilot/db/HTA128_theta.tbgen.tcl 
Execute     source /home/tingyuan/Temporary/vivado-outputs/HTA128_0/solution1/.autopilot/db/HTA128_theta.tbgen.tcl 
Execute     source /home/tingyuan/Temporary/vivado-outputs/HTA128_0/solution1/.autopilot/db/global.setting.tcl 
Execute     source /home/tingyuan/Temporary/vivado-outputs/HTA128_0/solution1/.autopilot/db/global.setting.tcl 
Execute     source /home/tingyuan/Temporary/vivado-outputs/HTA128_0/solution1/.autopilot/db/HTA128_theta.rtl_wrap.cfg.tcl 
Execute     source /home/tingyuan/Temporary/vivado-outputs/HTA128_0/solution1/.autopilot/db/HTA128_theta.rtl_wrap.cfg.tcl 
Execute     source /home/tingyuan/Temporary/vivado-outputs/HTA128_0/solution1/.autopilot/db/HTA128_theta.rtl_wrap.cfg.tcl 
Execute     source /home/tingyuan/Temporary/vivado-outputs/HTA128_0/solution1/.autopilot/db/HTA128_theta.tbgen.tcl 
Execute     source /home/tingyuan/Temporary/vivado-outputs/HTA128_0/solution1/.autopilot/db/HTA128_theta.tbgen.tcl 
Execute     source /home/tingyuan/Temporary/vivado-outputs/HTA128_0/solution1/.autopilot/db/HTA128_theta.tbgen.tcl 
Execute     source /home/tingyuan/Temporary/vivado-outputs/HTA128_0/solution1/.autopilot/db/HTA128_theta.rtl_wrap.cfg.tcl 
Execute     source /home/tingyuan/Temporary/vivado-outputs/HTA128_0/solution1/.autopilot/db/HTA128_theta.rtl_wrap.cfg.tcl 
Execute     source /home/tingyuan/Temporary/vivado-outputs/HTA128_0/solution1/.autopilot/db/HTA128_theta.rtl_wrap.cfg.tcl 
Execute     source /home/tingyuan/Temporary/vivado-outputs/HTA128_0/solution1/.autopilot/db/HTA128_theta.tbgen.tcl 
Execute     source /home/tingyuan/Temporary/vivado-outputs/HTA128_0/solution1/.autopilot/db/HTA128_theta.tbgen.tcl 
Execute     source /home/tingyuan/Temporary/vivado-outputs/HTA128_0/solution1/.autopilot/db/HTA128_theta.tbgen.tcl 
Execute     source /home/tingyuan/Temporary/vivado-outputs/HTA128_0/solution1/.autopilot/db/global.setting.tcl 
Execute     source /home/tingyuan/Temporary/vivado-outputs/HTA128_0/solution1/.autopilot/db/HTA128_theta.constraint.tcl 
Execute     source /home/tingyuan/Temporary/vivado-outputs/HTA128_0/solution1/.autopilot/db/global.setting.tcl 
Execute     source /home/tingyuan/Temporary/vivado-outputs/HTA128_0/solution1/.autopilot/db/global.setting.tcl 
Execute     source /home/tingyuan/Temporary/vivado-outputs/HTA128_0/solution1/.autopilot/db/HTA128_theta.constraint.tcl 
Execute     source /home/tingyuan/Temporary/vivado-outputs/HTA128_0/solution1/.autopilot/db/HTA128_theta.tbgen.tcl 
Execute     source /home/tingyuan/Temporary/vivado-outputs/HTA128_0/solution1/.autopilot/db/global.setting.tcl 
Execute     source /home/tingyuan/Temporary/vivado-outputs/HTA128_0/solution1/.autopilot/db/HTA128_theta.constraint.tcl 
Execute     source /home/tingyuan/Temporary/vivado-outputs/HTA128_0/solution1/.autopilot/db/HTA128_theta.tbgen.tcl 
Execute     source /home/tingyuan/Temporary/vivado-outputs/HTA128_0/solution1/.autopilot/db/global.setting.tcl 
Execute     source /opt/Xilinx/Vivado/2018.2/common/technology/generic/autopilot/common.gen 
Execute       source /opt/Xilinx/Vivado/2018.2/common/technology/generic/autopilot/APCoreGen.gen 
Execute     source /opt/Xilinx/Vivado/2018.2/common/technology/generic/autopilot/op.gen 
Execute     source /opt/Xilinx/Vivado/2018.2/common/technology/generic/autopilot/op_simcore.gen 
Execute     source /opt/Xilinx/Vivado/2018.2/common/technology/generic/autopilot/interface.gen 
Execute     source /home/tingyuan/Temporary/vivado-outputs/HTA128_0/solution1/.autopilot/db/global.setting.tcl 
Execute     source /opt/Xilinx/Vivado/2018.2/common/technology/xilinx/zynq/zynq.gen 
Execute       source /opt/Xilinx/Vivado/2018.2/common/technology/xilinx/common/virtex.gen 
Execute         source /opt/Xilinx/Vivado/2018.2/common/technology/xilinx/common/xilinx.gen 
Execute           source /opt/Xilinx/Vivado/2018.2/common/technology/xilinx/interface/plb46.gen 
Execute           source /opt/Xilinx/Vivado/2018.2/common/technology/xilinx/interface/fsl.gen 
Execute           source /opt/Xilinx/Vivado/2018.2/common/technology/xilinx/interface/axi4.gen 
Execute           source /opt/Xilinx/Vivado/2018.2/common/technology/xilinx/interface/nativeAXI4.gen 
Execute             source /opt/Xilinx/Vivado/2018.2/common/technology/xilinx/interface/saxilite.gen 
Execute             source /opt/Xilinx/Vivado/2018.2/common/technology/xilinx/interface/maxi.gen 
Execute           source /opt/Xilinx/Vivado/2018.2/common/technology/xilinx/scripts/xilinxcoregen.gen 
Execute           source /opt/Xilinx/Vivado/2018.2/common/technology/xilinx/interface/XilEDKCoreGen.gen 
Execute           source /opt/Xilinx/Vivado/2018.2/common/technology/xilinx/ip/dds_compiler.gen 
Execute           source /opt/Xilinx/Vivado/2018.2/common/technology/xilinx/ip/util.gen 
Execute           source /opt/Xilinx/Vivado/2018.2/common/technology/xilinx/ip/xfft.gen 
Execute           source /opt/Xilinx/Vivado/2018.2/common/technology/xilinx/ip/xfir.gen 
Execute         source /opt/Xilinx/Vivado/2018.2/common/technology/xilinx/common/dsp48.gen 
Command       ap_source done; 0.11 sec.
Command     ap_source done; 0.11 sec.
Execute     source /opt/Xilinx/Vivado/2018.2/common/technology/xilinx/zynq/zynq_fpv6.gen 
Execute       source /opt/Xilinx/Vivado/2018.2/common/technology/xilinx/common/xilinx_fpv6.gen 
Command   export_design done; 11.4 sec.
Command ap_source done; 11.61 sec.
Execute cleanup_all 
