

================================================================
== Vivado HLS Report for 'HTA1024_theta'
================================================================
* Date:           Sun Jul 29 01:44:28 2018

* Version:        2018.2 (Build 2258646 on Thu Jun 14 20:25:20 MDT 2018)
* Project:        HTA1024_0
* Solution:       solution1
* Product family: zynq
* Target device:  xc7z020clg484-1


================================================================
== Performance Estimates
================================================================
+ Timing (ns): 
    * Summary: 
    +--------+-------+----------+------------+
    |  Clock | Target| Estimated| Uncertainty|
    +--------+-------+----------+------------+
    |ap_clk  |  10.00|     8.750|        1.25|
    +--------+-------+----------+------------+

+ Latency (clock cycles): 
    * Summary: 
    +-----+-----+-----+-----+---------+
    |  Latency  |  Interval | Pipeline|
    | min | max | min | max |   Type  |
    +-----+-----+-----+-----+---------+
    |    ?|    ?|    ?|    ?|   none  |
    +-----+-----+-----+-----+---------+

    + Detail: 
        * Instance: 
        +-------------------------+-------------+-----+-----+-----+-----+---------+
        |                         |             |  Latency  |  Interval | Pipeline|
        |         Instance        |    Module   | min | max | min | max |   Type  |
        +-------------------------+-------------+-----+-----+-----+-----+---------+
        |grp_log_2_64bit_fu_1147  |log_2_64bit  |    0|    0|    0|    0|   none  |
        +-------------------------+-------------+-----+-----+-----+-----+---------+

        * Loop: 
        +----------+-----+-----+----------+-----------+-----------+------+----------+
        |          |  Latency  | Iteration|  Initiation Interval  | Trip |          |
        | Loop Name| min | max |  Latency |  achieved |   target  | Count| Pipelined|
        +----------+-----+-----+----------+-----------+-----------+------+----------+
        |- Loop 1  |    ?|    ?|         2|          2|          1|     ?|    yes   |
        |- Loop 2  |    6|    6|         2|          -|          -|     3|    no    |
        |- Loop 3  |    ?|    ?|         3|          -|          -|     ?|    no    |
        |- Loop 4  |    ?|    ?|         3|          -|          -|     ?|    no    |
        |- Loop 5  |    ?|    ?|         2|          1|          1|     ?|    yes   |
        |- Loop 6  |    ?|    ?|         3|          -|          -|     ?|    no    |
        +----------+-----+-----+----------+-----------+-----------+------+----------+



================================================================
== Utilization Estimates
================================================================
* Summary: 
+-----------------+---------+-------+--------+-------+
|       Name      | BRAM_18K| DSP48E|   FF   |  LUT  |
+-----------------+---------+-------+--------+-------+
|DSP              |        -|      -|       -|      -|
|Expression       |        -|      -|       0|   5287|
|FIFO             |        -|      -|       -|      -|
|Instance         |        -|      -|       0|    509|
|Memory           |       13|      -|      36|      5|
|Multiplexer      |        -|      -|       -|   1369|
|Register         |        -|      -|    1900|      -|
+-----------------+---------+-------+--------+-------+
|Total            |       13|      0|    1936|   7170|
+-----------------+---------+-------+--------+-------+
|Available        |      280|    220|  106400|  53200|
+-----------------+---------+-------+--------+-------+
|Utilization (%)  |        4|      0|       1|     13|
+-----------------+---------+-------+--------+-------+

+ Detail: 
    * Instance: 
    +-------------------------+----------------------+---------+-------+---+-----+
    |         Instance        |        Module        | BRAM_18K| DSP48E| FF| LUT |
    +-------------------------+----------------------+---------+-------+---+-----+
    |HTA1024_theta_muxkbM_U2  |HTA1024_theta_muxkbM  |        0|      0|  0|   15|
    |HTA1024_theta_muxkbM_U3  |HTA1024_theta_muxkbM  |        0|      0|  0|   15|
    |HTA1024_theta_muxkbM_U4  |HTA1024_theta_muxkbM  |        0|      0|  0|   15|
    |HTA1024_theta_muxkbM_U5  |HTA1024_theta_muxkbM  |        0|      0|  0|   15|
    |grp_log_2_64bit_fu_1147  |log_2_64bit           |        0|      0|  0|  449|
    +-------------------------+----------------------+---------+-------+---+-----+
    |Total                    |                      |        0|      0|  0|  509|
    +-------------------------+----------------------+---------+-------+---+-----+

    * DSP48: 
    N/A

    * Memory: 
    +---------------------+----------------------+---------+----+----+------+-----+------+-------------+
    |        Memory       |        Module        | BRAM_18K| FF | LUT| Words| Bits| Banks| W*Bits*Banks|
    +---------------------+----------------------+---------+----+----+------+-----+------+-------------+
    |addr_layer_map_V_U   |HTA1024_theta_addhbi  |        1|   0|   0|  1024|    4|     1|         4096|
    |addr_tree_map_V_U    |HTA1024_theta_addibs  |        1|   0|   0|  1024|    8|     1|         8192|
    |buddy_tree_V_1_U     |HTA1024_theta_budfYi  |        4|   0|   0|     8|   64|     1|          512|
    |buddy_tree_V_0_U     |HTA1024_theta_budg8j  |        4|   0|   0|     8|   64|     1|          512|
    |group_tree_V_1_U     |HTA1024_theta_grobkb  |        1|   0|   0|    35|   32|     1|         1120|
    |group_tree_V_0_U     |HTA1024_theta_grobkb  |        1|   0|   0|    35|   32|     1|         1120|
    |group_tree_mask_V_U  |HTA1024_theta_grodEe  |        0|  31|   4|     8|   31|     1|          248|
    |mark_mask_V_U        |HTA1024_theta_marjbC  |        1|   0|   0|   128|   32|     1|         4096|
    |shift_constant_V_U   |HTA1024_theta_shieOg  |        0|   5|   1|     5|    5|     1|           25|
    +---------------------+----------------------+---------+----+----+------+-----+------+-------------+
    |Total                |                      |       13|  36|   5|  2275|  272|     9|        19921|
    +---------------------+----------------------+---------+----+----+------+-----+------+-------------+

    * FIFO: 
    N/A

    * Expression: 
    +----------------------------------+----------+-------+---+-----+------------+------------+
    |           Variable Name          | Operation| DSP48E| FF| LUT | Bitwidth P0| Bitwidth P1|
    +----------------------------------+----------+-------+---+-----+------------+------------+
    |cnt_2_fu_2821_p2                  |     +    |      0|  0|   39|           1|          32|
    |cnt_fu_1711_p2                    |     +    |      0|  0|   39|          32|           1|
    |loc_tree_V_6_fu_1804_p2           |     +    |      0|  0|   13|          13|          13|
    |loc_tree_V_7_fu_1926_p2           |     +    |      0|  0|   17|          13|           2|
    |now1_V_1_fu_1483_p2               |     +    |      0|  0|   13|           2|           4|
    |now1_V_2_fu_1882_p2               |     +    |      0|  0|   13|           2|           4|
    |now1_V_3_fu_2083_p2               |     +    |      0|  0|   13|           2|           4|
    |now1_V_5_fu_2899_p2               |     +    |      0|  0|   13|           4|           4|
    |now1_V_6_fu_2549_p2               |     +    |      0|  0|   13|           4|           1|
    |now2_V_3_fu_2559_p2               |     +    |      0|  0|   13|           4|           2|
    |now2_V_fu_3041_p2                 |     +    |      0|  0|   12|           3|           2|
    |now2_V_s_fu_3062_p2               |     +    |      0|  0|   12|           3|           3|
    |p_Repl2_13_fu_1593_p2             |     +    |      0|  0|   13|           1|           4|
    |r_V_5_fu_1814_p2                  |     +    |      0|  0|   19|           6|          14|
    |tmp_14_fu_1777_p2                 |     +    |      0|  0|   13|           4|           4|
    |tmp_42_fu_2437_p2                 |     +    |      0|  0|   13|           4|           4|
    |tmp_46_fu_2465_p2                 |     +    |      0|  0|   13|          13|          13|
    |tmp_size_V_fu_1300_p2             |     +    |      0|  0|   23|           2|          16|
    |grp_fu_1256_p2                    |     -    |      0|  0|   13|           4|           4|
    |new_loc1_V_fu_2470_p2             |     -    |      0|  0|   13|          13|          13|
    |now2_V_1_fu_2908_p2               |     -    |      0|  0|   13|           4|           4|
    |p_s_fu_1327_p2                    |     -    |      0|  0|   23|           1|          16|
    |r_V_37_fu_1717_p2                 |     -    |      0|  0|   13|           4|           4|
    |tmp_10_fu_1737_p2                 |     -    |      0|  0|   13|           1|           4|
    |tmp_17_fu_1796_p2                 |     -    |      0|  0|   13|          13|          13|
    |tmp_18_fu_2299_p2                 |     -    |      0|  0|   71|           1|          64|
    |tmp_41_fu_2399_p2                 |     -    |      0|  0|   39|           1|          32|
    |tmp_49_fu_2492_p2                 |     -    |      0|  0|   13|           1|           4|
    |TMP_0_V_3_fu_2405_p2              |    and   |      0|  0|   32|          32|          32|
    |ap_block_state30_io               |    and   |      0|  0|    2|           1|           1|
    |p_4_fu_1332_p2                    |    and   |      0|  0|   16|          16|          16|
    |r_V_17_fu_2988_p2                 |    and   |      0|  0|   32|          32|          32|
    |r_V_18_fu_2227_p2                 |    and   |      0|  0|   64|          64|          64|
    |r_V_19_fu_2234_p2                 |    and   |      0|  0|   64|          64|          64|
    |r_V_20_fu_2241_p2                 |    and   |      0|  0|   64|          64|          64|
    |r_V_21_fu_2248_p2                 |    and   |      0|  0|   64|          64|          64|
    |r_V_29_cast1_fu_2996_p2           |    and   |      0|  0|   30|          30|          30|
    |r_V_29_cast2_fu_3002_p2           |    and   |      0|  0|   14|          14|          14|
    |r_V_29_cast3_fu_3008_p2           |    and   |      0|  0|    6|           6|           6|
    |r_V_29_cast_fu_3014_p2            |    and   |      0|  0|    2|           2|           2|
    |r_V_32_fu_2808_p2                 |    and   |      0|  0|   64|          64|          64|
    |r_V_33_fu_2393_p2                 |    and   |      0|  0|   32|          32|          32|
    |tmp26_fu_2411_p2                  |    and   |      0|  0|   32|          32|          32|
    |tmp_26_fu_1906_p2                 |    and   |      0|  0|    2|           1|           1|
    |tmp_34_fu_1523_p2                 |    and   |      0|  0|    2|           1|           1|
    |tmp_52_fu_2417_p2                 |    and   |      0|  0|   32|          32|          32|
    |tmp_54_fu_2351_p2                 |    and   |      0|  0|   64|          64|          64|
    |tmp_56_fu_1988_p2                 |    and   |      0|  0|    2|           1|           1|
    |tmp_62_fu_2536_p2                 |    and   |      0|  0|   64|          64|          64|
    |tmp_V_1_fu_2305_p2                |    and   |      0|  0|   64|          64|          64|
    |not_s_fu_1982_p2                  |   icmp   |      0|  0|    9|           4|           1|
    |op2_assign_7_fu_2889_p2           |   icmp   |      0|  0|   11|           4|           5|
    |op2_assign_8_fu_2622_p2           |   icmp   |      0|  0|    9|           4|           1|
    |p_Repl2_10_fu_3082_p2             |   icmp   |      0|  0|    9|           4|           1|
    |p_Repl2_11_fu_3097_p2             |   icmp   |      0|  0|   11|           8|           1|
    |p_Repl2_12_fu_3112_p2             |   icmp   |      0|  0|   13|          16|           1|
    |p_Repl2_5_fu_2018_p2              |   icmp   |      0|  0|    8|           2|           1|
    |p_Repl2_6_fu_2154_p2              |   icmp   |      0|  0|    9|           4|           1|
    |p_Repl2_7_fu_2181_p2              |   icmp   |      0|  0|   11|           8|           1|
    |p_Repl2_8_fu_2208_p2              |   icmp   |      0|  0|   13|          16|           1|
    |p_Repl2_9_fu_3068_p2              |   icmp   |      0|  0|    8|           2|           1|
    |sel_tmp2_fu_2710_p2               |   icmp   |      0|  0|    8|           2|           1|
    |sel_tmp4_fu_2724_p2               |   icmp   |      0|  0|    9|           2|           3|
    |sel_tmp_fu_2696_p2                |   icmp   |      0|  0|    8|           2|           1|
    |tmp_20_fu_2311_p2                 |   icmp   |      0|  0|   29|          64|           1|
    |tmp_24_fu_1900_p2                 |   icmp   |      0|  0|    8|           2|           2|
    |tmp_25_fu_1489_p2                 |   icmp   |      0|  0|    9|           4|           1|
    |tmp_55_fu_1976_p2                 |   icmp   |      0|  0|    8|           2|           2|
    |tmp_60_fu_1581_p2                 |   icmp   |      0|  0|    8|           2|           2|
    |tmp_6_fu_1357_p2                  |   icmp   |      0|  0|   11|           8|           2|
    |tmp_81_fu_3020_p2                 |   icmp   |      0|  0|    9|           3|           1|
    |tmp_88_fu_2770_p2                 |   icmp   |      0|  0|    9|           4|           1|
    |tmp_fu_1316_p2                    |   icmp   |      0|  0|   11|           8|           2|
    |tmp_s_fu_1322_p2                  |   icmp   |      0|  0|   13|          16|           1|
    |r_V_16_fu_2074_p2                 |   lshr   |      0|  0|  182|          64|          64|
    |r_V_7_fu_1572_p2                  |   lshr   |      0|  0|  182|          64|          64|
    |r_V_8_fu_1873_p2                  |   lshr   |      0|  0|  101|          32|          32|
    |r_V_9_fu_1965_p2                  |   lshr   |      0|  0|  182|          64|          64|
    |r_V_fu_1456_p2                    |   lshr   |      0|  0|  182|          64|          64|
    |tmp_12_fu_1753_p2                 |   lshr   |      0|  0|   35|          16|          16|
    |tmp_50_fu_2502_p2                 |   lshr   |      0|  0|   29|          13|          13|
    |TMP_0_V_2_fu_1946_p2              |    or    |      0|  0|   64|          64|          64|
    |ap_block_state2                   |    or    |      0|  0|    2|           1|           1|
    |r_V_22_fu_2103_p2                 |    or    |      0|  0|   64|          64|          64|
    |r_V_24_fu_2110_p2                 |    or    |      0|  0|   64|          64|          64|
    |r_V_25_fu_2117_p2                 |    or    |      0|  0|   64|          64|          64|
    |r_V_26_fu_2124_p2                 |    or    |      0|  0|   64|          64|          64|
    |r_V_30_fu_1705_p2                 |    or    |      0|  0|   64|          64|          64|
    |r_V_6_fu_1851_p2                  |    or    |      0|  0|   32|          32|          32|
    |tmp_40_fu_1553_p2                 |    or    |      0|  0|   64|          64|          64|
    |tmp_5_fu_1435_p2                  |    or    |      0|  0|   64|          64|          64|
    |tmp_61_fu_2050_p2                 |    or    |      0|  0|   64|          64|          64|
    |tmp_75_fu_2628_p2                 |    or    |      0|  0|    2|           1|           1|
    |buddy_tree_V_load_2_s_fu_1546_p3  |  select  |      0|  0|   64|           1|          64|
    |buddy_tree_V_load_3_s_fu_2344_p3  |  select  |      0|  0|   64|           1|          64|
    |buddy_tree_V_load_6_s_fu_2042_p3  |  select  |      0|  0|   64|           1|          64|
    |buddy_tree_V_load_ph_fu_1427_p3   |  select  |      0|  0|   64|           1|          64|
    |group_tree_V_load_ph_fu_2381_p3   |  select  |      0|  0|   32|           1|          32|
    |lhs_V_11_fu_2800_p3               |  select  |      0|  0|   64|           1|          64|
    |lhs_V_1_fu_2940_p3                |  select  |      0|  0|   32|           1|          32|
    |lhs_V_6_fu_1698_p3                |  select  |      0|  0|   64|           1|          64|
    |lhs_V_fu_1843_p3                  |  select  |      0|  0|   32|           1|          32|
    |mask_V_load29_phi_ca_fu_1629_p3   |  select  |      0|  0|   32|           1|          32|
    |mask_V_load30_phi_ca_fu_1661_p3   |  select  |      0|  0|    8|           1|           2|
    |mask_V_load_116_phi_s_fu_2688_p3  |  select  |      0|  0|   32|           1|          32|
    |mask_V_load_117_phi_s_fu_2656_p3  |  select  |      0|  0|    8|           1|           2|
    |mask_V_load_1_phi_fu_2730_p3      |  select  |      0|  0|   64|           1|          64|
    |p_Val2_20_fu_2848_p3              |  select  |      0|  0|   64|           1|          64|
    |r_V_13_fu_2518_p3                 |  select  |      0|  0|   13|           1|          13|
    |sel_tmp1_fu_2702_p3               |  select  |      0|  0|   64|           1|          64|
    |sel_tmp3_fu_2716_p3               |  select  |      0|  0|   64|           1|          64|
    |tmp_13_fu_1766_p3                 |  select  |      0|  0|   13|           1|          13|
    |op2_assign_1_fu_1536_p2           |    shl   |      0|  0|  101|          32|          32|
    |op2_assign_2_fu_2028_p2           |    shl   |      0|  0|  101|           1|          32|
    |op2_assign_9_fu_1414_p2           |    shl   |      0|  0|  101|           1|          32|
    |op2_assign_s_fu_1936_p2           |    shl   |      0|  0|  101|           1|          32|
    |r_V_31_fu_2742_p2                 |    shl   |      0|  0|  182|          64|          64|
    |r_V_36_fu_1692_p2                 |    shl   |      0|  0|  182|          64|          64|
    |tmp_11_fu_1747_p2                 |    shl   |      0|  0|  101|          32|          32|
    |tmp_16_fu_1786_p2                 |    shl   |      0|  0|   35|          16|          16|
    |tmp_43_fu_2324_p2                 |    shl   |      0|  0|   49|          19|          19|
    |tmp_44_fu_2447_p2                 |    shl   |      0|  0|   35|          16|          16|
    |tmp_51_fu_2508_p2                 |    shl   |      0|  0|  101|          32|          32|
    |TMP_0_V_fu_2339_p2                |    xor   |      0|  0|   64|          64|           2|
    |ap_enable_pp0                     |    xor   |      0|  0|    2|           1|           2|
    |ap_enable_reg_pp0_iter1           |    xor   |      0|  0|    2|           2|           1|
    |op2_assign_fu_2531_p2             |    xor   |      0|  0|   64|          64|           2|
    |r_V_3_fu_2359_p2                  |    xor   |      0|  0|    5|           4|           5|
    |r_V_4_fu_1400_p2                  |    xor   |      0|  0|    5|           5|           4|
    |rev_fu_2616_p2                    |    xor   |      0|  0|    2|           1|           2|
    |rhs_V_2_fu_2930_p2                |    xor   |      0|  0|   32|          32|           2|
    |rhs_V_6_fu_2748_p2                |    xor   |      0|  0|   64|          64|           2|
    |tmp_53_fu_2423_p2                 |    xor   |      0|  0|   32|          32|          32|
    |tmp_68_fu_2948_p2                 |    xor   |      0|  0|    2|           2|           2|
    |tmp_70_fu_2958_p2                 |    xor   |      0|  0|    6|           6|           4|
    |tmp_71_fu_2968_p2                 |    xor   |      0|  0|   14|          14|           8|
    |tmp_73_fu_2978_p2                 |    xor   |      0|  0|   30|          30|          16|
    +----------------------------------+----------+-------+---+-----+------------+------------+
    |Total                             |          |      0|  0| 5287|        2636|        3276|
    +----------------------------------+----------+-------+---+-----+------------+------------+

    * Multiplexer: 
    +------------------------------------------+-----+-----------+-----+-----------+
    |                   Name                   | LUT | Input Size| Bits| Total Bits|
    +------------------------------------------+-----+-----------+-----+-----------+
    |TMP_0_V_4_reg_932                         |    9|          2|   64|        128|
    |addr_layer_map_V_address0                 |   15|          3|   10|         30|
    |addr_tree_map_V_address0                  |   15|          3|   10|         30|
    |alloc_addr                                |   21|          4|   32|        128|
    |alloc_addr_blk_n                          |    9|          2|    1|          2|
    |alloc_cmd_blk_n                           |    9|          2|    1|          2|
    |alloc_free_target_blk_n                   |    9|          2|    1|          2|
    |alloc_size_blk_n                          |    9|          2|    1|          2|
    |ap_NS_fsm                                 |  185|         42|    1|         42|
    |ap_enable_reg_pp0_iter1                   |   15|          3|    1|          3|
    |ap_phi_mux_p_03447_3_phi_fu_997_p4        |    9|          2|   64|        128|
    |ap_phi_mux_p_03475_1_in_in_phi_fu_988_p4  |    9|          2|   13|         26|
    |ap_phi_mux_p_03499_2_in_phi_fu_970_p4     |    9|          2|    4|          8|
    |ap_phi_mux_p_03503_1_in_phi_fu_979_p4     |    9|          2|   64|        128|
    |ap_phi_mux_p_5_phi_fu_830_p34             |   85|         17|    4|         68|
    |ap_phi_mux_p_7_phi_fu_1081_p4             |    9|          2|    8|         16|
    |ap_phi_mux_p_8_phi_fu_1091_p4             |    9|          2|   13|         26|
    |ap_phi_mux_p_9_phi_fu_1100_p4             |    9|          2|   64|        128|
    |ap_phi_mux_rhs_V_4_phi_fu_1050_p4         |    9|          2|   64|        128|
    |ap_sig_ioackin_alloc_addr_ap_ack          |    9|          2|    1|          2|
    |buddy_tree_V_0_address0                   |   56|         13|    3|         39|
    |buddy_tree_V_0_address1                   |   47|         10|    3|         30|
    |buddy_tree_V_0_d0                         |   44|          9|   64|        576|
    |buddy_tree_V_0_d1                         |   44|          9|   64|        576|
    |buddy_tree_V_1_address0                   |   59|         14|    3|         42|
    |buddy_tree_V_1_address1                   |   47|         10|    3|         30|
    |buddy_tree_V_1_d0                         |   38|          7|   64|        448|
    |buddy_tree_V_1_d1                         |   50|         11|   64|        704|
    |buddy_tree_V_load_1_s_reg_1068            |    9|          2|   64|        128|
    |cmd_fu_278                                |    9|          2|    8|         16|
    |cnt_1_fu_282                              |    9|          2|   32|         64|
    |group_tree_V_0_address0                   |   38|          7|    6|         42|
    |group_tree_V_0_d0                         |   21|          4|   32|        128|
    |group_tree_V_1_address0                   |   38|          7|    6|         42|
    |group_tree_V_1_d0                         |   21|          4|   32|        128|
    |grp_log_2_64bit_fu_1147_tmp_V             |   15|          3|   64|        192|
    |loc1_V_7_fu_294                           |    9|          2|    7|         14|
    |loc2_V_fu_290                             |    9|          2|   12|         24|
    |mark_mask_V_address0                      |   15|          3|    7|         21|
    |mask_V_load_phi_reg_954                   |   21|          4|   64|        256|
    |p_03447_3_reg_994                         |    9|          2|   64|        128|
    |p_03475_1_in_in_reg_985                   |    9|          2|   13|         26|
    |p_03479_3_in_reg_923                      |    9|          2|   13|         26|
    |p_03487_5_in_reg_1126                     |    9|          2|    8|         16|
    |p_03487_8_in_reg_884                      |    9|          2|   13|         26|
    |p_03495_1_reg_1136                        |    9|          2|    3|          6|
    |p_03495_2_in_reg_914                      |    9|          2|    4|          8|
    |p_03499_1_in_reg_893                      |    9|          2|    4|          8|
    |p_03499_2_in_reg_967                      |    9|          2|    4|          8|
    |p_03499_3_reg_1014                        |    9|          2|    4|          8|
    |p_03503_1_in_reg_976                      |    9|          2|   64|        128|
    |p_1_reg_1116                              |    9|          2|    4|          8|
    |p_3_reg_1106                              |    9|          2|    4|          8|
    |p_5_reg_826                               |   65|         16|    4|         64|
    |p_7_reg_1077                              |    9|          2|    8|         16|
    |p_8_reg_1088                              |    9|          2|   13|         26|
    |p_9_reg_1097                              |    9|          2|   64|        128|
    |p_Val2_11_reg_1004                        |    9|          2|    8|         16|
    |p_Val2_2_reg_1026                         |    9|          2|    2|          4|
    |p_Val2_3_reg_902                          |    9|          2|    2|          4|
    |reg_1035                                  |   15|          3|    8|         24|
    |reg_942                                   |   15|          3|   32|         96|
    |rhs_V_3_fu_286                            |    9|          2|   64|        128|
    |rhs_V_4_reg_1047                          |    9|          2|   64|        128|
    |shift_constant_V_address0                 |   15|          3|    3|          9|
    |storemerge_reg_1058                       |    9|          2|   64|        128|
    +------------------------------------------+-----+-----------+-----+-----------+
    |Total                                     | 1369|        294| 1561|       5702|
    +------------------------------------------+-----+-----------+-----+-----------+

    * Register: 
    +----------------------------------+----+----+-----+-----------+
    |               Name               | FF | LUT| Bits| Const Bits|
    +----------------------------------+----+----+-----+-----------+
    |TMP_0_V_2_reg_3526                |  64|   0|   64|          0|
    |TMP_0_V_3_cast_reg_3695           |  32|   0|   64|         32|
    |TMP_0_V_3_reg_3684                |  32|   0|   32|          0|
    |TMP_0_V_4_reg_932                 |  64|   0|   64|          0|
    |addr_tree_map_V_load_reg_3258     |   8|   0|    8|          0|
    |ans_V_reg_3244                    |   4|   0|    4|          0|
    |ap_CS_fsm                         |  41|   0|   41|          0|
    |ap_enable_reg_pp0_iter0           |   1|   0|    1|          0|
    |ap_enable_reg_pp0_iter1           |   1|   0|    1|          0|
    |ap_reg_ioackin_alloc_addr_ap_ack  |   1|   0|    1|          0|
    |buddy_tree_V_load_1_s_reg_1068    |  64|   0|   64|          0|
    |cmd_fu_278                        |   8|   0|    8|          0|
    |cnt_1_fu_282                      |  32|   0|   32|          0|
    |free_target_V_reg_3184            |  16|   0|   16|          0|
    |loc1_V_10_reg_3267                |   8|   0|   13|          5|
    |loc1_V_11_reg_3327                |  12|   0|   13|          1|
    |loc1_V_7_fu_294                   |   7|   0|   13|          6|
    |loc1_V_9_cast_cast_reg_3273       |   8|   0|   11|          3|
    |loc1_V_reg_3322                   |  12|   0|   12|          0|
    |loc2_V_fu_290                     |  12|   0|   13|          1|
    |loc_tree_V_6_reg_3461             |  13|   0|   13|          0|
    |mask_V_load_phi_reg_954           |  64|   0|   64|          0|
    |newIndex11_reg_3551               |   3|   0|   64|         61|
    |newIndex13_reg_3758               |   7|   0|   64|         57|
    |newIndex15_reg_3419               |   3|   0|   64|         61|
    |newIndex17_reg_3793               |   3|   0|   64|         61|
    |newIndex19_reg_3873               |   2|   0|   64|         62|
    |newIndex21_reg_3883               |   2|   0|   64|         62|
    |newIndex23_reg_3818               |   3|   0|   64|         61|
    |newIndex2_reg_3278                |   3|   0|   64|         61|
    |newIndex4_reg_3212                |   3|   0|   64|         61|
    |newIndex6_reg_3466                |   7|   0|   64|         57|
    |newIndex8_reg_3654                |   7|   0|   64|         57|
    |newIndex_reg_3346                 |   3|   0|   64|         61|
    |now1_V_1_reg_3337                 |   4|   0|    4|          0|
    |now1_V_2_reg_3512                 |   4|   0|    4|          0|
    |now2_V_s_reg_3893                 |   3|   0|    3|          0|
    |op2_assign_8_reg_3778             |   1|   0|    1|          0|
    |p_03447_3_reg_994                 |  64|   0|   64|          0|
    |p_03475_1_in_in_reg_985           |  13|   0|   13|          0|
    |p_03479_3_in_reg_923              |  13|   0|   13|          0|
    |p_03487_5_in_reg_1126             |   8|   0|    8|          0|
    |p_03487_8_in_reg_884              |  13|   0|   13|          0|
    |p_03495_1_reg_1136                |   3|   0|    3|          0|
    |p_03495_2_in_reg_914              |   4|   0|    4|          0|
    |p_03499_1_in_reg_893              |   4|   0|    4|          0|
    |p_03499_2_in_reg_967              |   4|   0|    4|          0|
    |p_03499_3_reg_1014                |   4|   0|    4|          0|
    |p_03503_1_in_reg_976              |  64|   0|   64|          0|
    |p_1_reg_1116                      |   4|   0|    4|          0|
    |p_3_reg_1106                      |   4|   0|    4|          0|
    |p_5_reg_826                       |   4|   0|    4|          0|
    |p_7_reg_1077                      |   8|   0|    8|          0|
    |p_8_reg_1088                      |  13|   0|   13|          0|
    |p_9_reg_1097                      |  64|   0|   64|          0|
    |p_Repl2_10_reg_3903               |   1|   0|    1|          0|
    |p_Repl2_11_reg_3908               |   1|   0|    1|          0|
    |p_Repl2_12_reg_3913               |   1|   0|    1|          0|
    |p_Repl2_13_reg_3383               |   4|   0|    4|          0|
    |p_Repl2_5_reg_3567                |   1|   0|    1|          0|
    |p_Repl2_9_reg_3898                |   1|   0|    1|          0|
    |p_Repl2_s_reg_3377                |  12|   0|   13|          1|
    |p_Result_13_reg_3532              |  13|   0|   13|          0|
    |p_Result_9_reg_3191               |  16|   0|   16|          0|
    |p_Val2_11_reg_1004                |   8|   0|   11|          3|
    |p_Val2_2_reg_1026                 |   2|   0|    2|          0|
    |p_Val2_3_reg_902                  |   2|   0|    2|          0|
    |r_V_11_reg_3700                   |  13|   0|   13|          0|
    |r_V_13_reg_3705                   |  13|   0|   13|          0|
    |r_V_29_cast1_reg_3850             |  30|   0|   30|          0|
    |r_V_29_cast2_reg_3855             |  14|   0|   14|          0|
    |r_V_29_cast3_reg_3860             |   6|   0|    6|          0|
    |r_V_29_cast_reg_3865              |   2|   0|    2|          0|
    |r_V_2_reg_3456                    |  13|   0|   13|          0|
    |r_V_30_reg_3440                   |  64|   0|   64|          0|
    |r_V_36_reg_3435                   |  64|   0|   64|          0|
    |r_V_6_reg_3491                    |  32|   0|   32|          0|
    |rec_bits_V_3_reg_3517             |   2|   0|    2|          0|
    |reg_1035                          |   8|   0|    8|          0|
    |reg_1278                          |   5|   0|    5|          0|
    |reg_942                           |  32|   0|   32|          0|
    |rhs_V_3_fu_286                    |  64|   0|   64|          0|
    |rhs_V_4_reg_1047                  |  64|   0|   64|          0|
    |rhs_V_6_reg_3787                  |  64|   0|   64|          0|
    |size_V_reg_3179                   |  16|   0|   16|          0|
    |storemerge_reg_1058               |  64|   0|   64|          0|
    |tmp_101_reg_3680                  |   1|   0|    1|          0|
    |tmp_106_reg_3572                  |   1|   0|    1|          0|
    |tmp_109_reg_3710                  |   1|   0|    1|          0|
    |tmp_126_reg_3774                  |   1|   0|    1|          0|
    |tmp_135_reg_3414                  |   1|   0|    1|          0|
    |tmp_13_reg_3451                   |  13|   0|   13|          0|
    |tmp_149_reg_3813                  |   1|   0|    1|          0|
    |tmp_15_reg_3254                   |   1|   0|    1|          0|
    |tmp_20_reg_3626                   |   1|   0|    1|          0|
    |tmp_25_reg_3342                   |   1|   0|    1|          0|
    |tmp_26_reg_3522                   |   1|   0|    1|          0|
    |tmp_40_reg_3362                   |  64|   0|   64|          0|
    |tmp_53_reg_3689                   |  32|   0|   32|          0|
    |tmp_5_reg_3307                    |  64|   0|   64|          0|
    |tmp_61_reg_3576                   |  64|   0|   64|          0|
    |tmp_67_reg_3487                   |   1|   0|    1|          0|
    |tmp_6_reg_3230                    |   1|   0|    1|          0|
    |tmp_72_reg_3207                   |   1|   0|    1|          0|
    |tmp_75_reg_3783                   |   1|   0|    1|          0|
    |tmp_77_reg_3543                   |  32|   0|   32|          0|
    |tmp_83_reg_3332                   |   1|   0|    1|          0|
    |tmp_84_reg_3630                   |   1|   0|    1|          0|
    |tmp_88_reg_3809                   |   1|   0|    1|          0|
    |tmp_V_1_reg_3618                  |  64|   0|   64|          0|
    |tmp_V_reg_3299                    |  64|   0|   64|          0|
    |tmp_reg_3197                      |   1|   0|    1|          0|
    +----------------------------------+----+----+-----+-----------+
    |Total                             |1900|   0| 2674|        774|
    +----------------------------------+----+----+-----+-----------+



================================================================
== Interface
================================================================
* Summary: 
+--------------------------+-----+-----+------------+-------------------+--------------+
|         RTL Ports        | Dir | Bits|  Protocol  |   Source Object   |    C Type    |
+--------------------------+-----+-----+------------+-------------------+--------------+
|ap_clk                    |  in |    1| ap_ctrl_hs |   HTA1024_theta   | return value |
|ap_rst                    |  in |    1| ap_ctrl_hs |   HTA1024_theta   | return value |
|ap_start                  |  in |    1| ap_ctrl_hs |   HTA1024_theta   | return value |
|ap_done                   | out |    1| ap_ctrl_hs |   HTA1024_theta   | return value |
|ap_idle                   | out |    1| ap_ctrl_hs |   HTA1024_theta   | return value |
|ap_ready                  | out |    1| ap_ctrl_hs |   HTA1024_theta   | return value |
|alloc_size                |  in |   32|    ap_hs   |     alloc_size    |    pointer   |
|alloc_size_ap_vld         |  in |    1|    ap_hs   |     alloc_size    |    pointer   |
|alloc_size_ap_ack         | out |    1|    ap_hs   |     alloc_size    |    pointer   |
|alloc_addr                | out |   32|    ap_hs   |     alloc_addr    |    pointer   |
|alloc_addr_ap_vld         | out |    1|    ap_hs   |     alloc_addr    |    pointer   |
|alloc_addr_ap_ack         |  in |    1|    ap_hs   |     alloc_addr    |    pointer   |
|alloc_free_target         |  in |   32|    ap_hs   | alloc_free_target |    pointer   |
|alloc_free_target_ap_vld  |  in |    1|    ap_hs   | alloc_free_target |    pointer   |
|alloc_free_target_ap_ack  | out |    1|    ap_hs   | alloc_free_target |    pointer   |
|alloc_cmd                 |  in |    8|    ap_hs   |     alloc_cmd     |    pointer   |
|alloc_cmd_ap_vld          |  in |    1|    ap_hs   |     alloc_cmd     |    pointer   |
|alloc_cmd_ap_ack          | out |    1|    ap_hs   |     alloc_cmd     |    pointer   |
+--------------------------+-----+-----+------------+-------------------+--------------+

