

================================================================
== Vivado HLS Report for 'HTA2048_theta'
================================================================
* Date:           Mon Jul 30 18:44:12 2018

* Version:        2018.2 (Build 2258646 on Thu Jun 14 20:25:20 MDT 2018)
* Project:        HTA2048_0
* Solution:       solution1
* Product family: zynq
* Target device:  xc7z020clg484-1


================================================================
== Performance Estimates
================================================================
+ Timing (ns): 
    * Summary: 
    +--------+-------+----------+------------+
    |  Clock | Target| Estimated| Uncertainty|
    +--------+-------+----------+------------+
    |ap_clk  |  10.00|     8.750|        1.25|
    +--------+-------+----------+------------+

+ Latency (clock cycles): 
    * Summary: 
    +-----+-----+-----+-----+---------+
    |  Latency  |  Interval | Pipeline|
    | min | max | min | max |   Type  |
    +-----+-----+-----+-----+---------+
    |    ?|    ?|    ?|    ?|   none  |
    +-----+-----+-----+-----+---------+

    + Detail: 
        * Instance: 
        +-------------------------+-------------+-----+-----+-----+-----+---------+
        |                         |             |  Latency  |  Interval | Pipeline|
        |         Instance        |    Module   | min | max | min | max |   Type  |
        +-------------------------+-------------+-----+-----+-----+-----+---------+
        |grp_log_2_64bit_fu_1174  |log_2_64bit  |    0|    0|    0|    0|   none  |
        +-------------------------+-------------+-----+-----+-----+-----+---------+

        * Loop: 
        +----------+-----+-----+----------+-----------+-----------+------+----------+
        |          |  Latency  | Iteration|  Initiation Interval  | Trip |          |
        | Loop Name| min | max |  Latency |  achieved |   target  | Count| Pipelined|
        +----------+-----+-----+----------+-----------+-----------+------+----------+
        |- Loop 1  |    ?|    ?|         2|          2|          1|     ?|    yes   |
        |- Loop 2  |    6|    6|         2|          -|          -|     3|    no    |
        |- Loop 3  |    ?|    ?|         3|          -|          -|     ?|    no    |
        |- Loop 4  |    ?|    ?|         3|          -|          -|     ?|    no    |
        |- Loop 5  |    ?|    ?|         2|          1|          1|     ?|    yes   |
        |- Loop 6  |    ?|    ?|         3|          -|          -|     ?|    no    |
        +----------+-----+-----+----------+-----------+-----------+------+----------+



================================================================
== Utilization Estimates
================================================================
* Summary: 
+-----------------+---------+-------+--------+-------+
|       Name      | BRAM_18K| DSP48E|   FF   |  LUT  |
+-----------------+---------+-------+--------+-------+
|DSP              |        -|      -|       -|      -|
|Expression       |        -|      -|       0|   5844|
|FIFO             |        -|      -|       -|      -|
|Instance         |        -|      -|       0|    509|
|Memory           |       16|      -|      36|      5|
|Multiplexer      |        -|      -|       -|   1414|
|Register         |        -|      -|    2461|      -|
+-----------------+---------+-------+--------+-------+
|Total            |       16|      0|    2497|   7772|
+-----------------+---------+-------+--------+-------+
|Available        |      280|    220|  106400|  53200|
+-----------------+---------+-------+--------+-------+
|Utilization (%)  |        5|      0|       2|     14|
+-----------------+---------+-------+--------+-------+

+ Detail: 
    * Instance: 
    +-------------------------+----------------------+---------+-------+---+-----+
    |         Instance        |        Module        | BRAM_18K| DSP48E| FF| LUT |
    +-------------------------+----------------------+---------+-------+---+-----+
    |HTA2048_theta_muxkbM_U2  |HTA2048_theta_muxkbM  |        0|      0|  0|   15|
    |HTA2048_theta_muxkbM_U3  |HTA2048_theta_muxkbM  |        0|      0|  0|   15|
    |HTA2048_theta_muxkbM_U4  |HTA2048_theta_muxkbM  |        0|      0|  0|   15|
    |HTA2048_theta_muxkbM_U5  |HTA2048_theta_muxkbM  |        0|      0|  0|   15|
    |grp_log_2_64bit_fu_1174  |log_2_64bit           |        0|      0|  0|  449|
    +-------------------------+----------------------+---------+-------+---+-----+
    |Total                    |                      |        0|      0|  0|  509|
    +-------------------------+----------------------+---------+-------+---+-----+

    * DSP48: 
    N/A

    * Memory: 
    +---------------------+----------------------+---------+----+----+------+-----+------+-------------+
    |        Memory       |        Module        | BRAM_18K| FF | LUT| Words| Bits| Banks| W*Bits*Banks|
    +---------------------+----------------------+---------+----+----+------+-----+------+-------------+
    |addr_layer_map_V_U   |HTA2048_theta_addhbi  |        1|   0|   0|  2048|    4|     1|         8192|
    |addr_tree_map_V_U    |HTA2048_theta_addibs  |        1|   0|   0|  2048|    8|     1|        16384|
    |buddy_tree_V_1_U     |HTA2048_theta_budfYi  |        4|   0|   0|     8|   64|     1|          512|
    |buddy_tree_V_0_U     |HTA2048_theta_budg8j  |        4|   0|   0|     8|   64|     1|          512|
    |group_tree_V_1_U     |HTA2048_theta_grobkb  |        2|   0|   0|    35|   64|     1|         2240|
    |group_tree_V_0_U     |HTA2048_theta_grobkb  |        2|   0|   0|    35|   64|     1|         2240|
    |group_tree_mask_V_U  |HTA2048_theta_grodEe  |        0|  31|   4|     8|   31|     1|          248|
    |mark_mask_V_U        |HTA2048_theta_marjbC  |        2|   0|   0|   128|   62|     1|         7936|
    |shift_constant_V_U   |HTA2048_theta_shieOg  |        0|   5|   1|     5|    5|     1|           25|
    +---------------------+----------------------+---------+----+----+------+-----+------+-------------+
    |Total                |                      |       16|  36|   5|  4323|  366|     9|        38289|
    +---------------------+----------------------+---------+----+----+------+-----+------+-------------+

    * FIFO: 
    N/A

    * Expression: 
    +----------------------------------+----------+-------+---+-----+------------+------------+
    |           Variable Name          | Operation| DSP48E| FF| LUT | Bitwidth P0| Bitwidth P1|
    +----------------------------------+----------+-------+---+-----+------------+------------+
    |cnt_2_fu_2815_p2                  |     +    |      0|  0|   39|           1|          32|
    |cnt_fu_1749_p2                    |     +    |      0|  0|   39|          32|           1|
    |loc_tree_V_6_fu_1842_p2           |     +    |      0|  0|   13|          13|          13|
    |loc_tree_V_7_fu_1978_p2           |     +    |      0|  0|   17|          13|           2|
    |now1_V_1_fu_1521_p2               |     +    |      0|  0|   13|           2|           4|
    |now1_V_2_fu_1934_p2               |     +    |      0|  0|   13|           2|           4|
    |now1_V_3_fu_2115_p2               |     +    |      0|  0|   13|           2|           4|
    |now1_V_5_fu_2893_p2               |     +    |      0|  0|   13|           4|           4|
    |now1_V_6_fu_2543_p2               |     +    |      0|  0|   13|           4|           1|
    |now2_V_3_fu_2553_p2               |     +    |      0|  0|   13|           4|           2|
    |now2_V_fu_3087_p2                 |     +    |      0|  0|   12|           3|           2|
    |now2_V_s_fu_3108_p2               |     +    |      0|  0|   12|           3|           3|
    |p_Repl2_15_fu_1631_p2             |     +    |      0|  0|   13|           1|           4|
    |r_V_5_fu_1852_p2                  |     +    |      0|  0|   19|           6|          14|
    |tmp_12_fu_1815_p2                 |     +    |      0|  0|   13|           4|           4|
    |tmp_44_fu_2423_p2                 |     +    |      0|  0|   13|           4|           4|
    |tmp_47_fu_2459_p2                 |     +    |      0|  0|   13|          13|          13|
    |tmp_size_V_fu_1335_p2             |     +    |      0|  0|   23|           2|          16|
    |grp_fu_1286_p2                    |     -    |      0|  0|   13|           4|           4|
    |new_loc1_V_fu_2464_p2             |     -    |      0|  0|   13|          13|          13|
    |now2_V_1_fu_2902_p2               |     -    |      0|  0|   13|           4|           4|
    |p_s_fu_1362_p2                    |     -    |      0|  0|   23|           1|          16|
    |r_V_40_fu_1755_p2                 |     -    |      0|  0|   13|           4|           4|
    |tmp_15_fu_1834_p2                 |     -    |      0|  0|   13|          13|          13|
    |tmp_16_fu_2300_p2                 |     -    |      0|  0|   71|           1|          64|
    |tmp_43_fu_2403_p2                 |     -    |      0|  0|   69|           1|          62|
    |tmp_50_fu_2486_p2                 |     -    |      0|  0|   13|           1|           4|
    |tmp_9_fu_1775_p2                  |     -    |      0|  0|   13|           1|           4|
    |TMP_1_V_fu_2409_p2                |    and   |      0|  0|   62|          62|          62|
    |ap_block_state33_io               |    and   |      0|  0|    2|           1|           1|
    |p_4_fu_1367_p2                    |    and   |      0|  0|   16|          16|          16|
    |r_V_18_fu_2911_p2                 |    and   |      0|  0|   64|          64|          64|
    |r_V_19_fu_2918_p2                 |    and   |      0|  0|   64|          64|          64|
    |r_V_20_fu_2924_p2                 |    and   |      0|  0|   64|          64|          64|
    |r_V_21_fu_2930_p2                 |    and   |      0|  0|   64|          64|          64|
    |r_V_22_fu_2936_p2                 |    and   |      0|  0|   64|          64|          64|
    |r_V_34_fu_2802_p2                 |    and   |      0|  0|   64|          64|          64|
    |r_V_35_fu_2398_p2                 |    and   |      0|  0|   62|          62|          62|
    |r_V_38_cast1_fu_3036_p2           |    and   |      0|  0|   62|          62|          62|
    |r_V_38_cast2_fu_3042_p2           |    and   |      0|  0|   30|          30|          30|
    |r_V_38_cast3_fu_3048_p2           |    and   |      0|  0|   14|          14|          14|
    |r_V_38_cast4_fu_3054_p2           |    and   |      0|  0|    6|           6|           6|
    |r_V_38_cast_fu_3060_p2            |    and   |      0|  0|    2|           2|           2|
    |r_V_38_fu_3030_p2                 |    and   |      0|  0|   64|          64|          64|
    |tmp_29_fu_1958_p2                 |    and   |      0|  0|    2|           1|           1|
    |tmp_37_fu_1561_p2                 |    and   |      0|  0|    2|           1|           1|
    |tmp_54_fu_2352_p2                 |    and   |      0|  0|   64|          64|          64|
    |tmp_59_fu_2034_p2                 |    and   |      0|  0|    2|           1|           1|
    |tmp_63_fu_2530_p2                 |    and   |      0|  0|   64|          64|          64|
    |tmp_V_1_fu_2306_p2                |    and   |      0|  0|   64|          64|          64|
    |not_s_fu_2028_p2                  |   icmp   |      0|  0|    9|           4|           1|
    |op2_assign_2_fu_2883_p2           |   icmp   |      0|  0|   11|           4|           5|
    |op2_assign_3_fu_2616_p2           |   icmp   |      0|  0|    9|           4|           1|
    |p_Repl2_10_fu_3114_p2             |   icmp   |      0|  0|    8|           2|           1|
    |p_Repl2_11_fu_3128_p2             |   icmp   |      0|  0|    9|           4|           1|
    |p_Repl2_12_fu_3143_p2             |   icmp   |      0|  0|   11|           8|           1|
    |p_Repl2_13_fu_3158_p2             |   icmp   |      0|  0|   13|          16|           1|
    |p_Repl2_14_fu_3173_p2             |   icmp   |      0|  0|   18|          32|           1|
    |p_Repl2_5_fu_2139_p2              |   icmp   |      0|  0|    8|           2|           1|
    |p_Repl2_6_fu_2203_p2              |   icmp   |      0|  0|    9|           4|           1|
    |p_Repl2_7_fu_2230_p2              |   icmp   |      0|  0|   11|           8|           1|
    |p_Repl2_8_fu_2257_p2              |   icmp   |      0|  0|   13|          16|           1|
    |p_Repl2_9_fu_2284_p2              |   icmp   |      0|  0|   18|          32|           1|
    |sel_tmp2_fu_2704_p2               |   icmp   |      0|  0|    8|           2|           1|
    |sel_tmp4_fu_2718_p2               |   icmp   |      0|  0|    9|           2|           3|
    |sel_tmp_fu_2690_p2                |   icmp   |      0|  0|    8|           2|           1|
    |tmp_18_fu_2312_p2                 |   icmp   |      0|  0|   29|          64|           1|
    |tmp_23_fu_1527_p2                 |   icmp   |      0|  0|    9|           4|           1|
    |tmp_28_fu_1952_p2                 |   icmp   |      0|  0|    8|           2|           2|
    |tmp_56_fu_2022_p2                 |   icmp   |      0|  0|    8|           2|           2|
    |tmp_58_fu_1619_p2                 |   icmp   |      0|  0|    8|           2|           2|
    |tmp_6_fu_1392_p2                  |   icmp   |      0|  0|   11|           8|           2|
    |tmp_82_fu_3066_p2                 |   icmp   |      0|  0|    9|           3|           1|
    |tmp_89_fu_2764_p2                 |   icmp   |      0|  0|    9|           4|           1|
    |tmp_fu_1351_p2                    |   icmp   |      0|  0|   11|           8|           2|
    |tmp_s_fu_1357_p2                  |   icmp   |      0|  0|   13|          16|           1|
    |r_V_16_fu_2106_p2                 |   lshr   |      0|  0|  182|          64|          64|
    |r_V_7_fu_1610_p2                  |   lshr   |      0|  0|  182|          64|          64|
    |r_V_8_fu_1928_p2                  |   lshr   |      0|  0|  182|          64|          64|
    |r_V_9_fu_2017_p2                  |   lshr   |      0|  0|  182|          64|          64|
    |r_V_fu_1494_p2                    |   lshr   |      0|  0|  182|          64|          64|
    |tmp_10_fu_1791_p2                 |   lshr   |      0|  0|   35|          16|          16|
    |tmp_51_fu_2496_p2                 |   lshr   |      0|  0|   29|          13|          13|
    |TMP_0_V_2_fu_1998_p2              |    or    |      0|  0|   64|          64|          64|
    |ap_block_state2                   |    or    |      0|  0|    2|           1|           1|
    |r_V_23_fu_2145_p2                 |    or    |      0|  0|   64|          64|          64|
    |r_V_25_fu_2152_p2                 |    or    |      0|  0|   64|          64|          64|
    |r_V_26_fu_2159_p2                 |    or    |      0|  0|   64|          64|          64|
    |r_V_27_fu_2166_p2                 |    or    |      0|  0|   64|          64|          64|
    |r_V_28_fu_2173_p2                 |    or    |      0|  0|   64|          64|          64|
    |r_V_32_fu_1743_p2                 |    or    |      0|  0|   64|          64|          64|
    |tmp_22_fu_1893_p2                 |    or    |      0|  0|   62|          62|          62|
    |tmp_42_fu_1591_p2                 |    or    |      0|  0|   64|          64|          64|
    |tmp_62_fu_2082_p2                 |    or    |      0|  0|   64|          64|          64|
    |tmp_77_fu_2622_p2                 |    or    |      0|  0|    2|           1|           1|
    |buddy_tree_V_load_1_s_fu_1584_p3  |  select  |      0|  0|   64|           1|          64|
    |buddy_tree_V_load_2_s_fu_2345_p3  |  select  |      0|  0|   64|           1|          64|
    |buddy_tree_V_load_5_s_fu_2074_p3  |  select  |      0|  0|   64|           1|          64|
    |lhs_V_14_fu_2794_p3               |  select  |      0|  0|   64|           1|          64|
    |lhs_V_1_fu_2382_p3                |  select  |      0|  0|   64|           1|          64|
    |lhs_V_2_fu_2972_p3                |  select  |      0|  0|   64|           1|          64|
    |lhs_V_8_fu_1736_p3                |  select  |      0|  0|   64|           1|          64|
    |lhs_V_fu_1881_p3                  |  select  |      0|  0|   64|           1|          64|
    |mask_V_load32_phi_ca_fu_1667_p3   |  select  |      0|  0|   32|           1|          32|
    |mask_V_load33_phi_ca_fu_1699_p3   |  select  |      0|  0|    8|           1|           2|
    |mask_V_load_119_phi_s_fu_2682_p3  |  select  |      0|  0|   32|           1|          32|
    |mask_V_load_120_phi_s_fu_2650_p3  |  select  |      0|  0|    8|           1|           2|
    |mask_V_load_1_phi_fu_2724_p3      |  select  |      0|  0|   64|           1|          64|
    |p_Val2_1_fu_1452_p3               |  select  |      0|  0|   64|           1|          64|
    |p_Val2_23_fu_2842_p3              |  select  |      0|  0|   64|           1|          64|
    |r_V_13_fu_2512_p3                 |  select  |      0|  0|   13|           1|          13|
    |sel_tmp1_fu_2696_p3               |  select  |      0|  0|   64|           1|          64|
    |sel_tmp3_fu_2710_p3               |  select  |      0|  0|   64|           1|          64|
    |tmp_11_fu_1804_p3                 |  select  |      0|  0|   13|           1|          13|
    |op2_assign_4_fu_1574_p2           |    shl   |      0|  0|  101|          32|          32|
    |op2_assign_6_fu_1988_p2           |    shl   |      0|  0|  101|           1|          32|
    |op2_assign_7_fu_2060_p2           |    shl   |      0|  0|  101|           1|          32|
    |r_V_33_fu_2736_p2                 |    shl   |      0|  0|  182|          64|          64|
    |r_V_39_fu_1730_p2                 |    shl   |      0|  0|  182|          64|          64|
    |tmp_14_fu_1824_p2                 |    shl   |      0|  0|   35|          16|          16|
    |tmp_41_fu_2325_p2                 |    shl   |      0|  0|   53|          20|          20|
    |tmp_45_fu_2433_p2                 |    shl   |      0|  0|   35|          16|          16|
    |tmp_52_fu_2502_p2                 |    shl   |      0|  0|  101|          32|          32|
    |tmp_8_fu_1785_p2                  |    shl   |      0|  0|  101|          32|          32|
    |val_assign_2_fu_1472_p2           |    shl   |      0|  0|  101|           1|          32|
    |TMP_0_V_5_fu_2340_p2              |    xor   |      0|  0|   64|          64|           2|
    |ap_enable_pp0                     |    xor   |      0|  0|    2|           1|           2|
    |ap_enable_reg_pp0_iter1           |    xor   |      0|  0|    2|           2|           1|
    |op2_assign_fu_2525_p2             |    xor   |      0|  0|   64|          64|           2|
    |r_V_3_fu_2366_p2                  |    xor   |      0|  0|    5|           4|           5|
    |r_V_4_fu_1435_p2                  |    xor   |      0|  0|    5|           5|           4|
    |rev_fu_2610_p2                    |    xor   |      0|  0|    2|           1|           2|
    |rhs_V_2_fu_2962_p2                |    xor   |      0|  0|   64|          64|           2|
    |rhs_V_6_fu_2742_p2                |    xor   |      0|  0|   64|          64|           2|
    |tmp_53_fu_2443_p2                 |    xor   |      0|  0|   64|          64|          64|
    |tmp_69_fu_2980_p2                 |    xor   |      0|  0|    2|           2|           2|
    |tmp_70_fu_2990_p2                 |    xor   |      0|  0|    6|           6|           4|
    |tmp_72_fu_3000_p2                 |    xor   |      0|  0|   14|          14|           8|
    |tmp_74_fu_3010_p2                 |    xor   |      0|  0|   30|          30|          16|
    |tmp_75_fu_3020_p2                 |    xor   |      0|  0|   62|          62|          32|
    +----------------------------------+----------+-------+---+-----+------------+------------+
    |Total                             |          |      0|  0| 5844|        3043|        3685|
    +----------------------------------+----------+-------+---+-----+------------+------------+

    * Multiplexer: 
    +-------------------------------------------+-----+-----------+-----+-----------+
    |                    Name                   | LUT | Input Size| Bits| Total Bits|
    +-------------------------------------------+-----+-----------+-----+-----------+
    |TMP_0_V_3_reg_956                          |    9|          2|   64|        128|
    |addr_layer_map_V_address0                  |   15|          3|   11|         33|
    |addr_tree_map_V_address0                   |   15|          3|   11|         33|
    |alloc_addr                                 |   21|          4|   32|        128|
    |alloc_addr_blk_n                           |    9|          2|    1|          2|
    |alloc_cmd_blk_n                            |    9|          2|    1|          2|
    |alloc_free_target_blk_n                    |    9|          2|    1|          2|
    |alloc_size_blk_n                           |    9|          2|    1|          2|
    |ap_NS_fsm                                  |  221|         51|    1|         51|
    |ap_enable_reg_pp0_iter1                    |   15|          3|    1|          3|
    |ap_phi_mux_p_03538_1_in_in_phi_fu_1012_p4  |    9|          2|   13|         26|
    |ap_phi_mux_p_03562_2_in_phi_fu_994_p4      |    9|          2|    4|          8|
    |ap_phi_mux_p_03566_1_in_phi_fu_1003_p4     |    9|          2|   64|        128|
    |ap_phi_mux_p_5_phi_fu_854_p34              |   85|         17|    4|         68|
    |ap_phi_mux_p_6_phi_fu_1108_p4              |    9|          2|    8|         16|
    |ap_phi_mux_p_7_phi_fu_1118_p4              |    9|          2|   13|         26|
    |ap_phi_mux_p_8_phi_fu_1127_p4              |    9|          2|   64|        128|
    |ap_phi_mux_tmp_V_5_phi_fu_1023_p4          |    9|          2|   64|        128|
    |ap_sig_ioackin_alloc_addr_ap_ack           |    9|          2|    1|          2|
    |buddy_tree_V_0_address0                    |   62|         15|    3|         45|
    |buddy_tree_V_0_address1                    |   47|         10|    3|         30|
    |buddy_tree_V_0_d0                          |   47|         10|   64|        640|
    |buddy_tree_V_0_d1                          |   50|         11|   64|        704|
    |buddy_tree_V_1_address0                    |   59|         14|    3|         42|
    |buddy_tree_V_1_address1                    |   47|         10|    3|         30|
    |buddy_tree_V_1_d0                          |   47|         10|   64|        640|
    |buddy_tree_V_1_d1                          |   44|          9|   64|        576|
    |buddy_tree_V_load_ph_reg_1095              |    9|          2|   64|        128|
    |cmd_fu_300                                 |    9|          2|    8|         16|
    |cnt_1_fu_304                               |    9|          2|   32|         64|
    |group_tree_V_0_address0                    |   38|          7|    6|         42|
    |group_tree_V_0_d0                          |   21|          4|   64|        256|
    |group_tree_V_1_address0                    |   38|          7|    6|         42|
    |group_tree_V_1_d0                          |   21|          4|   64|        256|
    |grp_log_2_64bit_fu_1174_tmp_V              |   15|          3|   64|        192|
    |loc1_V_7_fu_316                            |    9|          2|    7|         14|
    |loc2_V_fu_312                              |    9|          2|   12|         24|
    |mark_mask_V_address0                       |   15|          3|    7|         21|
    |mask_V_load_phi_reg_978                    |   21|          4|   64|        256|
    |p_03538_1_in_in_reg_1009                   |    9|          2|   13|         26|
    |p_03542_3_in_reg_947                       |    9|          2|   13|         26|
    |p_03550_5_in_reg_1153                      |    9|          2|    8|         16|
    |p_03550_8_in_reg_908                       |    9|          2|   13|         26|
    |p_03558_1_reg_1163                         |    9|          2|    3|          6|
    |p_03558_2_in_reg_938                       |    9|          2|    4|          8|
    |p_03562_1_in_reg_917                       |    9|          2|    4|          8|
    |p_03562_2_in_reg_991                       |    9|          2|    4|          8|
    |p_03562_3_reg_1040                         |    9|          2|    4|          8|
    |p_03566_1_in_reg_1000                      |    9|          2|   64|        128|
    |p_2_reg_1133                               |    9|          2|    4|          8|
    |p_3_reg_1143                               |    9|          2|    4|          8|
    |p_5_reg_850                                |   65|         16|    4|         64|
    |p_6_reg_1104                               |    9|          2|    8|         16|
    |p_7_reg_1115                               |    9|          2|   13|         26|
    |p_8_reg_1124                               |    9|          2|   64|        128|
    |p_Val2_12_reg_1030                         |    9|          2|    8|         16|
    |p_Val2_3_reg_1052                          |    9|          2|    2|          4|
    |p_Val2_4_reg_926                           |    9|          2|    2|          4|
    |reg_1061                                   |   15|          3|    8|         24|
    |reg_966                                    |   15|          3|   32|         96|
    |rhs_V_3_fu_308                             |    9|          2|   64|        128|
    |rhs_V_4_reg_1073                           |    9|          2|   64|        128|
    |shift_constant_V_address0                  |   15|          3|    3|          9|
    |storemerge_reg_1085                        |    9|          2|   64|        128|
    |tmp_V_5_reg_1018                           |    9|          2|   64|        128|
    +-------------------------------------------+-----+-----------+-----+-----------+
    |Total                                      | 1414|        307| 1563|       6107|
    +-------------------------------------------+-----+-----------+-----+-----------+

    * Register: 
    +----------------------------------+----+----+-----+-----------+
    |               Name               | FF | LUT| Bits| Const Bits|
    +----------------------------------+----+----+-----+-----------+
    |TMP_0_V_2_reg_3648                |  64|   0|   64|          0|
    |TMP_0_V_3_reg_956                 |  64|   0|   64|          0|
    |TMP_1_V_reg_3811                  |  62|   0|   62|          0|
    |addr_tree_map_V_load_reg_3371     |   8|   0|    8|          0|
    |ans_V_reg_3357                    |   4|   0|    4|          0|
    |ap_CS_fsm                         |  50|   0|   50|          0|
    |ap_enable_reg_pp0_iter0           |   1|   0|    1|          0|
    |ap_enable_reg_pp0_iter1           |   1|   0|    1|          0|
    |ap_reg_ioackin_alloc_addr_ap_ack  |   1|   0|    1|          0|
    |buddy_tree_V_load_ph_reg_1095     |  64|   0|   64|          0|
    |cmd_fu_300                        |   8|   0|    8|          0|
    |cnt_1_fu_304                      |  32|   0|   32|          0|
    |free_target_V_reg_3297            |  16|   0|   16|          0|
    |i_assign_2_reg_4075               |   8|   0|   32|         24|
    |i_assign_reg_3412                 |   8|   0|   32|         24|
    |lhs_V_1_reg_3786                  |  64|   0|   64|          0|
    |loc1_V_10_reg_3380                |   8|   0|   13|          5|
    |loc1_V_11_reg_3445                |  12|   0|   13|          1|
    |loc1_V_7_fu_316                   |   7|   0|   13|          6|
    |loc1_V_9_cast_cast_reg_3386       |   8|   0|   11|          3|
    |loc1_V_reg_3440                   |  12|   0|   12|          0|
    |loc2_V_fu_312                     |  12|   0|   13|          1|
    |loc_tree_V_6_reg_3579             |  13|   0|   13|          0|
    |mask_V_load_phi_reg_978           |  64|   0|   64|          0|
    |newIndex11_reg_3668               |   3|   0|   64|         61|
    |newIndex13_reg_3885               |   7|   0|   64|         57|
    |newIndex15_reg_3537               |   3|   0|   64|         61|
    |newIndex17_reg_3920               |   3|   0|   64|         61|
    |newIndex19_reg_4020               |   2|   0|   64|         62|
    |newIndex21_reg_4030               |   2|   0|   64|         62|
    |newIndex23_reg_3945               |   3|   0|   64|         61|
    |newIndex2_reg_3391                |   3|   0|   64|         61|
    |newIndex4_reg_3325                |   3|   0|   64|         61|
    |newIndex6_reg_3584                |   7|   0|   64|         57|
    |newIndex8_reg_3766                |   7|   0|   64|         57|
    |newIndex_reg_3464                 |   3|   0|   64|         61|
    |now1_V_1_reg_3455                 |   4|   0|    4|          0|
    |now1_V_2_reg_3634                 |   4|   0|    4|          0|
    |now2_V_s_reg_4040                 |   3|   0|    3|          0|
    |op2_assign_3_reg_3905             |   1|   0|    1|          0|
    |p_03538_1_in_in_reg_1009          |  13|   0|   13|          0|
    |p_03542_3_in_reg_947              |  13|   0|   13|          0|
    |p_03550_5_in_reg_1153             |   8|   0|    8|          0|
    |p_03550_8_in_reg_908              |  13|   0|   13|          0|
    |p_03558_1_reg_1163                |   3|   0|    3|          0|
    |p_03558_2_in_reg_938              |   4|   0|    4|          0|
    |p_03562_1_in_reg_917              |   4|   0|    4|          0|
    |p_03562_2_in_reg_991              |   4|   0|    4|          0|
    |p_03562_3_reg_1040                |   4|   0|    4|          0|
    |p_03566_1_in_reg_1000             |  64|   0|   64|          0|
    |p_2_reg_1133                      |   4|   0|    4|          0|
    |p_3_reg_1143                      |   4|   0|    4|          0|
    |p_5_reg_850                       |   4|   0|    4|          0|
    |p_6_reg_1104                      |   8|   0|    8|          0|
    |p_7_reg_1115                      |  13|   0|   13|          0|
    |p_8_reg_1124                      |  64|   0|   64|          0|
    |p_Repl2_10_reg_4045               |   1|   0|    1|          0|
    |p_Repl2_11_reg_4050               |   1|   0|    1|          0|
    |p_Repl2_12_reg_4055               |   1|   0|    1|          0|
    |p_Repl2_13_reg_4060               |   1|   0|    1|          0|
    |p_Repl2_14_reg_4065               |   1|   0|    1|          0|
    |p_Repl2_15_reg_3501               |   4|   0|    4|          0|
    |p_Repl2_5_reg_3710                |   1|   0|    1|          0|
    |p_Repl2_s_reg_3495                |  12|   0|   13|          1|
    |p_Result_12_reg_4080              |  64|   0|   64|          0|
    |p_Result_16_reg_3304              |  16|   0|   16|          0|
    |p_Result_20_reg_3654              |  13|   0|   13|          0|
    |p_Result_s_reg_3420               |  64|   0|   64|          0|
    |p_Val2_12_reg_1030                |   8|   0|   11|          3|
    |p_Val2_3_reg_1052                 |   2|   0|    2|          0|
    |p_Val2_4_reg_926                  |   2|   0|    2|          0|
    |r_V_11_reg_3816                   |  13|   0|   13|          0|
    |r_V_13_reg_3832                   |  13|   0|   13|          0|
    |r_V_2_reg_3574                    |  13|   0|   13|          0|
    |r_V_32_reg_3558                   |  64|   0|   64|          0|
    |r_V_34_cast_reg_3827              |  62|   0|   64|          2|
    |r_V_35_reg_3806                   |  62|   0|   62|          0|
    |r_V_38_cast1_reg_3992             |  62|   0|   62|          0|
    |r_V_38_cast2_reg_3997             |  30|   0|   30|          0|
    |r_V_38_cast3_reg_4002             |  14|   0|   14|          0|
    |r_V_38_cast4_reg_4007             |   6|   0|    6|          0|
    |r_V_38_cast_reg_4012              |   2|   0|    2|          0|
    |r_V_38_reg_3986                   |  64|   0|   64|          0|
    |r_V_39_reg_3553                   |  64|   0|   64|          0|
    |rec_bits_V_3_reg_3639             |   2|   0|    2|          0|
    |reg_1061                          |   8|   0|    8|          0|
    |reg_1308                          |   5|   0|    5|          0|
    |reg_1312                          |  64|   0|   64|          0|
    |reg_966                           |  32|   0|   32|          0|
    |rhs_V_3_fu_308                    |  64|   0|   64|          0|
    |rhs_V_4_reg_1073                  |  64|   0|   64|          0|
    |rhs_V_6_reg_3914                  |  64|   0|   64|          0|
    |size_V_reg_3292                   |  16|   0|   16|          0|
    |storemerge_reg_1085               |  64|   0|   64|          0|
    |tmp_100_reg_3782                  |   1|   0|    1|          0|
    |tmp_103_reg_3791                  |  62|   0|   62|          0|
    |tmp_108_reg_3684                  |   1|   0|    1|          0|
    |tmp_111_reg_3837                  |   1|   0|    1|          0|
    |tmp_11_reg_3569                   |  13|   0|   13|          0|
    |tmp_121_reg_3982                  |   1|   0|    1|          0|
    |tmp_129_reg_3901                  |   1|   0|    1|          0|
    |tmp_13_reg_3367                   |   1|   0|    1|          0|
    |tmp_140_reg_3532                  |   1|   0|    1|          0|
    |tmp_156_reg_3940                  |   1|   0|    1|          0|
    |tmp_18_reg_3738                   |   1|   0|    1|          0|
    |tmp_22_reg_3609                   |  62|   0|   62|          0|
    |tmp_23_reg_3460                   |   1|   0|    1|          0|
    |tmp_24_reg_3614                   |   2|   0|    2|          0|
    |tmp_29_reg_3644                   |   1|   0|    1|          0|
    |tmp_42_reg_3480                   |  64|   0|   64|          0|
    |tmp_53_reg_3821                   |  64|   0|   64|          0|
    |tmp_55_reg_3605                   |   1|   0|    1|          0|
    |tmp_62_reg_3688                   |  64|   0|   64|          0|
    |tmp_6_reg_3343                    |   1|   0|    1|          0|
    |tmp_73_reg_3320                   |   1|   0|    1|          0|
    |tmp_77_reg_3910                   |   1|   0|    1|          0|
    |tmp_84_reg_3450                   |   1|   0|    1|          0|
    |tmp_85_reg_3742                   |   1|   0|    1|          0|
    |tmp_89_reg_3936                   |   1|   0|    1|          0|
    |tmp_V_1_reg_3730                  |  64|   0|   64|          0|
    |tmp_V_5_reg_1018                  |  64|   0|   64|          0|
    |tmp_V_reg_3425                    |  64|   0|   64|          0|
    |tmp_reg_3310                      |   1|   0|    1|          0|
    +----------------------------------+----+----+-----+-----------+
    |Total                             |2461|   0| 3253|        792|
    +----------------------------------+----+----+-----+-----------+



================================================================
== Interface
================================================================
* Summary: 
+--------------------------+-----+-----+------------+-------------------+--------------+
|         RTL Ports        | Dir | Bits|  Protocol  |   Source Object   |    C Type    |
+--------------------------+-----+-----+------------+-------------------+--------------+
|ap_clk                    |  in |    1| ap_ctrl_hs |   HTA2048_theta   | return value |
|ap_rst                    |  in |    1| ap_ctrl_hs |   HTA2048_theta   | return value |
|ap_start                  |  in |    1| ap_ctrl_hs |   HTA2048_theta   | return value |
|ap_done                   | out |    1| ap_ctrl_hs |   HTA2048_theta   | return value |
|ap_idle                   | out |    1| ap_ctrl_hs |   HTA2048_theta   | return value |
|ap_ready                  | out |    1| ap_ctrl_hs |   HTA2048_theta   | return value |
|alloc_size                |  in |   32|    ap_hs   |     alloc_size    |    pointer   |
|alloc_size_ap_vld         |  in |    1|    ap_hs   |     alloc_size    |    pointer   |
|alloc_size_ap_ack         | out |    1|    ap_hs   |     alloc_size    |    pointer   |
|alloc_addr                | out |   32|    ap_hs   |     alloc_addr    |    pointer   |
|alloc_addr_ap_vld         | out |    1|    ap_hs   |     alloc_addr    |    pointer   |
|alloc_addr_ap_ack         |  in |    1|    ap_hs   |     alloc_addr    |    pointer   |
|alloc_free_target         |  in |   32|    ap_hs   | alloc_free_target |    pointer   |
|alloc_free_target_ap_vld  |  in |    1|    ap_hs   | alloc_free_target |    pointer   |
|alloc_free_target_ap_ack  | out |    1|    ap_hs   | alloc_free_target |    pointer   |
|alloc_cmd                 |  in |    8|    ap_hs   |     alloc_cmd     |    pointer   |
|alloc_cmd_ap_vld          |  in |    1|    ap_hs   |     alloc_cmd     |    pointer   |
|alloc_cmd_ap_ack          | out |    1|    ap_hs   |     alloc_cmd     |    pointer   |
+--------------------------+-----+-----+------------+-------------------+--------------+

