INFO: [VRFC 10-2263] Analyzing Verilog file "/home/tingyuan/Temporary/vivado-outputs/Algorithm_MAXHEAP_HTA/Algorithm_MAXHEAP_HTA.srcs/sources_1/bd/design_1/ipshared/6b2b/hdl/verilog/HTA_theta_addr_trg8j.v" into library xil_defaultlib
INFO: [VRFC 10-311] analyzing module HTA_theta_addr_trg8j_ram
INFO: [VRFC 10-311] analyzing module HTA_theta_addr_trg8j
INFO: [VRFC 10-2263] Analyzing Verilog file "/home/tingyuan/Temporary/vivado-outputs/Algorithm_MAXHEAP_HTA/Algorithm_MAXHEAP_HTA.srcs/sources_1/bd/design_1/ipshared/6b2b/hdl/verilog/HTA_theta.v" into library xil_defaultlib
INFO: [VRFC 10-311] analyzing module HTA_theta
INFO: [VRFC 10-2263] Analyzing Verilog file "/home/tingyuan/Temporary/vivado-outputs/Algorithm_MAXHEAP_HTA/Algorithm_MAXHEAP_HTA.srcs/sources_1/bd/design_1/ipshared/6b2b/hdl/verilog/HTA_theta_group_tbkb.v" into library xil_defaultlib
INFO: [VRFC 10-311] analyzing module HTA_theta_group_tbkb_ram
INFO: [VRFC 10-311] analyzing module HTA_theta_group_tbkb
INFO: [VRFC 10-2263] Analyzing Verilog file "/home/tingyuan/Temporary/vivado-outputs/Algorithm_MAXHEAP_HTA/Algorithm_MAXHEAP_HTA.srcs/sources_1/bd/design_1/ipshared/6b2b/hdl/verilog/log_2_64bit.v" into library xil_defaultlib
INFO: [VRFC 10-311] analyzing module log_2_64bit
INFO: [VRFC 10-2263] Analyzing Verilog file "/home/tingyuan/Temporary/vivado-outputs/Algorithm_MAXHEAP_HTA/Algorithm_MAXHEAP_HTA.srcs/sources_1/bd/design_1/ipshared/6b2b/hdl/verilog/HTA_theta_shift_ceOg.v" into library xil_defaultlib
INFO: [VRFC 10-311] analyzing module HTA_theta_shift_ceOg_rom
INFO: [VRFC 10-311] analyzing module HTA_theta_shift_ceOg
INFO: [VRFC 10-2263] Analyzing Verilog file "/home/tingyuan/Temporary/vivado-outputs/Algorithm_MAXHEAP_HTA/Algorithm_MAXHEAP_HTA.srcs/sources_1/bd/design_1/ipshared/6b2b/hdl/verilog/HTA_theta_addr_lafYi.v" into library xil_defaultlib
INFO: [VRFC 10-311] analyzing module HTA_theta_addr_lafYi_ram
INFO: [VRFC 10-311] analyzing module HTA_theta_addr_lafYi
INFO: [VRFC 10-2263] Analyzing Verilog file "/home/tingyuan/Temporary/vivado-outputs/Algorithm_MAXHEAP_HTA/Algorithm_MAXHEAP_HTA.srcs/sources_1/bd/design_1/ipshared/6b2b/hdl/verilog/HTA_theta_group_tdEe.v" into library xil_defaultlib
INFO: [VRFC 10-311] analyzing module HTA_theta_group_tdEe_rom
INFO: [VRFC 10-311] analyzing module HTA_theta_group_tdEe
INFO: [VRFC 10-2263] Analyzing Verilog file "/home/tingyuan/Temporary/vivado-outputs/Algorithm_MAXHEAP_HTA/Algorithm_MAXHEAP_HTA.srcs/sources_1/bd/design_1/ipshared/6b2b/hdl/verilog/HTA_theta_mux_32_jbC.v" into library xil_defaultlib
INFO: [VRFC 10-311] analyzing module HTA_theta_mux_32_jbC
INFO: [VRFC 10-2263] Analyzing Verilog file "/home/tingyuan/Temporary/vivado-outputs/Algorithm_MAXHEAP_HTA/Algorithm_MAXHEAP_HTA.srcs/sources_1/bd/design_1/ipshared/6b2b/hdl/verilog/HTA_theta_mux_134ibs.v" into library xil_defaultlib
INFO: [VRFC 10-311] analyzing module HTA_theta_mux_134ibs
INFO: [VRFC 10-2263] Analyzing Verilog file "/home/tingyuan/Temporary/vivado-outputs/Algorithm_MAXHEAP_HTA/Algorithm_MAXHEAP_HTA.srcs/sources_1/bd/design_1/ipshared/6b2b/hdl/verilog/HTA_theta_mark_mahbi.v" into library xil_defaultlib
INFO: [VRFC 10-311] analyzing module HTA_theta_mark_mahbi_rom
INFO: [VRFC 10-311] analyzing module HTA_theta_mark_mahbi
INFO: [VRFC 10-2263] Analyzing Verilog file "/home/tingyuan/Temporary/vivado-outputs/Algorithm_MAXHEAP_HTA/Algorithm_MAXHEAP_HTA.ip_user_files/bd/design_1/ip/design_1_HTA_theta_0_0/sim/design_1_HTA_theta_0_0.v" into library xil_defaultlib
INFO: [VRFC 10-311] analyzing module design_1_HTA_theta_0_0
INFO: [VRFC 10-2263] Analyzing Verilog file "/home/tingyuan/Temporary/vivado-outputs/Algorithm_MAXHEAP_HTA/Algorithm_MAXHEAP_HTA.ip_user_files/bd/design_1/ip/design_1_blk_mem_gen_0_0/sim/design_1_blk_mem_gen_0_0.v" into library xil_defaultlib
INFO: [VRFC 10-311] analyzing module design_1_blk_mem_gen_0_0
INFO: [VRFC 10-2263] Analyzing Verilog file "/home/tingyuan/Temporary/vivado-outputs/Algorithm_MAXHEAP_HTA/Algorithm_MAXHEAP_HTA.ip_user_files/bd/design_1/ip/design_1_blk_mem_gen_1_0/sim/design_1_blk_mem_gen_1_0.v" into library xil_defaultlib
INFO: [VRFC 10-311] analyzing module design_1_blk_mem_gen_1_0
INFO: [VRFC 10-2263] Analyzing Verilog file "/home/tingyuan/Temporary/vivado-outputs/Algorithm_MAXHEAP_HTA/Algorithm_MAXHEAP_HTA.ip_user_files/bd/design_1/hdl/design_1.v" into library xil_defaultlib
INFO: [VRFC 10-311] analyzing module design_1
INFO: [VRFC 10-2263] Analyzing Verilog file "/home/tingyuan/Temporary/vivado-outputs/Algorithm_MAXHEAP_HTA/Algorithm_MAXHEAP_HTA.srcs/sources_1/bd/design_1/ipshared/dfe4/hdl/verilog/HLS_MAXHEAP_HTA_Hbkb.v" into library xil_defaultlib
INFO: [VRFC 10-311] analyzing module HLS_MAXHEAP_HTA_Hbkb_ram
INFO: [VRFC 10-311] analyzing module HLS_MAXHEAP_HTA_Hbkb
INFO: [VRFC 10-2263] Analyzing Verilog file "/home/tingyuan/Temporary/vivado-outputs/Algorithm_MAXHEAP_HTA/Algorithm_MAXHEAP_HTA.srcs/sources_1/bd/design_1/ipshared/dfe4/hdl/verilog/HLS_MAXHEAP_HTA.v" into library xil_defaultlib
INFO: [VRFC 10-311] analyzing module HLS_MAXHEAP_HTA
INFO: [VRFC 10-2263] Analyzing Verilog file "/home/tingyuan/Temporary/vivado-outputs/Algorithm_MAXHEAP_HTA/Algorithm_MAXHEAP_HTA.ip_user_files/bd/design_1/ip/design_1_HLS_MAXHEAP_HTA_0_1/sim/design_1_HLS_MAXHEAP_HTA_0_1.v" into library xil_defaultlib
INFO: [VRFC 10-311] analyzing module design_1_HLS_MAXHEAP_HTA_0_1
INFO: [VRFC 10-2263] Analyzing Verilog file "/home/tingyuan/Temporary/vivado-outputs/Algorithm_MAXHEAP_HTA/Algorithm_MAXHEAP_HTA.ip_user_files/bd/design_1/ip/design_1_clk_wiz_1/design_1_clk_wiz_1_clk_wiz.v" into library xil_defaultlib
INFO: [VRFC 10-311] analyzing module design_1_clk_wiz_1_clk_wiz
INFO: [VRFC 10-2263] Analyzing Verilog file "/home/tingyuan/Temporary/vivado-outputs/Algorithm_MAXHEAP_HTA/Algorithm_MAXHEAP_HTA.ip_user_files/bd/design_1/ip/design_1_clk_wiz_1/design_1_clk_wiz_1.v" into library xil_defaultlib
INFO: [VRFC 10-311] analyzing module design_1_clk_wiz_1
INFO: [VRFC 10-2263] Analyzing Verilog file "/home/tingyuan/Temporary/vivado-outputs/Algorithm_MAXHEAP_HTA/Algorithm_MAXHEAP_HTA.srcs/sources_1/bd/design_1/hdl/design_1_wrapper.v" into library xil_defaultlib
INFO: [VRFC 10-311] analyzing module design_1_wrapper
INFO: [VRFC 10-2263] Analyzing Verilog file "/home/tingyuan/Temporary/vivado-outputs/Algorithm_MAXHEAP_HTA/Algorithm_MAXHEAP_HTA.sim/sim_1/behav/glbl.v" into library xil_defaultlib
INFO: [VRFC 10-311] analyzing module glbl
INFO: [VRFC 10-163] Analyzing VHDL file "/home/tingyuan/Temporary/vivado-outputs/Algorithm_MAXHEAP_HTA/Algorithm_MAXHEAP_HTA.ip_user_files/bd/design_1/ip/design_1_rst_clk_wiz_100M_1/sim/design_1_rst_clk_wiz_100M_1.vhd" into library xil_defaultlib
INFO: [VRFC 10-307] analyzing entity design_1_rst_clk_wiz_100M_1
