INFO-FLOW: Workspace /home/tingyuan/Temporary/vivado-outputs/HLS_SPFA_KWTA/solution1 opened at Wed Aug 08 21:37:00 CST 2018
Execute     config_clock -quiet -name default -period 10 -default=false 
INFO: [SYN 201-201] Setting up clock 'default' with a period of 10ns.
Execute     open_platform DefaultPlatform 
Execute     import_lib /opt/Xilinx/Vivado/2018.2/common/technology/xilinx/zynq/zynq 
Execute       source /opt/Xilinx/Vivado/2018.2/common/technology/xilinx/common/xilinx.lib 
Execute         source /opt/Xilinx/Vivado/2018.2/common/technology/xilinx/interface/xilinx_interface.lib 
Execute           source /opt/Xilinx/Vivado/2018.2/common/technology/xilinx/interface/plb46.lib 
Execute           source /opt/Xilinx/Vivado/2018.2/common/technology/xilinx/interface/fsl.lib 
Execute           source /opt/Xilinx/Vivado/2018.2/common/technology/xilinx/interface/axi4.lib 
Execute           source /opt/Xilinx/Vivado/2018.2/common/technology/xilinx/interface/maxi.lib 
Execute           source /opt/Xilinx/Vivado/2018.2/common/technology/xilinx/interface/saxilite.lib 
Execute         source /opt/Xilinx/Vivado/2018.2/common/technology/xilinx/common/dsp48.lib 
Execute         source /opt/Xilinx/Vivado/2018.2/common/technology/xilinx/ip/xfft.lib 
Execute         source /opt/Xilinx/Vivado/2018.2/common/technology/xilinx/ip/dds_compiler.lib 
Execute         source /opt/Xilinx/Vivado/2018.2/common/technology/xilinx/ip/xfir.lib 
Execute       source /opt/Xilinx/Vivado/2018.2/common/technology/xilinx/common/xilinx_old.lib 
Execute       source /opt/Xilinx/Vivado/2018.2/common/technology/xilinx/common/xilinx_vivado.lib 
Execute       source /opt/Xilinx/Vivado/2018.2/common/technology/xilinx/common/xilinx.hlp 
Execute         source /opt/Xilinx/Vivado/2018.2/common/technology/xilinx/common/target_info.tcl 
Execute         source /opt/Xilinx/Vivado/2018.2/common/technology/xilinx/interface/xilinx_interface.hlp 
Execute           source /opt/Xilinx/Vivado/2018.2/common/technology/xilinx/interface/maxi.hlp 
Execute           source /opt/Xilinx/Vivado/2018.2/common/technology/xilinx/interface/saxilite.hlp 
Execute         source /opt/Xilinx/Vivado/2018.2/common/technology/xilinx/common/dsp48.hlp 
Execute       source /opt/Xilinx/Vivado/2018.2/common/technology/xilinx/zynq/dsp48e1.hlp 
Execute       get_default_platform 
Execute       config_chip_info -quiet -resource  {SLICE 13300}  {LUT 53200}     {FF 106400} {DSP48E 220}   {BRAM 280}  
Execute       config_chip_info -quiet -speed medium 
Execute       source /opt/Xilinx/Vivado/2018.2/common/technology/xilinx/common/xilinx.hlp 
Execute         source /opt/Xilinx/Vivado/2018.2/common/technology/xilinx/common/target_info.tcl 
Execute         source /opt/Xilinx/Vivado/2018.2/common/technology/xilinx/interface/xilinx_interface.hlp 
Execute           source /opt/Xilinx/Vivado/2018.2/common/technology/xilinx/interface/maxi.hlp 
Execute           source /opt/Xilinx/Vivado/2018.2/common/technology/xilinx/interface/saxilite.hlp 
Execute         source /opt/Xilinx/Vivado/2018.2/common/technology/xilinx/common/dsp48.hlp 
Execute     source /opt/Xilinx/Vivado/2018.2/common/technology/xilinx/zynq/zynq.gen 
Execute       source /opt/Xilinx/Vivado/2018.2/common/technology/xilinx/common/virtex.gen 
Execute         source /opt/Xilinx/Vivado/2018.2/common/technology/xilinx/common/xilinx.gen 
Execute           source /opt/Xilinx/Vivado/2018.2/common/technology/xilinx/interface/plb46.gen 
Execute           source /opt/Xilinx/Vivado/2018.2/common/technology/xilinx/interface/fsl.gen 
Execute           source /opt/Xilinx/Vivado/2018.2/common/technology/xilinx/interface/axi4.gen 
Execute           source /opt/Xilinx/Vivado/2018.2/common/technology/xilinx/interface/nativeAXI4.gen 
Execute             source /opt/Xilinx/Vivado/2018.2/common/technology/xilinx/interface/saxilite.gen 
Execute             source /opt/Xilinx/Vivado/2018.2/common/technology/xilinx/interface/maxi.gen 
Execute           source /opt/Xilinx/Vivado/2018.2/common/technology/xilinx/scripts/xilinxcoregen.gen 
Execute           source /opt/Xilinx/Vivado/2018.2/common/technology/xilinx/interface/XilEDKCoreGen.gen 
Execute           source /opt/Xilinx/Vivado/2018.2/common/technology/xilinx/ip/dds_compiler.gen 
Execute           source /opt/Xilinx/Vivado/2018.2/common/technology/xilinx/ip/util.gen 
Execute           source /opt/Xilinx/Vivado/2018.2/common/technology/xilinx/ip/xfft.gen 
Execute           source /opt/Xilinx/Vivado/2018.2/common/technology/xilinx/ip/xfir.gen 
Command         ap_source done; 0.12 sec.
Execute         source /opt/Xilinx/Vivado/2018.2/common/technology/xilinx/common/dsp48.gen 
Command       ap_source done; 0.13 sec.
Command     ap_source done; 0.13 sec.
Execute     open_platform DefaultPlatform 
Execute     import_lib /opt/Xilinx/Vivado/2018.2/common/technology/xilinx/zynq/zynq_fpv6 
Execute       source /opt/Xilinx/Vivado/2018.2/common/technology/xilinx/common/xilinx_fpv7.lib 
Execute         source /opt/Xilinx/Vivado/2018.2/common/technology/xilinx/common/xilinx_hp.lib 
Execute       source /opt/Xilinx/Vivado/2018.2/common/technology/xilinx/common/xilinx_fpv.hlp 
Execute         source /opt/Xilinx/Vivado/2018.2/common/technology/xilinx/common/xilinx.hlp 
Execute           source /opt/Xilinx/Vivado/2018.2/common/technology/xilinx/common/target_info.tcl 
Execute           source /opt/Xilinx/Vivado/2018.2/common/technology/xilinx/interface/xilinx_interface.hlp 
Execute             source /opt/Xilinx/Vivado/2018.2/common/technology/xilinx/interface/maxi.hlp 
Execute             source /opt/Xilinx/Vivado/2018.2/common/technology/xilinx/interface/saxilite.hlp 
Execute           source /opt/Xilinx/Vivado/2018.2/common/technology/xilinx/common/dsp48.hlp 
Execute       source /opt/Xilinx/Vivado/2018.2/common/technology/xilinx/zynq/zynq_hp.hlp 
Execute     source /opt/Xilinx/Vivado/2018.2/common/technology/xilinx/zynq/zynq_fpv6.gen 
Execute       source /opt/Xilinx/Vivado/2018.2/common/technology/xilinx/common/xilinx_fpv6.gen 
Execute     set_part xc7z020clg484-1 
Execute       add_library xilinx/zynq/zynq:xc7z020:clg484:-1 
Execute         get_default_platform 
Execute         license_isbetapart xc7z020 
Command         license_isbetapart done; error code: 1; 
Execute         get_default_platform 
Execute         config_chip_info -quiet -resource  {SLICE 13300}  {LUT 53200}     {FF 106400} {DSP48E 220}   {BRAM 280}  
Execute         config_chip_info -quiet -speed slow 
Execute       add_library xilinx/zynq/zynq_fpv6 
Execute         get_default_platform 
INFO: [HLS 200-10] Setting target device to 'xc7z020clg484-1'
Execute       get_default_platform 
Execute     get_default_platform 
Execute     config_chip_info -quiet -resource  {SLICE 13300}  {LUT 53200}     {FF 106400} {DSP48E 220}   {BRAM 280}  
Execute     config_chip_info -quiet -speed slow 
Command   open_solution done; 0.22 sec.
Execute   set_part xc7z020clg484-1 -tool vivado 
Execute     add_library xilinx/zynq/zynq:xc7z020:clg484:-1 
Execute       get_default_platform 
Execute       license_isbetapart xc7z020 
Command       license_isbetapart done; error code: 1; 
Execute       get_default_platform 
Execute       config_chip_info -quiet -resource  {SLICE 13300}  {LUT 53200}     {FF 106400} {DSP48E 220}   {BRAM 280}  
Execute       config_chip_info -quiet -speed slow 
Execute     add_library xilinx/zynq/zynq_fpv6 
Execute       get_default_platform 
Execute     get_default_platform 
Execute   create_clock -period 10 -name default 
Execute   csynth_design 
Execute     get_config_compile -effort 
Execute     get_config_compile -enable_clang39 
Execute     get_config_compile -g 
Execute     get_config_compile -lm 
Execute     get_config_compile -ng 
Execute     get_config_compile -opt_fp 
Execute     get_config_compile -skip_cdt 
Execute     get_config_compile -skip_syncheck 
Execute     get_config_compile -skip_transform 
Execute     get_config_compile -keep_printf 
Execute     elaborate -effort=medium -skip_syncheck=0 -keep_printf=0 -lm=0 -skip_cdt=0 -skip_transform=0 -ng=0 -g=0 -opt_fp=0 -from_csynth_design=1 
Execute       get_config_schedule -relax_ii_for_timing 
Execute       get_config_schedule -suppress_dependence_error_break 
INFO: [HLS 200-10] Analyzing design file 'HLS_SPFA_KWTA/solution1/top.cpp' ... 
INFO-FLOW: Compiling one TU...
Execute       is_m_axi_addr64 
INFO-FLOW: Handling HLS_SPFA_KWTA/solution1/top.cpp as C++
Execute       get_default_platform 
Execute       is_encrypted HLS_SPFA_KWTA/solution1/top.cpp 
Execute       get_default_platform 
INFO-FLOW: Source preprocessing
Execute       clang  -fno-limit-debug-info -gcc-toolchain "/opt/Xilinx/Vivado/2018.2/lnx64/tools/gcc" -hls  -fno-exceptions  -D__llvm__  -E "HLS_SPFA_KWTA/solution1/top.cpp"     -fno-math-errno -c -emit-llvm -O0  -mllvm -disable-llvm-optzns -fno-threadsafe-statics  -fno-use-cxa-atexit  -fno-threadsafe-statics -fno-use-cxa-atexit -D__CLANG_3_1__ -DAESL_SYN -D__SYNTHESIS__ -D__HLS_SYN__ -I "/opt/Xilinx/Vivado/2018.2/common/technology/autopilot" -I "/opt/Xilinx/Vivado/2018.2/common/technology/autopilot/ap_sysc" -include etc/autopilot_ssdm_op.h -D__DSP48E1__  -o "/home/tingyuan/Temporary/vivado-outputs/HLS_SPFA_KWTA/solution1/.autopilot/db/top.pp.0.cpp" 
INFO-FLOW: exec /opt/Xilinx/Vivado/2018.2/lnx64/tools/clang/bin/clang -fno-limit-debug-info -gcc-toolchain /opt/Xilinx/Vivado/2018.2/lnx64/tools/gcc -hls -fno-exceptions -D__llvm__ -E HLS_SPFA_KWTA/solution1/top.cpp -fno-math-errno -c -emit-llvm -O0 -mllvm -disable-llvm-optzns -fno-threadsafe-statics -fno-use-cxa-atexit -fno-threadsafe-statics -fno-use-cxa-atexit -D__CLANG_3_1__ -DAESL_SYN -D__SYNTHESIS__ -D__HLS_SYN__ -I /opt/Xilinx/Vivado/2018.2/common/technology/autopilot -I /opt/Xilinx/Vivado/2018.2/common/technology/autopilot/ap_sysc -include etc/autopilot_ssdm_op.h -D__DSP48E1__ -o /home/tingyuan/Temporary/vivado-outputs/HLS_SPFA_KWTA/solution1/.autopilot/db/top.pp.0.cpp
Command       clang done; 1.43 sec.
INFO-FLOW: Syntax Checking before pre-processing...
Execute       clang  -fno-limit-debug-info -gcc-toolchain "/opt/Xilinx/Vivado/2018.2/lnx64/tools/gcc" -hls    -fno-math-errno -c -emit-llvm -O0  -mllvm -disable-llvm-optzns -fno-threadsafe-statics  -fno-use-cxa-atexit  -fno-threadsafe-statics -fno-use-cxa-atexit -D__CLANG_3_1__ -DAESL_SYN -D__SYNTHESIS__ -D__HLS_SYN__ -I "/opt/Xilinx/Vivado/2018.2/common/technology/autopilot" -I "/opt/Xilinx/Vivado/2018.2/common/technology/autopilot/ap_sysc" -include etc/autopilot_ssdm_op.h -D__DSP48E1__  "/home/tingyuan/Temporary/vivado-outputs/HLS_SPFA_KWTA/solution1/.autopilot/db/top.pp.0.cpp"  -o "/home/tingyuan/Temporary/vivado-outputs/HLS_SPFA_KWTA/solution1/.autopilot/db/useless.bc"  
INFO-FLOW: exec /opt/Xilinx/Vivado/2018.2/lnx64/tools/clang/bin/clang -fno-limit-debug-info -gcc-toolchain /opt/Xilinx/Vivado/2018.2/lnx64/tools/gcc -hls -fno-math-errno -c -emit-llvm -O0 -mllvm -disable-llvm-optzns -fno-threadsafe-statics -fno-use-cxa-atexit -fno-threadsafe-statics -fno-use-cxa-atexit -D__CLANG_3_1__ -DAESL_SYN -D__SYNTHESIS__ -D__HLS_SYN__ -I /opt/Xilinx/Vivado/2018.2/common/technology/autopilot -I /opt/Xilinx/Vivado/2018.2/common/technology/autopilot/ap_sysc -include etc/autopilot_ssdm_op.h -D__DSP48E1__ /home/tingyuan/Temporary/vivado-outputs/HLS_SPFA_KWTA/solution1/.autopilot/db/top.pp.0.cpp -o /home/tingyuan/Temporary/vivado-outputs/HLS_SPFA_KWTA/solution1/.autopilot/db/useless.bc
Command       clang done; 1.99 sec.
INFO-FLOW: GCC PP time: 3 seconds per iteration
Execute       list_core -type functional_unit 
Execute       tidy_31 xilinx-systemc-detector /home/tingyuan/Temporary/vivado-outputs/HLS_SPFA_KWTA/solution1/.autopilot/db/top.pp.0.cpp std=gnu++98 -directive=/home/tingyuan/Temporary/vivado-outputs/HLS_SPFA_KWTA/solution1/.autopilot/db/.systemc_flag 
INFO-FLOW: exec /opt/Xilinx/Vivado/2018.2/lnx64/tools/clang-3.9-csynth/bin/tidy-3.1 -header-filter=.* --checks=-*,xilinx-systemc-detector -import-directive=/home/tingyuan/Temporary/vivado-outputs/HLS_SPFA_KWTA/solution1/.autopilot/db/.systemc_flag -quiet -fix-errors /home/tingyuan/Temporary/vivado-outputs/HLS_SPFA_KWTA/solution1/.autopilot/db/top.pp.0.cpp -- -std=gnu++98 -fhls -ferror-limit=0
Command       tidy_31 done; 1.13 sec.
INFO-FLOW: CDT Preprocessing with tidy-3.1...
Execute       tidy_31 xilinx-directive2pragma /home/tingyuan/Temporary/vivado-outputs/HLS_SPFA_KWTA/solution1/.autopilot/db/top.pp.0.cpp std=gnu++98 -directive=/home/tingyuan/Temporary/vivado-outputs/HLS_SPFA_KWTA/solution1/solution1.json 
INFO-FLOW: exec /opt/Xilinx/Vivado/2018.2/lnx64/tools/clang-3.9-csynth/bin/tidy-3.1 -header-filter=.* --checks=-*,xilinx-directive2pragma -import-directive=/home/tingyuan/Temporary/vivado-outputs/HLS_SPFA_KWTA/solution1/solution1.json -quiet -fix-errors /home/tingyuan/Temporary/vivado-outputs/HLS_SPFA_KWTA/solution1/.autopilot/db/top.pp.0.cpp -- -std=gnu++98 -fhls -ferror-limit=0
Command       tidy_31 done; 1.12 sec.
Execute       get_config_dataflow -strict_mode 
Execute       ap_eval exec -ignorestderr /opt/Xilinx/Vivado/2018.2/lnx64/tools/clang-3.9-csynth/bin/xilinx-dataflow-lawyer -export-fixes=/home/tingyuan/Temporary/vivado-outputs/HLS_SPFA_KWTA/solution1/.autopilot/db/xilinx-dataflow-lawyer.top.pp.0.cpp.diag.yml /home/tingyuan/Temporary/vivado-outputs/HLS_SPFA_KWTA/solution1/.autopilot/db/top.pp.0.cpp -- -std=gnu++98 -fhls -ferror-limit=0 -fstrict-dataflow > /home/tingyuan/Temporary/vivado-outputs/HLS_SPFA_KWTA/solution1/.autopilot/db/xilinx-dataflow-lawyer.top.pp.0.cpp.out.log 2> /home/tingyuan/Temporary/vivado-outputs/HLS_SPFA_KWTA/solution1/.autopilot/db/xilinx-dataflow-lawyer.top.pp.0.cpp.err.log 
Command       ap_eval done; 0.84 sec.
Execute       tidy_31 -errorcheck xilinx-constantarray-param,xilinx-resource-pragma-transformer /home/tingyuan/Temporary/vivado-outputs/HLS_SPFA_KWTA/solution1/.autopilot/db/top.pp.0.cpp std=gnu++98 
INFO-FLOW: exec /opt/Xilinx/Vivado/2018.2/lnx64/tools/clang-3.9-csynth/bin/tidy-3.1 -header-filter=.* --checks=-*,xilinx-constantarray-param,xilinx-resource-pragma-transformer -quiet -fix-errors /home/tingyuan/Temporary/vivado-outputs/HLS_SPFA_KWTA/solution1/.autopilot/db/top.pp.0.cpp -- -std=gnu++98 -fhls -ferror-limit=0
INFO-FLOW: exec /opt/Xilinx/Vivado/2018.2/lnx64/tools/clang-3.9-csynth/bin/xilinx-legacy-rewriter /home/tingyuan/Temporary/vivado-outputs/HLS_SPFA_KWTA/solution1/.autopilot/db/top.pp.0.cpp -- -std=gnu++98 -fhls -ferror-limit=0
Command       tidy_31 done; 2.85 sec.
INFO-FLOW: tidy-3.1 time 4 seconds per iteration
INFO-FLOW: Pragma Handling...
Execute       tidy_31 xilinx-ssdm-intrinsics-arguments /home/tingyuan/Temporary/vivado-outputs/HLS_SPFA_KWTA/solution1/.autopilot/db/top.pragma.1.cpp std=gnu++98 
INFO-FLOW: exec /opt/Xilinx/Vivado/2018.2/lnx64/tools/clang-3.9-csynth/bin/tidy-3.1 -header-filter=.* --checks=-*,xilinx-ssdm-intrinsics-arguments -quiet -fix-errors /home/tingyuan/Temporary/vivado-outputs/HLS_SPFA_KWTA/solution1/.autopilot/db/top.pragma.1.cpp -- -std=gnu++98 -fhls -ferror-limit=0
Command       tidy_31 done; 1.86 sec.
INFO-FLOW: Source preprocessing
Execute       clang  -fno-limit-debug-info -gcc-toolchain "/opt/Xilinx/Vivado/2018.2/lnx64/tools/gcc" -hls  -fno-exceptions  -D__llvm__  -E "/home/tingyuan/Temporary/vivado-outputs/HLS_SPFA_KWTA/solution1/.autopilot/db/top.pragma.1.cpp"     -fno-math-errno -c -emit-llvm -O0  -mllvm -disable-llvm-optzns -fno-threadsafe-statics  -fno-use-cxa-atexit  -fno-threadsafe-statics -fno-use-cxa-atexit -D__CLANG_3_1__ -DAESL_SYN -D__SYNTHESIS__ -D__HLS_SYN__ -I "/opt/Xilinx/Vivado/2018.2/common/technology/autopilot" -I "/opt/Xilinx/Vivado/2018.2/common/technology/autopilot/ap_sysc" -include etc/autopilot_ssdm_op.h -D__DSP48E1__  -o "/home/tingyuan/Temporary/vivado-outputs/HLS_SPFA_KWTA/solution1/.autopilot/db/top.pragma.2.cpp" 
INFO-FLOW: exec /opt/Xilinx/Vivado/2018.2/lnx64/tools/clang/bin/clang -fno-limit-debug-info -gcc-toolchain /opt/Xilinx/Vivado/2018.2/lnx64/tools/gcc -hls -fno-exceptions -D__llvm__ -E /home/tingyuan/Temporary/vivado-outputs/HLS_SPFA_KWTA/solution1/.autopilot/db/top.pragma.1.cpp -fno-math-errno -c -emit-llvm -O0 -mllvm -disable-llvm-optzns -fno-threadsafe-statics -fno-use-cxa-atexit -fno-threadsafe-statics -fno-use-cxa-atexit -D__CLANG_3_1__ -DAESL_SYN -D__SYNTHESIS__ -D__HLS_SYN__ -I /opt/Xilinx/Vivado/2018.2/common/technology/autopilot -I /opt/Xilinx/Vivado/2018.2/common/technology/autopilot/ap_sysc -include etc/autopilot_ssdm_op.h -D__DSP48E1__ -o /home/tingyuan/Temporary/vivado-outputs/HLS_SPFA_KWTA/solution1/.autopilot/db/top.pragma.2.cpp
Command       clang done; 1.38 sec.
Execute       get_default_platform 
INFO-FLOW: Processing labels
Execute       clang -src /home/tingyuan/Temporary/vivado-outputs/HLS_SPFA_KWTA/solution1/.autopilot/db/top.pragma.2.cpp  -fno-limit-debug-info -gcc-toolchain /opt/Xilinx/Vivado/2018.2/lnx64/tools/gcc -hls -hls-analyze-label -hls-analyze-pragma -fno-exceptions  -D__llvm__  -w  "/home/tingyuan/Temporary/vivado-outputs/HLS_SPFA_KWTA/solution1/.autopilot/db/top.pragma.2.cpp"    -fno-math-errno -c -emit-llvm -O0  -mllvm -disable-llvm-optzns -fno-threadsafe-statics  -fno-use-cxa-atexit -DAESL_SYN -D__SYNTHESIS__ -D__HLS_SYN__ -I "/opt/Xilinx/Vivado/2018.2/common/technology/autopilot" -I "/opt/Xilinx/Vivado/2018.2/common/technology/autopilot/ap_sysc" -include etc/autopilot_ssdm_op.h -D__DSP48E1__ -g -o "/home/tingyuan/Temporary/vivado-outputs/HLS_SPFA_KWTA/solution1/.autopilot/db/top.bc" 
INFO-FLOW: exec /opt/Xilinx/Vivado/2018.2/lnx64/tools/clang/bin/clang -fno-limit-debug-info -gcc-toolchain /opt/Xilinx/Vivado/2018.2/lnx64/tools/gcc -hls -hls-analyze-label -hls-analyze-pragma -fno-exceptions -D__llvm__ -w /home/tingyuan/Temporary/vivado-outputs/HLS_SPFA_KWTA/solution1/.autopilot/db/top.pragma.2.cpp -fno-math-errno -c -emit-llvm -O0 -mllvm -disable-llvm-optzns -fno-threadsafe-statics -fno-use-cxa-atexit -DAESL_SYN -D__SYNTHESIS__ -D__HLS_SYN__ -I /opt/Xilinx/Vivado/2018.2/common/technology/autopilot -I /opt/Xilinx/Vivado/2018.2/common/technology/autopilot/ap_sysc -include etc/autopilot_ssdm_op.h -D__DSP48E1__ -g -o /home/tingyuan/Temporary/vivado-outputs/HLS_SPFA_KWTA/solution1/.autopilot/db/top.bc
Command       clang done; 2.03 sec.
INFO-FLOW: Linking Debug ...
Execute       llvm-ld /home/tingyuan/Temporary/vivado-outputs/HLS_SPFA_KWTA/solution1/.autopilot/db/top.g.bc -hls-opt -except-internalize HLS_SPFA_KWTA -L/opt/Xilinx/Vivado/2018.2/lnx64/lib -lhlsm -lhlsmc++ -o /home/tingyuan/Temporary/vivado-outputs/HLS_SPFA_KWTA/solution1/.autopilot/db/a.g 
Command       llvm-ld done; 0.7 sec.
INFO: [HLS 200-111] Finished Linking Time (s): cpu = 00:00:16 ; elapsed = 00:00:16 . Memory (MB): peak = 375.676 ; gain = 0.113 ; free physical = 7435 ; free virtual = 28366
INFO: [HLS 200-111] Finished Checking Pragmas Time (s): cpu = 00:00:16 ; elapsed = 00:00:16 . Memory (MB): peak = 375.676 ; gain = 0.113 ; free physical = 7441 ; free virtual = 28372
Execute       ::config_rtl 
Execute       opt_and_import_c a -opt_level=2 -skip_syncheck=0 -ng=0 -keep_printf=0 
Execute         cleanup_all_models 
INFO: [HLS 200-10] Starting code transformations ...
Execute         transform -promote-dbg-pointer /home/tingyuan/Temporary/vivado-outputs/HLS_SPFA_KWTA/solution1/.autopilot/db/a.pp.bc -o /home/tingyuan/Temporary/vivado-outputs/HLS_SPFA_KWTA/solution1/.autopilot/db/a.pp.0.bc -f 
Execute         llvm-ld /home/tingyuan/Temporary/vivado-outputs/HLS_SPFA_KWTA/solution1/.autopilot/db/a.pp.0.bc -disable-opt -L/opt/Xilinx/Vivado/2018.2/lnx64/lib -lfloatconversion -o /home/tingyuan/Temporary/vivado-outputs/HLS_SPFA_KWTA/solution1/.autopilot/db/a.g.0 
Command         llvm-ld done; 0.69 sec.
INFO-FLOW: Running Standard Transforms...
Execute         transform -hls -share-std-xform -demangle-name -inline-byval-memcpy -always-inline -promote-dbg-pointer -interface-preproc -scalarrepl -mem2reg -keep-read-access -instcombine -dce -promote-dbg-pointer -bitop-raise -loop-simplify -indvarspre -indvars -loop-simplify -xunroll -constprop -instcombine -simplifycfg -indvars -simplifycfg -dce -globaldce -basicaa -simplifycfg -mem2reg -globalopt -global-constprop -deadargelim -instcombine -simplifycfg -prune-eh -simplifycfg -scalarrepl -instcombine -reassociate -licm -simplifycfg -loop-simplify -indvars -instcombine -simplifycfg -mem2reg -loop-simplify -indvars -instcombine -gvn -gvn -instcombine -adce -break-crit-edges -simplifycfg -loop-delete -global-array-opt -dce -dse -adce -find-syn-modules -top HLS_SPFA_KWTA -deadargelim -mem2reg -instcombine -dce -presyn-prepare -auto-rom-infer -interface-preproc -syn-check -check-rec-only -find-region -simplifycfg -func-extr -function-inline -globaldce -mem2reg -instcombine -dce -gvn -globaldce -adce -adse -constprop -instcombine -bit-constprop -instcombine -dce -simplifycfg -bitop-raise -simplifycfg -dce -loop-delete -reassociate -globalopt -global-privatize -mem2reg -dce -global-constprop -pointer-simplify -constprop -dce -func-inst -deadargelim -auto-shift-reg-idiom -promote-dbg-pointer -norm-name /home/tingyuan/Temporary/vivado-outputs/HLS_SPFA_KWTA/solution1/.autopilot/db/a.g.0.bc -o /home/tingyuan/Temporary/vivado-outputs/HLS_SPFA_KWTA/solution1/.autopilot/db/a.g.1.bc -f -phase std-opt 
INFO: [XFORM 203-603] Inlining function 'HLS_malloc<1>' into 'HLS_SPFA_KWTA' (HLS_SPFA_KWTA/solution1/top.cpp:248).
INFO: [XFORM 203-603] Inlining function 'HLS_malloc<1>' into 'HLS_SPFA_KWTA' (HLS_SPFA_KWTA/solution1/top.cpp:226).
INFO: [XFORM 203-603] Inlining function 'HLS_malloc<1>' into 'HLS_SPFA_KWTA' (HLS_SPFA_KWTA/solution1/top.cpp:205).
INFO: [XFORM 203-603] Inlining function 'HLS_malloc<1>' into 'HLS_SPFA_KWTA' (HLS_SPFA_KWTA/solution1/top.cpp:192).
INFO: [XFORM 203-603] Inlining function 'HLS_malloc<1>' into 'HLS_SPFA_KWTA' (HLS_SPFA_KWTA/solution1/top.cpp:93).
INFO: [XFORM 203-603] Inlining function 'HLS_malloc<1>' into 'HLS_SPFA_KWTA' (HLS_SPFA_KWTA/solution1/top.cpp:78).
INFO: [XFORM 203-603] Inlining function 'HLS_free<1>' into 'HLS_SPFA_KWTA' (HLS_SPFA_KWTA/solution1/top.cpp:305).
INFO: [HLS 200-111] Finished Standard Transforms Time (s): cpu = 00:00:16 ; elapsed = 00:00:17 . Memory (MB): peak = 375.711 ; gain = 0.148 ; free physical = 7432 ; free virtual = 28363
INFO: [HLS 200-10] Checking synthesizability ...
INFO-FLOW: Checking Synthesizability 1/2..
Execute         transform -hls -syn-check -check-rec-only -disaggr -scalarrepl -norm-name -dce -mem2reg -instcombine -function-uniquify -directive-preproc -mem2reg -dse -dce -auto-rom-infer -dce -array-normalize -instcombine -dce -warn-fifo-pointer -array-seg-normalize -instcombine -dce -array-flatten -instcombine -dce -array-burst -dce -deadargelim -promote-global-argument -simplifycfg -mem2reg -globaldce -resolve-double-ptr -dce -deadargelim -dce -instcombine -function-inline -globaldce -dce -doublePtrSimplify -doublePtrElim -dce -doublePtrSimplify -promote-dbg-pointer -dce -scalarrepl -dse -adse -instcombine -ptrLegalization -simplifycfg -dce -instcombine -pointer-simplify -ptrArgReplace -dce -instcombine -disaggr -scalarrepl -norm-name -dce -mem2reg -instcombine -ptrLegalization -simplifycfg -deadargelim -instcombine -dce -inst-simplify -function-uniquify -directive-preproc -mem2reg -dse -dce -globaldce /home/tingyuan/Temporary/vivado-outputs/HLS_SPFA_KWTA/solution1/.autopilot/db/a.g.1.bc -o /home/tingyuan/Temporary/vivado-outputs/HLS_SPFA_KWTA/solution1/.autopilot/db/a.g.2.prechk.bc -f 
INFO-FLOW: Checking Synthesizability 2/2..
Execute         transform -syn-check /home/tingyuan/Temporary/vivado-outputs/HLS_SPFA_KWTA/solution1/.autopilot/db/a.g.2.prechk.bc -o /home/tingyuan/Temporary/vivado-outputs/HLS_SPFA_KWTA/solution1/.autopilot/db/a.g.2.bc -f -phase syn-check 
INFO: [HLS 200-111] Finished Checking Synthesizability Time (s): cpu = 00:00:16 ; elapsed = 00:00:17 . Memory (MB): peak = 375.711 ; gain = 0.148 ; free physical = 7433 ; free virtual = 28365
INFO-FLOW: Compiler optimizing ...
INFO-FLOW: Share syncheck's 1.bc for syn flow: copy /home/tingyuan/Temporary/vivado-outputs/HLS_SPFA_KWTA/solution1/.autopilot/db/a.g.1.bc to /home/tingyuan/Temporary/vivado-outputs/HLS_SPFA_KWTA/solution1/.autopilot/db/a.o.1.bc
INFO-FLOW: Presyn 1...
Execute         transform -hls -tmp /home/tingyuan/Temporary/vivado-outputs/HLS_SPFA_KWTA/solution1/.autopilot/db -interface-port-rename -type-info -function-uniquify -directive-preproc -mem2reg -dse -dce -disaggr -scalarrepl -norm-name -deadargelim -mem2reg -instcombine -dce -simplifycfg -auto-rom-infer -dce -function-uniquify -resource-proc -simplifycfg -mem2reg -globaldce -resolve-double-ptr -dce -deadargelim -dce -instcombine -clib-intrinsic-prepare -dce -func-buffer -dce -array-normalize -func-legal -instcombine -gvn -constprop -dce -ptrArgReplace -mem2reg -instcombine -dce -array-seg-normalize -deadargelim -instcombine -dce -pointer-simplify -dce -port-alignment -dce -interface-preproc -data-pack -instcombine -dce -basicaa -aggr-aa -aggrmodref-aa -aggr-aa -gvn -gvn -basicaa -aggr-aa -aggrmodref-aa -aggr-aa -dse -adse -adce -loop-simplify -indvars -instcombine -gvn -loop-simplify -mem2reg -dce -find-region -instcombine -auto-loop-pipeline -inst-simplify -interface-preproc -cfgopt -instcombine -indvars -auto-loop-unroll -loop-simplify -loop-bound -xunroll -constprop -instcombine -simplifycfg -indvars -simplifycfg -dce -globaldce -clean-region -attach-range -gvn -inst-simplify -constprop -simplifycfg -dce -pointer-simplify -dce -globalopt -constprop -dce -array-promote -constprop -instcombine -dce -ptrArgReplace -mem2reg -instcombine -simplifycfg -dce -auto-par -instcombine -dce -array-transform-check -array-reshape -instcombine -simplifycfg -dce -ptrArgReplace -deadargelim -mem2reg -instcombine -simplifycfg -dce -indvars -loop-simplify -loop-bound -xunroll -constprop -instcombine -simplifycfg -indvars -simplifycfg -dce -globaldce -duplicate-dataflow-processes -globaldce -instcombine -array-partition -instcombine -simplifycfg -dce -ptrArgReplace -global-constprop -deadargelim -mem2reg -func-legal -instcombine -dce -global-constprop -deadargelim -mem2reg -instcombine -simplifycfg -dce -merge-param -deadargelim -globalopt -constprop -dce -array-promote -constprop -instcombine -dce -ptrArgReplace -mem2reg -instcombine -simplifycfg -dce -mem-intrinsic-preproc -dce -global-internalize -global-privatize -mem2reg -globaldce -promote-global-argument -ptrArgReplace -mem2reg -instcombine -dce -globalopt -mergereturn -simplify-global-access -mem2reg -dce -pointer-simplify -dce -functionattrs -basicaa -aggr-aa -aggrmodref-aa -aggr-aa -gvn -gvn -basicaa -aggr-aa -aggrmodref-aa -aggr-aa -dse -adse -adce -inst-simplify -dce -norm-name -function-inline -globaldce -func-inst -constprop -instcombine -simplifycfg -dce -func-legal -dce -loop-bound -arraycheck -bitwidthmin -on-by-dataflow -loop-delete -instcombine -simplifycfg -globaldce -dce -gvn -deadargelim -dce -loop-simplify -clean-region -simplifycfg -propagate-stable-arguments -loop-stream -instcombine -simplifycfg -dce -globaldce -duplicate-dataflow-processes -stream-intrinsic-preproc -dce -check-ap-stream -loop-simplify -eliminate-keepreads -extract-dataflow-in-loop -loop-simplify -dce -gvn -deadargelim -dse -check-dataflow-syntax -legalize-stream-variable -legalize-global -extract-subproc -dce -dead-channel-elimination -canonicalize-gep -globaldce -dce -gvn -deadargelim -annotate-dataflow-channels -scalar-propagation -deadargelim -globaldce -mem2reg -check-dataflow-channels -function-stream -dce -globaldce -prop-fifo-spec -internal-stream-gen -canonicalize-gep -globaldce -dce -gvn -deadargelim -mergereturn -indvars -loop-simplify -instcombine -array-stream -array-seg-normalize -array-partition -func-legal -instcombine -simplifycfg -dce -bundle-memfifo-ops -deadargelim -function-uniquify -directive-preproc -mem2reg -dse -dce -group-axi-access -licm -simplifycfg -dce -loop-delete -norm-name /home/tingyuan/Temporary/vivado-outputs/HLS_SPFA_KWTA/solution1/.autopilot/db/a.o.1.bc -o /home/tingyuan/Temporary/vivado-outputs/HLS_SPFA_KWTA/solution1/.autopilot/db/a.o.1.tmp.bc -f 
INFO: [XFORM 203-101] Partitioning array 'HTA_heap' (HLS_SPFA_KWTA/solution1/top.cpp:63) in dimension 1 with a cyclic factor 2.
Command         transform done; 0.18 sec.
INFO-FLOW: Presyn 2...
Execute         transform -hls -keep-callgraph -scalarrepl -mem2reg -port-alignment -attach-range -dce -pipe-mux-gen -indvars -loop-bound -inst-simplify -instcombine -dce -merge-array-access -mem2reg -dce -clean-region -mergereturn -if-conv -instcombine -dce -constprop -basicaa -aggr-aa -aggrmodref-aa -aggr-aa -gvn -gvn -basicaa -aggr-aa -aggrmodref-aa -aggr-aa -dse -adse -adce -scalarrepl -mem2reg -global-constprop -deadargelim -deadargelim -instcombine -dce -simplifycfg -ptrArgReplace -mem2reg -function-inline -globaldce -mem2reg -instcombine -dce -expr-balance -instcombine -dce -bitwidthmin -interface-preproc -directive-preproc -inst-rectify -instcombine -dce -functionattrs -constprop -instcombine -bit-constprop -simplify-global-access -globalopt -globaldce -inst-simplify -instcombine -elimdeaddata -dce -loop-delete -simplifycfg -loop-simplify -auto-burst -norm-name /home/tingyuan/Temporary/vivado-outputs/HLS_SPFA_KWTA/solution1/.autopilot/db/a.o.1.tmp.bc -o /home/tingyuan/Temporary/vivado-outputs/HLS_SPFA_KWTA/solution1/.autopilot/db/a.o.2.bc -f -phase presyn 
INFO: [XFORM 203-401] Performing if-conversion on hyperblock from (HLS_SPFA_KWTA/solution1/top.cpp:147:13) to (HLS_SPFA_KWTA/solution1/top.cpp:186:13) in function 'HLS_SPFA_KWTA'... converting 5 basic blocks.
INFO: [XFORM 203-401] Performing if-conversion on hyperblock from (HLS_SPFA_KWTA/solution1/top.cpp:120:6) to (HLS_SPFA_KWTA/solution1/top.cpp:134:14) in function 'HLS_SPFA_KWTA'... converting 7 basic blocks.
INFO: [XFORM 203-401] Performing if-conversion on hyperblock from (HLS_SPFA_KWTA/solution1/top.cpp:303:9) to (HLS_SPFA_KWTA/solution1/top.cpp:314:5) in function 'HLS_SPFA_KWTA'... converting 4 basic blocks.
INFO: [XFORM 203-401] Performing if-conversion on hyperblock from (HLS_SPFA_KWTA/solution1/top.cpp:319:9) to (HLS_SPFA_KWTA/solution1/top.cpp:317:24) in function 'HLS_SPFA_KWTA'... converting 4 basic blocks.
Command         transform done; 0.16 sec.
INFO: [HLS 200-111] Finished Pre-synthesis Time (s): cpu = 00:00:17 ; elapsed = 00:00:18 . Memory (MB): peak = 503.562 ; gain = 128.000 ; free physical = 7410 ; free virtual = 28341
INFO-FLOW: Building ssdm...
Execute         transform -hls -function-uniquify -auto-function-inline -globaldce -ptrArgReplace -mem2reg -instcombine -dce -reset-lda -loop-simplify -indvars -licm -loop-dep -loop-bound -licm -loop-simplify -flattenloopnest -array-flatten -gvn -instcombine -dce -array-map -dce -func-legal -gvn -adce -instcombine -cfgopt -simplifycfg -loop-simplify -array-burst -promote-global-argument -dce -axi4-lower -array-seg-normalize -basicaa -aggrmodref-aa -globalsmodref-aa -aggr-aa -gvn -gvn -basicaa -aggrmodref-aa -globalsmodref-aa -aggr-aa -dse -adse -adce -licm -inst-simplify -dce -globaldce -instcombine -array-stream -eliminate-keepreads -instcombine -dce -deadargelim -doublePtrSimplify -doublePtrElim -dce -doublePtrSimplify -promote-dbg-pointer -dce -scalarrepl -mem2reg -disaggr -norm-name -mem2reg -instcombine -dse -adse -adce -ptrLegalization -dce -auto-rom-infer -array-flatten -dce -instcombine -check-doubleptr -loop-rot -constprop -cfgopt -simplifycfg -loop-simplify -indvars -pointer-simplify -dce -loop-bound -loop-simplify -loop-preproc -constprop -global-constprop -gvn -mem2reg -instcombine -dce -loop-bound -loop-merge -dce -bitwidthmin -deadargelim -dce -canonicalize-dataflow -dce -scalar-propagation -deadargelim -globaldce -mem2reg -read-loop-dep -interface-preproc -directive-preproc -interface-gen -bram-byte-enable -deadargelim -inst-simplify -dce -gvn -mem2reg -instcombine -dce -adse -loop-bound -instcombine -cfgopt -simplifycfg -loop-simplify -clean-region -io-protocol -find-region -mem2reg -bitop-raise -inst-simplify -inst-rectify -instcombine -adce -deadargelim -loop-simplify -phi-opt -bitop-raise -cfgopt -simplifycfg -strip-dead-prototypes -interface-lower -bitop-lower -intrinsic-lower -auto-function-inline -basicaa -aggrmodref-aa -globalsmodref-aa -aggr-aa -inst-simplify -simplifycfg -loop-simplify -mergereturn -inst-simplify -inst-rectify -dce -load-elim -bitop-lower -loop-rewind -pointer-simplify -dce -cfgopt -dce -bitwidth -loop-dep -read-loop-dep -dce -check-stream -norm-name -legalize -validate-dataflow -dead-allocation-elimination -cdfg-build /home/tingyuan/Temporary/vivado-outputs/HLS_SPFA_KWTA/solution1/.autopilot/db/a.o.2.bc -o /home/tingyuan/Temporary/vivado-outputs/HLS_SPFA_KWTA/solution1/.autopilot/db/a.o.3.bc -f -phase build-ssdm 
Command         transform done; 0.28 sec.
INFO: [HLS 200-111] Finished Architecture Synthesis Time (s): cpu = 00:00:17 ; elapsed = 00:00:18 . Memory (MB): peak = 503.562 ; gain = 128.000 ; free physical = 7418 ; free virtual = 28351
INFO-FLOW: Finish building internal data model.
Command       opt_and_import_c done; 1.46 sec.
Command     elaborate done; 17.26 sec.
Execute     autosyn -from_csynth_design=1 
INFO: [HLS 200-10] Starting hardware synthesis ...
INFO-FLOW: Synthesizing C/C++ design ...
INFO: [HLS 200-10] Synthesizing 'HLS_SPFA_KWTA' ...
Execute       ap_set_top_model HLS_SPFA_KWTA 
Execute       get_model_list HLS_SPFA_KWTA -filter all-wo-channel -topdown 
Execute       preproc_iomode -model HLS_SPFA_KWTA 
Execute       get_model_list HLS_SPFA_KWTA -filter all-wo-channel 
INFO-FLOW: Model list for configure: HLS_SPFA_KWTA
INFO-FLOW: Configuring Module : HLS_SPFA_KWTA ...
Execute       set_default_model HLS_SPFA_KWTA 
Execute       apply_spec_resource_limit HLS_SPFA_KWTA 
INFO-FLOW: Model list for preprocess: HLS_SPFA_KWTA
INFO-FLOW: Preprocessing Module: HLS_SPFA_KWTA ...
Execute       set_default_model HLS_SPFA_KWTA 
Execute       cdfg_preprocess -model HLS_SPFA_KWTA 
Execute       rtl_gen_preprocess HLS_SPFA_KWTA 
WARNING: [SYN 201-107] Renaming port name 'HLS_SPFA_KWTA/map' to 'HLS_SPFA_KWTA/map_r' to avoid the conflict with HDL keywords or other object names.
INFO-FLOW: Model list for synthesis: HLS_SPFA_KWTA
INFO: [HLS 200-10] ----------------------------------------------------------------
INFO: [HLS 200-42] -- Implementing module 'HLS_SPFA_KWTA' 
INFO: [HLS 200-10] ----------------------------------------------------------------
Execute       set_default_model HLS_SPFA_KWTA 
Execute       schedule -model HLS_SPFA_KWTA 
INFO: [SCHED 204-11] Starting scheduling ...
INFO: [SCHED 204-11] Finished scheduling.
Command       schedule done; 0.2 sec.
INFO: [HLS 200-111]  Elapsed time: 18 seconds; current allocated memory: 74.819 MB.
Execute       report -o /home/tingyuan/Temporary/vivado-outputs/HLS_SPFA_KWTA/solution1/.autopilot/db/HLS_SPFA_KWTA.verbose.sched.rpt -verbose -f 
INFO: [HLS 200-434] Only 0 loops out of a total 5 loops have been pipelined in this design.
Execute       db_write -o /home/tingyuan/Temporary/vivado-outputs/HLS_SPFA_KWTA/solution1/.autopilot/db/HLS_SPFA_KWTA.sched.adb -f 
INFO-FLOW: Finish scheduling HLS_SPFA_KWTA.
Execute       set_default_model HLS_SPFA_KWTA 
Execute       bind -model HLS_SPFA_KWTA 
BIND OPTION: fu_weight=[ 0.0 -- 1.0 ]
BIND OPTION: model=HLS_SPFA_KWTA
BIND OPTION: reg_weight=[ 0.0 -- 1.0 ]
INFO: [BIND 205-100] Starting micro-architecture generation ...
INFO: [BIND 205-101] Performing variable lifetime analysis.
INFO: [BIND 205-101] Exploring resource sharing.
INFO: [BIND 205-101] Binding ...
INFO: [BIND 205-100] Finished micro-architecture generation.
INFO: [HLS 200-111]  Elapsed time: 0.19 seconds; current allocated memory: 75.928 MB.
Execute       report -o /home/tingyuan/Temporary/vivado-outputs/HLS_SPFA_KWTA/solution1/.autopilot/db/HLS_SPFA_KWTA.verbose.bind.rpt -verbose -f 
Command       report done; 0.19 sec.
Execute       db_write -o /home/tingyuan/Temporary/vivado-outputs/HLS_SPFA_KWTA/solution1/.autopilot/db/HLS_SPFA_KWTA.bind.adb -f 
INFO-FLOW: Finish binding HLS_SPFA_KWTA.
Execute       get_model_list HLS_SPFA_KWTA -filter all-wo-channel 
INFO-FLOW: Preprocessing for RTLGen ...
Execute       rtl_gen_preprocess HLS_SPFA_KWTA 
INFO-FLOW: Model list for RTL generation: HLS_SPFA_KWTA
INFO: [HLS 200-10] ----------------------------------------------------------------
INFO: [HLS 200-10] -- Generating RTL for module 'HLS_SPFA_KWTA' 
INFO: [HLS 200-10] ----------------------------------------------------------------
Execute       get_config_rtl -prefix 
Execute       get_config_rtl -auto_prefix 
Execute       create_rtl_model HLS_SPFA_KWTA -vendor xilinx -mg_file /home/tingyuan/Temporary/vivado-outputs/HLS_SPFA_KWTA/solution1/.autopilot/db/HLS_SPFA_KWTA.compgen.tcl 
INFO: [RTGEN 206-500] Setting interface mode on port 'HLS_SPFA_KWTA/n' to 'ap_none'.
INFO: [RTGEN 206-500] Setting interface mode on port 'HLS_SPFA_KWTA/map_r' to 'ap_memory'.
INFO: [RTGEN 206-500] Setting interface mode on port 'HLS_SPFA_KWTA/dis_output' to 'ap_memory'.
INFO: [RTGEN 206-500] Setting interface mode on port 'HLS_SPFA_KWTA/alloc_HTA_size' to 'ap_hs'.
INFO: [RTGEN 206-500] Setting interface mode on port 'HLS_SPFA_KWTA/alloc_HTA_free_target' to 'ap_hs'.
INFO: [RTGEN 206-500] Setting interface mode on port 'HLS_SPFA_KWTA/alloc_HTA_addr' to 'ap_hs'.
INFO: [RTGEN 206-500] Setting interface mode on port 'HLS_SPFA_KWTA/alloc_HTA_cmd' to 'ap_hs'.
INFO: [RTGEN 206-500] Setting interface mode on port 'HLS_SPFA_KWTA/alloc_KWTA_size' to 'ap_hs'.
INFO: [RTGEN 206-500] Setting interface mode on port 'HLS_SPFA_KWTA/alloc_KWTA_free_target' to 'ap_hs'.
INFO: [RTGEN 206-500] Setting interface mode on port 'HLS_SPFA_KWTA/alloc_KWTA_addr' to 'ap_hs'.
INFO: [RTGEN 206-500] Setting interface mode on port 'HLS_SPFA_KWTA/alloc_KWTA_cmd' to 'ap_hs'.
INFO: [RTGEN 206-500] Setting interface mode on function 'HLS_SPFA_KWTA' to 'ap_ctrl_hs'.
WARNING: [RTGEN 206-101] Register 'guard_variable_for_H' is power-on initialization.
WARNING: [RTGEN 206-101] Register 'N_2' is power-on initialization.
INFO: [SYN 201-210] Renamed object name 'HLS_SPFA_KWTA_HTA_heap_0' to 'HLS_SPFA_KWTA_HTAbkb' due to the length limit 20
INFO: [SYN 201-210] Renamed object name 'HLS_SPFA_KWTA_HTA_heap_1' to 'HLS_SPFA_KWTA_HTAcud' due to the length limit 20
INFO: [SYN 201-210] Renamed object name 'HLS_SPFA_KWTA_in_list' to 'HLS_SPFA_KWTA_in_dEe' due to the length limit 20
INFO: [RTGEN 206-100] Finished creating RTL model for 'HLS_SPFA_KWTA'.
INFO: [HLS 200-111]  Elapsed time: 0.3 seconds; current allocated memory: 77.895 MB.
Execute       source /home/tingyuan/Temporary/vivado-outputs/HLS_SPFA_KWTA/solution1/.autopilot/db/HLS_SPFA_KWTA.rtl_wrap.cfg.tcl 
Execute       gen_rtl HLS_SPFA_KWTA -istop -style xilinx -tracefl mytrace -tracefmt vcd -traceopt all -f -lang sc -o /home/tingyuan/Temporary/vivado-outputs/HLS_SPFA_KWTA/solution1/syn/systemc/HLS_SPFA_KWTA -synmodules HLS_SPFA_KWTA 
Execute       gen_rtl HLS_SPFA_KWTA -istop -style xilinx -f -lang vhdl -o /home/tingyuan/Temporary/vivado-outputs/HLS_SPFA_KWTA/solution1/syn/vhdl/HLS_SPFA_KWTA 
Execute       gen_rtl HLS_SPFA_KWTA -istop -style xilinx -f -lang vlog -o /home/tingyuan/Temporary/vivado-outputs/HLS_SPFA_KWTA/solution1/syn/verilog/HLS_SPFA_KWTA 
Execute       export_constraint_db -o /home/tingyuan/Temporary/vivado-outputs/HLS_SPFA_KWTA/solution1/.autopilot/db/HLS_SPFA_KWTA.constraint.tcl -f -tool general 
Execute       report -model HLS_SPFA_KWTA -o /home/tingyuan/Temporary/vivado-outputs/HLS_SPFA_KWTA/solution1/.autopilot/db/HLS_SPFA_KWTA.design.xml -verbose -f -dv 
Execute       report -model HLS_SPFA_KWTA -o /home/tingyuan/Temporary/vivado-outputs/HLS_SPFA_KWTA/solution1/.autopilot/db/HLS_SPFA_KWTA.sdaccel.xml -verbose -f -sdaccel 
Command       report done; 0.13 sec.
Execute       gen_tb_info HLS_SPFA_KWTA -o /home/tingyuan/Temporary/vivado-outputs/HLS_SPFA_KWTA/solution1/.autopilot/db/HLS_SPFA_KWTA -p /home/tingyuan/Temporary/vivado-outputs/HLS_SPFA_KWTA/solution1/.autopilot/db 
Execute       report -model HLS_SPFA_KWTA -o /home/tingyuan/Temporary/vivado-outputs/HLS_SPFA_KWTA/solution1/syn/report/HLS_SPFA_KWTA_csynth.rpt -f 
Execute       report -model HLS_SPFA_KWTA -o /home/tingyuan/Temporary/vivado-outputs/HLS_SPFA_KWTA/solution1/syn/report/HLS_SPFA_KWTA_csynth.xml -f -x 
Execute       report -model HLS_SPFA_KWTA -o /home/tingyuan/Temporary/vivado-outputs/HLS_SPFA_KWTA/solution1/.autopilot/db/HLS_SPFA_KWTA.verbose.rpt -verbose -f 
Command       report done; 0.24 sec.
Execute       db_write -model HLS_SPFA_KWTA -o /home/tingyuan/Temporary/vivado-outputs/HLS_SPFA_KWTA/solution1/.autopilot/db/HLS_SPFA_KWTA.adb -f 
Command       db_write done; 0.11 sec.
Execute       sc_get_clocks HLS_SPFA_KWTA 
Execute       sc_get_portdomain HLS_SPFA_KWTA 
INFO-FLOW: Model list for RTL component generation: HLS_SPFA_KWTA
INFO-FLOW: Handling components in module [HLS_SPFA_KWTA] ... 
Execute       source /home/tingyuan/Temporary/vivado-outputs/HLS_SPFA_KWTA/solution1/.autopilot/db/HLS_SPFA_KWTA.compgen.tcl 
INFO-FLOW: Found component HLS_SPFA_KWTA_HTAbkb.
INFO-FLOW: Append model HLS_SPFA_KWTA_HTAbkb
INFO-FLOW: Found component HLS_SPFA_KWTA_in_dEe.
INFO-FLOW: Append model HLS_SPFA_KWTA_in_dEe
INFO-FLOW: Append model HLS_SPFA_KWTA
INFO-FLOW: Generating RTL model list ...
INFO-FLOW: All models in this session: HLS_SPFA_KWTA_HTAbkb HLS_SPFA_KWTA_in_dEe HLS_SPFA_KWTA
INFO-FLOW: To file: write model HLS_SPFA_KWTA_HTAbkb
INFO-FLOW: To file: write model HLS_SPFA_KWTA_in_dEe
INFO-FLOW: To file: write model HLS_SPFA_KWTA
INFO-FLOW: Finished generating RTL model list.


INFO-FLOW: RTL Generation done.
INFO-FLOW: CAS Generation done.
INFO-FLOW: CBC Generation done.
Execute       get_config_sdx -target 
Execute       source /home/tingyuan/Temporary/vivado-outputs/HLS_SPFA_KWTA/solution1/.autopilot/db/global.setting.tcl 
Execute       source /opt/Xilinx/Vivado/2018.2/common/technology/generic/autopilot/common.gen 
Execute         source /opt/Xilinx/Vivado/2018.2/common/technology/generic/autopilot/APCoreGen.gen 
Execute       source /opt/Xilinx/Vivado/2018.2/common/technology/generic/autopilot/op.gen 
Execute       source /opt/Xilinx/Vivado/2018.2/common/technology/generic/autopilot/op_simcore.gen 
Execute       source /opt/Xilinx/Vivado/2018.2/common/technology/generic/autopilot/interface.gen 
Execute       source /home/tingyuan/Temporary/vivado-outputs/HLS_SPFA_KWTA/solution1/.autopilot/db/global.setting.tcl 
Execute       source /opt/Xilinx/Vivado/2018.2/common/technology/xilinx/zynq/zynq.gen 
Execute         source /opt/Xilinx/Vivado/2018.2/common/technology/xilinx/common/virtex.gen 
Execute           source /opt/Xilinx/Vivado/2018.2/common/technology/xilinx/common/xilinx.gen 
Execute             source /opt/Xilinx/Vivado/2018.2/common/technology/xilinx/interface/plb46.gen 
Execute             source /opt/Xilinx/Vivado/2018.2/common/technology/xilinx/interface/fsl.gen 
Execute             source /opt/Xilinx/Vivado/2018.2/common/technology/xilinx/interface/axi4.gen 
Execute             source /opt/Xilinx/Vivado/2018.2/common/technology/xilinx/interface/nativeAXI4.gen 
Execute               source /opt/Xilinx/Vivado/2018.2/common/technology/xilinx/interface/saxilite.gen 
Execute               source /opt/Xilinx/Vivado/2018.2/common/technology/xilinx/interface/maxi.gen 
Execute             source /opt/Xilinx/Vivado/2018.2/common/technology/xilinx/scripts/xilinxcoregen.gen 
Execute             source /opt/Xilinx/Vivado/2018.2/common/technology/xilinx/interface/XilEDKCoreGen.gen 
Execute             source /opt/Xilinx/Vivado/2018.2/common/technology/xilinx/ip/dds_compiler.gen 
Execute             source /opt/Xilinx/Vivado/2018.2/common/technology/xilinx/ip/util.gen 
Execute             source /opt/Xilinx/Vivado/2018.2/common/technology/xilinx/ip/xfft.gen 
Execute             source /opt/Xilinx/Vivado/2018.2/common/technology/xilinx/ip/xfir.gen 
Command           ap_source done; 0.11 sec.
Execute           source /opt/Xilinx/Vivado/2018.2/common/technology/xilinx/common/dsp48.gen 
Command         ap_source done; 0.11 sec.
Command       ap_source done; 0.11 sec.
Execute       source /opt/Xilinx/Vivado/2018.2/common/technology/xilinx/zynq/zynq_fpv6.gen 
Execute         source /opt/Xilinx/Vivado/2018.2/common/technology/xilinx/common/xilinx_fpv6.gen 
Execute       source /home/tingyuan/Temporary/vivado-outputs/HLS_SPFA_KWTA/solution1/.autopilot/db/global.setting.tcl 
Execute       source /home/tingyuan/Temporary/vivado-outputs/HLS_SPFA_KWTA/solution1/.autopilot/db/global.setting.tcl 
Execute       source /home/tingyuan/Temporary/vivado-outputs/HLS_SPFA_KWTA/solution1/.autopilot/db/global.setting.tcl 
Execute       source /home/tingyuan/Temporary/vivado-outputs/HLS_SPFA_KWTA/solution1/.autopilot/db/HLS_SPFA_KWTA.compgen.tcl 
INFO: [RTMG 210-278] Implementing memory 'HLS_SPFA_KWTA_HTAbkb_ram (RAM)' using block RAMs.
INFO: [RTMG 210-278] Implementing memory 'HLS_SPFA_KWTA_in_dEe_ram (RAM)' using block RAMs.
Execute       get_config_sdx -target 
Execute       source /home/tingyuan/Temporary/vivado-outputs/HLS_SPFA_KWTA/solution1/.autopilot/db/global.setting.tcl 
Execute       source /opt/Xilinx/Vivado/2018.2/common/technology/generic/autopilot/common.gen 
Execute         source /opt/Xilinx/Vivado/2018.2/common/technology/generic/autopilot/APCoreGen.gen 
Execute       source /opt/Xilinx/Vivado/2018.2/common/technology/generic/autopilot/op.gen 
Execute       source /opt/Xilinx/Vivado/2018.2/common/technology/generic/autopilot/op_simcore.gen 
Execute       source /opt/Xilinx/Vivado/2018.2/common/technology/generic/autopilot/interface.gen 
Execute       source /home/tingyuan/Temporary/vivado-outputs/HLS_SPFA_KWTA/solution1/.autopilot/db/global.setting.tcl 
Execute       source /opt/Xilinx/Vivado/2018.2/common/technology/xilinx/zynq/zynq.gen 
Execute         source /opt/Xilinx/Vivado/2018.2/common/technology/xilinx/common/virtex.gen 
Execute           source /opt/Xilinx/Vivado/2018.2/common/technology/xilinx/common/xilinx.gen 
Execute             source /opt/Xilinx/Vivado/2018.2/common/technology/xilinx/interface/plb46.gen 
Execute             source /opt/Xilinx/Vivado/2018.2/common/technology/xilinx/interface/fsl.gen 
Execute             source /opt/Xilinx/Vivado/2018.2/common/technology/xilinx/interface/axi4.gen 
Execute             source /opt/Xilinx/Vivado/2018.2/common/technology/xilinx/interface/nativeAXI4.gen 
Execute               source /opt/Xilinx/Vivado/2018.2/common/technology/xilinx/interface/saxilite.gen 
Execute               source /opt/Xilinx/Vivado/2018.2/common/technology/xilinx/interface/maxi.gen 
Execute             source /opt/Xilinx/Vivado/2018.2/common/technology/xilinx/scripts/xilinxcoregen.gen 
Execute             source /opt/Xilinx/Vivado/2018.2/common/technology/xilinx/interface/XilEDKCoreGen.gen 
Execute             source /opt/Xilinx/Vivado/2018.2/common/technology/xilinx/ip/dds_compiler.gen 
Execute             source /opt/Xilinx/Vivado/2018.2/common/technology/xilinx/ip/util.gen 
Execute             source /opt/Xilinx/Vivado/2018.2/common/technology/xilinx/ip/xfft.gen 
Execute             source /opt/Xilinx/Vivado/2018.2/common/technology/xilinx/ip/xfir.gen 
Command           ap_source done; 0.11 sec.
Execute           source /opt/Xilinx/Vivado/2018.2/common/technology/xilinx/common/dsp48.gen 
Command         ap_source done; 0.12 sec.
Command       ap_source done; 0.12 sec.
Execute       source /opt/Xilinx/Vivado/2018.2/common/technology/xilinx/zynq/zynq_fpv6.gen 
Execute         source /opt/Xilinx/Vivado/2018.2/common/technology/xilinx/common/xilinx_fpv6.gen 
Execute       source /home/tingyuan/Temporary/vivado-outputs/HLS_SPFA_KWTA/solution1/.autopilot/db/HLS_SPFA_KWTA.rtl_wrap.cfg.tcl 
Execute       source /home/tingyuan/Temporary/vivado-outputs/HLS_SPFA_KWTA/solution1/.autopilot/db/HLS_SPFA_KWTA.rtl_wrap.cfg.tcl 
Execute       source /home/tingyuan/Temporary/vivado-outputs/HLS_SPFA_KWTA/solution1/.autopilot/db/HLS_SPFA_KWTA.rtl_wrap.cfg.tcl 
Execute       source /home/tingyuan/Temporary/vivado-outputs/HLS_SPFA_KWTA/solution1/.autopilot/db/HLS_SPFA_KWTA.tbgen.tcl 
Execute       source /home/tingyuan/Temporary/vivado-outputs/HLS_SPFA_KWTA/solution1/.autopilot/db/HLS_SPFA_KWTA.tbgen.tcl 
Execute       source /home/tingyuan/Temporary/vivado-outputs/HLS_SPFA_KWTA/solution1/.autopilot/db/global.setting.tcl 
Execute       source /home/tingyuan/Temporary/vivado-outputs/HLS_SPFA_KWTA/solution1/.autopilot/db/HLS_SPFA_KWTA.compgen.tcl 
Execute       source /home/tingyuan/Temporary/vivado-outputs/HLS_SPFA_KWTA/solution1/.autopilot/db/global.setting.tcl 
Execute       source /home/tingyuan/Temporary/vivado-outputs/HLS_SPFA_KWTA/solution1/.autopilot/db/HLS_SPFA_KWTA.compgen.tcl 
Execute         source /home/tingyuan/Temporary/vivado-outputs/HLS_SPFA_KWTA/solution1/.autopilot/db/HLS_SPFA_KWTA.tbgen.tcl 
Execute         source /home/tingyuan/Temporary/vivado-outputs/HLS_SPFA_KWTA/solution1/.autopilot/db/HLS_SPFA_KWTA.tbgen.tcl 
Execute       source /home/tingyuan/Temporary/vivado-outputs/HLS_SPFA_KWTA/solution1/.autopilot/db/global.setting.tcl 
Execute       source /home/tingyuan/Temporary/vivado-outputs/HLS_SPFA_KWTA/solution1/.autopilot/db/HLS_SPFA_KWTA.compgen.tcl 
Execute       source /home/tingyuan/Temporary/vivado-outputs/HLS_SPFA_KWTA/solution1/.autopilot/db/global.setting.tcl 
Execute       source /home/tingyuan/Temporary/vivado-outputs/HLS_SPFA_KWTA/solution1/.autopilot/db/HLS_SPFA_KWTA.constraint.tcl 
Execute       source /home/tingyuan/Temporary/vivado-outputs/HLS_SPFA_KWTA/solution1/.autopilot/db/HLS_SPFA_KWTA.tbgen.tcl 
Execute       source /home/tingyuan/Temporary/vivado-outputs/HLS_SPFA_KWTA/solution1/.autopilot/db/global.setting.tcl 
Execute       source /home/tingyuan/Temporary/vivado-outputs/HLS_SPFA_KWTA/solution1/.autopilot/db/global.setting.tcl 
Execute       source /home/tingyuan/Temporary/vivado-outputs/HLS_SPFA_KWTA/solution1/.autopilot/db/global.setting.tcl 
Execute       source /home/tingyuan/Temporary/vivado-outputs/HLS_SPFA_KWTA/solution1/.autopilot/db/HLS_SPFA_KWTA.tbgen.tcl 
Execute       source /home/tingyuan/Temporary/vivado-outputs/HLS_SPFA_KWTA/solution1/.autopilot/db/HLS_SPFA_KWTA.tbgen.tcl 
Execute       source /home/tingyuan/Temporary/vivado-outputs/HLS_SPFA_KWTA/solution1/.autopilot/db/HLS_SPFA_KWTA.tbgen.tcl 
Execute       source /home/tingyuan/Temporary/vivado-outputs/HLS_SPFA_KWTA/solution1/.autopilot/db/HLS_SPFA_KWTA.tbgen.tcl 
Execute       source /home/tingyuan/Temporary/vivado-outputs/HLS_SPFA_KWTA/solution1/.autopilot/db/HLS_SPFA_KWTA.tbgen.tcl 
Execute       source /home/tingyuan/Temporary/vivado-outputs/HLS_SPFA_KWTA/solution1/.autopilot/db/HLS_SPFA_KWTA.tbgen.tcl 
Execute       source /home/tingyuan/Temporary/vivado-outputs/HLS_SPFA_KWTA/solution1/.autopilot/db/HLS_SPFA_KWTA.tbgen.tcl 
Execute       source /home/tingyuan/Temporary/vivado-outputs/HLS_SPFA_KWTA/solution1/.autopilot/db/HLS_SPFA_KWTA.tbgen.tcl 
Execute       source /home/tingyuan/Temporary/vivado-outputs/HLS_SPFA_KWTA/solution1/.autopilot/db/global.setting.tcl 
Execute       source /home/tingyuan/Temporary/vivado-outputs/HLS_SPFA_KWTA/solution1/.autopilot/db/HLS_SPFA_KWTA.constraint.tcl 
Execute       sc_get_clocks HLS_SPFA_KWTA 
Execute       source /home/tingyuan/Temporary/vivado-outputs/HLS_SPFA_KWTA/solution1/.autopilot/db/global.setting.tcl 
Execute       get_config_sdx -target 
Execute       get_config_sdx -profile 
Execute       ::config_rtl 
INFO: [HLS 200-111] Finished generating all RTL models Time (s): cpu = 00:00:19 ; elapsed = 00:00:20 . Memory (MB): peak = 503.562 ; gain = 128.000 ; free physical = 7424 ; free virtual = 28361
INFO: [SYSC 207-301] Generating SystemC RTL for HLS_SPFA_KWTA.
INFO: [VHDL 208-304] Generating VHDL RTL for HLS_SPFA_KWTA.
INFO: [VLOG 209-307] Generating Verilog RTL for HLS_SPFA_KWTA.
Command     autosyn done; 2.05 sec.
Command   csynth_design done; 19.31 sec.
Command ap_source done; 19.59 sec.
Execute cleanup_all 
INFO-FLOW: Workspace /home/tingyuan/Temporary/vivado-outputs/HLS_SPFA_KWTA/solution1 opened at Wed Aug 08 21:38:42 CST 2018
Execute     config_clock -quiet -name default -period 10 -default=false 
INFO: [SYN 201-201] Setting up clock 'default' with a period of 10ns.
Execute     open_platform DefaultPlatform 
Execute     import_lib /opt/Xilinx/Vivado/2018.2/common/technology/xilinx/zynq/zynq 
Execute       source /opt/Xilinx/Vivado/2018.2/common/technology/xilinx/common/xilinx.lib 
Execute         source /opt/Xilinx/Vivado/2018.2/common/technology/xilinx/interface/xilinx_interface.lib 
Execute           source /opt/Xilinx/Vivado/2018.2/common/technology/xilinx/interface/plb46.lib 
Execute           source /opt/Xilinx/Vivado/2018.2/common/technology/xilinx/interface/fsl.lib 
Execute           source /opt/Xilinx/Vivado/2018.2/common/technology/xilinx/interface/axi4.lib 
Execute           source /opt/Xilinx/Vivado/2018.2/common/technology/xilinx/interface/maxi.lib 
Execute           source /opt/Xilinx/Vivado/2018.2/common/technology/xilinx/interface/saxilite.lib 
Execute         source /opt/Xilinx/Vivado/2018.2/common/technology/xilinx/common/dsp48.lib 
Execute         source /opt/Xilinx/Vivado/2018.2/common/technology/xilinx/ip/xfft.lib 
Execute         source /opt/Xilinx/Vivado/2018.2/common/technology/xilinx/ip/dds_compiler.lib 
Execute         source /opt/Xilinx/Vivado/2018.2/common/technology/xilinx/ip/xfir.lib 
Execute       source /opt/Xilinx/Vivado/2018.2/common/technology/xilinx/common/xilinx_old.lib 
Execute       source /opt/Xilinx/Vivado/2018.2/common/technology/xilinx/common/xilinx_vivado.lib 
Execute       source /opt/Xilinx/Vivado/2018.2/common/technology/xilinx/common/xilinx.hlp 
Execute         source /opt/Xilinx/Vivado/2018.2/common/technology/xilinx/common/target_info.tcl 
Execute         source /opt/Xilinx/Vivado/2018.2/common/technology/xilinx/interface/xilinx_interface.hlp 
Execute           source /opt/Xilinx/Vivado/2018.2/common/technology/xilinx/interface/maxi.hlp 
Execute           source /opt/Xilinx/Vivado/2018.2/common/technology/xilinx/interface/saxilite.hlp 
Execute         source /opt/Xilinx/Vivado/2018.2/common/technology/xilinx/common/dsp48.hlp 
Execute       source /opt/Xilinx/Vivado/2018.2/common/technology/xilinx/zynq/dsp48e1.hlp 
Execute       get_default_platform 
Execute       config_chip_info -quiet -resource  {SLICE 13300}  {LUT 53200}     {FF 106400} {DSP48E 220}   {BRAM 280}  
Execute       config_chip_info -quiet -speed medium 
Execute       source /opt/Xilinx/Vivado/2018.2/common/technology/xilinx/common/xilinx.hlp 
Execute         source /opt/Xilinx/Vivado/2018.2/common/technology/xilinx/common/target_info.tcl 
Execute         source /opt/Xilinx/Vivado/2018.2/common/technology/xilinx/interface/xilinx_interface.hlp 
Execute           source /opt/Xilinx/Vivado/2018.2/common/technology/xilinx/interface/maxi.hlp 
Execute           source /opt/Xilinx/Vivado/2018.2/common/technology/xilinx/interface/saxilite.hlp 
Execute         source /opt/Xilinx/Vivado/2018.2/common/technology/xilinx/common/dsp48.hlp 
Execute     source /opt/Xilinx/Vivado/2018.2/common/technology/xilinx/zynq/zynq.gen 
Execute       source /opt/Xilinx/Vivado/2018.2/common/technology/xilinx/common/virtex.gen 
Execute         source /opt/Xilinx/Vivado/2018.2/common/technology/xilinx/common/xilinx.gen 
Execute           source /opt/Xilinx/Vivado/2018.2/common/technology/xilinx/interface/plb46.gen 
Execute           source /opt/Xilinx/Vivado/2018.2/common/technology/xilinx/interface/fsl.gen 
Execute           source /opt/Xilinx/Vivado/2018.2/common/technology/xilinx/interface/axi4.gen 
Execute           source /opt/Xilinx/Vivado/2018.2/common/technology/xilinx/interface/nativeAXI4.gen 
Execute             source /opt/Xilinx/Vivado/2018.2/common/technology/xilinx/interface/saxilite.gen 
Execute             source /opt/Xilinx/Vivado/2018.2/common/technology/xilinx/interface/maxi.gen 
Execute           source /opt/Xilinx/Vivado/2018.2/common/technology/xilinx/scripts/xilinxcoregen.gen 
Execute           source /opt/Xilinx/Vivado/2018.2/common/technology/xilinx/interface/XilEDKCoreGen.gen 
Execute           source /opt/Xilinx/Vivado/2018.2/common/technology/xilinx/ip/dds_compiler.gen 
Execute           source /opt/Xilinx/Vivado/2018.2/common/technology/xilinx/ip/util.gen 
Execute           source /opt/Xilinx/Vivado/2018.2/common/technology/xilinx/ip/xfft.gen 
Execute           source /opt/Xilinx/Vivado/2018.2/common/technology/xilinx/ip/xfir.gen 
Command         ap_source done; 0.12 sec.
Execute         source /opt/Xilinx/Vivado/2018.2/common/technology/xilinx/common/dsp48.gen 
Command       ap_source done; 0.12 sec.
Command     ap_source done; 0.12 sec.
Execute     open_platform DefaultPlatform 
Execute     import_lib /opt/Xilinx/Vivado/2018.2/common/technology/xilinx/zynq/zynq_fpv6 
Execute       source /opt/Xilinx/Vivado/2018.2/common/technology/xilinx/common/xilinx_fpv7.lib 
Execute         source /opt/Xilinx/Vivado/2018.2/common/technology/xilinx/common/xilinx_hp.lib 
Execute       source /opt/Xilinx/Vivado/2018.2/common/technology/xilinx/common/xilinx_fpv.hlp 
Execute         source /opt/Xilinx/Vivado/2018.2/common/technology/xilinx/common/xilinx.hlp 
Execute           source /opt/Xilinx/Vivado/2018.2/common/technology/xilinx/common/target_info.tcl 
Execute           source /opt/Xilinx/Vivado/2018.2/common/technology/xilinx/interface/xilinx_interface.hlp 
Execute             source /opt/Xilinx/Vivado/2018.2/common/technology/xilinx/interface/maxi.hlp 
Execute             source /opt/Xilinx/Vivado/2018.2/common/technology/xilinx/interface/saxilite.hlp 
Execute           source /opt/Xilinx/Vivado/2018.2/common/technology/xilinx/common/dsp48.hlp 
Execute       source /opt/Xilinx/Vivado/2018.2/common/technology/xilinx/zynq/zynq_hp.hlp 
Execute     source /opt/Xilinx/Vivado/2018.2/common/technology/xilinx/zynq/zynq_fpv6.gen 
Execute       source /opt/Xilinx/Vivado/2018.2/common/technology/xilinx/common/xilinx_fpv6.gen 
Execute     set_part xc7z020clg484-1 
Execute       add_library xilinx/zynq/zynq:xc7z020:clg484:-1 
Execute         get_default_platform 
Execute         license_isbetapart xc7z020 
Command         license_isbetapart done; error code: 1; 
Execute         get_default_platform 
Execute         config_chip_info -quiet -resource  {SLICE 13300}  {LUT 53200}     {FF 106400} {DSP48E 220}   {BRAM 280}  
Execute         config_chip_info -quiet -speed slow 
Execute       add_library xilinx/zynq/zynq_fpv6 
Execute         get_default_platform 
INFO: [HLS 200-10] Setting target device to 'xc7z020clg484-1'
Execute       get_default_platform 
Execute     get_default_platform 
Execute     config_chip_info -quiet -resource  {SLICE 13300}  {LUT 53200}     {FF 106400} {DSP48E 220}   {BRAM 280}  
Execute     config_chip_info -quiet -speed slow 
Command   open_solution done; 0.22 sec.
Execute   export_design -rtl verilog -format ip_catalog 
Execute     source /home/tingyuan/Temporary/vivado-outputs/HLS_SPFA_KWTA/solution1/.autopilot/db/global.setting.tcl 
Execute     source /opt/Xilinx/Vivado/2018.2/common/technology/generic/autopilot/common.gen 
Execute       source /opt/Xilinx/Vivado/2018.2/common/technology/generic/autopilot/APCoreGen.gen 
Execute     source /opt/Xilinx/Vivado/2018.2/common/technology/generic/autopilot/op.gen 
Execute     source /opt/Xilinx/Vivado/2018.2/common/technology/generic/autopilot/op_simcore.gen 
Execute     source /opt/Xilinx/Vivado/2018.2/common/technology/generic/autopilot/interface.gen 
Execute     source /home/tingyuan/Temporary/vivado-outputs/HLS_SPFA_KWTA/solution1/.autopilot/db/global.setting.tcl 
Execute     source /opt/Xilinx/Vivado/2018.2/common/technology/xilinx/zynq/zynq.gen 
Execute       source /opt/Xilinx/Vivado/2018.2/common/technology/xilinx/common/virtex.gen 
Execute         source /opt/Xilinx/Vivado/2018.2/common/technology/xilinx/common/xilinx.gen 
Execute           source /opt/Xilinx/Vivado/2018.2/common/technology/xilinx/interface/plb46.gen 
Execute           source /opt/Xilinx/Vivado/2018.2/common/technology/xilinx/interface/fsl.gen 
Execute           source /opt/Xilinx/Vivado/2018.2/common/technology/xilinx/interface/axi4.gen 
Execute           source /opt/Xilinx/Vivado/2018.2/common/technology/xilinx/interface/nativeAXI4.gen 
Execute             source /opt/Xilinx/Vivado/2018.2/common/technology/xilinx/interface/saxilite.gen 
Execute             source /opt/Xilinx/Vivado/2018.2/common/technology/xilinx/interface/maxi.gen 
Execute           source /opt/Xilinx/Vivado/2018.2/common/technology/xilinx/scripts/xilinxcoregen.gen 
Execute           source /opt/Xilinx/Vivado/2018.2/common/technology/xilinx/interface/XilEDKCoreGen.gen 
Execute           source /opt/Xilinx/Vivado/2018.2/common/technology/xilinx/ip/dds_compiler.gen 
Execute           source /opt/Xilinx/Vivado/2018.2/common/technology/xilinx/ip/util.gen 
Execute           source /opt/Xilinx/Vivado/2018.2/common/technology/xilinx/ip/xfft.gen 
Execute           source /opt/Xilinx/Vivado/2018.2/common/technology/xilinx/ip/xfir.gen 
Command         ap_source done; 0.11 sec.
Execute         source /opt/Xilinx/Vivado/2018.2/common/technology/xilinx/common/dsp48.gen 
Command       ap_source done; 0.11 sec.
Command     ap_source done; 0.11 sec.
Execute     source /opt/Xilinx/Vivado/2018.2/common/technology/xilinx/zynq/zynq_fpv6.gen 
Execute       source /opt/Xilinx/Vivado/2018.2/common/technology/xilinx/common/xilinx_fpv6.gen 
Execute     source /home/tingyuan/Temporary/vivado-outputs/HLS_SPFA_KWTA/solution1/.autopilot/db/global.setting.tcl 
INFO: [IMPL 213-8] Exporting RTL as a Vivado IP.
Execute     source /home/tingyuan/Temporary/vivado-outputs/HLS_SPFA_KWTA/solution1/.autopilot/db/global.setting.tcl 
Execute     get_config_sdx -target 
Execute     source /home/tingyuan/Temporary/vivado-outputs/HLS_SPFA_KWTA/solution1/.autopilot/db/global.setting.tcl 
Execute     source /opt/Xilinx/Vivado/2018.2/common/technology/generic/autopilot/common.gen 
Execute       source /opt/Xilinx/Vivado/2018.2/common/technology/generic/autopilot/APCoreGen.gen 
Execute     source /opt/Xilinx/Vivado/2018.2/common/technology/generic/autopilot/op.gen 
Execute     source /opt/Xilinx/Vivado/2018.2/common/technology/generic/autopilot/op_simcore.gen 
Execute     source /opt/Xilinx/Vivado/2018.2/common/technology/generic/autopilot/interface.gen 
Execute     source /home/tingyuan/Temporary/vivado-outputs/HLS_SPFA_KWTA/solution1/.autopilot/db/global.setting.tcl 
Execute     source /opt/Xilinx/Vivado/2018.2/common/technology/xilinx/zynq/zynq.gen 
Execute       source /opt/Xilinx/Vivado/2018.2/common/technology/xilinx/common/virtex.gen 
Execute         source /opt/Xilinx/Vivado/2018.2/common/technology/xilinx/common/xilinx.gen 
Execute           source /opt/Xilinx/Vivado/2018.2/common/technology/xilinx/interface/plb46.gen 
Execute           source /opt/Xilinx/Vivado/2018.2/common/technology/xilinx/interface/fsl.gen 
Execute           source /opt/Xilinx/Vivado/2018.2/common/technology/xilinx/interface/axi4.gen 
Execute           source /opt/Xilinx/Vivado/2018.2/common/technology/xilinx/interface/nativeAXI4.gen 
Execute             source /opt/Xilinx/Vivado/2018.2/common/technology/xilinx/interface/saxilite.gen 
Execute             source /opt/Xilinx/Vivado/2018.2/common/technology/xilinx/interface/maxi.gen 
Execute           source /opt/Xilinx/Vivado/2018.2/common/technology/xilinx/scripts/xilinxcoregen.gen 
Execute           source /opt/Xilinx/Vivado/2018.2/common/technology/xilinx/interface/XilEDKCoreGen.gen 
Execute           source /opt/Xilinx/Vivado/2018.2/common/technology/xilinx/ip/dds_compiler.gen 
Execute           source /opt/Xilinx/Vivado/2018.2/common/technology/xilinx/ip/util.gen 
Execute           source /opt/Xilinx/Vivado/2018.2/common/technology/xilinx/ip/xfft.gen 
Execute           source /opt/Xilinx/Vivado/2018.2/common/technology/xilinx/ip/xfir.gen 
Command         ap_source done; 0.12 sec.
Execute         source /opt/Xilinx/Vivado/2018.2/common/technology/xilinx/common/dsp48.gen 
Command       ap_source done; 0.12 sec.
Command     ap_source done; 0.12 sec.
Execute     source /opt/Xilinx/Vivado/2018.2/common/technology/xilinx/zynq/zynq_fpv6.gen 
Execute       source /opt/Xilinx/Vivado/2018.2/common/technology/xilinx/common/xilinx_fpv6.gen 
Execute     source /home/tingyuan/Temporary/vivado-outputs/HLS_SPFA_KWTA/solution1/.autopilot/db/HLS_SPFA_KWTA.rtl_wrap.cfg.tcl 
Execute     source /home/tingyuan/Temporary/vivado-outputs/HLS_SPFA_KWTA/solution1/.autopilot/db/HLS_SPFA_KWTA.rtl_wrap.cfg.tcl 
Execute     source /home/tingyuan/Temporary/vivado-outputs/HLS_SPFA_KWTA/solution1/.autopilot/db/HLS_SPFA_KWTA.rtl_wrap.cfg.tcl 
Execute     source /home/tingyuan/Temporary/vivado-outputs/HLS_SPFA_KWTA/solution1/.autopilot/db/HLS_SPFA_KWTA.tbgen.tcl 
Execute     source /home/tingyuan/Temporary/vivado-outputs/HLS_SPFA_KWTA/solution1/.autopilot/db/HLS_SPFA_KWTA.tbgen.tcl 
Execute     source /home/tingyuan/Temporary/vivado-outputs/HLS_SPFA_KWTA/solution1/.autopilot/db/global.setting.tcl 
Execute     source /home/tingyuan/Temporary/vivado-outputs/HLS_SPFA_KWTA/solution1/.autopilot/db/HLS_SPFA_KWTA.compgen.tcl 
Execute     source /home/tingyuan/Temporary/vivado-outputs/HLS_SPFA_KWTA/solution1/.autopilot/db/global.setting.tcl 
Execute     source /home/tingyuan/Temporary/vivado-outputs/HLS_SPFA_KWTA/solution1/.autopilot/db/HLS_SPFA_KWTA.compgen.tcl 
Execute       source /home/tingyuan/Temporary/vivado-outputs/HLS_SPFA_KWTA/solution1/.autopilot/db/HLS_SPFA_KWTA.tbgen.tcl 
Execute       source /home/tingyuan/Temporary/vivado-outputs/HLS_SPFA_KWTA/solution1/.autopilot/db/HLS_SPFA_KWTA.tbgen.tcl 
Execute     source /home/tingyuan/Temporary/vivado-outputs/HLS_SPFA_KWTA/solution1/.autopilot/db/global.setting.tcl 
Execute     source /home/tingyuan/Temporary/vivado-outputs/HLS_SPFA_KWTA/solution1/.autopilot/db/HLS_SPFA_KWTA.compgen.tcl 
Execute     source /home/tingyuan/Temporary/vivado-outputs/HLS_SPFA_KWTA/solution1/.autopilot/db/global.setting.tcl 
Execute     source /home/tingyuan/Temporary/vivado-outputs/HLS_SPFA_KWTA/solution1/.autopilot/db/HLS_SPFA_KWTA.constraint.tcl 
Execute     source /home/tingyuan/Temporary/vivado-outputs/HLS_SPFA_KWTA/solution1/.autopilot/db/HLS_SPFA_KWTA.tbgen.tcl 
Execute     source /home/tingyuan/Temporary/vivado-outputs/HLS_SPFA_KWTA/solution1/.autopilot/db/global.setting.tcl 
Execute     source /home/tingyuan/Temporary/vivado-outputs/HLS_SPFA_KWTA/solution1/.autopilot/db/HLS_SPFA_KWTA.tbgen.tcl 
Execute     source /home/tingyuan/Temporary/vivado-outputs/HLS_SPFA_KWTA/solution1/.autopilot/db/HLS_SPFA_KWTA.tbgen.tcl 
Execute     source /home/tingyuan/Temporary/vivado-outputs/HLS_SPFA_KWTA/solution1/.autopilot/db/HLS_SPFA_KWTA.tbgen.tcl 
Execute     source /home/tingyuan/Temporary/vivado-outputs/HLS_SPFA_KWTA/solution1/.autopilot/db/HLS_SPFA_KWTA.tbgen.tcl 
Execute     source /home/tingyuan/Temporary/vivado-outputs/HLS_SPFA_KWTA/solution1/.autopilot/db/HLS_SPFA_KWTA.tbgen.tcl 
Execute     source /home/tingyuan/Temporary/vivado-outputs/HLS_SPFA_KWTA/solution1/.autopilot/db/HLS_SPFA_KWTA.tbgen.tcl 
Execute     source /home/tingyuan/Temporary/vivado-outputs/HLS_SPFA_KWTA/solution1/.autopilot/db/HLS_SPFA_KWTA.tbgen.tcl 
Execute     source /home/tingyuan/Temporary/vivado-outputs/HLS_SPFA_KWTA/solution1/.autopilot/db/HLS_SPFA_KWTA.tbgen.tcl 
Execute     source /home/tingyuan/Temporary/vivado-outputs/HLS_SPFA_KWTA/solution1/.autopilot/db/global.setting.tcl 
Execute     source /home/tingyuan/Temporary/vivado-outputs/HLS_SPFA_KWTA/solution1/.autopilot/db/global.setting.tcl 
Execute     source /home/tingyuan/Temporary/vivado-outputs/HLS_SPFA_KWTA/solution1/.autopilot/db/HLS_SPFA_KWTA.rtl_wrap.cfg.tcl 
Execute     source /home/tingyuan/Temporary/vivado-outputs/HLS_SPFA_KWTA/solution1/.autopilot/db/HLS_SPFA_KWTA.rtl_wrap.cfg.tcl 
Execute     source /home/tingyuan/Temporary/vivado-outputs/HLS_SPFA_KWTA/solution1/.autopilot/db/HLS_SPFA_KWTA.rtl_wrap.cfg.tcl 
Execute     source /home/tingyuan/Temporary/vivado-outputs/HLS_SPFA_KWTA/solution1/.autopilot/db/HLS_SPFA_KWTA.tbgen.tcl 
Execute     source /home/tingyuan/Temporary/vivado-outputs/HLS_SPFA_KWTA/solution1/.autopilot/db/HLS_SPFA_KWTA.tbgen.tcl 
Execute     source /home/tingyuan/Temporary/vivado-outputs/HLS_SPFA_KWTA/solution1/.autopilot/db/HLS_SPFA_KWTA.tbgen.tcl 
Execute     source /home/tingyuan/Temporary/vivado-outputs/HLS_SPFA_KWTA/solution1/.autopilot/db/HLS_SPFA_KWTA.rtl_wrap.cfg.tcl 
Execute     source /home/tingyuan/Temporary/vivado-outputs/HLS_SPFA_KWTA/solution1/.autopilot/db/HLS_SPFA_KWTA.rtl_wrap.cfg.tcl 
Execute     source /home/tingyuan/Temporary/vivado-outputs/HLS_SPFA_KWTA/solution1/.autopilot/db/HLS_SPFA_KWTA.rtl_wrap.cfg.tcl 
Execute     source /home/tingyuan/Temporary/vivado-outputs/HLS_SPFA_KWTA/solution1/.autopilot/db/HLS_SPFA_KWTA.tbgen.tcl 
Execute     source /home/tingyuan/Temporary/vivado-outputs/HLS_SPFA_KWTA/solution1/.autopilot/db/HLS_SPFA_KWTA.tbgen.tcl 
Execute     source /home/tingyuan/Temporary/vivado-outputs/HLS_SPFA_KWTA/solution1/.autopilot/db/HLS_SPFA_KWTA.tbgen.tcl 
Execute     source /home/tingyuan/Temporary/vivado-outputs/HLS_SPFA_KWTA/solution1/.autopilot/db/global.setting.tcl 
Execute     source /home/tingyuan/Temporary/vivado-outputs/HLS_SPFA_KWTA/solution1/.autopilot/db/HLS_SPFA_KWTA.constraint.tcl 
Execute     source /home/tingyuan/Temporary/vivado-outputs/HLS_SPFA_KWTA/solution1/.autopilot/db/global.setting.tcl 
Execute     source /home/tingyuan/Temporary/vivado-outputs/HLS_SPFA_KWTA/solution1/.autopilot/db/global.setting.tcl 
Execute     source /home/tingyuan/Temporary/vivado-outputs/HLS_SPFA_KWTA/solution1/.autopilot/db/HLS_SPFA_KWTA.constraint.tcl 
Execute     source /home/tingyuan/Temporary/vivado-outputs/HLS_SPFA_KWTA/solution1/.autopilot/db/HLS_SPFA_KWTA.tbgen.tcl 
Execute     source /home/tingyuan/Temporary/vivado-outputs/HLS_SPFA_KWTA/solution1/.autopilot/db/global.setting.tcl 
Execute     source /home/tingyuan/Temporary/vivado-outputs/HLS_SPFA_KWTA/solution1/.autopilot/db/HLS_SPFA_KWTA.constraint.tcl 
Execute     source /home/tingyuan/Temporary/vivado-outputs/HLS_SPFA_KWTA/solution1/.autopilot/db/HLS_SPFA_KWTA.tbgen.tcl 
Execute     source /home/tingyuan/Temporary/vivado-outputs/HLS_SPFA_KWTA/solution1/.autopilot/db/global.setting.tcl 
Execute     source /opt/Xilinx/Vivado/2018.2/common/technology/generic/autopilot/common.gen 
Execute       source /opt/Xilinx/Vivado/2018.2/common/technology/generic/autopilot/APCoreGen.gen 
Execute     source /opt/Xilinx/Vivado/2018.2/common/technology/generic/autopilot/op.gen 
Execute     source /opt/Xilinx/Vivado/2018.2/common/technology/generic/autopilot/op_simcore.gen 
Execute     source /opt/Xilinx/Vivado/2018.2/common/technology/generic/autopilot/interface.gen 
Execute     source /home/tingyuan/Temporary/vivado-outputs/HLS_SPFA_KWTA/solution1/.autopilot/db/global.setting.tcl 
Execute     source /opt/Xilinx/Vivado/2018.2/common/technology/xilinx/zynq/zynq.gen 
Execute       source /opt/Xilinx/Vivado/2018.2/common/technology/xilinx/common/virtex.gen 
Execute         source /opt/Xilinx/Vivado/2018.2/common/technology/xilinx/common/xilinx.gen 
Execute           source /opt/Xilinx/Vivado/2018.2/common/technology/xilinx/interface/plb46.gen 
Execute           source /opt/Xilinx/Vivado/2018.2/common/technology/xilinx/interface/fsl.gen 
Execute           source /opt/Xilinx/Vivado/2018.2/common/technology/xilinx/interface/axi4.gen 
Execute           source /opt/Xilinx/Vivado/2018.2/common/technology/xilinx/interface/nativeAXI4.gen 
Execute             source /opt/Xilinx/Vivado/2018.2/common/technology/xilinx/interface/saxilite.gen 
Execute             source /opt/Xilinx/Vivado/2018.2/common/technology/xilinx/interface/maxi.gen 
Execute           source /opt/Xilinx/Vivado/2018.2/common/technology/xilinx/scripts/xilinxcoregen.gen 
Execute           source /opt/Xilinx/Vivado/2018.2/common/technology/xilinx/interface/XilEDKCoreGen.gen 
Execute           source /opt/Xilinx/Vivado/2018.2/common/technology/xilinx/ip/dds_compiler.gen 
Execute           source /opt/Xilinx/Vivado/2018.2/common/technology/xilinx/ip/util.gen 
Execute           source /opt/Xilinx/Vivado/2018.2/common/technology/xilinx/ip/xfft.gen 
Execute           source /opt/Xilinx/Vivado/2018.2/common/technology/xilinx/ip/xfir.gen 
Command         ap_source done; 0.11 sec.
Execute         source /opt/Xilinx/Vivado/2018.2/common/technology/xilinx/common/dsp48.gen 
Command       ap_source done; 0.12 sec.
Command     ap_source done; 0.12 sec.
Execute     source /opt/Xilinx/Vivado/2018.2/common/technology/xilinx/zynq/zynq_fpv6.gen 
Execute       source /opt/Xilinx/Vivado/2018.2/common/technology/xilinx/common/xilinx_fpv6.gen 
Command   export_design done; 12.63 sec.
Command ap_source done; 12.85 sec.
Execute cleanup_all 
