Vivado Simulator 2018.2
Copyright 1986-1999, 2001-2018 Xilinx, Inc. All Rights Reserved.
Running: /opt/Xilinx/Vivado/2018.2/bin/unwrapped/lnx64.o/xelab -wto ebdbaca18c7e49ef9613f8c324318111 --incr --debug typical --relax --mt 8 --maxdelay -L xil_defaultlib -L simprims_ver -L secureip --snapshot design_1_wrapper_time_impl -transport_int_delays -pulse_r 0 -pulse_int_r 0 -pulse_e 0 -pulse_int_e 0 xil_defaultlib.design_1_wrapper xil_defaultlib.glbl -log elaborate.log 
Using 8 slave threads.
Starting static elaboration
Completed static elaboration
Starting simulation data flow analysis
Completed simulation data flow analysis
INFO: [XSIM 43-3451] SDF backannotation process started with SDF file "design_1_wrapper_time_impl.sdf", for root module "design_1_wrapper".
INFO: [XSIM 43-3452] SDF backannotation was successful for SDF file "design_1_wrapper_time_impl.sdf", for root module "design_1_wrapper".
Time Resolution for simulation is 1ps
Compiling module simprims_ver.IBUF
Compiling module simprims_ver.LUT6
Compiling module simprims_ver.x_lut3_mux8
Compiling module simprims_ver.LUT3
Compiling module simprims_ver.LUT5
Compiling module simprims_ver.LUT4
Compiling module simprims_ver.CARRY4
Compiling module simprims_ver.RB36_INTERNAL_VLOG(READ_WIDTH_A=...
Compiling module simprims_ver.RAMB36E1(READ_WIDTH_A=18,READ_WI...
Compiling module simprims_ver.x_lut2_mux4
Compiling module simprims_ver.LUT2
Compiling module simprims_ver.MUXF7
Compiling module xil_defaultlib.design_1_HLS_MAXHEAP_HTA_0_1_HLS...
Compiling module xil_defaultlib.design_1_HLS_MAXHEAP_HTA_0_1_HLS...
Compiling module simprims_ver.FDRE_default
Compiling module simprims_ver.x_lut1_mux2
Compiling module simprims_ver.LUT1
Compiling module xil_defaultlib.design_1_HLS_MAXHEAP_HTA_0_1_HLS...
Compiling module xil_defaultlib.design_1_HLS_MAXHEAP_HTA_0_1_HLS...
Compiling module simprims_ver.VCC
Compiling module simprims_ver.FDSE_default
Compiling module xil_defaultlib.design_1_HLS_MAXHEAP_HTA_0_1_HLS...
Compiling module xil_defaultlib.design_1_HLS_MAXHEAP_HTA_0_1_HLS...
Compiling module xil_defaultlib.design_1_HLS_MAXHEAP_HTA_0_1_HLS...
Compiling module xil_defaultlib.design_1_HLS_MAXHEAP_HTA_0_1_HLS...
Compiling module xil_defaultlib.design_1_HLS_MAXHEAP_HTA_0_1_HLS...
Compiling module xil_defaultlib.design_1_HLS_MAXHEAP_HTA_0_1
Compiling module xil_defaultlib.design_1_HTA_theta_0_0_HTA_theta...
Compiling module xil_defaultlib.design_1_HTA_theta_0_0_HTA_theta...
Compiling module xil_defaultlib.design_1_HTA_theta_0_0_HTA_theta...
Compiling module xil_defaultlib.design_1_HTA_theta_0_0_HTA_theta...
Compiling module xil_defaultlib.design_1_HTA_theta_0_0_HTA_theta...
Compiling module xil_defaultlib.design_1_HTA_theta_0_0_HTA_theta...
Compiling module xil_defaultlib.design_1_HTA_theta_0_0_HTA_theta...
Compiling module simprims_ver.RB18_INTERNAL_VLOG(RDADDR_COLLIS...
Compiling module simprims_ver.RAMB18E1(RDADDR_COLLISION_HWCONF...
Compiling module xil_defaultlib.design_1_HTA_theta_0_0_HTA_theta...
Compiling module xil_defaultlib.design_1_HTA_theta_0_0_HTA_theta...
Compiling module simprims_ver.RB18_INTERNAL_VLOG(DOA_REG=1,RDA...
Compiling module simprims_ver.RAMB18E1(DOA_REG=1,RDADDR_COLLIS...
Compiling module xil_defaultlib.design_1_HTA_theta_0_0_HTA_theta...
Compiling module xil_defaultlib.design_1_HTA_theta_0_0_HTA_theta...
Compiling module simprims_ver.RAMD32
Compiling module xil_defaultlib.RAM32X1D_UNIQ_BASE_
Compiling module xil_defaultlib.RAM32X1D_HD256
Compiling module xil_defaultlib.RAM32X1D_HD257
Compiling module xil_defaultlib.RAM32X1D_HD258
Compiling module xil_defaultlib.RAM32X1D_HD259
Compiling module xil_defaultlib.RAM32X1D_HD260
Compiling module xil_defaultlib.RAM32X1D_HD261
Compiling module xil_defaultlib.RAM32X1D_HD262
Compiling module xil_defaultlib.RAM32X1D_HD263
Compiling module xil_defaultlib.RAM32X1D_HD264
Compiling module xil_defaultlib.RAM32X1D_HD265
Compiling module xil_defaultlib.RAM32X1D_HD266
Compiling module xil_defaultlib.RAM32X1D_HD267
Compiling module xil_defaultlib.RAM32X1D_HD268
Compiling module xil_defaultlib.RAM32X1D_HD269
Compiling module xil_defaultlib.RAM32X1D_HD270
Compiling module xil_defaultlib.RAM32X1D_HD271
Compiling module xil_defaultlib.RAM32X1D_HD272
Compiling module xil_defaultlib.RAM32X1D_HD273
Compiling module xil_defaultlib.RAM32X1D_HD274
Compiling module xil_defaultlib.RAM32X1D_HD275
Compiling module xil_defaultlib.RAM32X1D_HD276
Compiling module xil_defaultlib.RAM32X1D_HD277
Compiling module xil_defaultlib.RAM32X1D_HD278
Compiling module xil_defaultlib.RAM32X1D_HD279
Compiling module xil_defaultlib.RAM32X1D_HD280
Compiling module xil_defaultlib.RAM32X1D_HD281
Compiling module xil_defaultlib.RAM32X1D_HD282
Compiling module xil_defaultlib.RAM32X1D_HD283
Compiling module xil_defaultlib.RAM32X1D_HD284
Compiling module xil_defaultlib.RAM32X1D_HD285
Compiling module xil_defaultlib.RAM32X1D_HD286
Compiling module xil_defaultlib.RAM32X1D_HD287
Compiling module xil_defaultlib.RAM32X1D_HD288
Compiling module xil_defaultlib.RAM32X1D_HD289
Compiling module xil_defaultlib.RAM32X1D_HD290
Compiling module xil_defaultlib.RAM32X1D_HD291
Compiling module xil_defaultlib.RAM32X1D_HD292
Compiling module xil_defaultlib.RAM32X1D_HD293
Compiling module xil_defaultlib.RAM32X1D_HD294
Compiling module xil_defaultlib.RAM32X1D_HD295
Compiling module xil_defaultlib.RAM32X1D_HD296
Compiling module xil_defaultlib.RAM32X1D_HD297
Compiling module xil_defaultlib.RAM32X1D_HD298
Compiling module xil_defaultlib.RAM32X1D_HD299
Compiling module xil_defaultlib.RAM32X1D_HD300
Compiling module xil_defaultlib.RAM32X1D_HD301
Compiling module xil_defaultlib.RAM32X1D_HD302
Compiling module xil_defaultlib.RAM32X1D_HD303
Compiling module xil_defaultlib.RAM32X1D_HD304
Compiling module xil_defaultlib.RAM32X1D_HD305
Compiling module xil_defaultlib.RAM32X1D_HD306
Compiling module xil_defaultlib.RAM32X1D_HD307
Compiling module xil_defaultlib.RAM32X1D_HD308
Compiling module xil_defaultlib.RAM32X1D_HD309
Compiling module xil_defaultlib.RAM32X1D_HD310
Compiling module xil_defaultlib.RAM32X1D_HD311
Compiling module xil_defaultlib.RAM32X1D_HD312
Compiling module xil_defaultlib.RAM32X1D_HD313
Compiling module xil_defaultlib.RAM32X1D_HD314
Compiling module xil_defaultlib.RAM32X1D_HD315
Compiling module xil_defaultlib.RAM32X1D_HD316
Compiling module xil_defaultlib.RAM32X1D_HD317
Compiling module xil_defaultlib.RAM32X1D_HD318
Compiling module xil_defaultlib.design_1_HTA_theta_0_0_HTA_theta...
Compiling module xil_defaultlib.design_1_HTA_theta_0_0_HTA_theta...
Compiling module xil_defaultlib.RAM32X1D_HD319
Compiling module xil_defaultlib.RAM32X1D_HD320
Compiling module xil_defaultlib.RAM32X1D_HD321
Compiling module xil_defaultlib.RAM32X1D_HD322
Compiling module xil_defaultlib.RAM32X1D_HD323
Compiling module xil_defaultlib.RAM32X1D_HD324
Compiling module xil_defaultlib.RAM32X1D_HD325
Compiling module xil_defaultlib.RAM32X1D_HD326
Compiling module xil_defaultlib.RAM32X1D_HD327
Compiling module xil_defaultlib.RAM32X1D_HD328
Compiling module xil_defaultlib.RAM32X1D_HD329
Compiling module xil_defaultlib.RAM32X1D_HD330
Compiling module xil_defaultlib.RAM32X1D_HD331
Compiling module xil_defaultlib.RAM32X1D_HD332
Compiling module xil_defaultlib.RAM32X1D_HD333
Compiling module xil_defaultlib.RAM32X1D_HD334
Compiling module xil_defaultlib.RAM32X1D_HD335
Compiling module xil_defaultlib.RAM32X1D_HD336
Compiling module xil_defaultlib.RAM32X1D_HD337
Compiling module xil_defaultlib.RAM32X1D_HD338
Compiling module xil_defaultlib.RAM32X1D_HD339
Compiling module xil_defaultlib.RAM32X1D_HD340
Compiling module xil_defaultlib.RAM32X1D_HD341
Compiling module xil_defaultlib.RAM32X1D_HD342
Compiling module xil_defaultlib.RAM32X1D_HD343
Compiling module xil_defaultlib.RAM32X1D_HD344
Compiling module xil_defaultlib.RAM32X1D_HD345
Compiling module xil_defaultlib.RAM32X1D_HD346
Compiling module xil_defaultlib.RAM32X1D_HD347
Compiling module xil_defaultlib.RAM32X1D_HD348
Compiling module xil_defaultlib.RAM32X1D_HD349
Compiling module xil_defaultlib.RAM32X1D_HD350
Compiling module xil_defaultlib.RAM32X1D_HD351
Compiling module xil_defaultlib.RAM32X1D_HD352
Compiling module xil_defaultlib.RAM32X1D_HD353
Compiling module xil_defaultlib.RAM32X1D_HD354
Compiling module xil_defaultlib.RAM32X1D_HD355
Compiling module xil_defaultlib.RAM32X1D_HD356
Compiling module xil_defaultlib.RAM32X1D_HD357
Compiling module xil_defaultlib.RAM32X1D_HD358
Compiling module xil_defaultlib.RAM32X1D_HD359
Compiling module xil_defaultlib.RAM32X1D_HD360
Compiling module xil_defaultlib.RAM32X1D_HD361
Compiling module xil_defaultlib.RAM32X1D_HD362
Compiling module xil_defaultlib.RAM32X1D_HD363
Compiling module xil_defaultlib.RAM32X1D_HD364
Compiling module xil_defaultlib.RAM32X1D_HD365
Compiling module xil_defaultlib.RAM32X1D_HD366
Compiling module xil_defaultlib.RAM32X1D_HD367
Compiling module xil_defaultlib.RAM32X1D_HD368
Compiling module xil_defaultlib.RAM32X1D_HD369
Compiling module xil_defaultlib.RAM32X1D_HD370
Compiling module xil_defaultlib.RAM32X1D_HD371
Compiling module xil_defaultlib.RAM32X1D_HD372
Compiling module xil_defaultlib.RAM32X1D_HD373
Compiling module xil_defaultlib.RAM32X1D_HD374
Compiling module xil_defaultlib.RAM32X1D_HD375
Compiling module xil_defaultlib.RAM32X1D_HD376
Compiling module xil_defaultlib.RAM32X1D_HD377
Compiling module xil_defaultlib.RAM32X1D_HD378
Compiling module xil_defaultlib.RAM32X1D_HD379
Compiling module xil_defaultlib.RAM32X1D_HD380
Compiling module xil_defaultlib.RAM32X1D_HD381
Compiling module xil_defaultlib.RAM32X1D_HD382
Compiling module xil_defaultlib.design_1_HTA_theta_0_0_HTA_theta...
Compiling module xil_defaultlib.design_1_HTA_theta_0_0_HTA_theta...
Compiling module xil_defaultlib.RAM32X1D_HD383
Compiling module xil_defaultlib.RAM32X1D_HD384
Compiling module xil_defaultlib.RAM32X1D_HD385
Compiling module xil_defaultlib.RAM32X1D_HD386
Compiling module xil_defaultlib.RAM32X1D_HD387
Compiling module xil_defaultlib.RAM32X1D_HD388
Compiling module xil_defaultlib.RAM32X1D_HD389
Compiling module xil_defaultlib.RAM32X1D_HD390
Compiling module xil_defaultlib.RAM32X1D_HD391
Compiling module xil_defaultlib.RAM32X1D_HD392
Compiling module xil_defaultlib.RAM32X1D_HD393
Compiling module xil_defaultlib.RAM32X1D_HD394
Compiling module xil_defaultlib.RAM32X1D_HD395
Compiling module xil_defaultlib.RAM32X1D_HD396
Compiling module xil_defaultlib.RAM32X1D_HD397
Compiling module xil_defaultlib.RAM32X1D_HD398
Compiling module xil_defaultlib.RAM32X1D_HD399
Compiling module xil_defaultlib.RAM32X1D_HD400
Compiling module xil_defaultlib.RAM32X1D_HD401
Compiling module xil_defaultlib.RAM32X1D_HD402
Compiling module xil_defaultlib.RAM32X1D_HD403
Compiling module xil_defaultlib.RAM32X1D_HD404
Compiling module xil_defaultlib.RAM32X1D_HD405
Compiling module xil_defaultlib.RAM32X1D_HD406
Compiling module xil_defaultlib.RAM32X1D_HD407
Compiling module xil_defaultlib.RAM32X1D_HD408
Compiling module xil_defaultlib.RAM32X1D_HD409
Compiling module xil_defaultlib.RAM32X1D_HD410
Compiling module xil_defaultlib.RAM32X1D_HD411
Compiling module xil_defaultlib.RAM32X1D_HD412
Compiling module xil_defaultlib.RAM32X1D_HD413
Compiling module xil_defaultlib.RAM32X1D_HD414
Compiling module xil_defaultlib.RAM32X1D_HD415
Compiling module xil_defaultlib.RAM32X1D_HD416
Compiling module xil_defaultlib.RAM32X1D_HD417
Compiling module xil_defaultlib.RAM32X1D_HD418
Compiling module xil_defaultlib.RAM32X1D_HD419
Compiling module xil_defaultlib.RAM32X1D_HD420
Compiling module xil_defaultlib.RAM32X1D_HD421
Compiling module xil_defaultlib.RAM32X1D_HD422
Compiling module xil_defaultlib.RAM32X1D_HD423
Compiling module xil_defaultlib.RAM32X1D_HD424
Compiling module xil_defaultlib.RAM32X1D_HD425
Compiling module xil_defaultlib.RAM32X1D_HD426
Compiling module xil_defaultlib.RAM32X1D_HD427
Compiling module xil_defaultlib.RAM32X1D_HD428
Compiling module xil_defaultlib.RAM32X1D_HD429
Compiling module xil_defaultlib.RAM32X1D_HD430
Compiling module xil_defaultlib.RAM32X1D_HD431
Compiling module xil_defaultlib.RAM32X1D_HD432
Compiling module xil_defaultlib.RAM32X1D_HD433
Compiling module xil_defaultlib.RAM32X1D_HD434
Compiling module xil_defaultlib.RAM32X1D_HD435
Compiling module xil_defaultlib.RAM32X1D_HD436
Compiling module xil_defaultlib.RAM32X1D_HD437
Compiling module xil_defaultlib.RAM32X1D_HD438
Compiling module xil_defaultlib.RAM32X1D_HD439
Compiling module xil_defaultlib.RAM32X1D_HD440
Compiling module xil_defaultlib.RAM32X1D_HD441
Compiling module xil_defaultlib.RAM32X1D_HD442
Compiling module xil_defaultlib.RAM32X1D_HD443
Compiling module xil_defaultlib.RAM32X1D_HD444
Compiling module xil_defaultlib.RAM32X1D_HD445
Compiling module xil_defaultlib.RAM32X1D_HD446
Compiling module xil_defaultlib.design_1_HTA_theta_0_0_HTA_theta...
Compiling module xil_defaultlib.design_1_HTA_theta_0_0_HTA_theta...
Compiling module xil_defaultlib.RAM32X1D_HD447
Compiling module xil_defaultlib.RAM32X1D_HD448
Compiling module xil_defaultlib.RAM32X1D_HD449
Compiling module xil_defaultlib.RAM32X1D_HD450
Compiling module xil_defaultlib.RAM32X1D_HD451
Compiling module xil_defaultlib.RAM32X1D_HD452
Compiling module xil_defaultlib.RAM32X1D_HD453
Compiling module xil_defaultlib.RAM32X1D_HD454
Compiling module xil_defaultlib.RAM32X1D_HD455
Compiling module xil_defaultlib.RAM32X1D_HD456
Compiling module xil_defaultlib.RAM32X1D_HD457
Compiling module xil_defaultlib.RAM32X1D_HD458
Compiling module xil_defaultlib.RAM32X1D_HD459
Compiling module xil_defaultlib.RAM32X1D_HD460
Compiling module xil_defaultlib.RAM32X1D_HD461
Compiling module xil_defaultlib.RAM32X1D_HD462
Compiling module xil_defaultlib.RAM32X1D_HD463
Compiling module xil_defaultlib.RAM32X1D_HD464
Compiling module xil_defaultlib.RAM32X1D_HD465
Compiling module xil_defaultlib.RAM32X1D_HD466
Compiling module xil_defaultlib.RAM32X1D_HD467
Compiling module xil_defaultlib.RAM32X1D_HD468
Compiling module xil_defaultlib.RAM32X1D_HD469
Compiling module xil_defaultlib.RAM32X1D_HD470
Compiling module xil_defaultlib.RAM32X1D_HD471
Compiling module xil_defaultlib.RAM32X1D_HD472
Compiling module xil_defaultlib.RAM32X1D_HD473
Compiling module xil_defaultlib.RAM32X1D_HD474
Compiling module xil_defaultlib.RAM32X1D_HD475
Compiling module xil_defaultlib.RAM32X1D_HD476
Compiling module xil_defaultlib.RAM32X1D_HD477
Compiling module xil_defaultlib.RAM32X1D_HD478
Compiling module xil_defaultlib.RAM32X1D_HD479
Compiling module xil_defaultlib.RAM32X1D_HD480
Compiling module xil_defaultlib.RAM32X1D_HD481
Compiling module xil_defaultlib.RAM32X1D_HD482
Compiling module xil_defaultlib.RAM32X1D_HD483
Compiling module xil_defaultlib.RAM32X1D_HD484
Compiling module xil_defaultlib.RAM32X1D_HD485
Compiling module xil_defaultlib.RAM32X1D_HD486
Compiling module xil_defaultlib.RAM32X1D_HD487
Compiling module xil_defaultlib.RAM32X1D_HD488
Compiling module xil_defaultlib.RAM32X1D_HD489
Compiling module xil_defaultlib.RAM32X1D_HD490
Compiling module xil_defaultlib.RAM32X1D_HD491
Compiling module xil_defaultlib.RAM32X1D_HD492
Compiling module xil_defaultlib.RAM32X1D_HD493
Compiling module xil_defaultlib.RAM32X1D_HD494
Compiling module xil_defaultlib.RAM32X1D_HD495
Compiling module xil_defaultlib.RAM32X1D_HD496
Compiling module xil_defaultlib.RAM32X1D_HD497
Compiling module xil_defaultlib.RAM32X1D_HD498
Compiling module xil_defaultlib.RAM32X1D_HD499
Compiling module xil_defaultlib.RAM32X1D_HD500
Compiling module xil_defaultlib.RAM32X1D_HD501
Compiling module xil_defaultlib.RAM32X1D_HD502
Compiling module xil_defaultlib.RAM32X1D_HD503
Compiling module xil_defaultlib.RAM32X1D_HD504
Compiling module xil_defaultlib.RAM32X1D_HD505
Compiling module xil_defaultlib.RAM32X1D_HD506
Compiling module xil_defaultlib.RAM32X1D_HD507
Compiling module xil_defaultlib.RAM32X1D_HD508
Compiling module xil_defaultlib.RAM32X1D_HD509
Compiling module xil_defaultlib.RAM32X1D_HD510
Compiling module xil_defaultlib.design_1_HTA_theta_0_0_HTA_theta...
Compiling module xil_defaultlib.design_1_HTA_theta_0_0_HTA_theta...
Compiling module simprims_ver.RB18_INTERNAL_VLOG(READ_WIDTH_A=...
Compiling module simprims_ver.RAMB18E1(INITP_00=256'b011111111...
Compiling module simprims_ver.RB18_INTERNAL_VLOG(READ_WIDTH_A=...
Compiling module simprims_ver.RAMB18E1(INITP_00=256'b011111111...
Compiling module xil_defaultlib.design_1_HTA_theta_0_0_HTA_theta...
Compiling module xil_defaultlib.design_1_HTA_theta_0_0_HTA_theta...
Compiling module xil_defaultlib.design_1_HTA_theta_0_0_HTA_theta...
Compiling module xil_defaultlib.design_1_HTA_theta_0_0_HTA_theta...
Compiling module xil_defaultlib.design_1_HTA_theta_0_0_HTA_theta...
Compiling module xil_defaultlib.design_1_HTA_theta_0_0_HTA_theta...
Compiling module xil_defaultlib.design_1_HTA_theta_0_0_HTA_theta...
Compiling module xil_defaultlib.design_1_HTA_theta_0_0_HTA_theta...
Compiling module simprims_ver.MUXF8
Compiling module xil_defaultlib.design_1_HTA_theta_0_0_HTA_theta...
Compiling module xil_defaultlib.design_1_HTA_theta_0_0_HTA_theta...
Compiling module xil_defaultlib.design_1_HTA_theta_0_0_HTA_theta
Compiling module xil_defaultlib.design_1_HTA_theta_0_0
Compiling module xil_defaultlib.design_1_blk_mem_gen_0_0_bindec
Compiling module simprims_ver.GND
Compiling module xil_defaultlib.design_1_blk_mem_gen_0_0_bindec_...
Compiling module xil_defaultlib.design_1_blk_mem_gen_0_0_blk_mem...
Compiling module simprims_ver.RB18_INTERNAL_VLOG(DOA_REG=1,DOB...
Compiling module simprims_ver.RAMB18E1(DOA_REG=1,DOB_REG=1,INI...
Compiling module xil_defaultlib.design_1_blk_mem_gen_0_0_blk_mem...
Compiling module xil_defaultlib.design_1_blk_mem_gen_0_0_blk_mem...
Compiling module simprims_ver.RB36_INTERNAL_VLOG(DOA_REG=1,DOB...
Compiling module simprims_ver.RAMB36E1(DOA_REG=1,DOB_REG=1,REA...
Compiling module xil_defaultlib.design_1_blk_mem_gen_0_0_blk_mem...
Compiling module xil_defaultlib.design_1_blk_mem_gen_0_0_blk_mem...
Compiling module xil_defaultlib.design_1_blk_mem_gen_0_0_blk_mem...
Compiling module xil_defaultlib.design_1_blk_mem_gen_0_0_blk_mem...
Compiling module xil_defaultlib.design_1_blk_mem_gen_0_0_blk_mem...
Compiling module xil_defaultlib.design_1_blk_mem_gen_0_0_blk_mem...
Compiling module xil_defaultlib.design_1_blk_mem_gen_0_0_blk_mem...
Compiling module xil_defaultlib.design_1_blk_mem_gen_0_0_blk_mem...
Compiling module xil_defaultlib.design_1_blk_mem_gen_0_0_blk_mem...
Compiling module xil_defaultlib.design_1_blk_mem_gen_0_0_blk_mem...
Compiling module xil_defaultlib.design_1_blk_mem_gen_0_0_blk_mem...
Compiling module xil_defaultlib.design_1_blk_mem_gen_0_0_blk_mem...
Compiling module xil_defaultlib.design_1_blk_mem_gen_0_0_blk_mem...
Compiling module xil_defaultlib.design_1_blk_mem_gen_0_0_blk_mem...
Compiling module xil_defaultlib.design_1_blk_mem_gen_0_0_blk_mem...
Compiling module xil_defaultlib.design_1_blk_mem_gen_0_0_blk_mem...
Compiling module xil_defaultlib.design_1_blk_mem_gen_0_0_blk_mem...
Compiling module xil_defaultlib.design_1_blk_mem_gen_0_0_blk_mem...
Compiling module xil_defaultlib.design_1_blk_mem_gen_0_0_blk_mem...
Compiling module xil_defaultlib.design_1_blk_mem_gen_0_0_blk_mem...
Compiling module simprims_ver.RB18_INTERNAL_VLOG(DOA_REG=1,DOB...
Compiling module simprims_ver.RAMB18E1(DOA_REG=1,DOB_REG=1,REA...
Compiling module xil_defaultlib.design_1_blk_mem_gen_0_0_blk_mem...
Compiling module xil_defaultlib.design_1_blk_mem_gen_0_0_blk_mem...
Compiling module xil_defaultlib.design_1_blk_mem_gen_0_0_blk_mem...
Compiling module xil_defaultlib.design_1_blk_mem_gen_0_0_blk_mem...
Compiling module simprims_ver.RB18_INTERNAL_VLOG(DOA_REG=1,DOB...
Compiling module simprims_ver.RAMB18E1(DOA_REG=1,DOB_REG=1,INI...
Compiling module xil_defaultlib.design_1_blk_mem_gen_0_0_blk_mem...
Compiling module xil_defaultlib.design_1_blk_mem_gen_0_0_blk_mem...
Compiling module simprims_ver.RB18_INTERNAL_VLOG(DOA_REG=1,DOB...
Compiling module simprims_ver.RAMB18E1(DOA_REG=1,DOB_REG=1,INI...
Compiling module xil_defaultlib.design_1_blk_mem_gen_0_0_blk_mem...
Compiling module xil_defaultlib.design_1_blk_mem_gen_0_0_blk_mem...
Compiling module simprims_ver.RB18_INTERNAL_VLOG(DOA_REG=1,DOB...
Compiling module simprims_ver.RAMB18E1(DOA_REG=1,DOB_REG=1,INI...
Compiling module xil_defaultlib.design_1_blk_mem_gen_0_0_blk_mem...
Compiling module xil_defaultlib.design_1_blk_mem_gen_0_0_blk_mem...
Compiling module simprims_ver.RB36_INTERNAL_VLOG(DOA_REG=1,DOB...
Compiling module simprims_ver.RAMB36E1(DOA_REG=1,DOB_REG=1,INI...
Compiling module xil_defaultlib.design_1_blk_mem_gen_0_0_blk_mem...
Compiling module xil_defaultlib.design_1_blk_mem_gen_0_0_blk_mem...
Compiling module simprims_ver.RB36_INTERNAL_VLOG(DOA_REG=1,DOB...
Compiling module simprims_ver.RAMB36E1(DOA_REG=1,DOB_REG=1,INI...
Compiling module xil_defaultlib.design_1_blk_mem_gen_0_0_blk_mem...
Compiling module xil_defaultlib.design_1_blk_mem_gen_0_0_blk_mem...
Compiling module xil_defaultlib.design_1_blk_mem_gen_0_0_blk_mem...
Compiling module xil_defaultlib.design_1_blk_mem_gen_0_0_blk_mem...
Compiling module xil_defaultlib.design_1_blk_mem_gen_0_0_blk_mem...
Compiling module xil_defaultlib.design_1_blk_mem_gen_0_0_blk_mem...
Compiling module xil_defaultlib.design_1_blk_mem_gen_0_0_blk_mem...
Compiling module xil_defaultlib.design_1_blk_mem_gen_0_0_blk_mem...
Compiling module xil_defaultlib.design_1_blk_mem_gen_0_0_blk_mem...
Compiling module xil_defaultlib.design_1_blk_mem_gen_0_0_blk_mem...
Compiling module xil_defaultlib.design_1_blk_mem_gen_0_0_blk_mem...
Compiling module xil_defaultlib.design_1_blk_mem_gen_0_0_blk_mem...
Compiling module xil_defaultlib.design_1_blk_mem_gen_0_0
Compiling module simprims_ver.BUFG
Compiling module simprims_ver.MMCME2_ADV(CLKFBOUT_MULT_F=10.0,...
Compiling module xil_defaultlib.design_1_clk_wiz_1_design_1_clk_...
Compiling module xil_defaultlib.design_1_clk_wiz_1
Compiling module simprims_ver.FDRE(XON="FALSE")
Compiling module xil_defaultlib.design_1_rst_clk_wiz_100M_1_cdc_...
Compiling module xil_defaultlib.design_1_rst_clk_wiz_100M_1_cdc_...
Compiling module simprims_ver.SRL16E_default
Compiling module xil_defaultlib.design_1_rst_clk_wiz_100M_1_lpf
Compiling module simprims_ver.FDRE(INIT=1'b1)
Compiling module xil_defaultlib.design_1_rst_clk_wiz_100M_1_upcn...
Compiling module simprims_ver.FDSE(INIT=1'b0)
Compiling module xil_defaultlib.design_1_rst_clk_wiz_100M_1_sequ...
Compiling module xil_defaultlib.design_1_rst_clk_wiz_100M_1_proc...
Compiling module xil_defaultlib.design_1_rst_clk_wiz_100M_1
Compiling module xil_defaultlib.design_1
Compiling module simprims_ver.OBUF
Compiling module xil_defaultlib.design_1_wrapper
Compiling module xil_defaultlib.glbl
Built simulation snapshot design_1_wrapper_time_impl
