INFO: [VRFC 10-2263] Analyzing Verilog file "/home/tingyuan/Temporary/vivado-outputs/Algorithm_MAXHEAP_HTA/Algorithm_MAXHEAP_HTA.sim/sim_1/impl/timing/xsim/design_1_wrapper_time_impl.v" into library xil_defaultlib
INFO: [VRFC 10-311] analyzing module RAM32X1D_UNIQ_BASE_
INFO: [VRFC 10-311] analyzing module RAM32X1D_HD256
INFO: [VRFC 10-311] analyzing module RAM32X1D_HD257
INFO: [VRFC 10-311] analyzing module RAM32X1D_HD258
INFO: [VRFC 10-311] analyzing module RAM32X1D_HD259
INFO: [VRFC 10-311] analyzing module RAM32X1D_HD260
INFO: [VRFC 10-311] analyzing module RAM32X1D_HD261
INFO: [VRFC 10-311] analyzing module RAM32X1D_HD262
INFO: [VRFC 10-311] analyzing module RAM32X1D_HD263
INFO: [VRFC 10-311] analyzing module RAM32X1D_HD264
INFO: [VRFC 10-311] analyzing module RAM32X1D_HD265
INFO: [VRFC 10-311] analyzing module RAM32X1D_HD266
INFO: [VRFC 10-311] analyzing module RAM32X1D_HD267
INFO: [VRFC 10-311] analyzing module RAM32X1D_HD268
INFO: [VRFC 10-311] analyzing module RAM32X1D_HD269
INFO: [VRFC 10-311] analyzing module RAM32X1D_HD270
INFO: [VRFC 10-311] analyzing module RAM32X1D_HD271
INFO: [VRFC 10-311] analyzing module RAM32X1D_HD272
INFO: [VRFC 10-311] analyzing module RAM32X1D_HD273
INFO: [VRFC 10-311] analyzing module RAM32X1D_HD274
INFO: [VRFC 10-311] analyzing module RAM32X1D_HD275
INFO: [VRFC 10-311] analyzing module RAM32X1D_HD276
INFO: [VRFC 10-311] analyzing module RAM32X1D_HD277
INFO: [VRFC 10-311] analyzing module RAM32X1D_HD278
INFO: [VRFC 10-311] analyzing module RAM32X1D_HD279
INFO: [VRFC 10-311] analyzing module RAM32X1D_HD280
INFO: [VRFC 10-311] analyzing module RAM32X1D_HD281
INFO: [VRFC 10-311] analyzing module RAM32X1D_HD282
INFO: [VRFC 10-311] analyzing module RAM32X1D_HD283
INFO: [VRFC 10-311] analyzing module RAM32X1D_HD284
INFO: [VRFC 10-311] analyzing module RAM32X1D_HD285
INFO: [VRFC 10-311] analyzing module RAM32X1D_HD286
INFO: [VRFC 10-311] analyzing module RAM32X1D_HD287
INFO: [VRFC 10-311] analyzing module RAM32X1D_HD288
INFO: [VRFC 10-311] analyzing module RAM32X1D_HD289
INFO: [VRFC 10-311] analyzing module RAM32X1D_HD290
INFO: [VRFC 10-311] analyzing module RAM32X1D_HD291
INFO: [VRFC 10-311] analyzing module RAM32X1D_HD292
INFO: [VRFC 10-311] analyzing module RAM32X1D_HD293
INFO: [VRFC 10-311] analyzing module RAM32X1D_HD294
INFO: [VRFC 10-311] analyzing module RAM32X1D_HD295
INFO: [VRFC 10-311] analyzing module RAM32X1D_HD296
INFO: [VRFC 10-311] analyzing module RAM32X1D_HD297
INFO: [VRFC 10-311] analyzing module RAM32X1D_HD298
INFO: [VRFC 10-311] analyzing module RAM32X1D_HD299
INFO: [VRFC 10-311] analyzing module RAM32X1D_HD300
INFO: [VRFC 10-311] analyzing module RAM32X1D_HD301
INFO: [VRFC 10-311] analyzing module RAM32X1D_HD302
INFO: [VRFC 10-311] analyzing module RAM32X1D_HD303
INFO: [VRFC 10-311] analyzing module RAM32X1D_HD304
INFO: [VRFC 10-311] analyzing module RAM32X1D_HD305
INFO: [VRFC 10-311] analyzing module RAM32X1D_HD306
INFO: [VRFC 10-311] analyzing module RAM32X1D_HD307
INFO: [VRFC 10-311] analyzing module RAM32X1D_HD308
INFO: [VRFC 10-311] analyzing module RAM32X1D_HD309
INFO: [VRFC 10-311] analyzing module RAM32X1D_HD310
INFO: [VRFC 10-311] analyzing module RAM32X1D_HD311
INFO: [VRFC 10-311] analyzing module RAM32X1D_HD312
INFO: [VRFC 10-311] analyzing module RAM32X1D_HD313
INFO: [VRFC 10-311] analyzing module RAM32X1D_HD314
INFO: [VRFC 10-311] analyzing module RAM32X1D_HD315
INFO: [VRFC 10-311] analyzing module RAM32X1D_HD316
INFO: [VRFC 10-311] analyzing module RAM32X1D_HD317
INFO: [VRFC 10-311] analyzing module RAM32X1D_HD318
INFO: [VRFC 10-311] analyzing module RAM32X1D_HD319
INFO: [VRFC 10-311] analyzing module RAM32X1D_HD320
INFO: [VRFC 10-311] analyzing module RAM32X1D_HD321
INFO: [VRFC 10-311] analyzing module RAM32X1D_HD322
INFO: [VRFC 10-311] analyzing module RAM32X1D_HD323
INFO: [VRFC 10-311] analyzing module RAM32X1D_HD324
INFO: [VRFC 10-311] analyzing module RAM32X1D_HD325
INFO: [VRFC 10-311] analyzing module RAM32X1D_HD326
INFO: [VRFC 10-311] analyzing module RAM32X1D_HD327
INFO: [VRFC 10-311] analyzing module RAM32X1D_HD328
INFO: [VRFC 10-311] analyzing module RAM32X1D_HD329
INFO: [VRFC 10-311] analyzing module RAM32X1D_HD330
INFO: [VRFC 10-311] analyzing module RAM32X1D_HD331
INFO: [VRFC 10-311] analyzing module RAM32X1D_HD332
INFO: [VRFC 10-311] analyzing module RAM32X1D_HD333
INFO: [VRFC 10-311] analyzing module RAM32X1D_HD334
INFO: [VRFC 10-311] analyzing module RAM32X1D_HD335
INFO: [VRFC 10-311] analyzing module RAM32X1D_HD336
INFO: [VRFC 10-311] analyzing module RAM32X1D_HD337
INFO: [VRFC 10-311] analyzing module RAM32X1D_HD338
INFO: [VRFC 10-311] analyzing module RAM32X1D_HD339
INFO: [VRFC 10-311] analyzing module RAM32X1D_HD340
INFO: [VRFC 10-311] analyzing module RAM32X1D_HD341
INFO: [VRFC 10-311] analyzing module RAM32X1D_HD342
INFO: [VRFC 10-311] analyzing module RAM32X1D_HD343
INFO: [VRFC 10-311] analyzing module RAM32X1D_HD344
INFO: [VRFC 10-311] analyzing module RAM32X1D_HD345
INFO: [VRFC 10-311] analyzing module RAM32X1D_HD346
INFO: [VRFC 10-311] analyzing module RAM32X1D_HD347
INFO: [VRFC 10-311] analyzing module RAM32X1D_HD348
INFO: [VRFC 10-311] analyzing module RAM32X1D_HD349
INFO: [VRFC 10-311] analyzing module RAM32X1D_HD350
INFO: [VRFC 10-311] analyzing module RAM32X1D_HD351
INFO: [VRFC 10-311] analyzing module RAM32X1D_HD352
INFO: [VRFC 10-311] analyzing module RAM32X1D_HD353
INFO: [VRFC 10-311] analyzing module RAM32X1D_HD354
INFO: [VRFC 10-311] analyzing module RAM32X1D_HD355
INFO: [VRFC 10-311] analyzing module RAM32X1D_HD356
INFO: [VRFC 10-311] analyzing module RAM32X1D_HD357
INFO: [VRFC 10-311] analyzing module RAM32X1D_HD358
INFO: [VRFC 10-311] analyzing module RAM32X1D_HD359
INFO: [VRFC 10-311] analyzing module RAM32X1D_HD360
INFO: [VRFC 10-311] analyzing module RAM32X1D_HD361
INFO: [VRFC 10-311] analyzing module RAM32X1D_HD362
INFO: [VRFC 10-311] analyzing module RAM32X1D_HD363
INFO: [VRFC 10-311] analyzing module RAM32X1D_HD364
INFO: [VRFC 10-311] analyzing module RAM32X1D_HD365
INFO: [VRFC 10-311] analyzing module RAM32X1D_HD366
INFO: [VRFC 10-311] analyzing module RAM32X1D_HD367
INFO: [VRFC 10-311] analyzing module RAM32X1D_HD368
INFO: [VRFC 10-311] analyzing module RAM32X1D_HD369
INFO: [VRFC 10-311] analyzing module RAM32X1D_HD370
INFO: [VRFC 10-311] analyzing module RAM32X1D_HD371
INFO: [VRFC 10-311] analyzing module RAM32X1D_HD372
INFO: [VRFC 10-311] analyzing module RAM32X1D_HD373
INFO: [VRFC 10-311] analyzing module RAM32X1D_HD374
INFO: [VRFC 10-311] analyzing module RAM32X1D_HD375
INFO: [VRFC 10-311] analyzing module RAM32X1D_HD376
INFO: [VRFC 10-311] analyzing module RAM32X1D_HD377
INFO: [VRFC 10-311] analyzing module RAM32X1D_HD378
INFO: [VRFC 10-311] analyzing module RAM32X1D_HD379
INFO: [VRFC 10-311] analyzing module RAM32X1D_HD380
INFO: [VRFC 10-311] analyzing module RAM32X1D_HD381
INFO: [VRFC 10-311] analyzing module RAM32X1D_HD382
INFO: [VRFC 10-311] analyzing module RAM32X1D_HD383
INFO: [VRFC 10-311] analyzing module RAM32X1D_HD384
INFO: [VRFC 10-311] analyzing module RAM32X1D_HD385
INFO: [VRFC 10-311] analyzing module RAM32X1D_HD386
INFO: [VRFC 10-311] analyzing module RAM32X1D_HD387
INFO: [VRFC 10-311] analyzing module RAM32X1D_HD388
INFO: [VRFC 10-311] analyzing module RAM32X1D_HD389
INFO: [VRFC 10-311] analyzing module RAM32X1D_HD390
INFO: [VRFC 10-311] analyzing module RAM32X1D_HD391
INFO: [VRFC 10-311] analyzing module RAM32X1D_HD392
INFO: [VRFC 10-311] analyzing module RAM32X1D_HD393
INFO: [VRFC 10-311] analyzing module RAM32X1D_HD394
INFO: [VRFC 10-311] analyzing module RAM32X1D_HD395
INFO: [VRFC 10-311] analyzing module RAM32X1D_HD396
INFO: [VRFC 10-311] analyzing module RAM32X1D_HD397
INFO: [VRFC 10-311] analyzing module RAM32X1D_HD398
INFO: [VRFC 10-311] analyzing module RAM32X1D_HD399
INFO: [VRFC 10-311] analyzing module RAM32X1D_HD400
INFO: [VRFC 10-311] analyzing module RAM32X1D_HD401
INFO: [VRFC 10-311] analyzing module RAM32X1D_HD402
INFO: [VRFC 10-311] analyzing module RAM32X1D_HD403
INFO: [VRFC 10-311] analyzing module RAM32X1D_HD404
INFO: [VRFC 10-311] analyzing module RAM32X1D_HD405
INFO: [VRFC 10-311] analyzing module RAM32X1D_HD406
INFO: [VRFC 10-311] analyzing module RAM32X1D_HD407
INFO: [VRFC 10-311] analyzing module RAM32X1D_HD408
INFO: [VRFC 10-311] analyzing module RAM32X1D_HD409
INFO: [VRFC 10-311] analyzing module RAM32X1D_HD410
INFO: [VRFC 10-311] analyzing module RAM32X1D_HD411
INFO: [VRFC 10-311] analyzing module RAM32X1D_HD412
INFO: [VRFC 10-311] analyzing module RAM32X1D_HD413
INFO: [VRFC 10-311] analyzing module RAM32X1D_HD414
INFO: [VRFC 10-311] analyzing module RAM32X1D_HD415
INFO: [VRFC 10-311] analyzing module RAM32X1D_HD416
INFO: [VRFC 10-311] analyzing module RAM32X1D_HD417
INFO: [VRFC 10-311] analyzing module RAM32X1D_HD418
INFO: [VRFC 10-311] analyzing module RAM32X1D_HD419
INFO: [VRFC 10-311] analyzing module RAM32X1D_HD420
INFO: [VRFC 10-311] analyzing module RAM32X1D_HD421
INFO: [VRFC 10-311] analyzing module RAM32X1D_HD422
INFO: [VRFC 10-311] analyzing module RAM32X1D_HD423
INFO: [VRFC 10-311] analyzing module RAM32X1D_HD424
INFO: [VRFC 10-311] analyzing module RAM32X1D_HD425
INFO: [VRFC 10-311] analyzing module RAM32X1D_HD426
INFO: [VRFC 10-311] analyzing module RAM32X1D_HD427
INFO: [VRFC 10-311] analyzing module RAM32X1D_HD428
INFO: [VRFC 10-311] analyzing module RAM32X1D_HD429
INFO: [VRFC 10-311] analyzing module RAM32X1D_HD430
INFO: [VRFC 10-311] analyzing module RAM32X1D_HD431
INFO: [VRFC 10-311] analyzing module RAM32X1D_HD432
INFO: [VRFC 10-311] analyzing module RAM32X1D_HD433
INFO: [VRFC 10-311] analyzing module RAM32X1D_HD434
INFO: [VRFC 10-311] analyzing module RAM32X1D_HD435
INFO: [VRFC 10-311] analyzing module RAM32X1D_HD436
INFO: [VRFC 10-311] analyzing module RAM32X1D_HD437
INFO: [VRFC 10-311] analyzing module RAM32X1D_HD438
INFO: [VRFC 10-311] analyzing module RAM32X1D_HD439
INFO: [VRFC 10-311] analyzing module RAM32X1D_HD440
INFO: [VRFC 10-311] analyzing module RAM32X1D_HD441
INFO: [VRFC 10-311] analyzing module RAM32X1D_HD442
INFO: [VRFC 10-311] analyzing module RAM32X1D_HD443
INFO: [VRFC 10-311] analyzing module RAM32X1D_HD444
INFO: [VRFC 10-311] analyzing module RAM32X1D_HD445
INFO: [VRFC 10-311] analyzing module RAM32X1D_HD446
INFO: [VRFC 10-311] analyzing module RAM32X1D_HD447
INFO: [VRFC 10-311] analyzing module RAM32X1D_HD448
INFO: [VRFC 10-311] analyzing module RAM32X1D_HD449
INFO: [VRFC 10-311] analyzing module RAM32X1D_HD450
INFO: [VRFC 10-311] analyzing module RAM32X1D_HD451
INFO: [VRFC 10-311] analyzing module RAM32X1D_HD452
INFO: [VRFC 10-311] analyzing module RAM32X1D_HD453
INFO: [VRFC 10-311] analyzing module RAM32X1D_HD454
INFO: [VRFC 10-311] analyzing module RAM32X1D_HD455
INFO: [VRFC 10-311] analyzing module RAM32X1D_HD456
INFO: [VRFC 10-311] analyzing module RAM32X1D_HD457
INFO: [VRFC 10-311] analyzing module RAM32X1D_HD458
INFO: [VRFC 10-311] analyzing module RAM32X1D_HD459
INFO: [VRFC 10-311] analyzing module RAM32X1D_HD460
INFO: [VRFC 10-311] analyzing module RAM32X1D_HD461
INFO: [VRFC 10-311] analyzing module RAM32X1D_HD462
INFO: [VRFC 10-311] analyzing module RAM32X1D_HD463
INFO: [VRFC 10-311] analyzing module RAM32X1D_HD464
INFO: [VRFC 10-311] analyzing module RAM32X1D_HD465
INFO: [VRFC 10-311] analyzing module RAM32X1D_HD466
INFO: [VRFC 10-311] analyzing module RAM32X1D_HD467
INFO: [VRFC 10-311] analyzing module RAM32X1D_HD468
INFO: [VRFC 10-311] analyzing module RAM32X1D_HD469
INFO: [VRFC 10-311] analyzing module RAM32X1D_HD470
INFO: [VRFC 10-311] analyzing module RAM32X1D_HD471
INFO: [VRFC 10-311] analyzing module RAM32X1D_HD472
INFO: [VRFC 10-311] analyzing module RAM32X1D_HD473
INFO: [VRFC 10-311] analyzing module RAM32X1D_HD474
INFO: [VRFC 10-311] analyzing module RAM32X1D_HD475
INFO: [VRFC 10-311] analyzing module RAM32X1D_HD476
INFO: [VRFC 10-311] analyzing module RAM32X1D_HD477
INFO: [VRFC 10-311] analyzing module RAM32X1D_HD478
INFO: [VRFC 10-311] analyzing module RAM32X1D_HD479
INFO: [VRFC 10-311] analyzing module RAM32X1D_HD480
INFO: [VRFC 10-311] analyzing module RAM32X1D_HD481
INFO: [VRFC 10-311] analyzing module RAM32X1D_HD482
INFO: [VRFC 10-311] analyzing module RAM32X1D_HD483
INFO: [VRFC 10-311] analyzing module RAM32X1D_HD484
INFO: [VRFC 10-311] analyzing module RAM32X1D_HD485
INFO: [VRFC 10-311] analyzing module RAM32X1D_HD486
INFO: [VRFC 10-311] analyzing module RAM32X1D_HD487
INFO: [VRFC 10-311] analyzing module RAM32X1D_HD488
INFO: [VRFC 10-311] analyzing module RAM32X1D_HD489
INFO: [VRFC 10-311] analyzing module RAM32X1D_HD490
INFO: [VRFC 10-311] analyzing module RAM32X1D_HD491
INFO: [VRFC 10-311] analyzing module RAM32X1D_HD492
INFO: [VRFC 10-311] analyzing module RAM32X1D_HD493
INFO: [VRFC 10-311] analyzing module RAM32X1D_HD494
INFO: [VRFC 10-311] analyzing module RAM32X1D_HD495
INFO: [VRFC 10-311] analyzing module RAM32X1D_HD496
INFO: [VRFC 10-311] analyzing module RAM32X1D_HD497
INFO: [VRFC 10-311] analyzing module RAM32X1D_HD498
INFO: [VRFC 10-311] analyzing module RAM32X1D_HD499
INFO: [VRFC 10-311] analyzing module RAM32X1D_HD500
INFO: [VRFC 10-311] analyzing module RAM32X1D_HD501
INFO: [VRFC 10-311] analyzing module RAM32X1D_HD502
INFO: [VRFC 10-311] analyzing module RAM32X1D_HD503
INFO: [VRFC 10-311] analyzing module RAM32X1D_HD504
INFO: [VRFC 10-311] analyzing module RAM32X1D_HD505
INFO: [VRFC 10-311] analyzing module RAM32X1D_HD506
INFO: [VRFC 10-311] analyzing module RAM32X1D_HD507
INFO: [VRFC 10-311] analyzing module RAM32X1D_HD508
INFO: [VRFC 10-311] analyzing module RAM32X1D_HD509
INFO: [VRFC 10-311] analyzing module RAM32X1D_HD510
INFO: [VRFC 10-311] analyzing module design_1
INFO: [VRFC 10-311] analyzing module design_1_HLS_MAXHEAP_HTA_0_1
INFO: [VRFC 10-311] analyzing module design_1_HLS_MAXHEAP_HTA_0_1_HLS_MAXHEAP_HTA
INFO: [VRFC 10-311] analyzing module design_1_HLS_MAXHEAP_HTA_0_1_HLS_MAXHEAP_HTA_Hbkb
INFO: [VRFC 10-311] analyzing module design_1_HLS_MAXHEAP_HTA_0_1_HLS_MAXHEAP_HTA_Hbkb_0
INFO: [VRFC 10-311] analyzing module design_1_HLS_MAXHEAP_HTA_0_1_HLS_MAXHEAP_HTA_Hbkb_ram
INFO: [VRFC 10-311] analyzing module design_1_HLS_MAXHEAP_HTA_0_1_HLS_MAXHEAP_HTA_Hbkb_ram_1
INFO: [VRFC 10-311] analyzing module design_1_HLS_MAXHEAP_HTA_0_1_HLS_free_1_s
INFO: [VRFC 10-311] analyzing module design_1_HLS_MAXHEAP_HTA_0_1_HLS_malloc_1_s
INFO: [VRFC 10-311] analyzing module design_1_HLS_MAXHEAP_HTA_0_1_HLS_malloc_2_s
INFO: [VRFC 10-311] analyzing module design_1_HLS_MAXHEAP_HTA_0_1_HLS_malloc_3_s
INFO: [VRFC 10-311] analyzing module design_1_HTA_theta_0_0
INFO: [VRFC 10-311] analyzing module design_1_HTA_theta_0_0_HTA_theta
INFO: [VRFC 10-311] analyzing module design_1_HTA_theta_0_0_HTA_theta_addr_lajbC
INFO: [VRFC 10-311] analyzing module design_1_HTA_theta_0_0_HTA_theta_addr_lajbC_ram
INFO: [VRFC 10-311] analyzing module design_1_HTA_theta_0_0_HTA_theta_addr_trkbM
INFO: [VRFC 10-311] analyzing module design_1_HTA_theta_0_0_HTA_theta_addr_trkbM_ram
INFO: [VRFC 10-311] analyzing module design_1_HTA_theta_0_0_HTA_theta_buddy_tbkb
INFO: [VRFC 10-311] analyzing module design_1_HTA_theta_0_0_HTA_theta_buddy_tbkb_ram
INFO: [VRFC 10-311] analyzing module design_1_HTA_theta_0_0_HTA_theta_buddy_tcud
INFO: [VRFC 10-311] analyzing module design_1_HTA_theta_0_0_HTA_theta_buddy_tcud_ram
INFO: [VRFC 10-311] analyzing module design_1_HTA_theta_0_0_HTA_theta_buddy_tdEe
INFO: [VRFC 10-311] analyzing module design_1_HTA_theta_0_0_HTA_theta_buddy_tdEe_ram
INFO: [VRFC 10-311] analyzing module design_1_HTA_theta_0_0_HTA_theta_buddy_teOg
INFO: [VRFC 10-311] analyzing module design_1_HTA_theta_0_0_HTA_theta_buddy_teOg_ram
INFO: [VRFC 10-311] analyzing module design_1_HTA_theta_0_0_HTA_theta_group_tfYi
INFO: [VRFC 10-311] analyzing module design_1_HTA_theta_0_0_HTA_theta_group_tfYi_5
INFO: [VRFC 10-311] analyzing module design_1_HTA_theta_0_0_HTA_theta_group_tfYi_ram
INFO: [VRFC 10-311] analyzing module design_1_HTA_theta_0_0_HTA_theta_group_tfYi_ram_6
INFO: [VRFC 10-311] analyzing module design_1_HTA_theta_0_0_HTA_theta_group_thbi
INFO: [VRFC 10-311] analyzing module design_1_HTA_theta_0_0_HTA_theta_group_thbi_rom
INFO: [VRFC 10-311] analyzing module design_1_HTA_theta_0_0_HTA_theta_mark_malbW
INFO: [VRFC 10-311] analyzing module design_1_HTA_theta_0_0_HTA_theta_mark_malbW_rom
INFO: [VRFC 10-311] analyzing module design_1_HTA_theta_0_0_HTA_theta_mux_44_mb6
INFO: [VRFC 10-311] analyzing module design_1_HTA_theta_0_0_HTA_theta_mux_44_mb6_0
INFO: [VRFC 10-311] analyzing module design_1_HTA_theta_0_0_HTA_theta_mux_44_mb6_1
INFO: [VRFC 10-311] analyzing module design_1_HTA_theta_0_0_HTA_theta_mux_44_mb6_2
INFO: [VRFC 10-311] analyzing module design_1_HTA_theta_0_0_HTA_theta_mux_44_mb6_3
INFO: [VRFC 10-311] analyzing module design_1_HTA_theta_0_0_HTA_theta_mux_44_mb6_4
INFO: [VRFC 10-311] analyzing module design_1_HTA_theta_0_0_HTA_theta_mux_48_ncg
INFO: [VRFC 10-311] analyzing module design_1_HTA_theta_0_0_HTA_theta_shift_cibs
INFO: [VRFC 10-311] analyzing module design_1_HTA_theta_0_0_HTA_theta_shift_cibs_rom
INFO: [VRFC 10-311] analyzing module design_1_blk_mem_gen_0_0
INFO: [VRFC 10-311] analyzing module design_1_clk_wiz_1
INFO: [VRFC 10-311] analyzing module design_1_clk_wiz_1_design_1_clk_wiz_1_clk_wiz
INFO: [VRFC 10-311] analyzing module design_1_rst_clk_wiz_100M_1
INFO: [VRFC 10-311] analyzing module design_1_rst_clk_wiz_100M_1_cdc_sync
INFO: [VRFC 10-311] analyzing module design_1_rst_clk_wiz_100M_1_cdc_sync_0
INFO: [VRFC 10-311] analyzing module design_1_rst_clk_wiz_100M_1_lpf
INFO: [VRFC 10-311] analyzing module design_1_rst_clk_wiz_100M_1_proc_sys_reset
INFO: [VRFC 10-311] analyzing module design_1_rst_clk_wiz_100M_1_sequence_psr
INFO: [VRFC 10-311] analyzing module design_1_rst_clk_wiz_100M_1_upcnt_n
INFO: [VRFC 10-311] analyzing module design_1_wrapper
INFO: [VRFC 10-311] analyzing module design_1_blk_mem_gen_0_0_bindec
INFO: [VRFC 10-311] analyzing module design_1_blk_mem_gen_0_0_bindec_0
INFO: [VRFC 10-311] analyzing module design_1_blk_mem_gen_0_0_blk_mem_gen_generic_cstr
INFO: [VRFC 10-311] analyzing module design_1_blk_mem_gen_0_0_blk_mem_gen_mux
INFO: [VRFC 10-311] analyzing module design_1_blk_mem_gen_0_0_blk_mem_gen_prim_width
INFO: [VRFC 10-311] analyzing module design_1_blk_mem_gen_0_0_blk_mem_gen_prim_width__parameterized0
INFO: [VRFC 10-311] analyzing module design_1_blk_mem_gen_0_0_blk_mem_gen_prim_width__parameterized1
INFO: [VRFC 10-311] analyzing module design_1_blk_mem_gen_0_0_blk_mem_gen_prim_width__parameterized10
INFO: [VRFC 10-311] analyzing module design_1_blk_mem_gen_0_0_blk_mem_gen_prim_width__parameterized11
INFO: [VRFC 10-311] analyzing module design_1_blk_mem_gen_0_0_blk_mem_gen_prim_width__parameterized12
INFO: [VRFC 10-311] analyzing module design_1_blk_mem_gen_0_0_blk_mem_gen_prim_width__parameterized13
INFO: [VRFC 10-311] analyzing module design_1_blk_mem_gen_0_0_blk_mem_gen_prim_width__parameterized14
INFO: [VRFC 10-311] analyzing module design_1_blk_mem_gen_0_0_blk_mem_gen_prim_width__parameterized15
INFO: [VRFC 10-311] analyzing module design_1_blk_mem_gen_0_0_blk_mem_gen_prim_width__parameterized16
INFO: [VRFC 10-311] analyzing module design_1_blk_mem_gen_0_0_blk_mem_gen_prim_width__parameterized17
INFO: [VRFC 10-311] analyzing module design_1_blk_mem_gen_0_0_blk_mem_gen_prim_width__parameterized18
INFO: [VRFC 10-311] analyzing module design_1_blk_mem_gen_0_0_blk_mem_gen_prim_width__parameterized19
INFO: [VRFC 10-311] analyzing module design_1_blk_mem_gen_0_0_blk_mem_gen_prim_width__parameterized2
INFO: [VRFC 10-311] analyzing module design_1_blk_mem_gen_0_0_blk_mem_gen_prim_width__parameterized3
INFO: [VRFC 10-311] analyzing module design_1_blk_mem_gen_0_0_blk_mem_gen_prim_width__parameterized4
INFO: [VRFC 10-311] analyzing module design_1_blk_mem_gen_0_0_blk_mem_gen_prim_width__parameterized5
INFO: [VRFC 10-311] analyzing module design_1_blk_mem_gen_0_0_blk_mem_gen_prim_width__parameterized6
INFO: [VRFC 10-311] analyzing module design_1_blk_mem_gen_0_0_blk_mem_gen_prim_width__parameterized7
INFO: [VRFC 10-311] analyzing module design_1_blk_mem_gen_0_0_blk_mem_gen_prim_width__parameterized8
INFO: [VRFC 10-311] analyzing module design_1_blk_mem_gen_0_0_blk_mem_gen_prim_width__parameterized9
INFO: [VRFC 10-311] analyzing module design_1_blk_mem_gen_0_0_blk_mem_gen_prim_wrapper_init
INFO: [VRFC 10-311] analyzing module design_1_blk_mem_gen_0_0_blk_mem_gen_prim_wrapper_init__parameterized0
INFO: [VRFC 10-311] analyzing module design_1_blk_mem_gen_0_0_blk_mem_gen_prim_wrapper_init__parameterized1
INFO: [VRFC 10-311] analyzing module design_1_blk_mem_gen_0_0_blk_mem_gen_prim_wrapper_init__parameterized10
INFO: [VRFC 10-311] analyzing module design_1_blk_mem_gen_0_0_blk_mem_gen_prim_wrapper_init__parameterized11
INFO: [VRFC 10-311] analyzing module design_1_blk_mem_gen_0_0_blk_mem_gen_prim_wrapper_init__parameterized12
INFO: [VRFC 10-311] analyzing module design_1_blk_mem_gen_0_0_blk_mem_gen_prim_wrapper_init__parameterized13
INFO: [VRFC 10-311] analyzing module design_1_blk_mem_gen_0_0_blk_mem_gen_prim_wrapper_init__parameterized14
INFO: [VRFC 10-311] analyzing module design_1_blk_mem_gen_0_0_blk_mem_gen_prim_wrapper_init__parameterized15
INFO: [VRFC 10-311] analyzing module design_1_blk_mem_gen_0_0_blk_mem_gen_prim_wrapper_init__parameterized16
INFO: [VRFC 10-311] analyzing module design_1_blk_mem_gen_0_0_blk_mem_gen_prim_wrapper_init__parameterized17
INFO: [VRFC 10-311] analyzing module design_1_blk_mem_gen_0_0_blk_mem_gen_prim_wrapper_init__parameterized18
INFO: [VRFC 10-311] analyzing module design_1_blk_mem_gen_0_0_blk_mem_gen_prim_wrapper_init__parameterized19
INFO: [VRFC 10-311] analyzing module design_1_blk_mem_gen_0_0_blk_mem_gen_prim_wrapper_init__parameterized2
INFO: [VRFC 10-311] analyzing module design_1_blk_mem_gen_0_0_blk_mem_gen_prim_wrapper_init__parameterized3
INFO: [VRFC 10-311] analyzing module design_1_blk_mem_gen_0_0_blk_mem_gen_prim_wrapper_init__parameterized4
INFO: [VRFC 10-311] analyzing module design_1_blk_mem_gen_0_0_blk_mem_gen_prim_wrapper_init__parameterized5
INFO: [VRFC 10-311] analyzing module design_1_blk_mem_gen_0_0_blk_mem_gen_prim_wrapper_init__parameterized6
INFO: [VRFC 10-311] analyzing module design_1_blk_mem_gen_0_0_blk_mem_gen_prim_wrapper_init__parameterized7
INFO: [VRFC 10-311] analyzing module design_1_blk_mem_gen_0_0_blk_mem_gen_prim_wrapper_init__parameterized8
INFO: [VRFC 10-311] analyzing module design_1_blk_mem_gen_0_0_blk_mem_gen_prim_wrapper_init__parameterized9
INFO: [VRFC 10-311] analyzing module design_1_blk_mem_gen_0_0_blk_mem_gen_top
INFO: [VRFC 10-311] analyzing module design_1_blk_mem_gen_0_0_blk_mem_gen_v8_4_1
INFO: [VRFC 10-311] analyzing module design_1_blk_mem_gen_0_0_blk_mem_gen_v8_4_1_synth
INFO: [VRFC 10-311] analyzing module glbl
