
*** Running vivado
    with args -log design_1_HLS_SPFA_0_0.vds -m64 -product Vivado -mode batch -messageDb vivado.pb -notrace -source design_1_HLS_SPFA_0_0.tcl


****** Vivado v2018.2 (64-bit)
  **** SW Build 2258646 on Thu Jun 14 20:02:38 MDT 2018
  **** IP Build 2256618 on Thu Jun 14 22:10:49 MDT 2018
    ** Copyright 1986-2018 Xilinx, Inc. All Rights Reserved.

source design_1_HLS_SPFA_0_0.tcl -notrace
Command: synth_design -top design_1_HLS_SPFA_0_0 -part xc7z020clg484-1 -mode out_of_context
Starting synth_design
Attempting to get a license for feature 'Synthesis' and/or device 'xc7z020'
INFO: [Common 17-349] Got license for feature 'Synthesis' and/or device 'xc7z020'
INFO: Launching helper process for spawning children vivado processes
INFO: Helper process launched with PID 29338 
---------------------------------------------------------------------------------
Starting RTL Elaboration : Time (s): cpu = 00:00:02 ; elapsed = 00:00:02 . Memory (MB): peak = 1354.570 ; gain = 82.887 ; free physical = 7365 ; free virtual = 28295
---------------------------------------------------------------------------------
INFO: [Synth 8-6157] synthesizing module 'design_1_HLS_SPFA_0_0' [/home/tingyuan/Temporary/vivado-outputs/Algorithm_SPFA/Algorithm_SPFA.srcs/sources_1/bd/design_1/ip/design_1_HLS_SPFA_0_0/synth/design_1_HLS_SPFA_0_0.v:58]
INFO: [Synth 8-6157] synthesizing module 'HLS_SPFA' [/home/tingyuan/Temporary/vivado-outputs/Algorithm_SPFA/Algorithm_SPFA.srcs/sources_1/bd/design_1/ipshared/e926/hdl/verilog/HLS_SPFA.v:12]
	Parameter ap_ST_fsm_state1 bound to: 24'b000000000000000000000001 
	Parameter ap_ST_fsm_state2 bound to: 24'b000000000000000000000010 
	Parameter ap_ST_fsm_state3 bound to: 24'b000000000000000000000100 
	Parameter ap_ST_fsm_state4 bound to: 24'b000000000000000000001000 
	Parameter ap_ST_fsm_state5 bound to: 24'b000000000000000000010000 
	Parameter ap_ST_fsm_state6 bound to: 24'b000000000000000000100000 
	Parameter ap_ST_fsm_state7 bound to: 24'b000000000000000001000000 
	Parameter ap_ST_fsm_state8 bound to: 24'b000000000000000010000000 
	Parameter ap_ST_fsm_state9 bound to: 24'b000000000000000100000000 
	Parameter ap_ST_fsm_state10 bound to: 24'b000000000000001000000000 
	Parameter ap_ST_fsm_state11 bound to: 24'b000000000000010000000000 
	Parameter ap_ST_fsm_state12 bound to: 24'b000000000000100000000000 
	Parameter ap_ST_fsm_state13 bound to: 24'b000000000001000000000000 
	Parameter ap_ST_fsm_state14 bound to: 24'b000000000010000000000000 
	Parameter ap_ST_fsm_state15 bound to: 24'b000000000100000000000000 
	Parameter ap_ST_fsm_state16 bound to: 24'b000000001000000000000000 
	Parameter ap_ST_fsm_state17 bound to: 24'b000000010000000000000000 
	Parameter ap_ST_fsm_state18 bound to: 24'b000000100000000000000000 
	Parameter ap_ST_fsm_state19 bound to: 24'b000001000000000000000000 
	Parameter ap_ST_fsm_state20 bound to: 24'b000010000000000000000000 
	Parameter ap_ST_fsm_state21 bound to: 24'b000100000000000000000000 
	Parameter ap_ST_fsm_state22 bound to: 24'b001000000000000000000000 
	Parameter ap_ST_fsm_state23 bound to: 24'b010000000000000000000000 
	Parameter ap_ST_fsm_state24 bound to: 24'b100000000000000000000000 
INFO: [Synth 8-5534] Detected attribute (* fsm_encoding = "none" *) [/home/tingyuan/Temporary/vivado-outputs/Algorithm_SPFA/Algorithm_SPFA.srcs/sources_1/bd/design_1/ipshared/e926/hdl/verilog/HLS_SPFA.v:114]
INFO: [Synth 8-6157] synthesizing module 'HLS_SPFA_p_heap0_0' [/home/tingyuan/Temporary/vivado-outputs/Algorithm_SPFA/Algorithm_SPFA.srcs/sources_1/bd/design_1/ipshared/e926/hdl/verilog/HLS_SPFA_p_heap0_0.v:46]
	Parameter DataWidth bound to: 32 - type: integer 
	Parameter AddressRange bound to: 1500 - type: integer 
	Parameter AddressWidth bound to: 11 - type: integer 
INFO: [Synth 8-6157] synthesizing module 'HLS_SPFA_p_heap0_0_ram' [/home/tingyuan/Temporary/vivado-outputs/Algorithm_SPFA/Algorithm_SPFA.srcs/sources_1/bd/design_1/ipshared/e926/hdl/verilog/HLS_SPFA_p_heap0_0.v:9]
	Parameter DWIDTH bound to: 32 - type: integer 
	Parameter AWIDTH bound to: 11 - type: integer 
	Parameter MEM_SIZE bound to: 1500 - type: integer 
INFO: [Synth 8-5534] Detected attribute (* ram_style = "block" *) [/home/tingyuan/Temporary/vivado-outputs/Algorithm_SPFA/Algorithm_SPFA.srcs/sources_1/bd/design_1/ipshared/e926/hdl/verilog/HLS_SPFA_p_heap0_0.v:22]
INFO: [Synth 8-6155] done synthesizing module 'HLS_SPFA_p_heap0_0_ram' (1#1) [/home/tingyuan/Temporary/vivado-outputs/Algorithm_SPFA/Algorithm_SPFA.srcs/sources_1/bd/design_1/ipshared/e926/hdl/verilog/HLS_SPFA_p_heap0_0.v:9]
INFO: [Synth 8-6155] done synthesizing module 'HLS_SPFA_p_heap0_0' (2#1) [/home/tingyuan/Temporary/vivado-outputs/Algorithm_SPFA/Algorithm_SPFA.srcs/sources_1/bd/design_1/ipshared/e926/hdl/verilog/HLS_SPFA_p_heap0_0.v:46]
INFO: [Synth 8-6157] synthesizing module 'HLS_SPFA_in_list' [/home/tingyuan/Temporary/vivado-outputs/Algorithm_SPFA/Algorithm_SPFA.srcs/sources_1/bd/design_1/ipshared/e926/hdl/verilog/HLS_SPFA_in_list.v:66]
	Parameter DataWidth bound to: 1 - type: integer 
	Parameter AddressRange bound to: 200 - type: integer 
	Parameter AddressWidth bound to: 8 - type: integer 
INFO: [Synth 8-6157] synthesizing module 'HLS_SPFA_in_list_ram' [/home/tingyuan/Temporary/vivado-outputs/Algorithm_SPFA/Algorithm_SPFA.srcs/sources_1/bd/design_1/ipshared/e926/hdl/verilog/HLS_SPFA_in_list.v:9]
	Parameter DWIDTH bound to: 1 - type: integer 
	Parameter AWIDTH bound to: 8 - type: integer 
	Parameter MEM_SIZE bound to: 200 - type: integer 
INFO: [Synth 8-5534] Detected attribute (* ram_style = "block" *) [/home/tingyuan/Temporary/vivado-outputs/Algorithm_SPFA/Algorithm_SPFA.srcs/sources_1/bd/design_1/ipshared/e926/hdl/verilog/HLS_SPFA_in_list.v:27]
INFO: [Synth 8-6155] done synthesizing module 'HLS_SPFA_in_list_ram' (3#1) [/home/tingyuan/Temporary/vivado-outputs/Algorithm_SPFA/Algorithm_SPFA.srcs/sources_1/bd/design_1/ipshared/e926/hdl/verilog/HLS_SPFA_in_list.v:9]
INFO: [Synth 8-6155] done synthesizing module 'HLS_SPFA_in_list' (4#1) [/home/tingyuan/Temporary/vivado-outputs/Algorithm_SPFA/Algorithm_SPFA.srcs/sources_1/bd/design_1/ipshared/e926/hdl/verilog/HLS_SPFA_in_list.v:66]
INFO: [Synth 8-6157] synthesizing module 'HLS_malloc_1_s' [/home/tingyuan/Temporary/vivado-outputs/Algorithm_SPFA/Algorithm_SPFA.srcs/sources_1/bd/design_1/ipshared/e926/hdl/verilog/HLS_malloc_1_s.v:10]
	Parameter ap_ST_fsm_state1 bound to: 3'b001 
	Parameter ap_ST_fsm_state2 bound to: 3'b010 
	Parameter ap_ST_fsm_state3 bound to: 3'b100 
INFO: [Synth 8-5534] Detected attribute (* fsm_encoding = "none" *) [/home/tingyuan/Temporary/vivado-outputs/Algorithm_SPFA/Algorithm_SPFA.srcs/sources_1/bd/design_1/ipshared/e926/hdl/verilog/HLS_malloc_1_s.v:66]
INFO: [Synth 8-6155] done synthesizing module 'HLS_malloc_1_s' (5#1) [/home/tingyuan/Temporary/vivado-outputs/Algorithm_SPFA/Algorithm_SPFA.srcs/sources_1/bd/design_1/ipshared/e926/hdl/verilog/HLS_malloc_1_s.v:10]
INFO: [Synth 8-6157] synthesizing module 'HLS_free_1_s' [/home/tingyuan/Temporary/vivado-outputs/Algorithm_SPFA/Algorithm_SPFA.srcs/sources_1/bd/design_1/ipshared/e926/hdl/verilog/HLS_free_1_s.v:10]
	Parameter ap_ST_fsm_state1 bound to: 2'b01 
	Parameter ap_ST_fsm_state2 bound to: 2'b10 
INFO: [Synth 8-5534] Detected attribute (* fsm_encoding = "none" *) [/home/tingyuan/Temporary/vivado-outputs/Algorithm_SPFA/Algorithm_SPFA.srcs/sources_1/bd/design_1/ipshared/e926/hdl/verilog/HLS_free_1_s.v:56]
INFO: [Synth 8-6155] done synthesizing module 'HLS_free_1_s' (6#1) [/home/tingyuan/Temporary/vivado-outputs/Algorithm_SPFA/Algorithm_SPFA.srcs/sources_1/bd/design_1/ipshared/e926/hdl/verilog/HLS_free_1_s.v:10]
WARNING: [Synth 8-589] replacing case/wildcard equality operator === with logical equality operator == [/home/tingyuan/Temporary/vivado-outputs/Algorithm_SPFA/Algorithm_SPFA.srcs/sources_1/bd/design_1/ipshared/e926/hdl/verilog/HLS_SPFA.v:1264]
WARNING: [Synth 8-589] replacing case/wildcard equality operator === with logical equality operator == [/home/tingyuan/Temporary/vivado-outputs/Algorithm_SPFA/Algorithm_SPFA.srcs/sources_1/bd/design_1/ipshared/e926/hdl/verilog/HLS_SPFA.v:1376]
WARNING: [Synth 8-589] replacing case/wildcard equality operator === with logical equality operator == [/home/tingyuan/Temporary/vivado-outputs/Algorithm_SPFA/Algorithm_SPFA.srcs/sources_1/bd/design_1/ipshared/e926/hdl/verilog/HLS_SPFA.v:1378]
WARNING: [Synth 8-589] replacing case/wildcard equality operator === with logical equality operator == [/home/tingyuan/Temporary/vivado-outputs/Algorithm_SPFA/Algorithm_SPFA.srcs/sources_1/bd/design_1/ipshared/e926/hdl/verilog/HLS_SPFA.v:1380]
WARNING: [Synth 8-589] replacing case/wildcard equality operator === with logical equality operator == [/home/tingyuan/Temporary/vivado-outputs/Algorithm_SPFA/Algorithm_SPFA.srcs/sources_1/bd/design_1/ipshared/e926/hdl/verilog/HLS_SPFA.v:1516]
WARNING: [Synth 8-589] replacing case/wildcard equality operator === with logical equality operator == [/home/tingyuan/Temporary/vivado-outputs/Algorithm_SPFA/Algorithm_SPFA.srcs/sources_1/bd/design_1/ipshared/e926/hdl/verilog/HLS_SPFA.v:1518]
INFO: [Synth 8-6155] done synthesizing module 'HLS_SPFA' (7#1) [/home/tingyuan/Temporary/vivado-outputs/Algorithm_SPFA/Algorithm_SPFA.srcs/sources_1/bd/design_1/ipshared/e926/hdl/verilog/HLS_SPFA.v:12]
INFO: [Synth 8-6155] done synthesizing module 'design_1_HLS_SPFA_0_0' (8#1) [/home/tingyuan/Temporary/vivado-outputs/Algorithm_SPFA/Algorithm_SPFA.srcs/sources_1/bd/design_1/ip/design_1_HLS_SPFA_0_0/synth/design_1_HLS_SPFA_0_0.v:58]
WARNING: [Synth 8-3331] design HLS_SPFA_in_list has unconnected port reset
WARNING: [Synth 8-3331] design HLS_SPFA_p_heap0_0 has unconnected port reset
---------------------------------------------------------------------------------
Finished RTL Elaboration : Time (s): cpu = 00:00:03 ; elapsed = 00:00:04 . Memory (MB): peak = 1399.195 ; gain = 127.512 ; free physical = 7373 ; free virtual = 28304
---------------------------------------------------------------------------------

Report Check Netlist: 
+------+------------------+-------+---------+-------+------------------+
|      |Item              |Errors |Warnings |Status |Description       |
+------+------------------+-------+---------+-------+------------------+
|1     |multi_driven_nets |      0|        0|Passed |Multi driven nets |
+------+------------------+-------+---------+-------+------------------+
---------------------------------------------------------------------------------
Start Handling Custom Attributes
---------------------------------------------------------------------------------
---------------------------------------------------------------------------------
Finished Handling Custom Attributes : Time (s): cpu = 00:00:03 ; elapsed = 00:00:04 . Memory (MB): peak = 1399.195 ; gain = 127.512 ; free physical = 7373 ; free virtual = 28304
---------------------------------------------------------------------------------
---------------------------------------------------------------------------------
Finished RTL Optimization Phase 1 : Time (s): cpu = 00:00:03 ; elapsed = 00:00:04 . Memory (MB): peak = 1399.195 ; gain = 127.512 ; free physical = 7373 ; free virtual = 28304
---------------------------------------------------------------------------------
INFO: [Device 21-403] Loading part xc7z020clg484-1
INFO: [Project 1-570] Preparing netlist for logic optimization

Processing XDC Constraints
Initializing timing engine
Parsing XDC File [/home/tingyuan/Temporary/vivado-outputs/Algorithm_SPFA/Algorithm_SPFA.srcs/sources_1/bd/design_1/ip/design_1_HLS_SPFA_0_0/constraints/HLS_SPFA_ooc.xdc] for cell 'inst'
Finished Parsing XDC File [/home/tingyuan/Temporary/vivado-outputs/Algorithm_SPFA/Algorithm_SPFA.srcs/sources_1/bd/design_1/ip/design_1_HLS_SPFA_0_0/constraints/HLS_SPFA_ooc.xdc] for cell 'inst'
Parsing XDC File [/home/tingyuan/Temporary/vivado-outputs/Algorithm_SPFA/Algorithm_SPFA.runs/design_1_HLS_SPFA_0_0_synth_1/dont_touch.xdc]
Finished Parsing XDC File [/home/tingyuan/Temporary/vivado-outputs/Algorithm_SPFA/Algorithm_SPFA.runs/design_1_HLS_SPFA_0_0_synth_1/dont_touch.xdc]
Completed Processing XDC Constraints

INFO: [Project 1-111] Unisim Transformation Summary:
No Unisim elements were transformed.

Constraint Validation Runtime : Time (s): cpu = 00:00:00.06 ; elapsed = 00:00:00.05 . Memory (MB): peak = 1762.422 ; gain = 0.000 ; free physical = 7092 ; free virtual = 28023
---------------------------------------------------------------------------------
Finished Constraint Validation : Time (s): cpu = 00:00:15 ; elapsed = 00:00:31 . Memory (MB): peak = 1762.422 ; gain = 490.738 ; free physical = 7177 ; free virtual = 28108
---------------------------------------------------------------------------------
---------------------------------------------------------------------------------
Start Loading Part and Timing Information
---------------------------------------------------------------------------------
Loading part: xc7z020clg484-1
---------------------------------------------------------------------------------
Finished Loading Part and Timing Information : Time (s): cpu = 00:00:15 ; elapsed = 00:00:31 . Memory (MB): peak = 1762.422 ; gain = 490.738 ; free physical = 7177 ; free virtual = 28108
---------------------------------------------------------------------------------
---------------------------------------------------------------------------------
Start Applying 'set_property' XDC Constraints
---------------------------------------------------------------------------------
Applied set_property DONT_TOUCH = true for inst. (constraint file  /home/tingyuan/Temporary/vivado-outputs/Algorithm_SPFA/Algorithm_SPFA.runs/design_1_HLS_SPFA_0_0_synth_1/dont_touch.xdc, line 9).
---------------------------------------------------------------------------------
Finished applying 'set_property' XDC Constraints : Time (s): cpu = 00:00:15 ; elapsed = 00:00:31 . Memory (MB): peak = 1762.422 ; gain = 490.738 ; free physical = 7179 ; free virtual = 28110
---------------------------------------------------------------------------------
INFO: [Synth 8-4490] FSM extraction disabled for register 'ap_CS_fsm_reg' through user attribute
INFO: [Synth 8-4490] FSM extraction disabled for register 'ap_CS_fsm_reg' through user attribute
INFO: [Synth 8-4471] merging register 'p_heap0_1_addr_14_reg_1633_reg[10:0]' into 'p_heap0_0_addr_15_reg_1628_reg[10:0]' [/home/tingyuan/Temporary/vivado-outputs/Algorithm_SPFA/Algorithm_SPFA.srcs/sources_1/bd/design_1/ipshared/e926/hdl/verilog/HLS_SPFA.v:623]
INFO: [Synth 8-4471] merging register 'p_heap0_1_addr_10_reg_1652_reg[10:0]' into 'p_heap0_0_addr_11_reg_1647_reg[10:0]' [/home/tingyuan/Temporary/vivado-outputs/Algorithm_SPFA/Algorithm_SPFA.srcs/sources_1/bd/design_1/ipshared/e926/hdl/verilog/HLS_SPFA.v:638]
INFO: [Synth 8-4471] merging register 'p_heap0_1_addr_12_reg_1674_reg[10:0]' into 'p_heap0_0_addr_13_reg_1669_reg[10:0]' [/home/tingyuan/Temporary/vivado-outputs/Algorithm_SPFA/Algorithm_SPFA.srcs/sources_1/bd/design_1/ipshared/e926/hdl/verilog/HLS_SPFA.v:647]
INFO: [Synth 8-4471] merging register 'p_heap0_1_addr_8_reg_1604_reg[10:0]' into 'p_heap0_0_addr_9_reg_1599_reg[10:0]' [/home/tingyuan/Temporary/vivado-outputs/Algorithm_SPFA/Algorithm_SPFA.srcs/sources_1/bd/design_1/ipshared/e926/hdl/verilog/HLS_SPFA.v:665]
INFO: [Synth 8-4471] merging register 'i0_reg_1477_reg[0:0]' into 'tmp_5_cast_reg_1349_reg[0:0]' [/home/tingyuan/Temporary/vivado-outputs/Algorithm_SPFA/Algorithm_SPFA.srcs/sources_1/bd/design_1/ipshared/e926/hdl/verilog/HLS_SPFA.v:1430]
INFO: [Synth 8-4471] merging register 'in_list_addr_3_reg_1543_reg[0:0]' into 'tmp_5_cast_reg_1349_reg[0:0]' [/home/tingyuan/Temporary/vivado-outputs/Algorithm_SPFA/Algorithm_SPFA.srcs/sources_1/bd/design_1/ipshared/e926/hdl/verilog/HLS_SPFA.v:1526]
INFO: [Synth 8-4471] merging register 'in_list_addr_4_reg_1555_reg[0:0]' into 'i1_reg_1484_reg[0:0]' [/home/tingyuan/Temporary/vivado-outputs/Algorithm_SPFA/Algorithm_SPFA.srcs/sources_1/bd/design_1/ipshared/e926/hdl/verilog/HLS_SPFA.v:1527]
WARNING: [Synth 8-6014] Unused sequential element p_heap0_1_addr_14_reg_1633_reg was removed.  [/home/tingyuan/Temporary/vivado-outputs/Algorithm_SPFA/Algorithm_SPFA.srcs/sources_1/bd/design_1/ipshared/e926/hdl/verilog/HLS_SPFA.v:623]
WARNING: [Synth 8-6014] Unused sequential element p_heap0_1_addr_10_reg_1652_reg was removed.  [/home/tingyuan/Temporary/vivado-outputs/Algorithm_SPFA/Algorithm_SPFA.srcs/sources_1/bd/design_1/ipshared/e926/hdl/verilog/HLS_SPFA.v:638]
WARNING: [Synth 8-6014] Unused sequential element p_heap0_1_addr_12_reg_1674_reg was removed.  [/home/tingyuan/Temporary/vivado-outputs/Algorithm_SPFA/Algorithm_SPFA.srcs/sources_1/bd/design_1/ipshared/e926/hdl/verilog/HLS_SPFA.v:647]
WARNING: [Synth 8-6014] Unused sequential element p_heap0_1_addr_8_reg_1604_reg was removed.  [/home/tingyuan/Temporary/vivado-outputs/Algorithm_SPFA/Algorithm_SPFA.srcs/sources_1/bd/design_1/ipshared/e926/hdl/verilog/HLS_SPFA.v:665]
WARNING: [Synth 8-3936] Found unconnected internal register 'newIndex9_reg_1427_reg' and it is trimmed from '12' to '11' bits. [/home/tingyuan/Temporary/vivado-outputs/Algorithm_SPFA/Algorithm_SPFA.srcs/sources_1/bd/design_1/ipshared/e926/hdl/verilog/HLS_SPFA.v:603]
WARNING: [Synth 8-3936] Found unconnected internal register 'offset_tail_fu_90_reg' and it is trimmed from '32' to '13' bits. [/home/tingyuan/Temporary/vivado-outputs/Algorithm_SPFA/Algorithm_SPFA.srcs/sources_1/bd/design_1/ipshared/e926/hdl/verilog/HLS_SPFA.v:542]
WARNING: [Synth 8-3936] Found unconnected internal register 'reg_578_reg' and it is trimmed from '32' to '13' bits. [/home/tingyuan/Temporary/vivado-outputs/Algorithm_SPFA/Algorithm_SPFA.srcs/sources_1/bd/design_1/ipshared/e926/hdl/verilog/HLS_SPFA.v:680]
WARNING: [Synth 8-3936] Found unconnected internal register 'newIndex25_reg_1609_reg' and it is trimmed from '12' to '11' bits. [/home/tingyuan/Temporary/vivado-outputs/Algorithm_SPFA/Algorithm_SPFA.srcs/sources_1/bd/design_1/ipshared/e926/hdl/verilog/HLS_SPFA.v:597]
WARNING: [Synth 8-3936] Found unconnected internal register 'offset_new_node1_reg_1614_reg' and it is trimmed from '32' to '13' bits. [/home/tingyuan/Temporary/vivado-outputs/Algorithm_SPFA/Algorithm_SPFA.srcs/sources_1/bd/design_1/ipshared/e926/hdl/verilog/HLS_SPFA.v:621]
WARNING: [Synth 8-3936] Found unconnected internal register 'tmp_7_reg_1458_reg' and it is trimmed from '32' to '15' bits. [/home/tingyuan/Temporary/vivado-outputs/Algorithm_SPFA/Algorithm_SPFA.srcs/sources_1/bd/design_1/ipshared/e926/hdl/verilog/HLS_SPFA.v:615]
INFO: [Synth 8-4471] merging register 'tmp_44_reg_1619_reg[12:0]' into 'offset_new_node1_reg_1614_reg[12:0]' [/home/tingyuan/Temporary/vivado-outputs/Algorithm_SPFA/Algorithm_SPFA.srcs/sources_1/bd/design_1/ipshared/e926/hdl/verilog/HLS_SPFA.v:624]
WARNING: [Synth 8-6014] Unused sequential element tmp_44_reg_1619_reg was removed.  [/home/tingyuan/Temporary/vivado-outputs/Algorithm_SPFA/Algorithm_SPFA.srcs/sources_1/bd/design_1/ipshared/e926/hdl/verilog/HLS_SPFA.v:624]
INFO: [Synth 8-4490] FSM extraction disabled for register 'ap_CS_fsm_reg' through user attribute
INFO: [Synth 8-5545] ROM "tmp_8_fu_757_p2" won't be mapped to RAM because address size (32) is larger than maximum supported(25)
WARNING: [Synth 8-6014] Unused sequential element tmp_7_reg_1458_reg was removed.  [/home/tingyuan/Temporary/vivado-outputs/Algorithm_SPFA/Algorithm_SPFA.srcs/sources_1/bd/design_1/ipshared/e926/hdl/verilog/HLS_SPFA.v:615]
WARNING: [Synth 8-6014] Unused sequential element  was removed. 
INFO: [Synth 8-5545] ROM "tmp_8_fu_757_p2" won't be mapped to RAM because address size (32) is larger than maximum supported(25)
INFO: [Synth 8-5544] ROM "ap_NS_fsm" won't be mapped to Block RAM because address size (1) smaller than threshold (5)
INFO: [Synth 8-5544] ROM "ap_NS_fsm" won't be mapped to Block RAM because address size (1) smaller than threshold (5)
INFO: [Synth 8-5544] ROM "ap_NS_fsm" won't be mapped to Block RAM because address size (1) smaller than threshold (5)
INFO: [Synth 8-5544] ROM "ap_NS_fsm" won't be mapped to Block RAM because address size (1) smaller than threshold (5)
INFO: [Synth 8-5544] ROM "ap_NS_fsm" won't be mapped to Block RAM because address size (1) smaller than threshold (5)
INFO: [Synth 8-5544] ROM "ap_NS_fsm" won't be mapped to Block RAM because address size (1) smaller than threshold (5)
INFO: [Synth 8-5544] ROM "ap_NS_fsm" won't be mapped to Block RAM because address size (1) smaller than threshold (5)
INFO: [Synth 8-5544] ROM "ap_NS_fsm" won't be mapped to Block RAM because address size (1) smaller than threshold (5)
INFO: [Synth 8-5544] ROM "ap_NS_fsm" won't be mapped to Block RAM because address size (1) smaller than threshold (5)
INFO: [Synth 8-5544] ROM "ap_NS_fsm" won't be mapped to Block RAM because address size (1) smaller than threshold (5)
INFO: [Synth 8-5544] ROM "ap_NS_fsm" won't be mapped to Block RAM because address size (1) smaller than threshold (5)
INFO: [Synth 8-5544] ROM "ap_NS_fsm" won't be mapped to Block RAM because address size (1) smaller than threshold (5)
INFO: [Synth 8-5544] ROM "ap_NS_fsm" won't be mapped to Block RAM because address size (1) smaller than threshold (5)
INFO: [Synth 8-5544] ROM "ap_NS_fsm" won't be mapped to Block RAM because address size (1) smaller than threshold (5)
INFO: [Synth 8-5544] ROM "ap_NS_fsm" won't be mapped to Block RAM because address size (1) smaller than threshold (5)
INFO: [Synth 8-3971] The signal ram_reg was recognized as a true dual port RAM template.
---------------------------------------------------------------------------------
Finished RTL Optimization Phase 2 : Time (s): cpu = 00:00:15 ; elapsed = 00:00:32 . Memory (MB): peak = 1762.422 ; gain = 490.738 ; free physical = 7170 ; free virtual = 28101
---------------------------------------------------------------------------------

Report RTL Partitions: 
+-+--------------+------------+----------+
| |RTL Partition |Replication |Instances |
+-+--------------+------------+----------+
+-+--------------+------------+----------+
---------------------------------------------------------------------------------
Start RTL Component Statistics 
---------------------------------------------------------------------------------
Detailed RTL Component Info : 
+---Adders : 
	   2 Input     32 Bit       Adders := 4     
	   2 Input     31 Bit       Adders := 1     
	   2 Input     13 Bit       Adders := 12    
+---XORs : 
	   2 Input      1 Bit         XORs := 5     
+---Registers : 
	               32 Bit    Registers := 15    
	               31 Bit    Registers := 5     
	               24 Bit    Registers := 1     
	               13 Bit    Registers := 8     
	               12 Bit    Registers := 2     
	               11 Bit    Registers := 9     
	                7 Bit    Registers := 2     
	                3 Bit    Registers := 1     
	                2 Bit    Registers := 1     
	                1 Bit    Registers := 24    
+---RAMs : 
	              46K Bit         RAMs := 2     
	              200 Bit         RAMs := 1     
+---Muxes : 
	   2 Input     32 Bit        Muxes := 10    
	   2 Input     24 Bit        Muxes := 1     
	   2 Input     23 Bit        Muxes := 1     
	   2 Input     22 Bit        Muxes := 2     
	   2 Input     21 Bit        Muxes := 1     
	   2 Input     20 Bit        Muxes := 1     
	   2 Input     19 Bit        Muxes := 1     
	   3 Input     18 Bit        Muxes := 1     
	   2 Input     17 Bit        Muxes := 2     
	   2 Input     15 Bit        Muxes := 1     
	   2 Input     13 Bit        Muxes := 2     
	   2 Input      8 Bit        Muxes := 3     
	   2 Input      6 Bit        Muxes := 1     
	   2 Input      5 Bit        Muxes := 1     
	   2 Input      4 Bit        Muxes := 1     
	   4 Input      3 Bit        Muxes := 1     
	   2 Input      3 Bit        Muxes := 2     
	   2 Input      2 Bit        Muxes := 2     
	   4 Input      2 Bit        Muxes := 1     
	   2 Input      1 Bit        Muxes := 17    
---------------------------------------------------------------------------------
Finished RTL Component Statistics 
---------------------------------------------------------------------------------
---------------------------------------------------------------------------------
Start RTL Hierarchical Component Statistics 
---------------------------------------------------------------------------------
Hierarchical RTL Component report 
Module HLS_SPFA_p_heap0_0_ram 
Detailed RTL Component Info : 
+---Registers : 
	               32 Bit    Registers := 1     
+---RAMs : 
	              46K Bit         RAMs := 1     
Module HLS_SPFA_in_list_ram 
Detailed RTL Component Info : 
+---Registers : 
	                1 Bit    Registers := 2     
+---RAMs : 
	              200 Bit         RAMs := 1     
Module HLS_malloc_1_s 
Detailed RTL Component Info : 
+---Registers : 
	               32 Bit    Registers := 1     
	                3 Bit    Registers := 1     
	                1 Bit    Registers := 3     
+---Muxes : 
	   4 Input      3 Bit        Muxes := 1     
	   2 Input      3 Bit        Muxes := 1     
	   2 Input      2 Bit        Muxes := 1     
	   2 Input      1 Bit        Muxes := 4     
Module HLS_free_1_s 
Detailed RTL Component Info : 
+---Registers : 
	                2 Bit    Registers := 1     
	                1 Bit    Registers := 3     
+---Muxes : 
	   4 Input      2 Bit        Muxes := 1     
	   2 Input      1 Bit        Muxes := 4     
Module HLS_SPFA 
Detailed RTL Component Info : 
+---Adders : 
	   2 Input     32 Bit       Adders := 4     
	   2 Input     31 Bit       Adders := 1     
	   2 Input     13 Bit       Adders := 12    
+---XORs : 
	   2 Input      1 Bit         XORs := 5     
+---Registers : 
	               32 Bit    Registers := 12    
	               31 Bit    Registers := 5     
	               24 Bit    Registers := 1     
	               13 Bit    Registers := 8     
	               12 Bit    Registers := 2     
	               11 Bit    Registers := 9     
	                7 Bit    Registers := 2     
	                1 Bit    Registers := 16    
+---Muxes : 
	   2 Input     32 Bit        Muxes := 10    
	   2 Input     24 Bit        Muxes := 1     
	   2 Input     23 Bit        Muxes := 1     
	   2 Input     22 Bit        Muxes := 2     
	   2 Input     21 Bit        Muxes := 1     
	   2 Input     20 Bit        Muxes := 1     
	   2 Input     19 Bit        Muxes := 1     
	   3 Input     18 Bit        Muxes := 1     
	   2 Input     17 Bit        Muxes := 2     
	   2 Input     15 Bit        Muxes := 1     
	   2 Input     13 Bit        Muxes := 2     
	   2 Input      8 Bit        Muxes := 3     
	   2 Input      6 Bit        Muxes := 1     
	   2 Input      5 Bit        Muxes := 1     
	   2 Input      4 Bit        Muxes := 1     
	   2 Input      3 Bit        Muxes := 1     
	   2 Input      2 Bit        Muxes := 1     
	   2 Input      1 Bit        Muxes := 9     
---------------------------------------------------------------------------------
Finished RTL Hierarchical Component Statistics
---------------------------------------------------------------------------------
---------------------------------------------------------------------------------
Start Part Resource Summary
---------------------------------------------------------------------------------
Part Resources:
DSPs: 220 (col length:60)
BRAMs: 280 (col length: RAMB18 60 RAMB36 30)
---------------------------------------------------------------------------------
Finished Part Resource Summary
---------------------------------------------------------------------------------
---------------------------------------------------------------------------------
Start Cross Boundary and Area Optimization
---------------------------------------------------------------------------------
Warning: Parallel synthesis criteria is not met 
INFO: [Synth 8-4471] merging register 'now_reg_1416_reg[31:0]' into 'now_reg_1416_reg[31:0]' [/home/tingyuan/Temporary/vivado-outputs/Algorithm_SPFA/Algorithm_SPFA.srcs/sources_1/bd/design_1/ipshared/e926/hdl/verilog/HLS_SPFA.v:604]
INFO: [Synth 8-4471] merging register 'i0_reg_1477_reg[31:1]' into 'i1_reg_1484_reg[31:1]' [/home/tingyuan/Temporary/vivado-outputs/Algorithm_SPFA/Algorithm_SPFA.srcs/sources_1/bd/design_1/ipshared/e926/hdl/verilog/HLS_SPFA.v:566]
INFO: [Synth 8-4471] merging register 'now_reg_1416_reg[31:0]' into 'now_reg_1416_reg[31:0]' [/home/tingyuan/Temporary/vivado-outputs/Algorithm_SPFA/Algorithm_SPFA.srcs/sources_1/bd/design_1/ipshared/e926/hdl/verilog/HLS_SPFA.v:604]
INFO: [Synth 8-4471] merging register 'in_list_addr_3_reg_1543_reg[7:1]' into 'in_list_addr_4_reg_1555_reg[7:1]' [/home/tingyuan/Temporary/vivado-outputs/Algorithm_SPFA/Algorithm_SPFA.srcs/sources_1/bd/design_1/ipshared/e926/hdl/verilog/HLS_SPFA.v:586]
INFO: [Synth 8-4471] merging register 'tmp_7_reg_1458_reg[14:0]' into 'tmp_7_reg_1458_reg[14:0]' [/home/tingyuan/Temporary/vivado-outputs/Algorithm_SPFA/Algorithm_SPFA.srcs/sources_1/bd/design_1/ipshared/e926/hdl/verilog/HLS_SPFA.v:615]
WARNING: [Synth 8-6014] Unused sequential element now_reg_1416_reg was removed.  [/home/tingyuan/Temporary/vivado-outputs/Algorithm_SPFA/Algorithm_SPFA.srcs/sources_1/bd/design_1/ipshared/e926/hdl/verilog/HLS_SPFA.v:604]
WARNING: [Synth 8-6014] Unused sequential element now_reg_1416_reg was removed.  [/home/tingyuan/Temporary/vivado-outputs/Algorithm_SPFA/Algorithm_SPFA.srcs/sources_1/bd/design_1/ipshared/e926/hdl/verilog/HLS_SPFA.v:604]
WARNING: [Synth 8-6014] Unused sequential element tmp_7_reg_1458_reg was removed.  [/home/tingyuan/Temporary/vivado-outputs/Algorithm_SPFA/Algorithm_SPFA.srcs/sources_1/bd/design_1/ipshared/e926/hdl/verilog/HLS_SPFA.v:615]
WARNING: [Synth 8-3936] Found unconnected internal register 'tmp_32_reg_1472_reg' and it is trimmed from '12' to '11' bits. [/home/tingyuan/Temporary/vivado-outputs/Algorithm_SPFA/Algorithm_SPFA.srcs/sources_1/bd/design_1/ipshared/e926/hdl/verilog/HLS_SPFA.v:568]
WARNING: [Synth 8-3936] Found unconnected internal register 'tmp_26_reg_1442_reg' and it is trimmed from '13' to '12' bits. [/home/tingyuan/Temporary/vivado-outputs/Algorithm_SPFA/Algorithm_SPFA.srcs/sources_1/bd/design_1/ipshared/e926/hdl/verilog/HLS_SPFA.v:613]
WARNING: [Synth 8-3936] Found unconnected internal register 'tmp_34_reg_1571_reg' and it is trimmed from '13' to '12' bits. [/home/tingyuan/Temporary/vivado-outputs/Algorithm_SPFA/Algorithm_SPFA.srcs/sources_1/bd/design_1/ipshared/e926/hdl/verilog/HLS_SPFA.v:560]
WARNING: [Synth 8-3936] Found unconnected internal register 'tmp_5_cast_reg_1349_reg' and it is trimmed from '12' to '11' bits. [/home/tingyuan/Temporary/vivado-outputs/Algorithm_SPFA/Algorithm_SPFA.srcs/sources_1/bd/design_1/ipshared/e926/hdl/verilog/HLS_SPFA.v:674]
WARNING: [Synth 8-3936] Found unconnected internal register 'tmp_41_reg_1660_reg' and it is trimmed from '13' to '12' bits. [/home/tingyuan/Temporary/vivado-outputs/Algorithm_SPFA/Algorithm_SPFA.srcs/sources_1/bd/design_1/ipshared/e926/hdl/verilog/HLS_SPFA.v:648]
WARNING: [Synth 8-3936] Found unconnected internal register 'offset_tail_fu_90_reg' and it is trimmed from '13' to '12' bits. [/home/tingyuan/Temporary/vivado-outputs/Algorithm_SPFA/Algorithm_SPFA.srcs/sources_1/bd/design_1/ipshared/e926/hdl/verilog/HLS_SPFA.v:542]
WARNING: [Synth 8-3936] Found unconnected internal register 'offset_new_node1_reg_1614_reg' and it is trimmed from '13' to '12' bits. [/home/tingyuan/Temporary/vivado-outputs/Algorithm_SPFA/Algorithm_SPFA.srcs/sources_1/bd/design_1/ipshared/e926/hdl/verilog/HLS_SPFA.v:621]
WARNING: [Synth 8-3936] Found unconnected internal register 'reg_578_reg' and it is trimmed from '13' to '12' bits. [/home/tingyuan/Temporary/vivado-outputs/Algorithm_SPFA/Algorithm_SPFA.srcs/sources_1/bd/design_1/ipshared/e926/hdl/verilog/HLS_SPFA.v:680]
WARNING: [Synth 8-3936] Found unconnected internal register 'tmp_38_reg_1638_reg' and it is trimmed from '13' to '12' bits. [/home/tingyuan/Temporary/vivado-outputs/Algorithm_SPFA/Algorithm_SPFA.srcs/sources_1/bd/design_1/ipshared/e926/hdl/verilog/HLS_SPFA.v:639]
WARNING: [Synth 8-3936] Found unconnected internal register 'tmp_35_reg_1590_reg' and it is trimmed from '13' to '12' bits. [/home/tingyuan/Temporary/vivado-outputs/Algorithm_SPFA/Algorithm_SPFA.srcs/sources_1/bd/design_1/ipshared/e926/hdl/verilog/HLS_SPFA.v:666]
INFO: [Synth 8-5545] ROM "tmp_8_fu_757_p2" won't be mapped to RAM because address size (32) is larger than maximum supported(25)
WARNING: [Synth 8-6014] Unused sequential element tmp_7_reg_1458_reg was removed.  [/home/tingyuan/Temporary/vivado-outputs/Algorithm_SPFA/Algorithm_SPFA.srcs/sources_1/bd/design_1/ipshared/e926/hdl/verilog/HLS_SPFA.v:615]
WARNING: [Synth 8-6014] Unused sequential element C was removed. 
DSP Report: Generating DSP tmp_14_fu_873_p2, operation Mode is: C'+(A*B2)'.
DSP Report: register now_reg_1416_reg is absorbed into DSP tmp_14_fu_873_p2.
DSP Report: register C is absorbed into DSP tmp_14_fu_873_p2.
DSP Report: register tmp_7_reg_1458_reg is absorbed into DSP tmp_14_fu_873_p2.
DSP Report: operator tmp_14_fu_873_p2 is absorbed into DSP tmp_14_fu_873_p2.
DSP Report: operator tmp_7_fu_833_p2 is absorbed into DSP tmp_14_fu_873_p2.
DSP Report: Generating DSP tmp_16_fu_883_p2, operation Mode is: C+(A*B2)'.
DSP Report: register now_reg_1416_reg is absorbed into DSP tmp_16_fu_883_p2.
DSP Report: register tmp_7_reg_1458_reg is absorbed into DSP tmp_16_fu_883_p2.
DSP Report: operator tmp_16_fu_883_p2 is absorbed into DSP tmp_16_fu_883_p2.
DSP Report: operator tmp_7_fu_833_p2 is absorbed into DSP tmp_16_fu_883_p2.
INFO: [Synth 8-3971] The signal in_list_U/HLS_SPFA_in_list_ram_U/ram_reg was recognized as a true dual port RAM template.
INFO: [Synth 8-3886] merging instance 'inst/tmp_29_reg_1422_reg[0]' (FDE) to 'inst/now_reg_1416_reg[0]'
INFO: [Synth 8-3886] merging instance 'inst/tmp_35_reg_1590_reg[0]' (FDE) to 'inst/tmp_36_reg_1595_reg[0]'
INFO: [Synth 8-3886] merging instance 'inst/tmp_35_reg_1590_reg[1]' (FDE) to 'inst/p_heap0_0_addr_9_reg_1599_reg[0]'
INFO: [Synth 8-3886] merging instance 'inst/tmp_35_reg_1590_reg[2]' (FDE) to 'inst/p_heap0_0_addr_9_reg_1599_reg[1]'
INFO: [Synth 8-3886] merging instance 'inst/tmp_35_reg_1590_reg[3]' (FDE) to 'inst/p_heap0_0_addr_9_reg_1599_reg[2]'
INFO: [Synth 8-3886] merging instance 'inst/tmp_35_reg_1590_reg[4]' (FDE) to 'inst/p_heap0_0_addr_9_reg_1599_reg[3]'
INFO: [Synth 8-3886] merging instance 'inst/tmp_35_reg_1590_reg[5]' (FDE) to 'inst/p_heap0_0_addr_9_reg_1599_reg[4]'
INFO: [Synth 8-3886] merging instance 'inst/tmp_35_reg_1590_reg[6]' (FDE) to 'inst/p_heap0_0_addr_9_reg_1599_reg[5]'
INFO: [Synth 8-3886] merging instance 'inst/tmp_35_reg_1590_reg[7]' (FDE) to 'inst/p_heap0_0_addr_9_reg_1599_reg[6]'
INFO: [Synth 8-3886] merging instance 'inst/tmp_35_reg_1590_reg[8]' (FDE) to 'inst/p_heap0_0_addr_9_reg_1599_reg[7]'
INFO: [Synth 8-3886] merging instance 'inst/tmp_35_reg_1590_reg[9]' (FDE) to 'inst/p_heap0_0_addr_9_reg_1599_reg[8]'
INFO: [Synth 8-3886] merging instance 'inst/tmp_35_reg_1590_reg[10]' (FDE) to 'inst/p_heap0_0_addr_9_reg_1599_reg[9]'
INFO: [Synth 8-3886] merging instance 'inst/tmp_35_reg_1590_reg[11]' (FDE) to 'inst/p_heap0_0_addr_9_reg_1599_reg[10]'
INFO: [Synth 8-3333] propagating constant 1 across sequential element (inst/\i1_reg_1484_reg[0] )
INFO: [Synth 8-3886] merging instance 'inst/i1_reg_1484_reg[1]' (FDE) to 'inst/tmp_32_reg_1472_reg[0]'
INFO: [Synth 8-3886] merging instance 'inst/i1_reg_1484_reg[2]' (FDE) to 'inst/tmp_32_reg_1472_reg[1]'
INFO: [Synth 8-3886] merging instance 'inst/i1_reg_1484_reg[3]' (FDE) to 'inst/tmp_32_reg_1472_reg[2]'
INFO: [Synth 8-3886] merging instance 'inst/i1_reg_1484_reg[4]' (FDE) to 'inst/tmp_32_reg_1472_reg[3]'
INFO: [Synth 8-3886] merging instance 'inst/i1_reg_1484_reg[5]' (FDE) to 'inst/tmp_32_reg_1472_reg[4]'
INFO: [Synth 8-3886] merging instance 'inst/i1_reg_1484_reg[6]' (FDE) to 'inst/tmp_32_reg_1472_reg[5]'
INFO: [Synth 8-3886] merging instance 'inst/i1_reg_1484_reg[7]' (FDE) to 'inst/tmp_32_reg_1472_reg[6]'
INFO: [Synth 8-3886] merging instance 'inst/i1_reg_1484_reg[8]' (FDE) to 'inst/tmp_32_reg_1472_reg[7]'
INFO: [Synth 8-3886] merging instance 'inst/i1_reg_1484_reg[9]' (FDE) to 'inst/tmp_32_reg_1472_reg[8]'
INFO: [Synth 8-3886] merging instance 'inst/i1_reg_1484_reg[10]' (FDE) to 'inst/tmp_32_reg_1472_reg[9]'
INFO: [Synth 8-3886] merging instance 'inst/i1_reg_1484_reg[11]' (FDE) to 'inst/tmp_32_reg_1472_reg[10]'
INFO: [Synth 8-3886] merging instance 'inst/p_heap0_0_addr_reg_1358_reg[0]' (FDE) to 'inst/tmp_5_cast_reg_1349_reg[1]'
INFO: [Synth 8-3886] merging instance 'inst/p_heap0_0_addr_15_reg_1628_reg[0]' (FDE) to 'inst/offset_new_node1_reg_1614_reg[1]'
INFO: [Synth 8-3886] merging instance 'inst/p_heap0_0_addr_11_reg_1647_reg[0]' (FDE) to 'inst/tmp_38_reg_1638_reg[1]'
INFO: [Synth 8-3886] merging instance 'inst/p_heap0_0_addr_13_reg_1669_reg[0]' (FDE) to 'inst/tmp_41_reg_1660_reg[1]'
INFO: [Synth 8-3886] merging instance 'inst/p_heap0_0_addr_reg_1358_reg[1]' (FDE) to 'inst/tmp_5_cast_reg_1349_reg[2]'
INFO: [Synth 8-3886] merging instance 'inst/p_heap0_0_addr_15_reg_1628_reg[1]' (FDE) to 'inst/offset_new_node1_reg_1614_reg[2]'
INFO: [Synth 8-3886] merging instance 'inst/p_heap0_0_addr_11_reg_1647_reg[1]' (FDE) to 'inst/tmp_38_reg_1638_reg[2]'
INFO: [Synth 8-3886] merging instance 'inst/p_heap0_0_addr_13_reg_1669_reg[1]' (FDE) to 'inst/tmp_41_reg_1660_reg[2]'
INFO: [Synth 8-3886] merging instance 'inst/p_heap0_0_addr_reg_1358_reg[2]' (FDE) to 'inst/tmp_5_cast_reg_1349_reg[3]'
INFO: [Synth 8-3886] merging instance 'inst/p_heap0_0_addr_15_reg_1628_reg[2]' (FDE) to 'inst/offset_new_node1_reg_1614_reg[3]'
INFO: [Synth 8-3886] merging instance 'inst/p_heap0_0_addr_11_reg_1647_reg[2]' (FDE) to 'inst/tmp_38_reg_1638_reg[3]'
INFO: [Synth 8-3886] merging instance 'inst/p_heap0_0_addr_13_reg_1669_reg[2]' (FDE) to 'inst/tmp_41_reg_1660_reg[3]'
INFO: [Synth 8-3886] merging instance 'inst/p_heap0_0_addr_reg_1358_reg[3]' (FDE) to 'inst/tmp_5_cast_reg_1349_reg[4]'
INFO: [Synth 8-3886] merging instance 'inst/p_heap0_0_addr_15_reg_1628_reg[3]' (FDE) to 'inst/offset_new_node1_reg_1614_reg[4]'
INFO: [Synth 8-3886] merging instance 'inst/p_heap0_0_addr_11_reg_1647_reg[3]' (FDE) to 'inst/tmp_38_reg_1638_reg[4]'
INFO: [Synth 8-3886] merging instance 'inst/p_heap0_0_addr_13_reg_1669_reg[3]' (FDE) to 'inst/tmp_41_reg_1660_reg[4]'
INFO: [Synth 8-3886] merging instance 'inst/p_heap0_0_addr_reg_1358_reg[4]' (FDE) to 'inst/tmp_5_cast_reg_1349_reg[5]'
INFO: [Synth 8-3886] merging instance 'inst/p_heap0_0_addr_15_reg_1628_reg[4]' (FDE) to 'inst/offset_new_node1_reg_1614_reg[5]'
INFO: [Synth 8-3886] merging instance 'inst/p_heap0_0_addr_11_reg_1647_reg[4]' (FDE) to 'inst/tmp_38_reg_1638_reg[5]'
INFO: [Synth 8-3886] merging instance 'inst/p_heap0_0_addr_13_reg_1669_reg[4]' (FDE) to 'inst/tmp_41_reg_1660_reg[5]'
INFO: [Synth 8-3886] merging instance 'inst/p_heap0_0_addr_reg_1358_reg[5]' (FDE) to 'inst/tmp_5_cast_reg_1349_reg[6]'
INFO: [Synth 8-3886] merging instance 'inst/p_heap0_0_addr_15_reg_1628_reg[5]' (FDE) to 'inst/offset_new_node1_reg_1614_reg[6]'
INFO: [Synth 8-3886] merging instance 'inst/p_heap0_0_addr_11_reg_1647_reg[5]' (FDE) to 'inst/tmp_38_reg_1638_reg[6]'
INFO: [Synth 8-3886] merging instance 'inst/p_heap0_0_addr_13_reg_1669_reg[5]' (FDE) to 'inst/tmp_41_reg_1660_reg[6]'
INFO: [Synth 8-3886] merging instance 'inst/p_heap0_0_addr_reg_1358_reg[6]' (FDE) to 'inst/tmp_5_cast_reg_1349_reg[7]'
INFO: [Synth 8-3886] merging instance 'inst/p_heap0_0_addr_15_reg_1628_reg[6]' (FDE) to 'inst/offset_new_node1_reg_1614_reg[7]'
INFO: [Synth 8-3886] merging instance 'inst/p_heap0_0_addr_11_reg_1647_reg[6]' (FDE) to 'inst/tmp_38_reg_1638_reg[7]'
INFO: [Synth 8-3886] merging instance 'inst/p_heap0_0_addr_13_reg_1669_reg[6]' (FDE) to 'inst/tmp_41_reg_1660_reg[7]'
INFO: [Synth 8-3886] merging instance 'inst/p_heap0_0_addr_reg_1358_reg[7]' (FDE) to 'inst/tmp_5_cast_reg_1349_reg[8]'
INFO: [Synth 8-3886] merging instance 'inst/p_heap0_0_addr_15_reg_1628_reg[7]' (FDE) to 'inst/offset_new_node1_reg_1614_reg[8]'
INFO: [Synth 8-3886] merging instance 'inst/p_heap0_0_addr_11_reg_1647_reg[7]' (FDE) to 'inst/tmp_38_reg_1638_reg[8]'
INFO: [Synth 8-3886] merging instance 'inst/p_heap0_0_addr_13_reg_1669_reg[7]' (FDE) to 'inst/tmp_41_reg_1660_reg[8]'
INFO: [Synth 8-3886] merging instance 'inst/p_heap0_0_addr_reg_1358_reg[8]' (FDE) to 'inst/tmp_5_cast_reg_1349_reg[9]'
INFO: [Synth 8-3886] merging instance 'inst/p_heap0_0_addr_15_reg_1628_reg[8]' (FDE) to 'inst/offset_new_node1_reg_1614_reg[9]'
INFO: [Synth 8-3886] merging instance 'inst/p_heap0_0_addr_11_reg_1647_reg[8]' (FDE) to 'inst/tmp_38_reg_1638_reg[9]'
INFO: [Synth 8-3886] merging instance 'inst/p_heap0_0_addr_13_reg_1669_reg[8]' (FDE) to 'inst/tmp_41_reg_1660_reg[9]'
INFO: [Synth 8-3886] merging instance 'inst/p_heap0_0_addr_reg_1358_reg[9]' (FDE) to 'inst/tmp_5_cast_reg_1349_reg[10]'
INFO: [Synth 8-3886] merging instance 'inst/p_heap0_0_addr_15_reg_1628_reg[9]' (FDE) to 'inst/offset_new_node1_reg_1614_reg[10]'
INFO: [Synth 8-3886] merging instance 'inst/p_heap0_0_addr_11_reg_1647_reg[9]' (FDE) to 'inst/tmp_38_reg_1638_reg[10]'
INFO: [Synth 8-3886] merging instance 'inst/p_heap0_0_addr_13_reg_1669_reg[9]' (FDE) to 'inst/tmp_41_reg_1660_reg[10]'
INFO: [Synth 8-3886] merging instance 'inst/p_heap0_0_addr_reg_1358_reg[10]' (FDE) to 'inst/tmp_5_cast_reg_1349_reg[11]'
INFO: [Synth 8-3886] merging instance 'inst/p_heap0_0_addr_15_reg_1628_reg[10]' (FDE) to 'inst/offset_new_node1_reg_1614_reg[11]'
INFO: [Synth 8-3886] merging instance 'inst/offset_new_node1_reg_1614_reg[0]' (FDE) to 'inst/tmp_45_reg_1624_reg[0]'
INFO: [Synth 8-3886] merging instance 'inst/p_heap0_0_addr_11_reg_1647_reg[10]' (FDE) to 'inst/tmp_38_reg_1638_reg[11]'
INFO: [Synth 8-3886] merging instance 'inst/tmp_38_reg_1638_reg[0]' (FDE) to 'inst/tmp_39_reg_1643_reg[0]'
INFO: [Synth 8-3886] merging instance 'inst/p_heap0_0_addr_13_reg_1669_reg[10]' (FDE) to 'inst/tmp_41_reg_1660_reg[11]'
INFO: [Synth 8-3886] merging instance 'inst/tmp_41_reg_1660_reg[0]' (FDE) to 'inst/tmp_42_reg_1665_reg[0]'
INFO: [Synth 8-3333] propagating constant 0 across sequential element (inst/\tmp_5_cast_reg_1349_reg[0] )
WARNING: [Synth 8-3332] Sequential element (now_reg_1416_reg[31]) is unused and will be removed from module HLS_SPFA.
WARNING: [Synth 8-3332] Sequential element (now_reg_1416_reg[30]) is unused and will be removed from module HLS_SPFA.
WARNING: [Synth 8-3332] Sequential element (now_reg_1416_reg[29]) is unused and will be removed from module HLS_SPFA.
WARNING: [Synth 8-3332] Sequential element (now_reg_1416_reg[28]) is unused and will be removed from module HLS_SPFA.
WARNING: [Synth 8-3332] Sequential element (now_reg_1416_reg[27]) is unused and will be removed from module HLS_SPFA.
WARNING: [Synth 8-3332] Sequential element (now_reg_1416_reg[26]) is unused and will be removed from module HLS_SPFA.
WARNING: [Synth 8-3332] Sequential element (now_reg_1416_reg[25]) is unused and will be removed from module HLS_SPFA.
WARNING: [Synth 8-3332] Sequential element (now_reg_1416_reg[24]) is unused and will be removed from module HLS_SPFA.
WARNING: [Synth 8-3332] Sequential element (now_reg_1416_reg[23]) is unused and will be removed from module HLS_SPFA.
WARNING: [Synth 8-3332] Sequential element (now_reg_1416_reg[22]) is unused and will be removed from module HLS_SPFA.
WARNING: [Synth 8-3332] Sequential element (now_reg_1416_reg[21]) is unused and will be removed from module HLS_SPFA.
WARNING: [Synth 8-3332] Sequential element (now_reg_1416_reg[20]) is unused and will be removed from module HLS_SPFA.
WARNING: [Synth 8-3332] Sequential element (now_reg_1416_reg[19]) is unused and will be removed from module HLS_SPFA.
WARNING: [Synth 8-3332] Sequential element (now_reg_1416_reg[18]) is unused and will be removed from module HLS_SPFA.
WARNING: [Synth 8-3332] Sequential element (now_reg_1416_reg[17]) is unused and will be removed from module HLS_SPFA.
WARNING: [Synth 8-3332] Sequential element (now_reg_1416_reg[16]) is unused and will be removed from module HLS_SPFA.
WARNING: [Synth 8-3332] Sequential element (now_reg_1416_reg[15]) is unused and will be removed from module HLS_SPFA.
WARNING: [Synth 8-3332] Sequential element (now_reg_1416_reg[14]) is unused and will be removed from module HLS_SPFA.
WARNING: [Synth 8-3332] Sequential element (now_reg_1416_reg[13]) is unused and will be removed from module HLS_SPFA.
WARNING: [Synth 8-3332] Sequential element (now_reg_1416_reg[12]) is unused and will be removed from module HLS_SPFA.
WARNING: [Synth 8-3332] Sequential element (now_reg_1416_reg[11]) is unused and will be removed from module HLS_SPFA.
WARNING: [Synth 8-3332] Sequential element (now_reg_1416_reg[10]) is unused and will be removed from module HLS_SPFA.
WARNING: [Synth 8-3332] Sequential element (now_reg_1416_reg[9]) is unused and will be removed from module HLS_SPFA.
WARNING: [Synth 8-3332] Sequential element (now_reg_1416_reg[8]) is unused and will be removed from module HLS_SPFA.
WARNING: [Synth 8-3332] Sequential element (tmp_4_reg_1447_reg[31]) is unused and will be removed from module HLS_SPFA.
WARNING: [Synth 8-3332] Sequential element (tmp_4_reg_1447_reg[30]) is unused and will be removed from module HLS_SPFA.
WARNING: [Synth 8-3332] Sequential element (tmp_4_reg_1447_reg[29]) is unused and will be removed from module HLS_SPFA.
WARNING: [Synth 8-3332] Sequential element (tmp_4_reg_1447_reg[28]) is unused and will be removed from module HLS_SPFA.
WARNING: [Synth 8-3332] Sequential element (tmp_4_reg_1447_reg[27]) is unused and will be removed from module HLS_SPFA.
WARNING: [Synth 8-3332] Sequential element (tmp_4_reg_1447_reg[26]) is unused and will be removed from module HLS_SPFA.
WARNING: [Synth 8-3332] Sequential element (tmp_4_reg_1447_reg[25]) is unused and will be removed from module HLS_SPFA.
WARNING: [Synth 8-3332] Sequential element (tmp_4_reg_1447_reg[24]) is unused and will be removed from module HLS_SPFA.
WARNING: [Synth 8-3332] Sequential element (tmp_4_reg_1447_reg[23]) is unused and will be removed from module HLS_SPFA.
WARNING: [Synth 8-3332] Sequential element (tmp_4_reg_1447_reg[22]) is unused and will be removed from module HLS_SPFA.
WARNING: [Synth 8-3332] Sequential element (tmp_4_reg_1447_reg[21]) is unused and will be removed from module HLS_SPFA.
WARNING: [Synth 8-3332] Sequential element (tmp_4_reg_1447_reg[20]) is unused and will be removed from module HLS_SPFA.
WARNING: [Synth 8-3332] Sequential element (tmp_4_reg_1447_reg[19]) is unused and will be removed from module HLS_SPFA.
WARNING: [Synth 8-3332] Sequential element (tmp_4_reg_1447_reg[18]) is unused and will be removed from module HLS_SPFA.
WARNING: [Synth 8-3332] Sequential element (tmp_4_reg_1447_reg[17]) is unused and will be removed from module HLS_SPFA.
WARNING: [Synth 8-3332] Sequential element (tmp_4_reg_1447_reg[16]) is unused and will be removed from module HLS_SPFA.
WARNING: [Synth 8-3332] Sequential element (tmp_4_reg_1447_reg[15]) is unused and will be removed from module HLS_SPFA.
WARNING: [Synth 8-3332] Sequential element (tmp_4_reg_1447_reg[14]) is unused and will be removed from module HLS_SPFA.
WARNING: [Synth 8-3332] Sequential element (tmp_4_reg_1447_reg[13]) is unused and will be removed from module HLS_SPFA.
WARNING: [Synth 8-3332] Sequential element (tmp_4_reg_1447_reg[12]) is unused and will be removed from module HLS_SPFA.
WARNING: [Synth 8-3332] Sequential element (tmp_4_reg_1447_reg[11]) is unused and will be removed from module HLS_SPFA.
WARNING: [Synth 8-3332] Sequential element (tmp_4_reg_1447_reg[10]) is unused and will be removed from module HLS_SPFA.
WARNING: [Synth 8-3332] Sequential element (tmp_4_reg_1447_reg[9]) is unused and will be removed from module HLS_SPFA.
WARNING: [Synth 8-3332] Sequential element (tmp_4_reg_1447_reg[8]) is unused and will be removed from module HLS_SPFA.
---------------------------------------------------------------------------------
Finished Cross Boundary and Area Optimization : Time (s): cpu = 00:00:19 ; elapsed = 00:00:36 . Memory (MB): peak = 1762.422 ; gain = 490.738 ; free physical = 7144 ; free virtual = 28078
---------------------------------------------------------------------------------
---------------------------------------------------------------------------------
Start ROM, RAM, DSP and Shift Register Reporting
---------------------------------------------------------------------------------

Block RAM: Preliminary Mapping  Report (see note below)
+------------------------+------------+------------------------+---+---+------------------------+---+---+------------------+--------+--------+
|Module Name             | RTL Object | PORT A (Depth x Width) | W | R | PORT B (Depth x Width) | W | R | Ports driving FF | RAMB18 | RAMB36 | 
+------------------------+------------+------------------------+---+---+------------------------+---+---+------------------+--------+--------+
|HLS_SPFA_p_heap0_0_ram: | ram_reg    | 2 K x 32(WRITE_FIRST)  | W | R |                        |   |   | Port A           | 0      | 2      | 
|HLS_SPFA_p_heap0_0_ram: | ram_reg    | 2 K x 32(WRITE_FIRST)  | W | R |                        |   |   | Port A           | 0      | 2      | 
|HLS_SPFA_in_list_ram:   | ram_reg    | 256 x 1(WRITE_FIRST)   | W | R | 256 x 1(WRITE_FIRST)   | W | R | Port A and B     | 1      | 0      | 
+------------------------+------------+------------------------+---+---+------------------------+---+---+------------------+--------+--------+

Note: The tale above is a preliminary report that shows the Block RAMs at the current stage of the synthesis flow. Some Block RAMs may be reimplemented as non Block RAM primitives later in the synthesis flow. Multiple instantiated Block RAMs are reported only once. 

DSP: Preliminary Mapping  Report (see note below)
+------------+-------------+--------+--------+--------+--------+--------+------+------+------+------+-------+------+------+
|Module Name | DSP Mapping | A Size | B Size | C Size | D Size | P Size | AREG | BREG | CREG | DREG | ADREG | MREG | PREG | 
+------------+-------------+--------+--------+--------+--------+--------+------+------+------+------+-------+------+------+
|HLS_SPFA    | C'+(A*B2)'  | 15     | 15     | 15     | -      | 15     | 0    | 1    | 1    | -    | -     | 1    | 0    | 
|HLS_SPFA    | C+(A*B2)'   | 15     | 15     | 15     | -      | 15     | 0    | 1    | 0    | -    | -     | 1    | 0    | 
+------------+-------------+--------+--------+--------+--------+--------+------+------+------+------+-------+------+------+

Note: The table above is a preliminary report that shows the DSPs inferred at the current stage of the synthesis flow. Some DSP may be reimplemented as non DSP primitives later in the synthesis flow. Multiple instantiated DSPs are reported only once.
---------------------------------------------------------------------------------
Finished ROM, RAM, DSP and Shift Register Reporting
---------------------------------------------------------------------------------
INFO: [Synth 8-4480] The timing for the instance inst/i_8_1/p_heap0_0_U/HLS_SPFA_p_heap0_0_ram_U/ram_reg_0 (implemented as a block RAM) might be sub-optimal as no optional output register could be merged into the block ram. Providing additional output register may help in improving timing.
INFO: [Synth 8-4480] The timing for the instance inst/i_8_1/p_heap0_0_U/HLS_SPFA_p_heap0_0_ram_U/ram_reg_1 (implemented as a block RAM) might be sub-optimal as no optional output register could be merged into the block ram. Providing additional output register may help in improving timing.
INFO: [Synth 8-4480] The timing for the instance inst/i_8_3/p_heap0_1_U/HLS_SPFA_p_heap0_0_ram_U/ram_reg_0 (implemented as a block RAM) might be sub-optimal as no optional output register could be merged into the block ram. Providing additional output register may help in improving timing.
INFO: [Synth 8-4480] The timing for the instance inst/i_8_3/p_heap0_1_U/HLS_SPFA_p_heap0_0_ram_U/ram_reg_1 (implemented as a block RAM) might be sub-optimal as no optional output register could be merged into the block ram. Providing additional output register may help in improving timing.
INFO: [Synth 8-4480] The timing for the instance inst/i_8_4/in_list_U/HLS_SPFA_in_list_ram_U/ram_reg (implemented as a block RAM) might be sub-optimal as no optional output register could be merged into the block ram. Providing additional output register may help in improving timing.
INFO: [Synth 8-4480] The timing for the instance inst/i_8_4/in_list_U/HLS_SPFA_in_list_ram_U/ram_reg (implemented as a block RAM) might be sub-optimal as no optional output register could be merged into the block ram. Providing additional output register may help in improving timing.

Report RTL Partitions: 
+-+--------------+------------+----------+
| |RTL Partition |Replication |Instances |
+-+--------------+------------+----------+
+-+--------------+------------+----------+
---------------------------------------------------------------------------------
Start Applying XDC Timing Constraints
---------------------------------------------------------------------------------
---------------------------------------------------------------------------------
Finished Applying XDC Timing Constraints : Time (s): cpu = 00:00:28 ; elapsed = 00:00:48 . Memory (MB): peak = 1774.422 ; gain = 502.738 ; free physical = 6988 ; free virtual = 27923
---------------------------------------------------------------------------------
---------------------------------------------------------------------------------
Start Timing Optimization
---------------------------------------------------------------------------------
---------------------------------------------------------------------------------
Finished Timing Optimization : Time (s): cpu = 00:00:30 ; elapsed = 00:00:50 . Memory (MB): peak = 1814.047 ; gain = 542.363 ; free physical = 6966 ; free virtual = 27900
---------------------------------------------------------------------------------
---------------------------------------------------------------------------------
Start ROM, RAM, DSP and Shift Register Reporting
---------------------------------------------------------------------------------

Block RAM: Final Mapping  Report
+------------------------+------------+------------------------+---+---+------------------------+---+---+------------------+--------+--------+
|Module Name             | RTL Object | PORT A (Depth x Width) | W | R | PORT B (Depth x Width) | W | R | Ports driving FF | RAMB18 | RAMB36 | 
+------------------------+------------+------------------------+---+---+------------------------+---+---+------------------+--------+--------+
|HLS_SPFA_p_heap0_0_ram: | ram_reg    | 2 K x 32(WRITE_FIRST)  | W | R |                        |   |   | Port A           | 0      | 2      | 
|HLS_SPFA_p_heap0_0_ram: | ram_reg    | 2 K x 32(WRITE_FIRST)  | W | R |                        |   |   | Port A           | 0      | 2      | 
|HLS_SPFA_in_list_ram:   | ram_reg    | 256 x 1(WRITE_FIRST)   | W | R | 256 x 1(WRITE_FIRST)   | W | R | Port A and B     | 1      | 0      | 
+------------------------+------------+------------------------+---+---+------------------------+---+---+------------------+--------+--------+

---------------------------------------------------------------------------------
Finished ROM, RAM, DSP and Shift Register Reporting
---------------------------------------------------------------------------------

Report RTL Partitions: 
+-+--------------+------------+----------+
| |RTL Partition |Replication |Instances |
+-+--------------+------------+----------+
+-+--------------+------------+----------+
---------------------------------------------------------------------------------
Start Technology Mapping
---------------------------------------------------------------------------------
INFO: [Synth 8-4480] The timing for the instance inst/p_heap0_0_U/HLS_SPFA_p_heap0_0_ram_U/ram_reg_0 (implemented as a block RAM) might be sub-optimal as no optional output register could be merged into the block ram. Providing additional output register may help in improving timing.
INFO: [Synth 8-4480] The timing for the instance inst/p_heap0_0_U/HLS_SPFA_p_heap0_0_ram_U/ram_reg_1 (implemented as a block RAM) might be sub-optimal as no optional output register could be merged into the block ram. Providing additional output register may help in improving timing.
INFO: [Synth 8-4480] The timing for the instance inst/p_heap0_1_U/HLS_SPFA_p_heap0_0_ram_U/ram_reg_0 (implemented as a block RAM) might be sub-optimal as no optional output register could be merged into the block ram. Providing additional output register may help in improving timing.
INFO: [Synth 8-4480] The timing for the instance inst/p_heap0_1_U/HLS_SPFA_p_heap0_0_ram_U/ram_reg_1 (implemented as a block RAM) might be sub-optimal as no optional output register could be merged into the block ram. Providing additional output register may help in improving timing.
INFO: [Synth 8-4480] The timing for the instance inst/in_list_U/HLS_SPFA_in_list_ram_U/ram_reg (implemented as a block RAM) might be sub-optimal as no optional output register could be merged into the block ram. Providing additional output register may help in improving timing.
INFO: [Synth 8-4480] The timing for the instance inst/in_list_U/HLS_SPFA_in_list_ram_U/ram_reg (implemented as a block RAM) might be sub-optimal as no optional output register could be merged into the block ram. Providing additional output register may help in improving timing.
---------------------------------------------------------------------------------
Finished Technology Mapping : Time (s): cpu = 00:00:31 ; elapsed = 00:00:51 . Memory (MB): peak = 1830.062 ; gain = 558.379 ; free physical = 6961 ; free virtual = 27895
---------------------------------------------------------------------------------

Report RTL Partitions: 
+-+--------------+------------+----------+
| |RTL Partition |Replication |Instances |
+-+--------------+------------+----------+
+-+--------------+------------+----------+
---------------------------------------------------------------------------------
Start IO Insertion
---------------------------------------------------------------------------------
---------------------------------------------------------------------------------
Start Flattening Before IO Insertion
---------------------------------------------------------------------------------
---------------------------------------------------------------------------------
Finished Flattening Before IO Insertion
---------------------------------------------------------------------------------
---------------------------------------------------------------------------------
Start Final Netlist Cleanup
---------------------------------------------------------------------------------
---------------------------------------------------------------------------------
Finished Final Netlist Cleanup
---------------------------------------------------------------------------------
---------------------------------------------------------------------------------
Finished IO Insertion : Time (s): cpu = 00:00:31 ; elapsed = 00:00:52 . Memory (MB): peak = 1830.062 ; gain = 558.379 ; free physical = 6961 ; free virtual = 27896
---------------------------------------------------------------------------------

Report Check Netlist: 
+------+------------------+-------+---------+-------+------------------+
|      |Item              |Errors |Warnings |Status |Description       |
+------+------------------+-------+---------+-------+------------------+
|1     |multi_driven_nets |      0|        0|Passed |Multi driven nets |
+------+------------------+-------+---------+-------+------------------+
---------------------------------------------------------------------------------
Start Renaming Generated Instances
---------------------------------------------------------------------------------
---------------------------------------------------------------------------------
Finished Renaming Generated Instances : Time (s): cpu = 00:00:31 ; elapsed = 00:00:52 . Memory (MB): peak = 1830.062 ; gain = 558.379 ; free physical = 6961 ; free virtual = 27896
---------------------------------------------------------------------------------

Report RTL Partitions: 
+-+--------------+------------+----------+
| |RTL Partition |Replication |Instances |
+-+--------------+------------+----------+
+-+--------------+------------+----------+
---------------------------------------------------------------------------------
Start Rebuilding User Hierarchy
---------------------------------------------------------------------------------
---------------------------------------------------------------------------------
Finished Rebuilding User Hierarchy : Time (s): cpu = 00:00:32 ; elapsed = 00:00:52 . Memory (MB): peak = 1830.062 ; gain = 558.379 ; free physical = 6961 ; free virtual = 27896
---------------------------------------------------------------------------------
---------------------------------------------------------------------------------
Start Renaming Generated Ports
---------------------------------------------------------------------------------
---------------------------------------------------------------------------------
Finished Renaming Generated Ports : Time (s): cpu = 00:00:32 ; elapsed = 00:00:52 . Memory (MB): peak = 1830.062 ; gain = 558.379 ; free physical = 6961 ; free virtual = 27895
---------------------------------------------------------------------------------
---------------------------------------------------------------------------------
Start Handling Custom Attributes
---------------------------------------------------------------------------------
---------------------------------------------------------------------------------
Finished Handling Custom Attributes : Time (s): cpu = 00:00:32 ; elapsed = 00:00:52 . Memory (MB): peak = 1830.062 ; gain = 558.379 ; free physical = 6961 ; free virtual = 27895
---------------------------------------------------------------------------------
---------------------------------------------------------------------------------
Start Renaming Generated Nets
---------------------------------------------------------------------------------
---------------------------------------------------------------------------------
Finished Renaming Generated Nets : Time (s): cpu = 00:00:32 ; elapsed = 00:00:52 . Memory (MB): peak = 1830.062 ; gain = 558.379 ; free physical = 6961 ; free virtual = 27895
---------------------------------------------------------------------------------
---------------------------------------------------------------------------------
Start Writing Synthesis Report
---------------------------------------------------------------------------------

Report BlackBoxes: 
+-+--------------+----------+
| |BlackBox name |Instances |
+-+--------------+----------+
+-+--------------+----------+

Report Cell Usage: 
+------+----------+------+
|      |Cell      |Count |
+------+----------+------+
|1     |CARRY4    |   124|
|2     |DSP48E1   |     1|
|3     |DSP48E1_1 |     1|
|4     |LUT1      |     4|
|5     |LUT2      |   265|
|6     |LUT3      |   164|
|7     |LUT4      |   238|
|8     |LUT5      |    99|
|9     |LUT6      |   353|
|10    |RAMB18E1  |     1|
|11    |RAMB36E1  |     4|
|12    |FDRE      |   689|
|13    |FDSE      |     3|
+------+----------+------+

Report Instance Areas: 
+------+-------------------------------+-------------------------+------+
|      |Instance                       |Module                   |Cells |
+------+-------------------------------+-------------------------+------+
|1     |top                            |                         |  1946|
|2     |  inst                         |HLS_SPFA                 |  1946|
|3     |    grp_HLS_free_1_s_fu_538    |HLS_free_1_s             |    84|
|4     |    grp_HLS_malloc_1_s_fu_521  |HLS_malloc_1_s           |   264|
|5     |    in_list_U                  |HLS_SPFA_in_list         |   110|
|6     |      HLS_SPFA_in_list_ram_U   |HLS_SPFA_in_list_ram     |   110|
|7     |    p_heap0_0_U                |HLS_SPFA_p_heap0_0       |   248|
|8     |      HLS_SPFA_p_heap0_0_ram_U |HLS_SPFA_p_heap0_0_ram_1 |   248|
|9     |    p_heap0_1_U                |HLS_SPFA_p_heap0_0_0     |   286|
|10    |      HLS_SPFA_p_heap0_0_ram_U |HLS_SPFA_p_heap0_0_ram   |   286|
+------+-------------------------------+-------------------------+------+
---------------------------------------------------------------------------------
Finished Writing Synthesis Report : Time (s): cpu = 00:00:32 ; elapsed = 00:00:52 . Memory (MB): peak = 1830.062 ; gain = 558.379 ; free physical = 6961 ; free virtual = 27895
---------------------------------------------------------------------------------
Synthesis finished with 0 errors, 0 critical warnings and 76 warnings.
Synthesis Optimization Runtime : Time (s): cpu = 00:00:22 ; elapsed = 00:00:27 . Memory (MB): peak = 1830.062 ; gain = 195.152 ; free physical = 7035 ; free virtual = 27969
Synthesis Optimization Complete : Time (s): cpu = 00:00:32 ; elapsed = 00:00:52 . Memory (MB): peak = 1830.070 ; gain = 558.379 ; free physical = 7035 ; free virtual = 27969
INFO: [Project 1-571] Translating synthesized netlist
INFO: [Netlist 29-17] Analyzing 131 Unisim elements for replacement
INFO: [Netlist 29-28] Unisim Transformation completed in 0 CPU seconds
INFO: [Project 1-570] Preparing netlist for logic optimization
INFO: [Opt 31-138] Pushed 0 inverter(s) to 0 load pin(s).
INFO: [Project 1-111] Unisim Transformation Summary:
No Unisim elements were transformed.

INFO: [Common 17-83] Releasing license: Synthesis
153 Infos, 84 Warnings, 0 Critical Warnings and 0 Errors encountered.
synth_design completed successfully
synth_design: Time (s): cpu = 00:00:34 ; elapsed = 00:00:54 . Memory (MB): peak = 1830.070 ; gain = 569.953 ; free physical = 7047 ; free virtual = 27981
WARNING: [Constraints 18-5210] No constraint will be written out.
INFO: [Common 17-1381] The checkpoint '/home/tingyuan/Temporary/vivado-outputs/Algorithm_SPFA/Algorithm_SPFA.runs/design_1_HLS_SPFA_0_0_synth_1/design_1_HLS_SPFA_0_0.dcp' has been generated.
INFO: [Coretcl 2-1482] Added synthesis output to IP cache for IP /home/tingyuan/Temporary/vivado-outputs/Algorithm_SPFA/Algorithm_SPFA.srcs/sources_1/bd/design_1/ip/design_1_HLS_SPFA_0_0/design_1_HLS_SPFA_0_0.xci
INFO: [Coretcl 2-1174] Renamed 9 cell refs.
WARNING: [Constraints 18-5210] No constraint will be written out.
INFO: [Common 17-1381] The checkpoint '/home/tingyuan/Temporary/vivado-outputs/Algorithm_SPFA/Algorithm_SPFA.runs/design_1_HLS_SPFA_0_0_synth_1/design_1_HLS_SPFA_0_0.dcp' has been generated.
INFO: [runtcl-4] Executing : report_utilization -file design_1_HLS_SPFA_0_0_utilization_synth.rpt -pb design_1_HLS_SPFA_0_0_utilization_synth.pb
report_utilization: Time (s): cpu = 00:00:00.11 ; elapsed = 00:00:00.15 . Memory (MB): peak = 1854.074 ; gain = 0.000 ; free physical = 7048 ; free virtual = 27984
INFO: [Common 17-206] Exiting Vivado at Wed Aug  8 00:27:21 2018...
