

================================================================
== Vivado HLS Report for 'log_2_64bit'
================================================================
* Date:           Mon Jul 30 02:51:27 2018

* Version:        2018.2 (Build 2258646 on Thu Jun 14 20:25:20 MDT 2018)
* Project:        HTA128_0
* Solution:       solution1
* Product family: zynq
* Target device:  xc7z020clg484-1


================================================================
== Performance Estimates
================================================================
+ Timing (ns): 
    * Summary: 
    +--------+-------+----------+------------+
    |  Clock | Target| Estimated| Uncertainty|
    +--------+-------+----------+------------+
    |ap_clk  |  10.00|     8.357|        1.25|
    +--------+-------+----------+------------+

+ Latency (clock cycles): 
    * Summary: 
    +-----+-----+-----+-----+---------+
    |  Latency  |  Interval | Pipeline|
    | min | max | min | max |   Type  |
    +-----+-----+-----+-----+---------+
    |    0|    0|    0|    0|   none  |
    +-----+-----+-----+-----+---------+

    + Detail: 
        * Instance: 
        N/A

        * Loop: 
        N/A



================================================================
== Utilization Estimates
================================================================
* Summary: 
+-----------------+---------+-------+--------+-------+
|       Name      | BRAM_18K| DSP48E|   FF   |  LUT  |
+-----------------+---------+-------+--------+-------+
|DSP              |        -|      -|       -|      -|
|Expression       |        -|      -|       0|     97|
|FIFO             |        -|      -|       -|      -|
|Instance         |        -|      -|       -|      -|
|Memory           |        -|      -|       -|      -|
|Multiplexer      |        -|      -|       -|    352|
|Register         |        -|      -|       -|      -|
+-----------------+---------+-------+--------+-------+
|Total            |        0|      0|       0|    449|
+-----------------+---------+-------+--------+-------+
|Available        |      280|    220|  106400|  53200|
+-----------------+---------+-------+--------+-------+
|Utilization (%)  |        0|      0|       0|   ~0  |
+-----------------+---------+-------+--------+-------+

+ Detail: 
    * Instance: 
    N/A

    * DSP48: 
    N/A

    * Memory: 
    N/A

    * FIFO: 
    N/A

    * Expression: 
    +-----------------+----------+-------+---+----+------------+------------+
    |  Variable Name  | Operation| DSP48E| FF| LUT| Bitwidth P0| Bitwidth P1|
    +-----------------+----------+-------+---+----+------------+------------+
    |ap_return        |     +    |      0|  0|  15|           8|           8|
    |tmp1_fu_468_p2   |     +    |      0|  0|  15|           7|           7|
    |tmp_fu_458_p2    |     +    |      0|  0|  15|           6|           6|
    |tmp_1_fu_414_p2  |   icmp   |      0|  0|  13|          16|           1|
    |tmp_3_fu_444_p2  |   icmp   |      0|  0|  13|          16|           1|
    |tmp_4_fu_424_p2  |   icmp   |      0|  0|  13|          16|           1|
    |tmp_8_fu_434_p2  |   icmp   |      0|  0|  13|          16|           1|
    +-----------------+----------+-------+---+----+------------+------------+
    |Total            |          |      0|  0|  97|          85|          25|
    +-----------------+----------+-------+---+----+------------+------------+

    * Multiplexer: 
    +-------------------------------+----+-----------+-----+-----------+
    |              Name             | LUT| Input Size| Bits| Total Bits|
    +-------------------------------+----+-----------+-----+-----------+
    |ap_phi_mux_p_1_phi_fu_215_p34  |  89|         18|    5|         90|
    |ap_phi_mux_p_2_phi_fu_271_p34  |  89|         18|    6|        108|
    |ap_phi_mux_p_3_phi_fu_327_p34  |  89|         18|    5|         90|
    |ap_phi_mux_p_s_phi_fu_159_p34  |  85|         17|    4|         68|
    +-------------------------------+----+-----------+-----+-----------+
    |Total                          | 352|         71|   20|        356|
    +-------------------------------+----+-----------+-----+-----------+

    * Register: 
    N/A



================================================================
== Interface
================================================================
* Summary: 
+-----------+-----+-----+------------+--------------+--------------+
| RTL Ports | Dir | Bits|  Protocol  | Source Object|    C Type    |
+-----------+-----+-----+------------+--------------+--------------+
|ap_ready   | out |    1| ap_ctrl_hs |  log_2_64bit | return value |
|ap_return  | out |    8| ap_ctrl_hs |  log_2_64bit | return value |
|tmp_V      |  in |   64|   ap_none  |     tmp_V    |    scalar    |
+-----------+-----+-----+------------+--------------+--------------+

