

================================================================
== Vivado HLS Report for 'KWTA_mini16_theta'
================================================================
* Date:           Sat Aug 11 16:54:37 2018

* Version:        2018.2 (Build 2258646 on Thu Jun 14 20:25:20 MDT 2018)
* Project:        KWTAmini16_0
* Solution:       solution1
* Product family: zynq
* Target device:  xc7z020clg484-1


================================================================
== Performance Estimates
================================================================
+ Timing (ns): 
    * Summary: 
    +--------+-------+----------+------------+
    |  Clock | Target| Estimated| Uncertainty|
    +--------+-------+----------+------------+
    |ap_clk  |  10.00|     8.357|        1.25|
    +--------+-------+----------+------------+

+ Latency (clock cycles): 
    * Summary: 
    +-----+-----+-----+-----+---------+
    |  Latency  |  Interval | Pipeline|
    | min | max | min | max |   Type  |
    +-----+-----+-----+-----+---------+
    |    2|    8|    2|    8|   none  |
    +-----+-----+-----+-----+---------+

    + Detail: 
        * Instance: 
        N/A

        * Loop: 
        N/A



================================================================
== Utilization Estimates
================================================================
* Summary: 
+-----------------+---------+-------+--------+-------+
|       Name      | BRAM_18K| DSP48E|   FF   |  LUT  |
+-----------------+---------+-------+--------+-------+
|DSP              |        -|      -|       -|      -|
|Expression       |        -|      -|       0|    714|
|FIFO             |        -|      -|       -|      -|
|Instance         |        -|      -|       -|      -|
|Memory           |       10|      -|       0|      0|
|Multiplexer      |        -|      -|       -|    970|
|Register         |        -|      -|     612|      -|
+-----------------+---------+-------+--------+-------+
|Total            |       10|      0|     612|   1684|
+-----------------+---------+-------+--------+-------+
|Available        |      280|    220|  106400|  53200|
+-----------------+---------+-------+--------+-------+
|Utilization (%)  |        3|      0|   ~0   |      3|
+-----------------+---------+-------+--------+-------+

+ Detail: 
    * Instance: 
    N/A

    * DSP48: 
    N/A

    * Memory: 
    +---------------+----------------------+---------+---+----+------+-----+------+-------------+
    |     Memory    |        Module        | BRAM_18K| FF| LUT| Words| Bits| Banks| W*Bits*Banks|
    +---------------+----------------------+---------+---+----+------+-----+------+-------------+
    |used_free_V_U  |KWTA_mini16_thetabkb  |        8|  0|   0|  4096|   32|     1|       131072|
    |heap_tree_V_U  |KWTA_mini16_thetacud  |        2|  0|   0|    64|   64|     1|         4096|
    +---------------+----------------------+---------+---+----+------+-----+------+-------------+
    |Total          |                      |       10|  0|   0|  4160|   96|     2|       135168|
    +---------------+----------------------+---------+---+----+------+-----+------+-------------+

    * FIFO: 
    N/A

    * Expression: 
    +----------------------------------+----------+-------+---+----+------------+------------+
    |           Variable Name          | Operation| DSP48E| FF| LUT| Bitwidth P0| Bitwidth P1|
    +----------------------------------+----------+-------+---+----+------------+------------+
    |loc_V_2_trunc_fu_972_p2           |     +    |      0|  0|  15|           5|           1|
    |loc_V_trunc_fu_1057_p2            |     +    |      0|  0|  15|           5|           1|
    |tmp2_fu_1212_p2                   |     +    |      0|  0|  15|           6|           6|
    |tmp3_fu_1221_p2                   |     +    |      0|  0|  15|           7|           7|
    |tmp4_fu_1333_p2                   |     +    |      0|  0|  15|           6|           6|
    |tmp5_fu_1343_p2                   |     +    |      0|  0|  15|           7|           7|
    |tmp_22_fu_1230_p2                 |     +    |      0|  0|  15|           8|           8|
    |tmp_28_fu_1353_p2                 |     +    |      0|  0|  15|           8|           8|
    |tmp_29_fu_1375_p2                 |     +    |      0|  0|  19|          14|          14|
    |tmp_33_fu_1434_p2                 |     +    |      0|  0|  26|          19|           2|
    |tmp_9_fu_1026_p2                  |     +    |      0|  0|  27|          20|           1|
    |p_not1_fu_1247_p2                 |     -    |      0|  0|  71|           1|          64|
    |p_not_fu_956_p2                   |     -    |      0|  0|  71|           1|          64|
    |ap_block_state15_io               |    and   |      0|  0|   2|           1|           1|
    |ap_condition_1009                 |    and   |      0|  0|   2|           1|           1|
    |ap_condition_496                  |    and   |      0|  0|   2|           1|           1|
    |ap_condition_596                  |    and   |      0|  0|   2|           1|           1|
    |ap_condition_680                  |    and   |      0|  0|   2|           1|           1|
    |ap_condition_845                  |    and   |      0|  0|   2|           1|           1|
    |ap_condition_927                  |    and   |      0|  0|   2|           1|           1|
    |ap_predicate_op334_write_state15  |    and   |      0|  0|   2|           1|           1|
    |ap_predicate_op38_write_state2    |    and   |      0|  0|   2|           1|           1|
    |ap_predicate_op60_write_state2    |    and   |      0|  0|   2|           1|           1|
    |ap_predicate_op65_write_state2    |    and   |      0|  0|   2|           1|           1|
    |p_Val2_2_fu_1134_p2               |    and   |      0|  0|  64|          64|          64|
    |p_Val2_7_fu_1253_p2               |    and   |      0|  0|  64|          64|          64|
    |tmp_11_fu_1051_p2                 |   icmp   |      0|  0|  11|           5|           4|
    |tmp_12_fu_1172_p2                 |   icmp   |      0|  0|  13|          16|           1|
    |tmp_16_fu_1110_p2                 |   icmp   |      0|  0|  29|          64|           1|
    |tmp_19_fu_1182_p2                 |   icmp   |      0|  0|  13|          16|           1|
    |tmp_1_fu_916_p2                   |   icmp   |      0|  0|  29|          64|           1|
    |tmp_20_fu_1192_p2                 |   icmp   |      0|  0|  13|          16|           1|
    |tmp_21_fu_1198_p2                 |   icmp   |      0|  0|  13|          16|           1|
    |tmp_24_fu_1293_p2                 |   icmp   |      0|  0|  13|          16|           1|
    |tmp_25_fu_1302_p2                 |   icmp   |      0|  0|  13|          16|           1|
    |tmp_26_fu_1311_p2                 |   icmp   |      0|  0|  13|          16|           1|
    |tmp_27_fu_1320_p2                 |   icmp   |      0|  0|  13|          16|           1|
    |tmp_3_fu_879_p2                   |   icmp   |      0|  0|  11|           8|           2|
    |tmp_7_fu_966_p2                   |   icmp   |      0|  0|  11|           5|           4|
    |tmp_fu_870_p2                     |   icmp   |      0|  0|  11|           8|           2|
    |ap_block_state1                   |    or    |      0|  0|   2|           1|           1|
    |ap_block_state2_io                |    or    |      0|  0|   2|           1|           1|
    |or_cond_fu_929_p2                 |    or    |      0|  0|   2|           1|           1|
    |phitmp_fu_1415_p2                 |    or    |      0|  0|  18|          18|           1|
    +----------------------------------+----------+-------+---+----+------------+------------+
    |Total                             |          |      0|  0| 714|         549|         354|
    +----------------------------------+----------+-------+---+----+------------+------------+

    * Multiplexer: 
    +---------------------------------------+----+-----------+-----+-----------+
    |                  Name                 | LUT| Input Size| Bits| Total Bits|
    +---------------------------------------+----+-----------+-----+-----------+
    |alloc_addr                             |  21|          4|   32|        128|
    |alloc_addr_blk_n                       |   9|          2|    1|          2|
    |alloc_cmd_blk_n                        |   9|          2|    1|          2|
    |alloc_free_target_blk_n                |   9|          2|    1|          2|
    |alloc_size_blk_n                       |   9|          2|    1|          2|
    |ap_NS_fsm                              |  65|         16|    1|         16|
    |ap_phi_mux_p_0167_0_i1_phi_fu_407_p34  |  85|         17|    4|         68|
    |ap_phi_mux_p_0167_0_i_phi_fu_649_p34   |  85|         17|    4|         68|
    |ap_phi_mux_p_0244_0_i_phi_fu_817_p34   |  89|         18|    5|         90|
    |ap_phi_mux_p_0248_0_i_phi_fu_761_p34   |  89|         18|    6|        108|
    |ap_phi_mux_p_0252_0_i1_phi_fu_463_p34  |  89|         18|    5|         90|
    |ap_phi_mux_p_0252_0_i_phi_fu_705_p34   |  89|         18|    5|         90|
    |ap_sig_ioackin_alloc_addr_ap_ack       |   9|          2|    1|          2|
    |heap_tree_V_address0                   |  33|          6|    6|         36|
    |heap_tree_V_d0                         |  15|          3|   64|        192|
    |last_addr_V                            |   9|          2|   20|         40|
    |last_offset_V                          |   9|          2|   20|         40|
    |p_0244_0_i1_reg_573                    |  85|         17|    5|         85|
    |p_0248_0_i1_reg_516                    |  85|         17|    5|         85|
    |storemerge_reg_392                     |   9|          2|   32|         64|
    |top_heap_V                             |   9|          2|   64|        128|
    |used_free_V_address0                   |  38|          7|   12|         84|
    |used_free_V_d0                         |  21|          4|   32|        128|
    +---------------------------------------+----+-----------+-----+-----------+
    |Total                                  | 970|        198|  327|       1550|
    +---------------------------------------+----+-----------+-----+-----------+

    * Register: 
    +----------------------------------+----+----+-----+-----------+
    |               Name               | FF | LUT| Bits| Const Bits|
    +----------------------------------+----+----+-----+-----------+
    |AA_V_1_reg_1616                   |  16|   0|   16|          0|
    |BB_V_1_reg_1621                   |  16|   0|   16|          0|
    |CC_V_1_reg_1626                   |  16|   0|   16|          0|
    |DD_V_1_reg_1631                   |  16|   0|   16|          0|
    |alloc_cmd_read_reg_1445           |   8|   0|    8|          0|
    |alloc_free_target_re_reg_1456     |  32|   0|   32|          0|
    |alloc_size_read_reg_1451          |  32|   0|   32|          0|
    |ap_CS_fsm                         |  15|   0|   15|          0|
    |ap_reg_ioackin_alloc_addr_ap_ack  |   1|   0|    1|          0|
    |last_addr_V                       |  20|   0|   20|          0|
    |last_loc1_V                       |   8|   0|    8|          0|
    |last_loc1_V_load_reg_1554         |   8|   0|    8|          0|
    |last_loc2_V                       |   8|   0|    8|          0|
    |last_offset_V                     |  20|   0|   20|          0|
    |or_cond_reg_1499                  |   1|   0|    1|          0|
    |p_0167_0_i1_cast_reg_1587         |   4|   0|    6|          2|
    |p_0244_0_i1_reg_573               |   5|   0|    5|          0|
    |p_0248_0_i1_reg_516               |   5|   0|    6|          1|
    |p_0252_0_i1_cast_reg_1595         |   5|   0|    7|          2|
    |p_Result_6_reg_1478               |   6|   0|    6|          0|
    |p_Result_7_reg_1483               |  10|   0|   10|          0|
    |p_Val2_5_reg_1467                 |  64|   0|   64|          0|
    |p_Val2_s_reg_1503                 |  20|   0|   20|          0|
    |p_not_reg_1517                    |  64|   0|   64|          0|
    |phitmp_reg_1669                   |  14|   0|   18|          4|
    |storemerge_reg_392                |  32|   0|   32|          0|
    |tmp_11_reg_1550                   |   1|   0|    1|          0|
    |tmp_13_reg_1530                   |  10|   0|   64|         54|
    |tmp_15_reg_1559                   |   8|   0|   64|         56|
    |tmp_22_reg_1606                   |   8|   0|    8|          0|
    |tmp_28_reg_1648                   |   8|   0|    8|          0|
    |tmp_29_reg_1653                   |  14|   0|   14|          0|
    |tmp_30_reg_1659                   |  14|   0|   64|         50|
    |tmp_34_reg_1508                   |   1|   0|    1|          0|
    |tmp_3_reg_1474                    |   1|   0|    1|          0|
    |tmp_5_reg_1489                    |  16|   0|   64|         48|
    |tmp_reg_1463                      |   1|   0|    1|          0|
    |tmp_s_reg_1540                    |  20|   0|   64|         44|
    |top_heap_V                        |  64|   0|   64|          0|
    +----------------------------------+----+----+-----+-----------+
    |Total                             | 612|   0|  873|        261|
    +----------------------------------+----+----+-----+-----------+



================================================================
== Interface
================================================================
* Summary: 
+--------------------------+-----+-----+------------+-------------------+--------------+
|         RTL Ports        | Dir | Bits|  Protocol  |   Source Object   |    C Type    |
+--------------------------+-----+-----+------------+-------------------+--------------+
|ap_clk                    |  in |    1| ap_ctrl_hs | KWTA_mini16_theta | return value |
|ap_rst                    |  in |    1| ap_ctrl_hs | KWTA_mini16_theta | return value |
|ap_start                  |  in |    1| ap_ctrl_hs | KWTA_mini16_theta | return value |
|ap_done                   | out |    1| ap_ctrl_hs | KWTA_mini16_theta | return value |
|ap_idle                   | out |    1| ap_ctrl_hs | KWTA_mini16_theta | return value |
|ap_ready                  | out |    1| ap_ctrl_hs | KWTA_mini16_theta | return value |
|alloc_size                |  in |   32|    ap_hs   |     alloc_size    |    pointer   |
|alloc_size_ap_vld         |  in |    1|    ap_hs   |     alloc_size    |    pointer   |
|alloc_size_ap_ack         | out |    1|    ap_hs   |     alloc_size    |    pointer   |
|alloc_free_target         |  in |   32|    ap_hs   | alloc_free_target |    pointer   |
|alloc_free_target_ap_vld  |  in |    1|    ap_hs   | alloc_free_target |    pointer   |
|alloc_free_target_ap_ack  | out |    1|    ap_hs   | alloc_free_target |    pointer   |
|alloc_addr                | out |   32|    ap_hs   |     alloc_addr    |    pointer   |
|alloc_addr_ap_vld         | out |    1|    ap_hs   |     alloc_addr    |    pointer   |
|alloc_addr_ap_ack         |  in |    1|    ap_hs   |     alloc_addr    |    pointer   |
|alloc_cmd                 |  in |    8|    ap_hs   |     alloc_cmd     |    pointer   |
|alloc_cmd_ap_vld          |  in |    1|    ap_hs   |     alloc_cmd     |    pointer   |
|alloc_cmd_ap_ack          | out |    1|    ap_hs   |     alloc_cmd     |    pointer   |
+--------------------------+-----+-----+------------+-------------------+--------------+

