INFO-FLOW: Workspace /home/tingyuan/Temporary/vivado-outputs/Ext_HTA/solution1 opened at Mon Jul 30 20:15:31 CST 2018
Execute     config_clock -quiet -name default -period 10 -default=false 
INFO: [SYN 201-201] Setting up clock 'default' with a period of 10ns.
Execute     open_platform DefaultPlatform 
Execute     import_lib /opt/Xilinx/Vivado/2018.2/common/technology/xilinx/zynq/zynq 
Execute       source /opt/Xilinx/Vivado/2018.2/common/technology/xilinx/common/xilinx.lib 
Execute         source /opt/Xilinx/Vivado/2018.2/common/technology/xilinx/interface/xilinx_interface.lib 
Execute           source /opt/Xilinx/Vivado/2018.2/common/technology/xilinx/interface/plb46.lib 
Execute           source /opt/Xilinx/Vivado/2018.2/common/technology/xilinx/interface/fsl.lib 
Execute           source /opt/Xilinx/Vivado/2018.2/common/technology/xilinx/interface/axi4.lib 
Execute           source /opt/Xilinx/Vivado/2018.2/common/technology/xilinx/interface/maxi.lib 
Execute           source /opt/Xilinx/Vivado/2018.2/common/technology/xilinx/interface/saxilite.lib 
Execute         source /opt/Xilinx/Vivado/2018.2/common/technology/xilinx/common/dsp48.lib 
Execute         source /opt/Xilinx/Vivado/2018.2/common/technology/xilinx/ip/xfft.lib 
Execute         source /opt/Xilinx/Vivado/2018.2/common/technology/xilinx/ip/dds_compiler.lib 
Execute         source /opt/Xilinx/Vivado/2018.2/common/technology/xilinx/ip/xfir.lib 
Execute       source /opt/Xilinx/Vivado/2018.2/common/technology/xilinx/common/xilinx_old.lib 
Execute       source /opt/Xilinx/Vivado/2018.2/common/technology/xilinx/common/xilinx_vivado.lib 
Execute       source /opt/Xilinx/Vivado/2018.2/common/technology/xilinx/common/xilinx.hlp 
Execute         source /opt/Xilinx/Vivado/2018.2/common/technology/xilinx/common/target_info.tcl 
Execute         source /opt/Xilinx/Vivado/2018.2/common/technology/xilinx/interface/xilinx_interface.hlp 
Execute           source /opt/Xilinx/Vivado/2018.2/common/technology/xilinx/interface/maxi.hlp 
Execute           source /opt/Xilinx/Vivado/2018.2/common/technology/xilinx/interface/saxilite.hlp 
Execute         source /opt/Xilinx/Vivado/2018.2/common/technology/xilinx/common/dsp48.hlp 
Execute       source /opt/Xilinx/Vivado/2018.2/common/technology/xilinx/zynq/dsp48e1.hlp 
Execute       get_default_platform 
Execute       config_chip_info -quiet -resource  {SLICE 13300}  {LUT 53200}     {FF 106400} {DSP48E 220}   {BRAM 280}  
Execute       config_chip_info -quiet -speed medium 
Execute       source /opt/Xilinx/Vivado/2018.2/common/technology/xilinx/common/xilinx.hlp 
Execute         source /opt/Xilinx/Vivado/2018.2/common/technology/xilinx/common/target_info.tcl 
Execute         source /opt/Xilinx/Vivado/2018.2/common/technology/xilinx/interface/xilinx_interface.hlp 
Execute           source /opt/Xilinx/Vivado/2018.2/common/technology/xilinx/interface/maxi.hlp 
Execute           source /opt/Xilinx/Vivado/2018.2/common/technology/xilinx/interface/saxilite.hlp 
Execute         source /opt/Xilinx/Vivado/2018.2/common/technology/xilinx/common/dsp48.hlp 
Execute     source /opt/Xilinx/Vivado/2018.2/common/technology/xilinx/zynq/zynq.gen 
Execute       source /opt/Xilinx/Vivado/2018.2/common/technology/xilinx/common/virtex.gen 
Execute         source /opt/Xilinx/Vivado/2018.2/common/technology/xilinx/common/xilinx.gen 
Execute           source /opt/Xilinx/Vivado/2018.2/common/technology/xilinx/interface/plb46.gen 
Execute           source /opt/Xilinx/Vivado/2018.2/common/technology/xilinx/interface/fsl.gen 
Execute           source /opt/Xilinx/Vivado/2018.2/common/technology/xilinx/interface/axi4.gen 
Execute           source /opt/Xilinx/Vivado/2018.2/common/technology/xilinx/interface/nativeAXI4.gen 
Execute             source /opt/Xilinx/Vivado/2018.2/common/technology/xilinx/interface/saxilite.gen 
Execute             source /opt/Xilinx/Vivado/2018.2/common/technology/xilinx/interface/maxi.gen 
Execute           source /opt/Xilinx/Vivado/2018.2/common/technology/xilinx/scripts/xilinxcoregen.gen 
Execute           source /opt/Xilinx/Vivado/2018.2/common/technology/xilinx/interface/XilEDKCoreGen.gen 
Execute           source /opt/Xilinx/Vivado/2018.2/common/technology/xilinx/ip/dds_compiler.gen 
Execute           source /opt/Xilinx/Vivado/2018.2/common/technology/xilinx/ip/util.gen 
Execute           source /opt/Xilinx/Vivado/2018.2/common/technology/xilinx/ip/xfft.gen 
Execute           source /opt/Xilinx/Vivado/2018.2/common/technology/xilinx/ip/xfir.gen 
Execute         source /opt/Xilinx/Vivado/2018.2/common/technology/xilinx/common/dsp48.gen 
Execute     open_platform DefaultPlatform 
Execute     import_lib /opt/Xilinx/Vivado/2018.2/common/technology/xilinx/zynq/zynq_fpv6 
Execute       source /opt/Xilinx/Vivado/2018.2/common/technology/xilinx/common/xilinx_fpv7.lib 
Execute         source /opt/Xilinx/Vivado/2018.2/common/technology/xilinx/common/xilinx_hp.lib 
Execute       source /opt/Xilinx/Vivado/2018.2/common/technology/xilinx/common/xilinx_fpv.hlp 
Execute         source /opt/Xilinx/Vivado/2018.2/common/technology/xilinx/common/xilinx.hlp 
Execute           source /opt/Xilinx/Vivado/2018.2/common/technology/xilinx/common/target_info.tcl 
Execute           source /opt/Xilinx/Vivado/2018.2/common/technology/xilinx/interface/xilinx_interface.hlp 
Execute             source /opt/Xilinx/Vivado/2018.2/common/technology/xilinx/interface/maxi.hlp 
Execute             source /opt/Xilinx/Vivado/2018.2/common/technology/xilinx/interface/saxilite.hlp 
Execute           source /opt/Xilinx/Vivado/2018.2/common/technology/xilinx/common/dsp48.hlp 
Execute       source /opt/Xilinx/Vivado/2018.2/common/technology/xilinx/zynq/zynq_hp.hlp 
Execute     source /opt/Xilinx/Vivado/2018.2/common/technology/xilinx/zynq/zynq_fpv6.gen 
Execute       source /opt/Xilinx/Vivado/2018.2/common/technology/xilinx/common/xilinx_fpv6.gen 
Execute     set_part xc7z020clg484-1 
Execute       add_library xilinx/zynq/zynq:xc7z020:clg484:-1 
Execute         get_default_platform 
Execute         license_isbetapart xc7z020 
Command         license_isbetapart done; error code: 1; 
Execute         get_default_platform 
Execute         config_chip_info -quiet -resource  {SLICE 13300}  {LUT 53200}     {FF 106400} {DSP48E 220}   {BRAM 280}  
Execute         config_chip_info -quiet -speed slow 
Execute       add_library xilinx/zynq/zynq_fpv6 
Execute         get_default_platform 
INFO: [HLS 200-10] Setting target device to 'xc7z020clg484-1'
Execute       get_default_platform 
Execute     get_default_platform 
Execute     config_chip_info -quiet -resource  {SLICE 13300}  {LUT 53200}     {FF 106400} {DSP48E 220}   {BRAM 280}  
Execute     config_chip_info -quiet -speed slow 
Command   open_solution done; 0.19 sec.
Execute   set_part xc7z020clg484-1 -tool vivado 
Execute     add_library xilinx/zynq/zynq:xc7z020:clg484:-1 
Execute       get_default_platform 
Execute       license_isbetapart xc7z020 
Command       license_isbetapart done; error code: 1; 
Execute       get_default_platform 
Execute       config_chip_info -quiet -resource  {SLICE 13300}  {LUT 53200}     {FF 106400} {DSP48E 220}   {BRAM 280}  
Execute       config_chip_info -quiet -speed slow 
Execute     add_library xilinx/zynq/zynq_fpv6 
Execute       get_default_platform 
Execute     get_default_platform 
Execute   create_clock -period 10 -name default 
Execute   csynth_design 
Execute     get_config_compile -effort 
Execute     get_config_compile -enable_clang39 
Execute     get_config_compile -g 
Execute     get_config_compile -lm 
Execute     get_config_compile -ng 
Execute     get_config_compile -opt_fp 
Execute     get_config_compile -skip_cdt 
Execute     get_config_compile -skip_syncheck 
Execute     get_config_compile -skip_transform 
Execute     get_config_compile -keep_printf 
Execute     elaborate -effort=medium -skip_syncheck=0 -keep_printf=0 -lm=0 -skip_cdt=0 -skip_transform=0 -ng=0 -g=0 -opt_fp=0 -from_csynth_design=1 
Execute       get_config_schedule -relax_ii_for_timing 
Execute       get_config_schedule -suppress_dependence_error_break 
INFO: [HLS 200-10] Analyzing design file 'Ext_HTA/solution1/top.cc' ... 
INFO-FLOW: Compiling one TU...
Execute       is_m_axi_addr64 
INFO-FLOW: Handling Ext_HTA/solution1/top.cc as C++
Execute       get_default_platform 
Execute       is_encrypted Ext_HTA/solution1/top.cc 
Execute       get_default_platform 
INFO-FLOW: Source preprocessing
Execute       clang  -fno-limit-debug-info -gcc-toolchain "/opt/Xilinx/Vivado/2018.2/lnx64/tools/gcc" -hls  -fno-exceptions  -D__llvm__  -E "Ext_HTA/solution1/top.cc"     -fno-math-errno -c -emit-llvm -O0  -mllvm -disable-llvm-optzns -fno-threadsafe-statics  -fno-use-cxa-atexit  -fno-threadsafe-statics -fno-use-cxa-atexit -D__CLANG_3_1__ -DAESL_SYN -D__SYNTHESIS__ -D__HLS_SYN__ -I "/opt/Xilinx/Vivado/2018.2/common/technology/autopilot" -I "/opt/Xilinx/Vivado/2018.2/common/technology/autopilot/ap_sysc" -include etc/autopilot_ssdm_op.h -D__DSP48E1__  -o "/home/tingyuan/Temporary/vivado-outputs/Ext_HTA/solution1/.autopilot/db/top.pp.0.cc" 
INFO-FLOW: exec /opt/Xilinx/Vivado/2018.2/lnx64/tools/clang/bin/clang -fno-limit-debug-info -gcc-toolchain /opt/Xilinx/Vivado/2018.2/lnx64/tools/gcc -hls -fno-exceptions -D__llvm__ -E Ext_HTA/solution1/top.cc -fno-math-errno -c -emit-llvm -O0 -mllvm -disable-llvm-optzns -fno-threadsafe-statics -fno-use-cxa-atexit -fno-threadsafe-statics -fno-use-cxa-atexit -D__CLANG_3_1__ -DAESL_SYN -D__SYNTHESIS__ -D__HLS_SYN__ -I /opt/Xilinx/Vivado/2018.2/common/technology/autopilot -I /opt/Xilinx/Vivado/2018.2/common/technology/autopilot/ap_sysc -include etc/autopilot_ssdm_op.h -D__DSP48E1__ -o /home/tingyuan/Temporary/vivado-outputs/Ext_HTA/solution1/.autopilot/db/top.pp.0.cc
Command       clang done; 1.24 sec.
INFO-FLOW: Syntax Checking before pre-processing...
Execute       clang  -fno-limit-debug-info -gcc-toolchain "/opt/Xilinx/Vivado/2018.2/lnx64/tools/gcc" -hls    -fno-math-errno -c -emit-llvm -O0  -mllvm -disable-llvm-optzns -fno-threadsafe-statics  -fno-use-cxa-atexit  -fno-threadsafe-statics -fno-use-cxa-atexit -D__CLANG_3_1__ -DAESL_SYN -D__SYNTHESIS__ -D__HLS_SYN__ -I "/opt/Xilinx/Vivado/2018.2/common/technology/autopilot" -I "/opt/Xilinx/Vivado/2018.2/common/technology/autopilot/ap_sysc" -include etc/autopilot_ssdm_op.h -D__DSP48E1__  "/home/tingyuan/Temporary/vivado-outputs/Ext_HTA/solution1/.autopilot/db/top.pp.0.cc"  -o "/home/tingyuan/Temporary/vivado-outputs/Ext_HTA/solution1/.autopilot/db/useless.bc"  
INFO-FLOW: exec /opt/Xilinx/Vivado/2018.2/lnx64/tools/clang/bin/clang -fno-limit-debug-info -gcc-toolchain /opt/Xilinx/Vivado/2018.2/lnx64/tools/gcc -hls -fno-math-errno -c -emit-llvm -O0 -mllvm -disable-llvm-optzns -fno-threadsafe-statics -fno-use-cxa-atexit -fno-threadsafe-statics -fno-use-cxa-atexit -D__CLANG_3_1__ -DAESL_SYN -D__SYNTHESIS__ -D__HLS_SYN__ -I /opt/Xilinx/Vivado/2018.2/common/technology/autopilot -I /opt/Xilinx/Vivado/2018.2/common/technology/autopilot/ap_sysc -include etc/autopilot_ssdm_op.h -D__DSP48E1__ /home/tingyuan/Temporary/vivado-outputs/Ext_HTA/solution1/.autopilot/db/top.pp.0.cc -o /home/tingyuan/Temporary/vivado-outputs/Ext_HTA/solution1/.autopilot/db/useless.bc
Command       clang done; 1.97 sec.
INFO-FLOW: GCC PP time: 3 seconds per iteration
Execute       list_core -type functional_unit 
Execute       tidy_31 xilinx-systemc-detector /home/tingyuan/Temporary/vivado-outputs/Ext_HTA/solution1/.autopilot/db/top.pp.0.cc std=gnu++98 -directive=/home/tingyuan/Temporary/vivado-outputs/Ext_HTA/solution1/.autopilot/db/.systemc_flag 
INFO-FLOW: exec /opt/Xilinx/Vivado/2018.2/lnx64/tools/clang-3.9-csynth/bin/tidy-3.1 -header-filter=.* --checks=-*,xilinx-systemc-detector -import-directive=/home/tingyuan/Temporary/vivado-outputs/Ext_HTA/solution1/.autopilot/db/.systemc_flag -quiet -fix-errors /home/tingyuan/Temporary/vivado-outputs/Ext_HTA/solution1/.autopilot/db/top.pp.0.cc -- -std=gnu++98 -fhls -ferror-limit=0
Command       tidy_31 done; 1.34 sec.
INFO-FLOW: CDT Preprocessing with tidy-3.1...
Execute       tidy_31 xilinx-directive2pragma /home/tingyuan/Temporary/vivado-outputs/Ext_HTA/solution1/.autopilot/db/top.pp.0.cc std=gnu++98 -directive=/home/tingyuan/Temporary/vivado-outputs/Ext_HTA/solution1/solution1.json 
INFO-FLOW: exec /opt/Xilinx/Vivado/2018.2/lnx64/tools/clang-3.9-csynth/bin/tidy-3.1 -header-filter=.* --checks=-*,xilinx-directive2pragma -import-directive=/home/tingyuan/Temporary/vivado-outputs/Ext_HTA/solution1/solution1.json -quiet -fix-errors /home/tingyuan/Temporary/vivado-outputs/Ext_HTA/solution1/.autopilot/db/top.pp.0.cc -- -std=gnu++98 -fhls -ferror-limit=0
Command       tidy_31 done; 1.32 sec.
Execute       get_config_dataflow -strict_mode 
Execute       ap_eval exec -ignorestderr /opt/Xilinx/Vivado/2018.2/lnx64/tools/clang-3.9-csynth/bin/xilinx-dataflow-lawyer -export-fixes=/home/tingyuan/Temporary/vivado-outputs/Ext_HTA/solution1/.autopilot/db/xilinx-dataflow-lawyer.top.pp.0.cc.diag.yml /home/tingyuan/Temporary/vivado-outputs/Ext_HTA/solution1/.autopilot/db/top.pp.0.cc -- -std=gnu++98 -fhls -ferror-limit=0 -fstrict-dataflow > /home/tingyuan/Temporary/vivado-outputs/Ext_HTA/solution1/.autopilot/db/xilinx-dataflow-lawyer.top.pp.0.cc.out.log 2> /home/tingyuan/Temporary/vivado-outputs/Ext_HTA/solution1/.autopilot/db/xilinx-dataflow-lawyer.top.pp.0.cc.err.log 
Command       ap_eval done; 0.96 sec.
Execute       tidy_31 -errorcheck xilinx-constantarray-param,xilinx-resource-pragma-transformer /home/tingyuan/Temporary/vivado-outputs/Ext_HTA/solution1/.autopilot/db/top.pp.0.cc std=gnu++98 
INFO-FLOW: exec /opt/Xilinx/Vivado/2018.2/lnx64/tools/clang-3.9-csynth/bin/tidy-3.1 -header-filter=.* --checks=-*,xilinx-constantarray-param,xilinx-resource-pragma-transformer -quiet -fix-errors /home/tingyuan/Temporary/vivado-outputs/Ext_HTA/solution1/.autopilot/db/top.pp.0.cc -- -std=gnu++98 -fhls -ferror-limit=0
INFO-FLOW: exec /opt/Xilinx/Vivado/2018.2/lnx64/tools/clang-3.9-csynth/bin/xilinx-legacy-rewriter /home/tingyuan/Temporary/vivado-outputs/Ext_HTA/solution1/.autopilot/db/top.pp.0.cc -- -std=gnu++98 -fhls -ferror-limit=0
Command       tidy_31 done; 2.78 sec.
INFO-FLOW: tidy-3.1 time 5 seconds per iteration
INFO-FLOW: Pragma Handling...
Execute       tidy_31 xilinx-ssdm-intrinsics-arguments /home/tingyuan/Temporary/vivado-outputs/Ext_HTA/solution1/.autopilot/db/top.pragma.1.cc std=gnu++98 
INFO-FLOW: exec /opt/Xilinx/Vivado/2018.2/lnx64/tools/clang-3.9-csynth/bin/tidy-3.1 -header-filter=.* --checks=-*,xilinx-ssdm-intrinsics-arguments -quiet -fix-errors /home/tingyuan/Temporary/vivado-outputs/Ext_HTA/solution1/.autopilot/db/top.pragma.1.cc -- -std=gnu++98 -fhls -ferror-limit=0
Command       tidy_31 done; 2.02 sec.
INFO-FLOW: Source preprocessing
Execute       clang  -fno-limit-debug-info -gcc-toolchain "/opt/Xilinx/Vivado/2018.2/lnx64/tools/gcc" -hls  -fno-exceptions  -D__llvm__  -E "/home/tingyuan/Temporary/vivado-outputs/Ext_HTA/solution1/.autopilot/db/top.pragma.1.cc"     -fno-math-errno -c -emit-llvm -O0  -mllvm -disable-llvm-optzns -fno-threadsafe-statics  -fno-use-cxa-atexit  -fno-threadsafe-statics -fno-use-cxa-atexit -D__CLANG_3_1__ -DAESL_SYN -D__SYNTHESIS__ -D__HLS_SYN__ -I "/opt/Xilinx/Vivado/2018.2/common/technology/autopilot" -I "/opt/Xilinx/Vivado/2018.2/common/technology/autopilot/ap_sysc" -include etc/autopilot_ssdm_op.h -D__DSP48E1__  -o "/home/tingyuan/Temporary/vivado-outputs/Ext_HTA/solution1/.autopilot/db/top.pragma.2.cc" 
INFO-FLOW: exec /opt/Xilinx/Vivado/2018.2/lnx64/tools/clang/bin/clang -fno-limit-debug-info -gcc-toolchain /opt/Xilinx/Vivado/2018.2/lnx64/tools/gcc -hls -fno-exceptions -D__llvm__ -E /home/tingyuan/Temporary/vivado-outputs/Ext_HTA/solution1/.autopilot/db/top.pragma.1.cc -fno-math-errno -c -emit-llvm -O0 -mllvm -disable-llvm-optzns -fno-threadsafe-statics -fno-use-cxa-atexit -fno-threadsafe-statics -fno-use-cxa-atexit -D__CLANG_3_1__ -DAESL_SYN -D__SYNTHESIS__ -D__HLS_SYN__ -I /opt/Xilinx/Vivado/2018.2/common/technology/autopilot -I /opt/Xilinx/Vivado/2018.2/common/technology/autopilot/ap_sysc -include etc/autopilot_ssdm_op.h -D__DSP48E1__ -o /home/tingyuan/Temporary/vivado-outputs/Ext_HTA/solution1/.autopilot/db/top.pragma.2.cc
Command       clang done; 1.19 sec.
Execute       get_default_platform 
INFO-FLOW: Processing labels
Execute       clang -src /home/tingyuan/Temporary/vivado-outputs/Ext_HTA/solution1/.autopilot/db/top.pragma.2.cc  -fno-limit-debug-info -gcc-toolchain /opt/Xilinx/Vivado/2018.2/lnx64/tools/gcc -hls -hls-analyze-label -hls-analyze-pragma -fno-exceptions  -D__llvm__  -w  "/home/tingyuan/Temporary/vivado-outputs/Ext_HTA/solution1/.autopilot/db/top.pragma.2.cc"    -fno-math-errno -c -emit-llvm -O0  -mllvm -disable-llvm-optzns -fno-threadsafe-statics  -fno-use-cxa-atexit -DAESL_SYN -D__SYNTHESIS__ -D__HLS_SYN__ -I "/opt/Xilinx/Vivado/2018.2/common/technology/autopilot" -I "/opt/Xilinx/Vivado/2018.2/common/technology/autopilot/ap_sysc" -include etc/autopilot_ssdm_op.h -D__DSP48E1__ -g -o "/home/tingyuan/Temporary/vivado-outputs/Ext_HTA/solution1/.autopilot/db/top.bc" 
INFO-FLOW: exec /opt/Xilinx/Vivado/2018.2/lnx64/tools/clang/bin/clang -fno-limit-debug-info -gcc-toolchain /opt/Xilinx/Vivado/2018.2/lnx64/tools/gcc -hls -hls-analyze-label -hls-analyze-pragma -fno-exceptions -D__llvm__ -w /home/tingyuan/Temporary/vivado-outputs/Ext_HTA/solution1/.autopilot/db/top.pragma.2.cc -fno-math-errno -c -emit-llvm -O0 -mllvm -disable-llvm-optzns -fno-threadsafe-statics -fno-use-cxa-atexit -DAESL_SYN -D__SYNTHESIS__ -D__HLS_SYN__ -I /opt/Xilinx/Vivado/2018.2/common/technology/autopilot -I /opt/Xilinx/Vivado/2018.2/common/technology/autopilot/ap_sysc -include etc/autopilot_ssdm_op.h -D__DSP48E1__ -g -o /home/tingyuan/Temporary/vivado-outputs/Ext_HTA/solution1/.autopilot/db/top.bc
Command       clang done; 2.07 sec.
INFO-FLOW: Linking Debug ...
Execute       llvm-ld /home/tingyuan/Temporary/vivado-outputs/Ext_HTA/solution1/.autopilot/db/top.g.bc -hls-opt -except-internalize Ext_HTA -L/opt/Xilinx/Vivado/2018.2/lnx64/lib -lhlsm -lhlsmc++ -o /home/tingyuan/Temporary/vivado-outputs/Ext_HTA/solution1/.autopilot/db/a.g 
Command       llvm-ld done; 0.76 sec.
INFO: [HLS 200-111] Finished Linking Time (s): cpu = 00:00:16 ; elapsed = 00:00:16 . Memory (MB): peak = 375.676 ; gain = 0.113 ; free physical = 16939 ; free virtual = 32062
INFO: [HLS 200-111] Finished Checking Pragmas Time (s): cpu = 00:00:16 ; elapsed = 00:00:16 . Memory (MB): peak = 375.676 ; gain = 0.113 ; free physical = 16939 ; free virtual = 32062
Execute       ::config_rtl 
Execute       opt_and_import_c a -opt_level=2 -skip_syncheck=0 -ng=0 -keep_printf=0 
Execute         cleanup_all_models 
INFO: [HLS 200-10] Starting code transformations ...
Execute         transform -promote-dbg-pointer /home/tingyuan/Temporary/vivado-outputs/Ext_HTA/solution1/.autopilot/db/a.pp.bc -o /home/tingyuan/Temporary/vivado-outputs/Ext_HTA/solution1/.autopilot/db/a.pp.0.bc -f 
Execute         llvm-ld /home/tingyuan/Temporary/vivado-outputs/Ext_HTA/solution1/.autopilot/db/a.pp.0.bc -disable-opt -L/opt/Xilinx/Vivado/2018.2/lnx64/lib -lfloatconversion -o /home/tingyuan/Temporary/vivado-outputs/Ext_HTA/solution1/.autopilot/db/a.g.0 
Command         llvm-ld done; 0.74 sec.
INFO-FLOW: Running Standard Transforms...
Execute         transform -hls -share-std-xform -demangle-name -inline-byval-memcpy -always-inline -promote-dbg-pointer -interface-preproc -scalarrepl -mem2reg -keep-read-access -instcombine -dce -promote-dbg-pointer -bitop-raise -loop-simplify -indvarspre -indvars -loop-simplify -xunroll -constprop -instcombine -simplifycfg -indvars -simplifycfg -dce -globaldce -basicaa -simplifycfg -mem2reg -globalopt -global-constprop -deadargelim -instcombine -simplifycfg -prune-eh -simplifycfg -scalarrepl -instcombine -reassociate -licm -simplifycfg -loop-simplify -indvars -instcombine -simplifycfg -mem2reg -loop-simplify -indvars -instcombine -gvn -gvn -instcombine -adce -break-crit-edges -simplifycfg -loop-delete -global-array-opt -dce -dse -adce -find-syn-modules -top Ext_HTA -deadargelim -mem2reg -instcombine -dce -presyn-prepare -auto-rom-infer -interface-preproc -syn-check -check-rec-only -find-region -simplifycfg -func-extr -function-inline -globaldce -mem2reg -instcombine -dce -gvn -globaldce -adce -adse -constprop -instcombine -bit-constprop -instcombine -dce -simplifycfg -bitop-raise -simplifycfg -dce -loop-delete -reassociate -globalopt -global-privatize -mem2reg -dce -global-constprop -pointer-simplify -constprop -dce -func-inst -deadargelim -auto-shift-reg-idiom -promote-dbg-pointer -norm-name /home/tingyuan/Temporary/vivado-outputs/Ext_HTA/solution1/.autopilot/db/a.g.0.bc -o /home/tingyuan/Temporary/vivado-outputs/Ext_HTA/solution1/.autopilot/db/a.g.1.bc -f -phase std-opt 
INFO: [XFORM 203-603] Inlining function 'log_2_16bit' into 'log_2_64bit' (Ext_HTA/solution1/top.cc:74).
INFO: [XFORM 203-603] Inlining function 'log_2_16bit' into 'log_2_64bit' (Ext_HTA/solution1/top.cc:73).
INFO: [XFORM 203-603] Inlining function 'log_2_16bit' into 'log_2_64bit' (Ext_HTA/solution1/top.cc:72).
INFO: [XFORM 203-603] Inlining function 'log_2_16bit' into 'log_2_64bit' (Ext_HTA/solution1/top.cc:71).
Command         transform done; 0.36 sec.
INFO: [HLS 200-111] Finished Standard Transforms Time (s): cpu = 00:00:17 ; elapsed = 00:00:18 . Memory (MB): peak = 504.590 ; gain = 129.027 ; free physical = 16907 ; free virtual = 32033
INFO: [HLS 200-10] Checking synthesizability ...
INFO-FLOW: Checking Synthesizability 1/2..
Execute         transform -hls -syn-check -check-rec-only -disaggr -scalarrepl -norm-name -dce -mem2reg -instcombine -function-uniquify -directive-preproc -mem2reg -dse -dce -auto-rom-infer -dce -array-normalize -instcombine -dce -warn-fifo-pointer -array-seg-normalize -instcombine -dce -array-flatten -instcombine -dce -array-burst -dce -deadargelim -promote-global-argument -simplifycfg -mem2reg -globaldce -resolve-double-ptr -dce -deadargelim -dce -instcombine -function-inline -globaldce -dce -doublePtrSimplify -doublePtrElim -dce -doublePtrSimplify -promote-dbg-pointer -dce -scalarrepl -dse -adse -instcombine -ptrLegalization -simplifycfg -dce -instcombine -pointer-simplify -ptrArgReplace -dce -instcombine -disaggr -scalarrepl -norm-name -dce -mem2reg -instcombine -ptrLegalization -simplifycfg -deadargelim -instcombine -dce -inst-simplify -function-uniquify -directive-preproc -mem2reg -dse -dce -globaldce /home/tingyuan/Temporary/vivado-outputs/Ext_HTA/solution1/.autopilot/db/a.g.1.bc -o /home/tingyuan/Temporary/vivado-outputs/Ext_HTA/solution1/.autopilot/db/a.g.2.prechk.bc -f 
Command         transform done; 0.16 sec.
INFO-FLOW: Checking Synthesizability 2/2..
Execute         transform -syn-check /home/tingyuan/Temporary/vivado-outputs/Ext_HTA/solution1/.autopilot/db/a.g.2.prechk.bc -o /home/tingyuan/Temporary/vivado-outputs/Ext_HTA/solution1/.autopilot/db/a.g.2.bc -f -phase syn-check 
WARNING: [SYNCHK 200-23] Ext_HTA/solution1/top.cc:246: variable-indexed range selection may cause suboptimal QoR.
INFO: [SYNCHK 200-10] 0 error(s), 1 warning(s).
INFO: [HLS 200-111] Finished Checking Synthesizability Time (s): cpu = 00:00:17 ; elapsed = 00:00:18 . Memory (MB): peak = 504.590 ; gain = 129.027 ; free physical = 16893 ; free virtual = 32021
INFO-FLOW: Compiler optimizing ...
INFO-FLOW: Share syncheck's 1.bc for syn flow: copy /home/tingyuan/Temporary/vivado-outputs/Ext_HTA/solution1/.autopilot/db/a.g.1.bc to /home/tingyuan/Temporary/vivado-outputs/Ext_HTA/solution1/.autopilot/db/a.o.1.bc
INFO-FLOW: Presyn 1...
Execute         transform -hls -tmp /home/tingyuan/Temporary/vivado-outputs/Ext_HTA/solution1/.autopilot/db -interface-port-rename -type-info -function-uniquify -directive-preproc -mem2reg -dse -dce -disaggr -scalarrepl -norm-name -deadargelim -mem2reg -instcombine -dce -simplifycfg -auto-rom-infer -dce -function-uniquify -resource-proc -simplifycfg -mem2reg -globaldce -resolve-double-ptr -dce -deadargelim -dce -instcombine -clib-intrinsic-prepare -dce -func-buffer -dce -array-normalize -func-legal -instcombine -gvn -constprop -dce -ptrArgReplace -mem2reg -instcombine -dce -array-seg-normalize -deadargelim -instcombine -dce -pointer-simplify -dce -port-alignment -dce -interface-preproc -data-pack -instcombine -dce -basicaa -aggr-aa -aggrmodref-aa -aggr-aa -gvn -gvn -basicaa -aggr-aa -aggrmodref-aa -aggr-aa -dse -adse -adce -loop-simplify -indvars -instcombine -gvn -loop-simplify -mem2reg -dce -find-region -instcombine -auto-loop-pipeline -inst-simplify -interface-preproc -cfgopt -instcombine -indvars -auto-loop-unroll -loop-simplify -loop-bound -xunroll -constprop -instcombine -simplifycfg -indvars -simplifycfg -dce -globaldce -clean-region -attach-range -gvn -inst-simplify -constprop -simplifycfg -dce -pointer-simplify -dce -globalopt -constprop -dce -array-promote -constprop -instcombine -dce -ptrArgReplace -mem2reg -instcombine -simplifycfg -dce -auto-par -instcombine -dce -array-transform-check -array-reshape -instcombine -simplifycfg -dce -ptrArgReplace -deadargelim -mem2reg -instcombine -simplifycfg -dce -indvars -loop-simplify -loop-bound -xunroll -constprop -instcombine -simplifycfg -indvars -simplifycfg -dce -globaldce -duplicate-dataflow-processes -globaldce -instcombine -array-partition -instcombine -simplifycfg -dce -ptrArgReplace -global-constprop -deadargelim -mem2reg -func-legal -instcombine -dce -global-constprop -deadargelim -mem2reg -instcombine -simplifycfg -dce -merge-param -deadargelim -globalopt -constprop -dce -array-promote -constprop -instcombine -dce -ptrArgReplace -mem2reg -instcombine -simplifycfg -dce -mem-intrinsic-preproc -dce -global-internalize -global-privatize -mem2reg -globaldce -promote-global-argument -ptrArgReplace -mem2reg -instcombine -dce -globalopt -mergereturn -simplify-global-access -mem2reg -dce -pointer-simplify -dce -functionattrs -basicaa -aggr-aa -aggrmodref-aa -aggr-aa -gvn -gvn -basicaa -aggr-aa -aggrmodref-aa -aggr-aa -dse -adse -adce -inst-simplify -dce -norm-name -function-inline -globaldce -func-inst -constprop -instcombine -simplifycfg -dce -func-legal -dce -loop-bound -arraycheck -bitwidthmin -on-by-dataflow -loop-delete -instcombine -simplifycfg -globaldce -dce -gvn -deadargelim -dce -loop-simplify -clean-region -simplifycfg -propagate-stable-arguments -loop-stream -instcombine -simplifycfg -dce -globaldce -duplicate-dataflow-processes -stream-intrinsic-preproc -dce -check-ap-stream -loop-simplify -eliminate-keepreads -extract-dataflow-in-loop -loop-simplify -dce -gvn -deadargelim -dse -check-dataflow-syntax -legalize-stream-variable -legalize-global -extract-subproc -dce -dead-channel-elimination -canonicalize-gep -globaldce -dce -gvn -deadargelim -annotate-dataflow-channels -scalar-propagation -deadargelim -globaldce -mem2reg -check-dataflow-channels -function-stream -dce -globaldce -prop-fifo-spec -internal-stream-gen -canonicalize-gep -globaldce -dce -gvn -deadargelim -mergereturn -indvars -loop-simplify -instcombine -array-stream -array-seg-normalize -array-partition -func-legal -instcombine -simplifycfg -dce -bundle-memfifo-ops -deadargelim -function-uniquify -directive-preproc -mem2reg -dse -dce -group-axi-access -licm -simplifycfg -dce -loop-delete -norm-name /home/tingyuan/Temporary/vivado-outputs/Ext_HTA/solution1/.autopilot/db/a.o.1.bc -o /home/tingyuan/Temporary/vivado-outputs/Ext_HTA/solution1/.autopilot/db/a.o.1.tmp.bc -f 
INFO: [XFORM 203-501] Unrolling loop 'Loop-3' (Ext_HTA/solution1/top.cc:335) in function 'Ext_HTA' completely.
INFO: [XFORM 203-101] Partitioning array 'mask.V'  in dimension 1 completely.
WARNING: [XFORM 203-105] Ignore complete array partition directive on 'buddy_tree.V'  in dimension 1: conflict with memory core assignment directive.
.
Command         transform done; 0.41 sec.
INFO-FLOW: Presyn 2...
Execute         transform -hls -keep-callgraph -scalarrepl -mem2reg -port-alignment -attach-range -dce -pipe-mux-gen -indvars -loop-bound -inst-simplify -instcombine -dce -merge-array-access -mem2reg -dce -clean-region -mergereturn -if-conv -instcombine -dce -constprop -basicaa -aggr-aa -aggrmodref-aa -aggr-aa -gvn -gvn -basicaa -aggr-aa -aggrmodref-aa -aggr-aa -dse -adse -adce -scalarrepl -mem2reg -global-constprop -deadargelim -deadargelim -instcombine -dce -simplifycfg -ptrArgReplace -mem2reg -function-inline -globaldce -mem2reg -instcombine -dce -expr-balance -instcombine -dce -bitwidthmin -interface-preproc -directive-preproc -inst-rectify -instcombine -dce -functionattrs -constprop -instcombine -bit-constprop -simplify-global-access -globalopt -globaldce -inst-simplify -instcombine -elimdeaddata -dce -loop-delete -simplifycfg -loop-simplify -auto-burst -norm-name /home/tingyuan/Temporary/vivado-outputs/Ext_HTA/solution1/.autopilot/db/a.o.1.tmp.bc -o /home/tingyuan/Temporary/vivado-outputs/Ext_HTA/solution1/.autopilot/db/a.o.2.bc -f -phase presyn 
INFO: [XFORM 203-401] Performing if-conversion on hyperblock from (Ext_HTA/solution1/top.cc:399:9) to (Ext_HTA/solution1/top.cc:404:13) in function 'Ext_HTA'... converting 3 basic blocks.
INFO: [XFORM 203-401] Performing if-conversion on hyperblock from (Ext_HTA/solution1/top.cc:428:29) to (Ext_HTA/solution1/top.cc:443:33) in function 'Ext_HTA'... converting 7 basic blocks.
INFO: [XFORM 203-401] Performing if-conversion on hyperblock from (Ext_HTA/solution1/top.cc:178:26) to (Ext_HTA/solution1/top.cc:205:8) in function 'Ext_HTA'... converting 7 basic blocks.
INFO: [XFORM 203-401] Performing if-conversion on hyperblock from (Ext_HTA/solution1/top.cc:208:32) in function 'Ext_HTA'... converting 4 basic blocks.
INFO: [XFORM 203-603] Inlining function 'aesl_mux_load.10i64P.i4' into 'Ext_HTA'.
INFO: [XFORM 203-603] Inlining function 'aesl_mux_load.10i64P.i4' into 'Ext_HTA'.
INFO: [XFORM 203-11] Balancing expressions in function 'log_2_64bit' (Ext_HTA/solution1/top.cc:42:23)...3 expression(s) balanced.
Command         transform done; 0.26 sec.
INFO: [HLS 200-111] Finished Pre-synthesis Time (s): cpu = 00:00:18 ; elapsed = 00:00:19 . Memory (MB): peak = 504.590 ; gain = 129.027 ; free physical = 16864 ; free virtual = 31995
INFO-FLOW: Building ssdm...
Execute         transform -hls -function-uniquify -auto-function-inline -globaldce -ptrArgReplace -mem2reg -instcombine -dce -reset-lda -loop-simplify -indvars -licm -loop-dep -loop-bound -licm -loop-simplify -flattenloopnest -array-flatten -gvn -instcombine -dce -array-map -dce -func-legal -gvn -adce -instcombine -cfgopt -simplifycfg -loop-simplify -array-burst -promote-global-argument -dce -axi4-lower -array-seg-normalize -basicaa -aggrmodref-aa -globalsmodref-aa -aggr-aa -gvn -gvn -basicaa -aggrmodref-aa -globalsmodref-aa -aggr-aa -dse -adse -adce -licm -inst-simplify -dce -globaldce -instcombine -array-stream -eliminate-keepreads -instcombine -dce -deadargelim -doublePtrSimplify -doublePtrElim -dce -doublePtrSimplify -promote-dbg-pointer -dce -scalarrepl -mem2reg -disaggr -norm-name -mem2reg -instcombine -dse -adse -adce -ptrLegalization -dce -auto-rom-infer -array-flatten -dce -instcombine -check-doubleptr -loop-rot -constprop -cfgopt -simplifycfg -loop-simplify -indvars -pointer-simplify -dce -loop-bound -loop-simplify -loop-preproc -constprop -global-constprop -gvn -mem2reg -instcombine -dce -loop-bound -loop-merge -dce -bitwidthmin -deadargelim -dce -canonicalize-dataflow -dce -scalar-propagation -deadargelim -globaldce -mem2reg -read-loop-dep -interface-preproc -directive-preproc -interface-gen -bram-byte-enable -deadargelim -inst-simplify -dce -gvn -mem2reg -instcombine -dce -adse -loop-bound -instcombine -cfgopt -simplifycfg -loop-simplify -clean-region -io-protocol -find-region -mem2reg -bitop-raise -inst-simplify -inst-rectify -instcombine -adce -deadargelim -loop-simplify -phi-opt -bitop-raise -cfgopt -simplifycfg -strip-dead-prototypes -interface-lower -bitop-lower -intrinsic-lower -auto-function-inline -basicaa -aggrmodref-aa -globalsmodref-aa -aggr-aa -inst-simplify -simplifycfg -loop-simplify -mergereturn -inst-simplify -inst-rectify -dce -load-elim -bitop-lower -loop-rewind -pointer-simplify -dce -cfgopt -dce -bitwidth -loop-dep -read-loop-dep -dce -check-stream -norm-name -legalize -validate-dataflow -dead-allocation-elimination -cdfg-build /home/tingyuan/Temporary/vivado-outputs/Ext_HTA/solution1/.autopilot/db/a.o.2.bc -o /home/tingyuan/Temporary/vivado-outputs/Ext_HTA/solution1/.autopilot/db/a.o.3.bc -f -phase build-ssdm 
Command         transform done; 0.52 sec.
INFO: [HLS 200-111] Finished Architecture Synthesis Time (s): cpu = 00:00:19 ; elapsed = 00:00:19 . Memory (MB): peak = 568.414 ; gain = 192.852 ; free physical = 16844 ; free virtual = 31975
INFO-FLOW: Finish building internal data model.
Command       opt_and_import_c done; 2.6 sec.
Command     elaborate done; 18.61 sec.
Execute     autosyn -from_csynth_design=1 
INFO: [HLS 200-10] Starting hardware synthesis ...
INFO-FLOW: Synthesizing C/C++ design ...
INFO: [HLS 200-10] Synthesizing 'Ext_HTA' ...
Execute       ap_set_top_model Ext_HTA 
Execute       get_model_list Ext_HTA -filter all-wo-channel -topdown 
Execute       preproc_iomode -model Ext_HTA 
Execute       preproc_iomode -model log_2_64bit 
Execute       get_model_list Ext_HTA -filter all-wo-channel 
INFO-FLOW: Model list for configure: log_2_64bit Ext_HTA
INFO-FLOW: Configuring Module : log_2_64bit ...
Execute       set_default_model log_2_64bit 
Execute       apply_spec_resource_limit log_2_64bit 
INFO-FLOW: Configuring Module : Ext_HTA ...
Execute       set_default_model Ext_HTA 
Execute       apply_spec_resource_limit Ext_HTA 
INFO-FLOW: Model list for preprocess: log_2_64bit Ext_HTA
INFO-FLOW: Preprocessing Module: log_2_64bit ...
Execute       set_default_model log_2_64bit 
Execute       cdfg_preprocess -model log_2_64bit 
Execute       rtl_gen_preprocess log_2_64bit 
INFO-FLOW: Preprocessing Module: Ext_HTA ...
Execute       set_default_model Ext_HTA 
Execute       cdfg_preprocess -model Ext_HTA 
Execute       rtl_gen_preprocess Ext_HTA 
INFO-FLOW: Model list for synthesis: log_2_64bit Ext_HTA
INFO: [HLS 200-10] ----------------------------------------------------------------
INFO: [HLS 200-42] -- Implementing module 'log_2_64bit' 
INFO: [HLS 200-10] ----------------------------------------------------------------
Execute       set_default_model log_2_64bit 
Execute       schedule -model log_2_64bit 
INFO: [SCHED 204-11] Starting scheduling ...
INFO: [SCHED 204-11] Finished scheduling.
Command       schedule done; 0.19 sec.
INFO: [HLS 200-111]  Elapsed time: 19.29 seconds; current allocated memory: 138.039 MB.
Execute       report -o /home/tingyuan/Temporary/vivado-outputs/Ext_HTA/solution1/.autopilot/db/log_2_64bit.verbose.sched.rpt -verbose -f 
Execute       db_write -o /home/tingyuan/Temporary/vivado-outputs/Ext_HTA/solution1/.autopilot/db/log_2_64bit.sched.adb -f 
INFO-FLOW: Finish scheduling log_2_64bit.
Execute       set_default_model log_2_64bit 
Execute       bind -model log_2_64bit 
BIND OPTION: fu_weight=[ 0.0 -- 1.0 ]
BIND OPTION: model=log_2_64bit
BIND OPTION: reg_weight=[ 0.0 -- 1.0 ]
INFO: [BIND 205-100] Starting micro-architecture generation ...
INFO: [BIND 205-101] Performing variable lifetime analysis.
INFO: [BIND 205-101] Exploring resource sharing.
INFO: [BIND 205-101] Binding ...
INFO: [BIND 205-100] Finished micro-architecture generation.
INFO: [HLS 200-111]  Elapsed time: 0.04 seconds; current allocated memory: 138.377 MB.
Execute       report -o /home/tingyuan/Temporary/vivado-outputs/Ext_HTA/solution1/.autopilot/db/log_2_64bit.verbose.bind.rpt -verbose -f 
Execute       db_write -o /home/tingyuan/Temporary/vivado-outputs/Ext_HTA/solution1/.autopilot/db/log_2_64bit.bind.adb -f 
INFO-FLOW: Finish binding log_2_64bit.
INFO: [HLS 200-10] ----------------------------------------------------------------
INFO: [HLS 200-42] -- Implementing module 'Ext_HTA' 
INFO: [HLS 200-10] ----------------------------------------------------------------
Execute       set_default_model Ext_HTA 
Execute       schedule -model Ext_HTA 
INFO: [SCHED 204-11] Starting scheduling ...
WARNING: [SCHED 204-32] Invalid protocol: Cannot embed pipeline region inside protocol 'io_section8'.
INFO: [SCHED 204-61] Pipelining loop 'Loop 3'.
WARNING: [SCHED 204-64] Unable to schedule the loop exit test ('icmp' operation ('tmp_52', Ext_HTA/solution1/top.cc:404)) in the first pipeline iteration (II = 1 cycles).
INFO: [SCHED 204-61] Pipelining result : Target II = 1, Final II = 2, Depth = 2.
INFO: [SCHED 204-61] Pipelining loop 'Loop 5'.
INFO: [SCHED 204-61] Pipelining result : Target II = 1, Final II = 1, Depth = 1.
INFO: [SCHED 204-11] Finished scheduling.
Command       schedule done; 0.37 sec.
INFO: [HLS 200-111]  Elapsed time: 0.41 seconds; current allocated memory: 140.160 MB.
Execute       report -o /home/tingyuan/Temporary/vivado-outputs/Ext_HTA/solution1/.autopilot/db/Ext_HTA.verbose.sched.rpt -verbose -f 
WARNING: [HLS 200-433] Loop - Loop 3 has an initiation interval that is equal to the pipeline depth (2) - this results in an unpipelined loop.
WARNING: [HLS 200-433] Loop - Loop 5 has an initiation interval that is equal to the pipeline depth (1) - this results in an unpipelined loop.
INFO: [HLS 200-434] Only 2 loops out of a total 6 loops have been pipelined in this design.
Command       report done; 0.25 sec.
Execute       db_write -o /home/tingyuan/Temporary/vivado-outputs/Ext_HTA/solution1/.autopilot/db/Ext_HTA.sched.adb -f 
INFO-FLOW: Finish scheduling Ext_HTA.
Execute       set_default_model Ext_HTA 
Execute       bind -model Ext_HTA 
BIND OPTION: fu_weight=[ 0.0 -- 1.0 ]
BIND OPTION: model=Ext_HTA
BIND OPTION: reg_weight=[ 0.0 -- 1.0 ]
INFO: [BIND 205-100] Starting micro-architecture generation ...
INFO: [BIND 205-101] Performing variable lifetime analysis.
INFO: [BIND 205-101] Exploring resource sharing.
INFO: [BIND 205-101] Binding ...
INFO: [BIND 205-100] Starting global binding ...
INFO: [BIND 205-100] Finished micro-architecture generation.
Command       bind done; 0.2 sec.
INFO: [HLS 200-111]  Elapsed time: 0.51 seconds; current allocated memory: 142.112 MB.
Execute       report -o /home/tingyuan/Temporary/vivado-outputs/Ext_HTA/solution1/.autopilot/db/Ext_HTA.verbose.bind.rpt -verbose -f 
WARNING: [HLS 200-433] Loop - Loop 3 has an initiation interval that is equal to the pipeline depth (2) - this results in an unpipelined loop.
WARNING: [HLS 200-433] Loop - Loop 5 has an initiation interval that is equal to the pipeline depth (1) - this results in an unpipelined loop.
Command       report done; 0.35 sec.
Execute       db_write -o /home/tingyuan/Temporary/vivado-outputs/Ext_HTA/solution1/.autopilot/db/Ext_HTA.bind.adb -f 
INFO-FLOW: Finish binding Ext_HTA.
Execute       get_model_list Ext_HTA -filter all-wo-channel 
INFO-FLOW: Preprocessing for RTLGen ...
Execute       rtl_gen_preprocess log_2_64bit 
Execute       rtl_gen_preprocess Ext_HTA 
INFO-FLOW: Model list for RTL generation: log_2_64bit Ext_HTA
INFO: [HLS 200-10] ----------------------------------------------------------------
INFO: [HLS 200-10] -- Generating RTL for module 'log_2_64bit' 
INFO: [HLS 200-10] ----------------------------------------------------------------
Execute       get_config_rtl -prefix 
Execute       get_config_rtl -auto_prefix 
Execute       create_rtl_model log_2_64bit -vendor xilinx -mg_file /home/tingyuan/Temporary/vivado-outputs/Ext_HTA/solution1/.autopilot/db/log_2_64bit.compgen.tcl 
INFO: [RTGEN 206-100] Finished creating RTL model for 'log_2_64bit'.
INFO: [HLS 200-111]  Elapsed time: 0.43 seconds; current allocated memory: 142.830 MB.
Execute       source /home/tingyuan/Temporary/vivado-outputs/Ext_HTA/solution1/.autopilot/db/Ext_HTA.rtl_wrap.cfg.tcl 
Execute       gen_rtl log_2_64bit -style xilinx -tracefl mytrace -tracefmt vcd -traceopt all -f -lang sc -o /home/tingyuan/Temporary/vivado-outputs/Ext_HTA/solution1/syn/systemc/log_2_64bit -synmodules log_2_64bit Ext_HTA 
Execute       gen_rtl log_2_64bit -style xilinx -f -lang vhdl -o /home/tingyuan/Temporary/vivado-outputs/Ext_HTA/solution1/syn/vhdl/log_2_64bit 
Execute       gen_rtl log_2_64bit -style xilinx -f -lang vlog -o /home/tingyuan/Temporary/vivado-outputs/Ext_HTA/solution1/syn/verilog/log_2_64bit 
Execute       gen_tb_info log_2_64bit -o /home/tingyuan/Temporary/vivado-outputs/Ext_HTA/solution1/.autopilot/db/log_2_64bit -p /home/tingyuan/Temporary/vivado-outputs/Ext_HTA/solution1/.autopilot/db 
Execute       report -model log_2_64bit -o /home/tingyuan/Temporary/vivado-outputs/Ext_HTA/solution1/syn/report/log_2_64bit_csynth.rpt -f 
Execute       report -model log_2_64bit -o /home/tingyuan/Temporary/vivado-outputs/Ext_HTA/solution1/syn/report/log_2_64bit_csynth.xml -f -x 
Execute       report -model log_2_64bit -o /home/tingyuan/Temporary/vivado-outputs/Ext_HTA/solution1/.autopilot/db/log_2_64bit.verbose.rpt -verbose -f 
Execute       db_write -model log_2_64bit -o /home/tingyuan/Temporary/vivado-outputs/Ext_HTA/solution1/.autopilot/db/log_2_64bit.adb -f 
INFO: [HLS 200-10] ----------------------------------------------------------------
INFO: [HLS 200-10] -- Generating RTL for module 'Ext_HTA' 
INFO: [HLS 200-10] ----------------------------------------------------------------
Execute       get_config_rtl -prefix 
Execute       get_config_rtl -auto_prefix 
Execute       create_rtl_model Ext_HTA -vendor xilinx -mg_file /home/tingyuan/Temporary/vivado-outputs/Ext_HTA/solution1/.autopilot/db/Ext_HTA.compgen.tcl 
INFO: [RTGEN 206-500] Setting interface mode on port 'Ext_HTA/alloc_layer_V' to 'ap_hs'.
INFO: [RTGEN 206-500] Setting interface mode on port 'Ext_HTA/alloc_target_V' to 'ap_hs'.
INFO: [RTGEN 206-500] Setting interface mode on port 'Ext_HTA/alloc_allocated_addr_V' to 'ap_hs'.
INFO: [RTGEN 206-500] Setting interface mode on port 'Ext_HTA/alloc_cmd' to 'ap_hs'.
INFO: [RTGEN 206-500] Setting interface mode on function 'Ext_HTA' to 'ap_ctrl_hs'.
INFO: [SYN 201-210] Renamed object name 'Ext_HTA_buddy_tree_V' to 'Ext_HTA_buddy_trebkb' due to the length limit 20
INFO: [SYN 201-210] Renamed object name 'Ext_HTA_group_tree_V' to 'Ext_HTA_group_trecud' due to the length limit 20
INFO: [SYN 201-210] Renamed object name 'Ext_HTA_group_tree_mask_V' to 'Ext_HTA_group_tredEe' due to the length limit 20
INFO: [SYN 201-210] Renamed object name 'Ext_HTA_shift_constant_V' to 'Ext_HTA_shift_coneOg' due to the length limit 20
INFO: [SYN 201-210] Renamed object name 'Ext_HTA_addr_tree_map_V' to 'Ext_HTA_addr_treefYi' due to the length limit 20
INFO: [SYN 201-210] Renamed object name 'Ext_HTA_mux_164_64_1_1' to 'Ext_HTA_mux_164_6g8j' due to the length limit 20
INFO: [RTGEN 206-100] Generating core module 'Ext_HTA_mux_164_6g8j': 2 instance(s).
INFO: [RTGEN 206-100] Finished creating RTL model for 'Ext_HTA'.
Command       create_rtl_model done; 0.28 sec.
INFO: [HLS 200-111]  Elapsed time: 0.37 seconds; current allocated memory: 147.935 MB.
Execute       source /home/tingyuan/Temporary/vivado-outputs/Ext_HTA/solution1/.autopilot/db/Ext_HTA.rtl_wrap.cfg.tcl 
Execute       gen_rtl Ext_HTA -istop -style xilinx -tracefl mytrace -tracefmt vcd -traceopt all -f -lang sc -o /home/tingyuan/Temporary/vivado-outputs/Ext_HTA/solution1/syn/systemc/Ext_HTA -synmodules log_2_64bit Ext_HTA 
Execute       gen_rtl Ext_HTA -istop -style xilinx -f -lang vhdl -o /home/tingyuan/Temporary/vivado-outputs/Ext_HTA/solution1/syn/vhdl/Ext_HTA 
Command       gen_rtl done; 0.14 sec.
Execute       gen_rtl Ext_HTA -istop -style xilinx -f -lang vlog -o /home/tingyuan/Temporary/vivado-outputs/Ext_HTA/solution1/syn/verilog/Ext_HTA 
Execute       export_constraint_db -o /home/tingyuan/Temporary/vivado-outputs/Ext_HTA/solution1/.autopilot/db/Ext_HTA.constraint.tcl -f -tool general 
Execute       report -model Ext_HTA -o /home/tingyuan/Temporary/vivado-outputs/Ext_HTA/solution1/.autopilot/db/Ext_HTA.design.xml -verbose -f -dv 
Command       report done; 0.14 sec.
Execute       report -model Ext_HTA -o /home/tingyuan/Temporary/vivado-outputs/Ext_HTA/solution1/.autopilot/db/Ext_HTA.sdaccel.xml -verbose -f -sdaccel 
WARNING: [HLS 200-433] Loop - Loop 3 has an initiation interval that is equal to the pipeline depth (2) - this results in an unpipelined loop.
WARNING: [HLS 200-433] Loop - Loop 5 has an initiation interval that is equal to the pipeline depth (1) - this results in an unpipelined loop.
Command       report done; 0.23 sec.
Execute       gen_tb_info Ext_HTA -o /home/tingyuan/Temporary/vivado-outputs/Ext_HTA/solution1/.autopilot/db/Ext_HTA -p /home/tingyuan/Temporary/vivado-outputs/Ext_HTA/solution1/.autopilot/db 
Execute       report -model Ext_HTA -o /home/tingyuan/Temporary/vivado-outputs/Ext_HTA/solution1/syn/report/Ext_HTA_csynth.rpt -f 
WARNING: [HLS 200-433] Loop - Loop 3 has an initiation interval that is equal to the pipeline depth (2) - this results in an unpipelined loop.
WARNING: [HLS 200-433] Loop - Loop 5 has an initiation interval that is equal to the pipeline depth (1) - this results in an unpipelined loop.
Execute       report -model Ext_HTA -o /home/tingyuan/Temporary/vivado-outputs/Ext_HTA/solution1/syn/report/Ext_HTA_csynth.xml -f -x 
Execute       report -model Ext_HTA -o /home/tingyuan/Temporary/vivado-outputs/Ext_HTA/solution1/.autopilot/db/Ext_HTA.verbose.rpt -verbose -f 
WARNING: [HLS 200-433] Loop - Loop 3 has an initiation interval that is equal to the pipeline depth (2) - this results in an unpipelined loop.
WARNING: [HLS 200-433] Loop - Loop 5 has an initiation interval that is equal to the pipeline depth (1) - this results in an unpipelined loop.
Command       report done; 0.41 sec.
Execute       db_write -model Ext_HTA -o /home/tingyuan/Temporary/vivado-outputs/Ext_HTA/solution1/.autopilot/db/Ext_HTA.adb -f 
Command       db_write done; 0.2 sec.
Execute       sc_get_clocks Ext_HTA 
Execute       sc_get_portdomain Ext_HTA 
INFO-FLOW: Model list for RTL component generation: log_2_64bit Ext_HTA
INFO-FLOW: Handling components in module [log_2_64bit] ... 
Execute       source /home/tingyuan/Temporary/vivado-outputs/Ext_HTA/solution1/.autopilot/db/log_2_64bit.compgen.tcl 
INFO-FLOW: Handling components in module [Ext_HTA] ... 
Execute       source /home/tingyuan/Temporary/vivado-outputs/Ext_HTA/solution1/.autopilot/db/Ext_HTA.compgen.tcl 
INFO-FLOW: Found component Ext_HTA_mux_164_6g8j.
INFO-FLOW: Append model Ext_HTA_mux_164_6g8j
INFO-FLOW: Found component Ext_HTA_buddy_trebkb.
INFO-FLOW: Append model Ext_HTA_buddy_trebkb
INFO-FLOW: Found component Ext_HTA_group_trecud.
INFO-FLOW: Append model Ext_HTA_group_trecud
INFO-FLOW: Found component Ext_HTA_group_tredEe.
INFO-FLOW: Append model Ext_HTA_group_tredEe
INFO-FLOW: Found component Ext_HTA_shift_coneOg.
INFO-FLOW: Append model Ext_HTA_shift_coneOg
INFO-FLOW: Found component Ext_HTA_addr_treefYi.
INFO-FLOW: Append model Ext_HTA_addr_treefYi
INFO-FLOW: Found component Ext_HTA_mark_mask_V.
INFO-FLOW: Append model Ext_HTA_mark_mask_V
INFO-FLOW: Append model log_2_64bit
INFO-FLOW: Append model Ext_HTA
INFO-FLOW: Generating RTL model list ...
INFO-FLOW: All models in this session: Ext_HTA_mux_164_6g8j Ext_HTA_buddy_trebkb Ext_HTA_group_trecud Ext_HTA_group_tredEe Ext_HTA_shift_coneOg Ext_HTA_addr_treefYi Ext_HTA_mark_mask_V log_2_64bit Ext_HTA
INFO-FLOW: To file: write model Ext_HTA_mux_164_6g8j
INFO-FLOW: To file: write model Ext_HTA_buddy_trebkb
INFO-FLOW: To file: write model Ext_HTA_group_trecud
INFO-FLOW: To file: write model Ext_HTA_group_tredEe
INFO-FLOW: To file: write model Ext_HTA_shift_coneOg
INFO-FLOW: To file: write model Ext_HTA_addr_treefYi
INFO-FLOW: To file: write model Ext_HTA_mark_mask_V
INFO-FLOW: To file: write model log_2_64bit
INFO-FLOW: To file: write model Ext_HTA
INFO-FLOW: Finished generating RTL model list.


INFO-FLOW: RTL Generation done.
INFO-FLOW: CAS Generation done.
INFO-FLOW: CBC Generation done.
Execute       get_config_sdx -target 
Execute       source /home/tingyuan/Temporary/vivado-outputs/Ext_HTA/solution1/.autopilot/db/global.setting.tcl 
Execute       source /opt/Xilinx/Vivado/2018.2/common/technology/generic/autopilot/common.gen 
Execute         source /opt/Xilinx/Vivado/2018.2/common/technology/generic/autopilot/APCoreGen.gen 
Execute       source /opt/Xilinx/Vivado/2018.2/common/technology/generic/autopilot/op.gen 
Execute       source /opt/Xilinx/Vivado/2018.2/common/technology/generic/autopilot/op_simcore.gen 
Execute       source /opt/Xilinx/Vivado/2018.2/common/technology/generic/autopilot/interface.gen 
Execute       source /home/tingyuan/Temporary/vivado-outputs/Ext_HTA/solution1/.autopilot/db/global.setting.tcl 
Execute       source /opt/Xilinx/Vivado/2018.2/common/technology/xilinx/zynq/zynq.gen 
Execute         source /opt/Xilinx/Vivado/2018.2/common/technology/xilinx/common/virtex.gen 
Execute           source /opt/Xilinx/Vivado/2018.2/common/technology/xilinx/common/xilinx.gen 
Execute             source /opt/Xilinx/Vivado/2018.2/common/technology/xilinx/interface/plb46.gen 
Execute             source /opt/Xilinx/Vivado/2018.2/common/technology/xilinx/interface/fsl.gen 
Execute             source /opt/Xilinx/Vivado/2018.2/common/technology/xilinx/interface/axi4.gen 
Execute             source /opt/Xilinx/Vivado/2018.2/common/technology/xilinx/interface/nativeAXI4.gen 
Execute               source /opt/Xilinx/Vivado/2018.2/common/technology/xilinx/interface/saxilite.gen 
Execute               source /opt/Xilinx/Vivado/2018.2/common/technology/xilinx/interface/maxi.gen 
Execute             source /opt/Xilinx/Vivado/2018.2/common/technology/xilinx/scripts/xilinxcoregen.gen 
Execute             source /opt/Xilinx/Vivado/2018.2/common/technology/xilinx/interface/XilEDKCoreGen.gen 
Execute             source /opt/Xilinx/Vivado/2018.2/common/technology/xilinx/ip/dds_compiler.gen 
Execute             source /opt/Xilinx/Vivado/2018.2/common/technology/xilinx/ip/util.gen 
Execute             source /opt/Xilinx/Vivado/2018.2/common/technology/xilinx/ip/xfft.gen 
Execute             source /opt/Xilinx/Vivado/2018.2/common/technology/xilinx/ip/xfir.gen 
Execute           source /opt/Xilinx/Vivado/2018.2/common/technology/xilinx/common/dsp48.gen 
Execute       source /opt/Xilinx/Vivado/2018.2/common/technology/xilinx/zynq/zynq_fpv6.gen 
Execute         source /opt/Xilinx/Vivado/2018.2/common/technology/xilinx/common/xilinx_fpv6.gen 
Execute       source /home/tingyuan/Temporary/vivado-outputs/Ext_HTA/solution1/.autopilot/db/global.setting.tcl 
Execute       source /home/tingyuan/Temporary/vivado-outputs/Ext_HTA/solution1/.autopilot/db/global.setting.tcl 
Execute       source /home/tingyuan/Temporary/vivado-outputs/Ext_HTA/solution1/.autopilot/db/global.setting.tcl 
Execute       source /home/tingyuan/Temporary/vivado-outputs/Ext_HTA/solution1/.autopilot/db/log_2_64bit.compgen.tcl 
Execute       source /home/tingyuan/Temporary/vivado-outputs/Ext_HTA/solution1/.autopilot/db/Ext_HTA.compgen.tcl 
INFO: [RTMG 210-278] Implementing memory 'Ext_HTA_buddy_trebkb_ram (RAM_2P_LUTRAM)' using distributed RAMs with power-on initialization.
INFO: [RTMG 210-278] Implementing memory 'Ext_HTA_group_trecud_ram (RAM)' using block RAMs with power-on initialization.
INFO: [RTMG 210-279] Implementing memory 'Ext_HTA_group_tredEe_rom' using distributed ROMs.
INFO: [RTMG 210-279] Implementing memory 'Ext_HTA_shift_coneOg_rom' using distributed ROMs.
INFO: [RTMG 210-278] Implementing memory 'Ext_HTA_addr_treefYi_ram (RAM)' using block RAMs with power-on initialization.
INFO: [RTMG 210-279] Implementing memory 'Ext_HTA_mark_mask_V_rom' using auto ROMs.
Execute       get_config_sdx -target 
Execute       source /home/tingyuan/Temporary/vivado-outputs/Ext_HTA/solution1/.autopilot/db/global.setting.tcl 
Execute       source /opt/Xilinx/Vivado/2018.2/common/technology/generic/autopilot/common.gen 
Execute         source /opt/Xilinx/Vivado/2018.2/common/technology/generic/autopilot/APCoreGen.gen 
Execute       source /opt/Xilinx/Vivado/2018.2/common/technology/generic/autopilot/op.gen 
Execute       source /opt/Xilinx/Vivado/2018.2/common/technology/generic/autopilot/op_simcore.gen 
Execute       source /opt/Xilinx/Vivado/2018.2/common/technology/generic/autopilot/interface.gen 
Execute       source /home/tingyuan/Temporary/vivado-outputs/Ext_HTA/solution1/.autopilot/db/global.setting.tcl 
Execute       source /opt/Xilinx/Vivado/2018.2/common/technology/xilinx/zynq/zynq.gen 
Execute         source /opt/Xilinx/Vivado/2018.2/common/technology/xilinx/common/virtex.gen 
Execute           source /opt/Xilinx/Vivado/2018.2/common/technology/xilinx/common/xilinx.gen 
Execute             source /opt/Xilinx/Vivado/2018.2/common/technology/xilinx/interface/plb46.gen 
Execute             source /opt/Xilinx/Vivado/2018.2/common/technology/xilinx/interface/fsl.gen 
Execute             source /opt/Xilinx/Vivado/2018.2/common/technology/xilinx/interface/axi4.gen 
Execute             source /opt/Xilinx/Vivado/2018.2/common/technology/xilinx/interface/nativeAXI4.gen 
Execute               source /opt/Xilinx/Vivado/2018.2/common/technology/xilinx/interface/saxilite.gen 
Execute               source /opt/Xilinx/Vivado/2018.2/common/technology/xilinx/interface/maxi.gen 
Execute             source /opt/Xilinx/Vivado/2018.2/common/technology/xilinx/scripts/xilinxcoregen.gen 
Execute             source /opt/Xilinx/Vivado/2018.2/common/technology/xilinx/interface/XilEDKCoreGen.gen 
Execute             source /opt/Xilinx/Vivado/2018.2/common/technology/xilinx/ip/dds_compiler.gen 
Execute             source /opt/Xilinx/Vivado/2018.2/common/technology/xilinx/ip/util.gen 
Execute             source /opt/Xilinx/Vivado/2018.2/common/technology/xilinx/ip/xfft.gen 
Execute             source /opt/Xilinx/Vivado/2018.2/common/technology/xilinx/ip/xfir.gen 
Execute           source /opt/Xilinx/Vivado/2018.2/common/technology/xilinx/common/dsp48.gen 
Execute       source /opt/Xilinx/Vivado/2018.2/common/technology/xilinx/zynq/zynq_fpv6.gen 
Execute         source /opt/Xilinx/Vivado/2018.2/common/technology/xilinx/common/xilinx_fpv6.gen 
Execute       source /home/tingyuan/Temporary/vivado-outputs/Ext_HTA/solution1/.autopilot/db/Ext_HTA.rtl_wrap.cfg.tcl 
Execute       source /home/tingyuan/Temporary/vivado-outputs/Ext_HTA/solution1/.autopilot/db/Ext_HTA.rtl_wrap.cfg.tcl 
Execute       source /home/tingyuan/Temporary/vivado-outputs/Ext_HTA/solution1/.autopilot/db/Ext_HTA.rtl_wrap.cfg.tcl 
Execute       source /home/tingyuan/Temporary/vivado-outputs/Ext_HTA/solution1/.autopilot/db/Ext_HTA.tbgen.tcl 
Execute       source /home/tingyuan/Temporary/vivado-outputs/Ext_HTA/solution1/.autopilot/db/Ext_HTA.tbgen.tcl 
Execute       source /home/tingyuan/Temporary/vivado-outputs/Ext_HTA/solution1/.autopilot/db/global.setting.tcl 
Execute       source /home/tingyuan/Temporary/vivado-outputs/Ext_HTA/solution1/.autopilot/db/log_2_64bit.compgen.tcl 
Execute       source /home/tingyuan/Temporary/vivado-outputs/Ext_HTA/solution1/.autopilot/db/Ext_HTA.compgen.tcl 
Execute       source /home/tingyuan/Temporary/vivado-outputs/Ext_HTA/solution1/.autopilot/db/global.setting.tcl 
Execute       source /home/tingyuan/Temporary/vivado-outputs/Ext_HTA/solution1/.autopilot/db/log_2_64bit.compgen.tcl 
Execute       source /home/tingyuan/Temporary/vivado-outputs/Ext_HTA/solution1/.autopilot/db/Ext_HTA.compgen.tcl 
Execute       source /home/tingyuan/Temporary/vivado-outputs/Ext_HTA/solution1/.autopilot/db/global.setting.tcl 
Execute       source /home/tingyuan/Temporary/vivado-outputs/Ext_HTA/solution1/.autopilot/db/log_2_64bit.compgen.tcl 
Execute       source /home/tingyuan/Temporary/vivado-outputs/Ext_HTA/solution1/.autopilot/db/Ext_HTA.compgen.tcl 
Execute       source /home/tingyuan/Temporary/vivado-outputs/Ext_HTA/solution1/.autopilot/db/global.setting.tcl 
Execute       source /home/tingyuan/Temporary/vivado-outputs/Ext_HTA/solution1/.autopilot/db/Ext_HTA.constraint.tcl 
Execute       source /home/tingyuan/Temporary/vivado-outputs/Ext_HTA/solution1/.autopilot/db/Ext_HTA.tbgen.tcl 
Execute       source /home/tingyuan/Temporary/vivado-outputs/Ext_HTA/solution1/.autopilot/db/global.setting.tcl 
Execute       source /home/tingyuan/Temporary/vivado-outputs/Ext_HTA/solution1/.autopilot/db/global.setting.tcl 
Execute       source /home/tingyuan/Temporary/vivado-outputs/Ext_HTA/solution1/.autopilot/db/global.setting.tcl 
Execute       source /home/tingyuan/Temporary/vivado-outputs/Ext_HTA/solution1/.autopilot/db/Ext_HTA.tbgen.tcl 
Execute       source /home/tingyuan/Temporary/vivado-outputs/Ext_HTA/solution1/.autopilot/db/Ext_HTA.tbgen.tcl 
Execute       source /home/tingyuan/Temporary/vivado-outputs/Ext_HTA/solution1/.autopilot/db/global.setting.tcl 
Execute       source /home/tingyuan/Temporary/vivado-outputs/Ext_HTA/solution1/.autopilot/db/Ext_HTA.constraint.tcl 
Execute       sc_get_clocks Ext_HTA 
Execute       source /home/tingyuan/Temporary/vivado-outputs/Ext_HTA/solution1/.autopilot/db/global.setting.tcl 
Execute       get_config_sdx -target 
Execute       get_config_sdx -profile 
Execute       ::config_rtl 
INFO: [HLS 200-111] Finished generating all RTL models Time (s): cpu = 00:00:22 ; elapsed = 00:00:23 . Memory (MB): peak = 573.762 ; gain = 198.199 ; free physical = 16798 ; free virtual = 31938
INFO: [SYSC 207-301] Generating SystemC RTL for Ext_HTA.
INFO: [VHDL 208-304] Generating VHDL RTL for Ext_HTA.
INFO: [VLOG 209-307] Generating Verilog RTL for Ext_HTA.
Command     autosyn done; 3.84 sec.
Command   csynth_design done; 22.45 sec.
Command ap_source done; 22.69 sec.
Execute cleanup_all 
INFO-FLOW: Workspace /home/tingyuan/Temporary/vivado-outputs/Ext_HTA/solution1 opened at Mon Jul 30 20:16:38 CST 2018
Execute     config_clock -quiet -name default -period 10 -default=false 
INFO: [SYN 201-201] Setting up clock 'default' with a period of 10ns.
Execute     open_platform DefaultPlatform 
Execute     import_lib /opt/Xilinx/Vivado/2018.2/common/technology/xilinx/zynq/zynq 
Execute       source /opt/Xilinx/Vivado/2018.2/common/technology/xilinx/common/xilinx.lib 
Execute         source /opt/Xilinx/Vivado/2018.2/common/technology/xilinx/interface/xilinx_interface.lib 
Execute           source /opt/Xilinx/Vivado/2018.2/common/technology/xilinx/interface/plb46.lib 
Execute           source /opt/Xilinx/Vivado/2018.2/common/technology/xilinx/interface/fsl.lib 
Execute           source /opt/Xilinx/Vivado/2018.2/common/technology/xilinx/interface/axi4.lib 
Execute           source /opt/Xilinx/Vivado/2018.2/common/technology/xilinx/interface/maxi.lib 
Execute           source /opt/Xilinx/Vivado/2018.2/common/technology/xilinx/interface/saxilite.lib 
Execute         source /opt/Xilinx/Vivado/2018.2/common/technology/xilinx/common/dsp48.lib 
Execute         source /opt/Xilinx/Vivado/2018.2/common/technology/xilinx/ip/xfft.lib 
Execute         source /opt/Xilinx/Vivado/2018.2/common/technology/xilinx/ip/dds_compiler.lib 
Execute         source /opt/Xilinx/Vivado/2018.2/common/technology/xilinx/ip/xfir.lib 
Execute       source /opt/Xilinx/Vivado/2018.2/common/technology/xilinx/common/xilinx_old.lib 
Execute       source /opt/Xilinx/Vivado/2018.2/common/technology/xilinx/common/xilinx_vivado.lib 
Execute       source /opt/Xilinx/Vivado/2018.2/common/technology/xilinx/common/xilinx.hlp 
Execute         source /opt/Xilinx/Vivado/2018.2/common/technology/xilinx/common/target_info.tcl 
Execute         source /opt/Xilinx/Vivado/2018.2/common/technology/xilinx/interface/xilinx_interface.hlp 
Execute           source /opt/Xilinx/Vivado/2018.2/common/technology/xilinx/interface/maxi.hlp 
Execute           source /opt/Xilinx/Vivado/2018.2/common/technology/xilinx/interface/saxilite.hlp 
Execute         source /opt/Xilinx/Vivado/2018.2/common/technology/xilinx/common/dsp48.hlp 
Execute       source /opt/Xilinx/Vivado/2018.2/common/technology/xilinx/zynq/dsp48e1.hlp 
Execute       get_default_platform 
Execute       config_chip_info -quiet -resource  {SLICE 13300}  {LUT 53200}     {FF 106400} {DSP48E 220}   {BRAM 280}  
Execute       config_chip_info -quiet -speed medium 
Execute       source /opt/Xilinx/Vivado/2018.2/common/technology/xilinx/common/xilinx.hlp 
Execute         source /opt/Xilinx/Vivado/2018.2/common/technology/xilinx/common/target_info.tcl 
Execute         source /opt/Xilinx/Vivado/2018.2/common/technology/xilinx/interface/xilinx_interface.hlp 
Execute           source /opt/Xilinx/Vivado/2018.2/common/technology/xilinx/interface/maxi.hlp 
Execute           source /opt/Xilinx/Vivado/2018.2/common/technology/xilinx/interface/saxilite.hlp 
Execute         source /opt/Xilinx/Vivado/2018.2/common/technology/xilinx/common/dsp48.hlp 
Execute     source /opt/Xilinx/Vivado/2018.2/common/technology/xilinx/zynq/zynq.gen 
Execute       source /opt/Xilinx/Vivado/2018.2/common/technology/xilinx/common/virtex.gen 
Execute         source /opt/Xilinx/Vivado/2018.2/common/technology/xilinx/common/xilinx.gen 
Execute           source /opt/Xilinx/Vivado/2018.2/common/technology/xilinx/interface/plb46.gen 
Execute           source /opt/Xilinx/Vivado/2018.2/common/technology/xilinx/interface/fsl.gen 
Execute           source /opt/Xilinx/Vivado/2018.2/common/technology/xilinx/interface/axi4.gen 
Execute           source /opt/Xilinx/Vivado/2018.2/common/technology/xilinx/interface/nativeAXI4.gen 
Execute             source /opt/Xilinx/Vivado/2018.2/common/technology/xilinx/interface/saxilite.gen 
Execute             source /opt/Xilinx/Vivado/2018.2/common/technology/xilinx/interface/maxi.gen 
Execute           source /opt/Xilinx/Vivado/2018.2/common/technology/xilinx/scripts/xilinxcoregen.gen 
Execute           source /opt/Xilinx/Vivado/2018.2/common/technology/xilinx/interface/XilEDKCoreGen.gen 
Execute           source /opt/Xilinx/Vivado/2018.2/common/technology/xilinx/ip/dds_compiler.gen 
Execute           source /opt/Xilinx/Vivado/2018.2/common/technology/xilinx/ip/util.gen 
Execute           source /opt/Xilinx/Vivado/2018.2/common/technology/xilinx/ip/xfft.gen 
Execute           source /opt/Xilinx/Vivado/2018.2/common/technology/xilinx/ip/xfir.gen 
Execute         source /opt/Xilinx/Vivado/2018.2/common/technology/xilinx/common/dsp48.gen 
Execute     open_platform DefaultPlatform 
Execute     import_lib /opt/Xilinx/Vivado/2018.2/common/technology/xilinx/zynq/zynq_fpv6 
Execute       source /opt/Xilinx/Vivado/2018.2/common/technology/xilinx/common/xilinx_fpv7.lib 
Execute         source /opt/Xilinx/Vivado/2018.2/common/technology/xilinx/common/xilinx_hp.lib 
Execute       source /opt/Xilinx/Vivado/2018.2/common/technology/xilinx/common/xilinx_fpv.hlp 
Execute         source /opt/Xilinx/Vivado/2018.2/common/technology/xilinx/common/xilinx.hlp 
Execute           source /opt/Xilinx/Vivado/2018.2/common/technology/xilinx/common/target_info.tcl 
Execute           source /opt/Xilinx/Vivado/2018.2/common/technology/xilinx/interface/xilinx_interface.hlp 
Execute             source /opt/Xilinx/Vivado/2018.2/common/technology/xilinx/interface/maxi.hlp 
Execute             source /opt/Xilinx/Vivado/2018.2/common/technology/xilinx/interface/saxilite.hlp 
Execute           source /opt/Xilinx/Vivado/2018.2/common/technology/xilinx/common/dsp48.hlp 
Execute       source /opt/Xilinx/Vivado/2018.2/common/technology/xilinx/zynq/zynq_hp.hlp 
Execute     source /opt/Xilinx/Vivado/2018.2/common/technology/xilinx/zynq/zynq_fpv6.gen 
Execute       source /opt/Xilinx/Vivado/2018.2/common/technology/xilinx/common/xilinx_fpv6.gen 
Execute     set_part xc7z020clg484-1 
Execute       add_library xilinx/zynq/zynq:xc7z020:clg484:-1 
Execute         get_default_platform 
Execute         license_isbetapart xc7z020 
Command         license_isbetapart done; error code: 1; 
Execute         get_default_platform 
Execute         config_chip_info -quiet -resource  {SLICE 13300}  {LUT 53200}     {FF 106400} {DSP48E 220}   {BRAM 280}  
Execute         config_chip_info -quiet -speed slow 
Execute       add_library xilinx/zynq/zynq_fpv6 
Execute         get_default_platform 
INFO: [HLS 200-10] Setting target device to 'xc7z020clg484-1'
Execute       get_default_platform 
Execute     get_default_platform 
Execute     config_chip_info -quiet -resource  {SLICE 13300}  {LUT 53200}     {FF 106400} {DSP48E 220}   {BRAM 280}  
Execute     config_chip_info -quiet -speed slow 
Command   open_solution done; 0.19 sec.
Execute   export_design -rtl verilog -format ip_catalog 
Execute     source /home/tingyuan/Temporary/vivado-outputs/Ext_HTA/solution1/.autopilot/db/global.setting.tcl 
Execute     source /opt/Xilinx/Vivado/2018.2/common/technology/generic/autopilot/common.gen 
Execute       source /opt/Xilinx/Vivado/2018.2/common/technology/generic/autopilot/APCoreGen.gen 
Execute     source /opt/Xilinx/Vivado/2018.2/common/technology/generic/autopilot/op.gen 
Execute     source /opt/Xilinx/Vivado/2018.2/common/technology/generic/autopilot/op_simcore.gen 
Execute     source /opt/Xilinx/Vivado/2018.2/common/technology/generic/autopilot/interface.gen 
Execute     source /home/tingyuan/Temporary/vivado-outputs/Ext_HTA/solution1/.autopilot/db/global.setting.tcl 
Execute     source /opt/Xilinx/Vivado/2018.2/common/technology/xilinx/zynq/zynq.gen 
Execute       source /opt/Xilinx/Vivado/2018.2/common/technology/xilinx/common/virtex.gen 
Execute         source /opt/Xilinx/Vivado/2018.2/common/technology/xilinx/common/xilinx.gen 
Execute           source /opt/Xilinx/Vivado/2018.2/common/technology/xilinx/interface/plb46.gen 
Execute           source /opt/Xilinx/Vivado/2018.2/common/technology/xilinx/interface/fsl.gen 
Execute           source /opt/Xilinx/Vivado/2018.2/common/technology/xilinx/interface/axi4.gen 
Execute           source /opt/Xilinx/Vivado/2018.2/common/technology/xilinx/interface/nativeAXI4.gen 
Execute             source /opt/Xilinx/Vivado/2018.2/common/technology/xilinx/interface/saxilite.gen 
Execute             source /opt/Xilinx/Vivado/2018.2/common/technology/xilinx/interface/maxi.gen 
Execute           source /opt/Xilinx/Vivado/2018.2/common/technology/xilinx/scripts/xilinxcoregen.gen 
Execute           source /opt/Xilinx/Vivado/2018.2/common/technology/xilinx/interface/XilEDKCoreGen.gen 
Execute           source /opt/Xilinx/Vivado/2018.2/common/technology/xilinx/ip/dds_compiler.gen 
Execute           source /opt/Xilinx/Vivado/2018.2/common/technology/xilinx/ip/util.gen 
Execute           source /opt/Xilinx/Vivado/2018.2/common/technology/xilinx/ip/xfft.gen 
Execute           source /opt/Xilinx/Vivado/2018.2/common/technology/xilinx/ip/xfir.gen 
Execute         source /opt/Xilinx/Vivado/2018.2/common/technology/xilinx/common/dsp48.gen 
Execute     source /opt/Xilinx/Vivado/2018.2/common/technology/xilinx/zynq/zynq_fpv6.gen 
Execute       source /opt/Xilinx/Vivado/2018.2/common/technology/xilinx/common/xilinx_fpv6.gen 
Execute     source /home/tingyuan/Temporary/vivado-outputs/Ext_HTA/solution1/.autopilot/db/global.setting.tcl 
INFO: [IMPL 213-8] Exporting RTL as a Vivado IP.
Execute     source /home/tingyuan/Temporary/vivado-outputs/Ext_HTA/solution1/.autopilot/db/global.setting.tcl 
Execute     get_config_sdx -target 
Execute     source /home/tingyuan/Temporary/vivado-outputs/Ext_HTA/solution1/.autopilot/db/global.setting.tcl 
Execute     source /opt/Xilinx/Vivado/2018.2/common/technology/generic/autopilot/common.gen 
Execute       source /opt/Xilinx/Vivado/2018.2/common/technology/generic/autopilot/APCoreGen.gen 
Execute     source /opt/Xilinx/Vivado/2018.2/common/technology/generic/autopilot/op.gen 
Execute     source /opt/Xilinx/Vivado/2018.2/common/technology/generic/autopilot/op_simcore.gen 
Execute     source /opt/Xilinx/Vivado/2018.2/common/technology/generic/autopilot/interface.gen 
Execute     source /home/tingyuan/Temporary/vivado-outputs/Ext_HTA/solution1/.autopilot/db/global.setting.tcl 
Execute     source /opt/Xilinx/Vivado/2018.2/common/technology/xilinx/zynq/zynq.gen 
Execute       source /opt/Xilinx/Vivado/2018.2/common/technology/xilinx/common/virtex.gen 
Execute         source /opt/Xilinx/Vivado/2018.2/common/technology/xilinx/common/xilinx.gen 
Execute           source /opt/Xilinx/Vivado/2018.2/common/technology/xilinx/interface/plb46.gen 
Execute           source /opt/Xilinx/Vivado/2018.2/common/technology/xilinx/interface/fsl.gen 
Execute           source /opt/Xilinx/Vivado/2018.2/common/technology/xilinx/interface/axi4.gen 
Execute           source /opt/Xilinx/Vivado/2018.2/common/technology/xilinx/interface/nativeAXI4.gen 
Execute             source /opt/Xilinx/Vivado/2018.2/common/technology/xilinx/interface/saxilite.gen 
Execute             source /opt/Xilinx/Vivado/2018.2/common/technology/xilinx/interface/maxi.gen 
Execute           source /opt/Xilinx/Vivado/2018.2/common/technology/xilinx/scripts/xilinxcoregen.gen 
Execute           source /opt/Xilinx/Vivado/2018.2/common/technology/xilinx/interface/XilEDKCoreGen.gen 
Execute           source /opt/Xilinx/Vivado/2018.2/common/technology/xilinx/ip/dds_compiler.gen 
Execute           source /opt/Xilinx/Vivado/2018.2/common/technology/xilinx/ip/util.gen 
Execute           source /opt/Xilinx/Vivado/2018.2/common/technology/xilinx/ip/xfft.gen 
Execute           source /opt/Xilinx/Vivado/2018.2/common/technology/xilinx/ip/xfir.gen 
Execute         source /opt/Xilinx/Vivado/2018.2/common/technology/xilinx/common/dsp48.gen 
Command       ap_source done; 0.11 sec.
Command     ap_source done; 0.11 sec.
Execute     source /opt/Xilinx/Vivado/2018.2/common/technology/xilinx/zynq/zynq_fpv6.gen 
Execute       source /opt/Xilinx/Vivado/2018.2/common/technology/xilinx/common/xilinx_fpv6.gen 
Execute     source /home/tingyuan/Temporary/vivado-outputs/Ext_HTA/solution1/.autopilot/db/Ext_HTA.rtl_wrap.cfg.tcl 
Execute     source /home/tingyuan/Temporary/vivado-outputs/Ext_HTA/solution1/.autopilot/db/Ext_HTA.rtl_wrap.cfg.tcl 
Execute     source /home/tingyuan/Temporary/vivado-outputs/Ext_HTA/solution1/.autopilot/db/Ext_HTA.rtl_wrap.cfg.tcl 
Execute     source /home/tingyuan/Temporary/vivado-outputs/Ext_HTA/solution1/.autopilot/db/Ext_HTA.tbgen.tcl 
Execute     source /home/tingyuan/Temporary/vivado-outputs/Ext_HTA/solution1/.autopilot/db/Ext_HTA.tbgen.tcl 
Execute     source /home/tingyuan/Temporary/vivado-outputs/Ext_HTA/solution1/.autopilot/db/global.setting.tcl 
Execute     source /home/tingyuan/Temporary/vivado-outputs/Ext_HTA/solution1/.autopilot/db/log_2_64bit.compgen.tcl 
Execute     source /home/tingyuan/Temporary/vivado-outputs/Ext_HTA/solution1/.autopilot/db/Ext_HTA.compgen.tcl 
Execute     source /home/tingyuan/Temporary/vivado-outputs/Ext_HTA/solution1/.autopilot/db/global.setting.tcl 
Execute     source /home/tingyuan/Temporary/vivado-outputs/Ext_HTA/solution1/.autopilot/db/log_2_64bit.compgen.tcl 
Execute     source /home/tingyuan/Temporary/vivado-outputs/Ext_HTA/solution1/.autopilot/db/Ext_HTA.compgen.tcl 
Execute     source /home/tingyuan/Temporary/vivado-outputs/Ext_HTA/solution1/.autopilot/db/global.setting.tcl 
Execute     source /home/tingyuan/Temporary/vivado-outputs/Ext_HTA/solution1/.autopilot/db/log_2_64bit.compgen.tcl 
Execute     source /home/tingyuan/Temporary/vivado-outputs/Ext_HTA/solution1/.autopilot/db/Ext_HTA.compgen.tcl 
Execute     source /home/tingyuan/Temporary/vivado-outputs/Ext_HTA/solution1/.autopilot/db/global.setting.tcl 
Execute     source /home/tingyuan/Temporary/vivado-outputs/Ext_HTA/solution1/.autopilot/db/Ext_HTA.constraint.tcl 
Execute     source /home/tingyuan/Temporary/vivado-outputs/Ext_HTA/solution1/.autopilot/db/Ext_HTA.tbgen.tcl 
Execute     source /home/tingyuan/Temporary/vivado-outputs/Ext_HTA/solution1/.autopilot/db/global.setting.tcl 
Execute     source /home/tingyuan/Temporary/vivado-outputs/Ext_HTA/solution1/.autopilot/db/Ext_HTA.tbgen.tcl 
Execute     source /home/tingyuan/Temporary/vivado-outputs/Ext_HTA/solution1/.autopilot/db/Ext_HTA.tbgen.tcl 
Execute     source /home/tingyuan/Temporary/vivado-outputs/Ext_HTA/solution1/.autopilot/db/global.setting.tcl 
Execute     source /home/tingyuan/Temporary/vivado-outputs/Ext_HTA/solution1/.autopilot/db/global.setting.tcl 
Execute     source /home/tingyuan/Temporary/vivado-outputs/Ext_HTA/solution1/.autopilot/db/Ext_HTA.rtl_wrap.cfg.tcl 
Execute     source /home/tingyuan/Temporary/vivado-outputs/Ext_HTA/solution1/.autopilot/db/Ext_HTA.rtl_wrap.cfg.tcl 
Execute     source /home/tingyuan/Temporary/vivado-outputs/Ext_HTA/solution1/.autopilot/db/Ext_HTA.rtl_wrap.cfg.tcl 
Execute     source /home/tingyuan/Temporary/vivado-outputs/Ext_HTA/solution1/.autopilot/db/Ext_HTA.tbgen.tcl 
Execute     source /home/tingyuan/Temporary/vivado-outputs/Ext_HTA/solution1/.autopilot/db/Ext_HTA.tbgen.tcl 
Execute     source /home/tingyuan/Temporary/vivado-outputs/Ext_HTA/solution1/.autopilot/db/Ext_HTA.tbgen.tcl 
Execute     source /home/tingyuan/Temporary/vivado-outputs/Ext_HTA/solution1/.autopilot/db/Ext_HTA.rtl_wrap.cfg.tcl 
Execute     source /home/tingyuan/Temporary/vivado-outputs/Ext_HTA/solution1/.autopilot/db/Ext_HTA.rtl_wrap.cfg.tcl 
Execute     source /home/tingyuan/Temporary/vivado-outputs/Ext_HTA/solution1/.autopilot/db/Ext_HTA.rtl_wrap.cfg.tcl 
Execute     source /home/tingyuan/Temporary/vivado-outputs/Ext_HTA/solution1/.autopilot/db/Ext_HTA.tbgen.tcl 
Execute     source /home/tingyuan/Temporary/vivado-outputs/Ext_HTA/solution1/.autopilot/db/Ext_HTA.tbgen.tcl 
Execute     source /home/tingyuan/Temporary/vivado-outputs/Ext_HTA/solution1/.autopilot/db/Ext_HTA.tbgen.tcl 
Execute     source /home/tingyuan/Temporary/vivado-outputs/Ext_HTA/solution1/.autopilot/db/global.setting.tcl 
Execute     source /home/tingyuan/Temporary/vivado-outputs/Ext_HTA/solution1/.autopilot/db/Ext_HTA.constraint.tcl 
Execute     source /home/tingyuan/Temporary/vivado-outputs/Ext_HTA/solution1/.autopilot/db/global.setting.tcl 
Execute     source /home/tingyuan/Temporary/vivado-outputs/Ext_HTA/solution1/.autopilot/db/global.setting.tcl 
Execute     source /home/tingyuan/Temporary/vivado-outputs/Ext_HTA/solution1/.autopilot/db/Ext_HTA.constraint.tcl 
Execute     source /home/tingyuan/Temporary/vivado-outputs/Ext_HTA/solution1/.autopilot/db/Ext_HTA.tbgen.tcl 
Execute     source /home/tingyuan/Temporary/vivado-outputs/Ext_HTA/solution1/.autopilot/db/global.setting.tcl 
Execute     source /home/tingyuan/Temporary/vivado-outputs/Ext_HTA/solution1/.autopilot/db/Ext_HTA.constraint.tcl 
Execute     source /home/tingyuan/Temporary/vivado-outputs/Ext_HTA/solution1/.autopilot/db/Ext_HTA.tbgen.tcl 
Execute     source /home/tingyuan/Temporary/vivado-outputs/Ext_HTA/solution1/.autopilot/db/global.setting.tcl 
Execute     source /opt/Xilinx/Vivado/2018.2/common/technology/generic/autopilot/common.gen 
Execute       source /opt/Xilinx/Vivado/2018.2/common/technology/generic/autopilot/APCoreGen.gen 
Execute     source /opt/Xilinx/Vivado/2018.2/common/technology/generic/autopilot/op.gen 
Execute     source /opt/Xilinx/Vivado/2018.2/common/technology/generic/autopilot/op_simcore.gen 
Execute     source /opt/Xilinx/Vivado/2018.2/common/technology/generic/autopilot/interface.gen 
Execute     source /home/tingyuan/Temporary/vivado-outputs/Ext_HTA/solution1/.autopilot/db/global.setting.tcl 
Execute     source /opt/Xilinx/Vivado/2018.2/common/technology/xilinx/zynq/zynq.gen 
Execute       source /opt/Xilinx/Vivado/2018.2/common/technology/xilinx/common/virtex.gen 
Execute         source /opt/Xilinx/Vivado/2018.2/common/technology/xilinx/common/xilinx.gen 
Execute           source /opt/Xilinx/Vivado/2018.2/common/technology/xilinx/interface/plb46.gen 
Execute           source /opt/Xilinx/Vivado/2018.2/common/technology/xilinx/interface/fsl.gen 
Execute           source /opt/Xilinx/Vivado/2018.2/common/technology/xilinx/interface/axi4.gen 
Execute           source /opt/Xilinx/Vivado/2018.2/common/technology/xilinx/interface/nativeAXI4.gen 
Execute             source /opt/Xilinx/Vivado/2018.2/common/technology/xilinx/interface/saxilite.gen 
Execute             source /opt/Xilinx/Vivado/2018.2/common/technology/xilinx/interface/maxi.gen 
Execute           source /opt/Xilinx/Vivado/2018.2/common/technology/xilinx/scripts/xilinxcoregen.gen 
Execute           source /opt/Xilinx/Vivado/2018.2/common/technology/xilinx/interface/XilEDKCoreGen.gen 
Execute           source /opt/Xilinx/Vivado/2018.2/common/technology/xilinx/ip/dds_compiler.gen 
Execute           source /opt/Xilinx/Vivado/2018.2/common/technology/xilinx/ip/util.gen 
Execute           source /opt/Xilinx/Vivado/2018.2/common/technology/xilinx/ip/xfft.gen 
Execute           source /opt/Xilinx/Vivado/2018.2/common/technology/xilinx/ip/xfir.gen 
Execute         source /opt/Xilinx/Vivado/2018.2/common/technology/xilinx/common/dsp48.gen 
Execute     source /opt/Xilinx/Vivado/2018.2/common/technology/xilinx/zynq/zynq_fpv6.gen 
Execute       source /opt/Xilinx/Vivado/2018.2/common/technology/xilinx/common/xilinx_fpv6.gen 
Command   export_design done; 10.63 sec.
Command ap_source done; 10.82 sec.
Execute cleanup_all 
