

================================================================
== Vivado HLS Report for 'log_2_64bit'
================================================================
* Date:           Mon Jul 30 20:15:50 2018

* Version:        2018.2 (Build 2258646 on Thu Jun 14 20:25:20 MDT 2018)
* Project:        Ext_HTA
* Solution:       solution1
* Product family: zynq
* Target device:  xc7z020clg484-1


================================================================
== Performance Estimates
================================================================
+ Timing (ns): 
    * Summary: 
    +--------+-------+----------+------------+
    |  Clock | Target| Estimated| Uncertainty|
    +--------+-------+----------+------------+
    |ap_clk  |  10.00|     8.357|        1.25|
    +--------+-------+----------+------------+

+ Latency (clock cycles): 
    * Summary: 
    +-----+-----+-----+-----+---------+
    |  Latency  |  Interval | Pipeline|
    | min | max | min | max |   Type  |
    +-----+-----+-----+-----+---------+
    |    0|    0|    0|    0|   none  |
    +-----+-----+-----+-----+---------+

    + Detail: 
        * Instance: 
        N/A

        * Loop: 
        N/A

============================================================
+ Verbose Summary: Synthesis Manager
============================================================
InlineROM: 1
ExposeGlobal: 0
============================================================
+ Verbose Summary: CDFG Model
============================================================
IsTopModel: 0
ResetActiveHigh: 1
IsCombinational: 0
IsDatapathOnly: 0
HasWiredReturn: 1
HasMFsm: 0
HasVarLatency: 0
IsPipeline: 0
IsRtlPipelined: 0
IsInstanceOverlapped: 0
IsDontTouch: 0
HasImplIP: 0
IsGatedGlobalClock: 0


============================================================
+ Verbose Summary: Schedule
============================================================
* Number of FSM states : 1
* Pipeline : 0
* Dataflow Pipeline: 0

* FSM state transitions: 
1 --> 

* FSM state operations: 

State 1 <SV = 0> <Delay = 8.35>
ST_1 : Operation 2 [1/1] (0.00ns)   --->   "%tmp_V_read = call i64 @_ssdm_op_Read.ap_auto.i64(i64 %tmp_V)"   --->   Operation 2 'read' 'tmp_V_read' <Predicate = true> <Delay = 0.00>
ST_1 : Operation 3 [1/1] (0.00ns)   --->   "%AA_V = trunc i64 %tmp_V_read to i16" [Ext_HTA/solution1/top.cc:70]   --->   Operation 3 'trunc' 'AA_V' <Predicate = true> <Delay = 0.00>
ST_1 : Operation 4 [1/1] (0.00ns)   --->   "%BB_V = call i16 @_ssdm_op_PartSelect.i16.i64.i32.i32(i64 %tmp_V_read, i32 16, i32 31)" [Ext_HTA/solution1/top.cc:70]   --->   Operation 4 'partselect' 'BB_V' <Predicate = true> <Delay = 0.00>
ST_1 : Operation 5 [1/1] (0.00ns)   --->   "%CC_V = call i16 @_ssdm_op_PartSelect.i16.i64.i32.i32(i64 %tmp_V_read, i32 32, i32 47)" [Ext_HTA/solution1/top.cc:70]   --->   Operation 5 'partselect' 'CC_V' <Predicate = true> <Delay = 0.00>
ST_1 : Operation 6 [1/1] (0.00ns)   --->   "%DD_V = call i16 @_ssdm_op_PartSelect.i16.i64.i32.i32(i64 %tmp_V_read, i32 48, i32 63)" [Ext_HTA/solution1/top.cc:70]   --->   Operation 6 'partselect' 'DD_V' <Predicate = true> <Delay = 0.00>
ST_1 : Operation 7 [1/1] (2.42ns)   --->   "%tmp_1 = icmp eq i16 %AA_V, 0" [Ext_HTA/solution1/top.cc:71]   --->   Operation 7 'icmp' 'tmp_1' <Predicate = true> <Delay = 2.42> <Core = "Cmp">   --->   Core 25 'Cmp' <Latency = 0> <II = 1> <Delay = 2.42> <FuncUnit> <Opcode : 'icmp'> <InPorts = 2> <OutPorts = 1>
ST_1 : Operation 8 [1/1] (2.19ns)   --->   "br i1 %tmp_1, label %._crit_edge, label %1" [Ext_HTA/solution1/top.cc:71]   --->   Operation 8 'br' <Predicate = true> <Delay = 2.19>
ST_1 : Operation 9 [1/1] (2.19ns)   --->   "switch i16 %AA_V, label %._crit_edge [
    i16 -32768, label %16
    i16 2, label %2
    i16 4, label %3
    i16 8, label %4
    i16 16, label %5
    i16 32, label %6
    i16 64, label %7
    i16 128, label %8
    i16 256, label %9
    i16 512, label %10
    i16 1024, label %11
    i16 2048, label %12
    i16 4096, label %13
    i16 8192, label %14
    i16 16384, label %15
  ]" [Ext_HTA/solution1/top.cc:42->Ext_HTA/solution1/top.cc:71]   --->   Operation 9 'switch' <Predicate = (!tmp_1)> <Delay = 2.19>
ST_1 : Operation 10 [1/1] (2.19ns)   --->   "br label %._crit_edge" [Ext_HTA/solution1/top.cc:58->Ext_HTA/solution1/top.cc:71]   --->   Operation 10 'br' <Predicate = (!tmp_1 & AA_V == 16384)> <Delay = 2.19>
ST_1 : Operation 11 [1/1] (2.19ns)   --->   "br label %._crit_edge" [Ext_HTA/solution1/top.cc:57->Ext_HTA/solution1/top.cc:71]   --->   Operation 11 'br' <Predicate = (!tmp_1 & AA_V == 8192)> <Delay = 2.19>
ST_1 : Operation 12 [1/1] (2.19ns)   --->   "br label %._crit_edge" [Ext_HTA/solution1/top.cc:56->Ext_HTA/solution1/top.cc:71]   --->   Operation 12 'br' <Predicate = (!tmp_1 & AA_V == 4096)> <Delay = 2.19>
ST_1 : Operation 13 [1/1] (2.19ns)   --->   "br label %._crit_edge" [Ext_HTA/solution1/top.cc:55->Ext_HTA/solution1/top.cc:71]   --->   Operation 13 'br' <Predicate = (!tmp_1 & AA_V == 2048)> <Delay = 2.19>
ST_1 : Operation 14 [1/1] (2.19ns)   --->   "br label %._crit_edge" [Ext_HTA/solution1/top.cc:54->Ext_HTA/solution1/top.cc:71]   --->   Operation 14 'br' <Predicate = (!tmp_1 & AA_V == 1024)> <Delay = 2.19>
ST_1 : Operation 15 [1/1] (2.19ns)   --->   "br label %._crit_edge" [Ext_HTA/solution1/top.cc:53->Ext_HTA/solution1/top.cc:71]   --->   Operation 15 'br' <Predicate = (!tmp_1 & AA_V == 512)> <Delay = 2.19>
ST_1 : Operation 16 [1/1] (2.19ns)   --->   "br label %._crit_edge" [Ext_HTA/solution1/top.cc:52->Ext_HTA/solution1/top.cc:71]   --->   Operation 16 'br' <Predicate = (!tmp_1 & AA_V == 256)> <Delay = 2.19>
ST_1 : Operation 17 [1/1] (2.19ns)   --->   "br label %._crit_edge" [Ext_HTA/solution1/top.cc:51->Ext_HTA/solution1/top.cc:71]   --->   Operation 17 'br' <Predicate = (!tmp_1 & AA_V == 128)> <Delay = 2.19>
ST_1 : Operation 18 [1/1] (2.19ns)   --->   "br label %._crit_edge" [Ext_HTA/solution1/top.cc:50->Ext_HTA/solution1/top.cc:71]   --->   Operation 18 'br' <Predicate = (!tmp_1 & AA_V == 64)> <Delay = 2.19>
ST_1 : Operation 19 [1/1] (2.19ns)   --->   "br label %._crit_edge" [Ext_HTA/solution1/top.cc:49->Ext_HTA/solution1/top.cc:71]   --->   Operation 19 'br' <Predicate = (!tmp_1 & AA_V == 32)> <Delay = 2.19>
ST_1 : Operation 20 [1/1] (2.19ns)   --->   "br label %._crit_edge" [Ext_HTA/solution1/top.cc:48->Ext_HTA/solution1/top.cc:71]   --->   Operation 20 'br' <Predicate = (!tmp_1 & AA_V == 16)> <Delay = 2.19>
ST_1 : Operation 21 [1/1] (2.19ns)   --->   "br label %._crit_edge" [Ext_HTA/solution1/top.cc:47->Ext_HTA/solution1/top.cc:71]   --->   Operation 21 'br' <Predicate = (!tmp_1 & AA_V == 8)> <Delay = 2.19>
ST_1 : Operation 22 [1/1] (2.19ns)   --->   "br label %._crit_edge" [Ext_HTA/solution1/top.cc:46->Ext_HTA/solution1/top.cc:71]   --->   Operation 22 'br' <Predicate = (!tmp_1 & AA_V == 4)> <Delay = 2.19>
ST_1 : Operation 23 [1/1] (2.19ns)   --->   "br label %._crit_edge" [Ext_HTA/solution1/top.cc:45->Ext_HTA/solution1/top.cc:71]   --->   Operation 23 'br' <Predicate = (!tmp_1 & AA_V == 2)> <Delay = 2.19>
ST_1 : Operation 24 [1/1] (2.19ns)   --->   "br label %._crit_edge" [Ext_HTA/solution1/top.cc:59->Ext_HTA/solution1/top.cc:71]   --->   Operation 24 'br' <Predicate = (!tmp_1 & AA_V == 32768)> <Delay = 2.19>
ST_1 : Operation 25 [1/1] (0.00ns)   --->   "%p_s = phi i4 [ 0, %0 ], [ 1, %2 ], [ 2, %3 ], [ 3, %4 ], [ 4, %5 ], [ 5, %6 ], [ 6, %7 ], [ 7, %8 ], [ -8, %9 ], [ -7, %10 ], [ -6, %11 ], [ -5, %12 ], [ -4, %13 ], [ -3, %14 ], [ -2, %15 ], [ -1, %16 ], [ 0, %1 ]"   --->   Operation 25 'phi' 'p_s' <Predicate = true> <Delay = 0.00>
ST_1 : Operation 26 [1/1] (0.00ns)   --->   "%p_cast = zext i4 %p_s to i6" [Ext_HTA/solution1/top.cc:72]   --->   Operation 26 'zext' 'p_cast' <Predicate = true> <Delay = 0.00>
ST_1 : Operation 27 [1/1] (2.42ns)   --->   "%tmp_4 = icmp eq i16 %BB_V, 0" [Ext_HTA/solution1/top.cc:72]   --->   Operation 27 'icmp' 'tmp_4' <Predicate = true> <Delay = 2.42> <Core = "Cmp">   --->   Core 25 'Cmp' <Latency = 0> <II = 1> <Delay = 2.42> <FuncUnit> <Opcode : 'icmp'> <InPorts = 2> <OutPorts = 1>
ST_1 : Operation 28 [1/1] (2.23ns)   --->   "br i1 %tmp_4, label %._crit_edge368, label %17" [Ext_HTA/solution1/top.cc:72]   --->   Operation 28 'br' <Predicate = true> <Delay = 2.23>
ST_1 : Operation 29 [1/1] (2.23ns)   --->   "switch i16 %BB_V, label %._crit_edge368 [
    i16 -32768, label %32
    i16 2, label %18
    i16 4, label %19
    i16 8, label %20
    i16 16, label %21
    i16 32, label %22
    i16 64, label %23
    i16 128, label %24
    i16 256, label %25
    i16 512, label %26
    i16 1024, label %27
    i16 2048, label %28
    i16 4096, label %29
    i16 8192, label %30
    i16 16384, label %31
  ]" [Ext_HTA/solution1/top.cc:42->Ext_HTA/solution1/top.cc:72]   --->   Operation 29 'switch' <Predicate = (!tmp_4)> <Delay = 2.23>
ST_1 : Operation 30 [1/1] (2.23ns)   --->   "br label %._crit_edge368" [Ext_HTA/solution1/top.cc:58->Ext_HTA/solution1/top.cc:72]   --->   Operation 30 'br' <Predicate = (!tmp_4 & BB_V == 16384)> <Delay = 2.23>
ST_1 : Operation 31 [1/1] (2.23ns)   --->   "br label %._crit_edge368" [Ext_HTA/solution1/top.cc:57->Ext_HTA/solution1/top.cc:72]   --->   Operation 31 'br' <Predicate = (!tmp_4 & BB_V == 8192)> <Delay = 2.23>
ST_1 : Operation 32 [1/1] (2.23ns)   --->   "br label %._crit_edge368" [Ext_HTA/solution1/top.cc:56->Ext_HTA/solution1/top.cc:72]   --->   Operation 32 'br' <Predicate = (!tmp_4 & BB_V == 4096)> <Delay = 2.23>
ST_1 : Operation 33 [1/1] (2.23ns)   --->   "br label %._crit_edge368" [Ext_HTA/solution1/top.cc:55->Ext_HTA/solution1/top.cc:72]   --->   Operation 33 'br' <Predicate = (!tmp_4 & BB_V == 2048)> <Delay = 2.23>
ST_1 : Operation 34 [1/1] (2.23ns)   --->   "br label %._crit_edge368" [Ext_HTA/solution1/top.cc:54->Ext_HTA/solution1/top.cc:72]   --->   Operation 34 'br' <Predicate = (!tmp_4 & BB_V == 1024)> <Delay = 2.23>
ST_1 : Operation 35 [1/1] (2.23ns)   --->   "br label %._crit_edge368" [Ext_HTA/solution1/top.cc:53->Ext_HTA/solution1/top.cc:72]   --->   Operation 35 'br' <Predicate = (!tmp_4 & BB_V == 512)> <Delay = 2.23>
ST_1 : Operation 36 [1/1] (2.23ns)   --->   "br label %._crit_edge368" [Ext_HTA/solution1/top.cc:52->Ext_HTA/solution1/top.cc:72]   --->   Operation 36 'br' <Predicate = (!tmp_4 & BB_V == 256)> <Delay = 2.23>
ST_1 : Operation 37 [1/1] (2.23ns)   --->   "br label %._crit_edge368" [Ext_HTA/solution1/top.cc:51->Ext_HTA/solution1/top.cc:72]   --->   Operation 37 'br' <Predicate = (!tmp_4 & BB_V == 128)> <Delay = 2.23>
ST_1 : Operation 38 [1/1] (2.23ns)   --->   "br label %._crit_edge368" [Ext_HTA/solution1/top.cc:50->Ext_HTA/solution1/top.cc:72]   --->   Operation 38 'br' <Predicate = (!tmp_4 & BB_V == 64)> <Delay = 2.23>
ST_1 : Operation 39 [1/1] (2.23ns)   --->   "br label %._crit_edge368" [Ext_HTA/solution1/top.cc:49->Ext_HTA/solution1/top.cc:72]   --->   Operation 39 'br' <Predicate = (!tmp_4 & BB_V == 32)> <Delay = 2.23>
ST_1 : Operation 40 [1/1] (2.23ns)   --->   "br label %._crit_edge368" [Ext_HTA/solution1/top.cc:48->Ext_HTA/solution1/top.cc:72]   --->   Operation 40 'br' <Predicate = (!tmp_4 & BB_V == 16)> <Delay = 2.23>
ST_1 : Operation 41 [1/1] (2.23ns)   --->   "br label %._crit_edge368" [Ext_HTA/solution1/top.cc:47->Ext_HTA/solution1/top.cc:72]   --->   Operation 41 'br' <Predicate = (!tmp_4 & BB_V == 8)> <Delay = 2.23>
ST_1 : Operation 42 [1/1] (2.23ns)   --->   "br label %._crit_edge368" [Ext_HTA/solution1/top.cc:46->Ext_HTA/solution1/top.cc:72]   --->   Operation 42 'br' <Predicate = (!tmp_4 & BB_V == 4)> <Delay = 2.23>
ST_1 : Operation 43 [1/1] (2.23ns)   --->   "br label %._crit_edge368" [Ext_HTA/solution1/top.cc:45->Ext_HTA/solution1/top.cc:72]   --->   Operation 43 'br' <Predicate = (!tmp_4 & BB_V == 2)> <Delay = 2.23>
ST_1 : Operation 44 [1/1] (2.23ns)   --->   "br label %._crit_edge368" [Ext_HTA/solution1/top.cc:59->Ext_HTA/solution1/top.cc:72]   --->   Operation 44 'br' <Predicate = (!tmp_4 & BB_V == 32768)> <Delay = 2.23>
ST_1 : Operation 45 [1/1] (0.00ns)   --->   "%p_1 = phi i5 [ 0, %._crit_edge ], [ -15, %18 ], [ -14, %19 ], [ -13, %20 ], [ -12, %21 ], [ -11, %22 ], [ -10, %23 ], [ -9, %24 ], [ -8, %25 ], [ -7, %26 ], [ -6, %27 ], [ -5, %28 ], [ -4, %29 ], [ -3, %30 ], [ -2, %31 ], [ -1, %32 ], [ -16, %17 ]"   --->   Operation 45 'phi' 'p_1' <Predicate = true> <Delay = 0.00>
ST_1 : Operation 46 [1/1] (0.00ns)   --->   "%p_1_cast = zext i5 %p_1 to i6" [Ext_HTA/solution1/top.cc:73]   --->   Operation 46 'zext' 'p_1_cast' <Predicate = true> <Delay = 0.00>
ST_1 : Operation 47 [1/1] (2.42ns)   --->   "%tmp_8 = icmp eq i16 %CC_V, 0" [Ext_HTA/solution1/top.cc:73]   --->   Operation 47 'icmp' 'tmp_8' <Predicate = true> <Delay = 2.42> <Core = "Cmp">   --->   Core 25 'Cmp' <Latency = 0> <II = 1> <Delay = 2.42> <FuncUnit> <Opcode : 'icmp'> <InPorts = 2> <OutPorts = 1>
ST_1 : Operation 48 [1/1] (2.23ns)   --->   "br i1 %tmp_8, label %._crit_edge369, label %33" [Ext_HTA/solution1/top.cc:73]   --->   Operation 48 'br' <Predicate = true> <Delay = 2.23>
ST_1 : Operation 49 [1/1] (2.23ns)   --->   "switch i16 %CC_V, label %._crit_edge369 [
    i16 -32768, label %48
    i16 2, label %34
    i16 4, label %35
    i16 8, label %36
    i16 16, label %37
    i16 32, label %38
    i16 64, label %39
    i16 128, label %40
    i16 256, label %41
    i16 512, label %42
    i16 1024, label %43
    i16 2048, label %44
    i16 4096, label %45
    i16 8192, label %46
    i16 16384, label %47
  ]" [Ext_HTA/solution1/top.cc:42->Ext_HTA/solution1/top.cc:73]   --->   Operation 49 'switch' <Predicate = (!tmp_8)> <Delay = 2.23>
ST_1 : Operation 50 [1/1] (2.23ns)   --->   "br label %._crit_edge369" [Ext_HTA/solution1/top.cc:58->Ext_HTA/solution1/top.cc:73]   --->   Operation 50 'br' <Predicate = (!tmp_8 & CC_V == 16384)> <Delay = 2.23>
ST_1 : Operation 51 [1/1] (2.23ns)   --->   "br label %._crit_edge369" [Ext_HTA/solution1/top.cc:57->Ext_HTA/solution1/top.cc:73]   --->   Operation 51 'br' <Predicate = (!tmp_8 & CC_V == 8192)> <Delay = 2.23>
ST_1 : Operation 52 [1/1] (2.23ns)   --->   "br label %._crit_edge369" [Ext_HTA/solution1/top.cc:56->Ext_HTA/solution1/top.cc:73]   --->   Operation 52 'br' <Predicate = (!tmp_8 & CC_V == 4096)> <Delay = 2.23>
ST_1 : Operation 53 [1/1] (2.23ns)   --->   "br label %._crit_edge369" [Ext_HTA/solution1/top.cc:55->Ext_HTA/solution1/top.cc:73]   --->   Operation 53 'br' <Predicate = (!tmp_8 & CC_V == 2048)> <Delay = 2.23>
ST_1 : Operation 54 [1/1] (2.23ns)   --->   "br label %._crit_edge369" [Ext_HTA/solution1/top.cc:54->Ext_HTA/solution1/top.cc:73]   --->   Operation 54 'br' <Predicate = (!tmp_8 & CC_V == 1024)> <Delay = 2.23>
ST_1 : Operation 55 [1/1] (2.23ns)   --->   "br label %._crit_edge369" [Ext_HTA/solution1/top.cc:53->Ext_HTA/solution1/top.cc:73]   --->   Operation 55 'br' <Predicate = (!tmp_8 & CC_V == 512)> <Delay = 2.23>
ST_1 : Operation 56 [1/1] (2.23ns)   --->   "br label %._crit_edge369" [Ext_HTA/solution1/top.cc:52->Ext_HTA/solution1/top.cc:73]   --->   Operation 56 'br' <Predicate = (!tmp_8 & CC_V == 256)> <Delay = 2.23>
ST_1 : Operation 57 [1/1] (2.23ns)   --->   "br label %._crit_edge369" [Ext_HTA/solution1/top.cc:51->Ext_HTA/solution1/top.cc:73]   --->   Operation 57 'br' <Predicate = (!tmp_8 & CC_V == 128)> <Delay = 2.23>
ST_1 : Operation 58 [1/1] (2.23ns)   --->   "br label %._crit_edge369" [Ext_HTA/solution1/top.cc:50->Ext_HTA/solution1/top.cc:73]   --->   Operation 58 'br' <Predicate = (!tmp_8 & CC_V == 64)> <Delay = 2.23>
ST_1 : Operation 59 [1/1] (2.23ns)   --->   "br label %._crit_edge369" [Ext_HTA/solution1/top.cc:49->Ext_HTA/solution1/top.cc:73]   --->   Operation 59 'br' <Predicate = (!tmp_8 & CC_V == 32)> <Delay = 2.23>
ST_1 : Operation 60 [1/1] (2.23ns)   --->   "br label %._crit_edge369" [Ext_HTA/solution1/top.cc:48->Ext_HTA/solution1/top.cc:73]   --->   Operation 60 'br' <Predicate = (!tmp_8 & CC_V == 16)> <Delay = 2.23>
ST_1 : Operation 61 [1/1] (2.23ns)   --->   "br label %._crit_edge369" [Ext_HTA/solution1/top.cc:47->Ext_HTA/solution1/top.cc:73]   --->   Operation 61 'br' <Predicate = (!tmp_8 & CC_V == 8)> <Delay = 2.23>
ST_1 : Operation 62 [1/1] (2.23ns)   --->   "br label %._crit_edge369" [Ext_HTA/solution1/top.cc:46->Ext_HTA/solution1/top.cc:73]   --->   Operation 62 'br' <Predicate = (!tmp_8 & CC_V == 4)> <Delay = 2.23>
ST_1 : Operation 63 [1/1] (2.23ns)   --->   "br label %._crit_edge369" [Ext_HTA/solution1/top.cc:45->Ext_HTA/solution1/top.cc:73]   --->   Operation 63 'br' <Predicate = (!tmp_8 & CC_V == 2)> <Delay = 2.23>
ST_1 : Operation 64 [1/1] (2.23ns)   --->   "br label %._crit_edge369" [Ext_HTA/solution1/top.cc:59->Ext_HTA/solution1/top.cc:73]   --->   Operation 64 'br' <Predicate = (!tmp_8 & CC_V == 32768)> <Delay = 2.23>
ST_1 : Operation 65 [1/1] (0.00ns)   --->   "%p_2 = phi i6 [ 0, %._crit_edge368 ], [ -31, %34 ], [ -30, %35 ], [ -29, %36 ], [ -28, %37 ], [ -27, %38 ], [ -26, %39 ], [ -25, %40 ], [ -24, %41 ], [ -23, %42 ], [ -22, %43 ], [ -21, %44 ], [ -20, %45 ], [ -19, %46 ], [ -18, %47 ], [ -17, %48 ], [ -32, %33 ]"   --->   Operation 65 'phi' 'p_2' <Predicate = true> <Delay = 0.00>
ST_1 : Operation 66 [1/1] (0.00ns)   --->   "%p_2_cast = zext i6 %p_2 to i7" [Ext_HTA/solution1/top.cc:74]   --->   Operation 66 'zext' 'p_2_cast' <Predicate = true> <Delay = 0.00>
ST_1 : Operation 67 [1/1] (2.42ns)   --->   "%tmp_3 = icmp eq i16 %DD_V, 0" [Ext_HTA/solution1/top.cc:74]   --->   Operation 67 'icmp' 'tmp_3' <Predicate = true> <Delay = 2.42> <Core = "Cmp">   --->   Core 25 'Cmp' <Latency = 0> <II = 1> <Delay = 2.42> <FuncUnit> <Opcode : 'icmp'> <InPorts = 2> <OutPorts = 1>
ST_1 : Operation 68 [1/1] (2.23ns)   --->   "br i1 %tmp_3, label %._crit_edge370, label %49" [Ext_HTA/solution1/top.cc:74]   --->   Operation 68 'br' <Predicate = true> <Delay = 2.23>
ST_1 : Operation 69 [1/1] (2.23ns)   --->   "switch i16 %DD_V, label %._crit_edge370 [
    i16 -32768, label %64
    i16 2, label %50
    i16 4, label %51
    i16 8, label %52
    i16 16, label %53
    i16 32, label %54
    i16 64, label %55
    i16 128, label %56
    i16 256, label %57
    i16 512, label %58
    i16 1024, label %59
    i16 2048, label %60
    i16 4096, label %61
    i16 8192, label %62
    i16 16384, label %63
  ]" [Ext_HTA/solution1/top.cc:42->Ext_HTA/solution1/top.cc:74]   --->   Operation 69 'switch' <Predicate = (!tmp_3)> <Delay = 2.23>
ST_1 : Operation 70 [1/1] (2.23ns)   --->   "br label %._crit_edge370" [Ext_HTA/solution1/top.cc:58->Ext_HTA/solution1/top.cc:74]   --->   Operation 70 'br' <Predicate = (!tmp_3 & DD_V == 16384)> <Delay = 2.23>
ST_1 : Operation 71 [1/1] (2.23ns)   --->   "br label %._crit_edge370" [Ext_HTA/solution1/top.cc:57->Ext_HTA/solution1/top.cc:74]   --->   Operation 71 'br' <Predicate = (!tmp_3 & DD_V == 8192)> <Delay = 2.23>
ST_1 : Operation 72 [1/1] (2.23ns)   --->   "br label %._crit_edge370" [Ext_HTA/solution1/top.cc:56->Ext_HTA/solution1/top.cc:74]   --->   Operation 72 'br' <Predicate = (!tmp_3 & DD_V == 4096)> <Delay = 2.23>
ST_1 : Operation 73 [1/1] (2.23ns)   --->   "br label %._crit_edge370" [Ext_HTA/solution1/top.cc:55->Ext_HTA/solution1/top.cc:74]   --->   Operation 73 'br' <Predicate = (!tmp_3 & DD_V == 2048)> <Delay = 2.23>
ST_1 : Operation 74 [1/1] (2.23ns)   --->   "br label %._crit_edge370" [Ext_HTA/solution1/top.cc:54->Ext_HTA/solution1/top.cc:74]   --->   Operation 74 'br' <Predicate = (!tmp_3 & DD_V == 1024)> <Delay = 2.23>
ST_1 : Operation 75 [1/1] (2.23ns)   --->   "br label %._crit_edge370" [Ext_HTA/solution1/top.cc:53->Ext_HTA/solution1/top.cc:74]   --->   Operation 75 'br' <Predicate = (!tmp_3 & DD_V == 512)> <Delay = 2.23>
ST_1 : Operation 76 [1/1] (2.23ns)   --->   "br label %._crit_edge370" [Ext_HTA/solution1/top.cc:52->Ext_HTA/solution1/top.cc:74]   --->   Operation 76 'br' <Predicate = (!tmp_3 & DD_V == 256)> <Delay = 2.23>
ST_1 : Operation 77 [1/1] (2.23ns)   --->   "br label %._crit_edge370" [Ext_HTA/solution1/top.cc:51->Ext_HTA/solution1/top.cc:74]   --->   Operation 77 'br' <Predicate = (!tmp_3 & DD_V == 128)> <Delay = 2.23>
ST_1 : Operation 78 [1/1] (2.23ns)   --->   "br label %._crit_edge370" [Ext_HTA/solution1/top.cc:50->Ext_HTA/solution1/top.cc:74]   --->   Operation 78 'br' <Predicate = (!tmp_3 & DD_V == 64)> <Delay = 2.23>
ST_1 : Operation 79 [1/1] (2.23ns)   --->   "br label %._crit_edge370" [Ext_HTA/solution1/top.cc:49->Ext_HTA/solution1/top.cc:74]   --->   Operation 79 'br' <Predicate = (!tmp_3 & DD_V == 32)> <Delay = 2.23>
ST_1 : Operation 80 [1/1] (2.23ns)   --->   "br label %._crit_edge370" [Ext_HTA/solution1/top.cc:48->Ext_HTA/solution1/top.cc:74]   --->   Operation 80 'br' <Predicate = (!tmp_3 & DD_V == 16)> <Delay = 2.23>
ST_1 : Operation 81 [1/1] (2.23ns)   --->   "br label %._crit_edge370" [Ext_HTA/solution1/top.cc:47->Ext_HTA/solution1/top.cc:74]   --->   Operation 81 'br' <Predicate = (!tmp_3 & DD_V == 8)> <Delay = 2.23>
ST_1 : Operation 82 [1/1] (2.23ns)   --->   "br label %._crit_edge370" [Ext_HTA/solution1/top.cc:46->Ext_HTA/solution1/top.cc:74]   --->   Operation 82 'br' <Predicate = (!tmp_3 & DD_V == 4)> <Delay = 2.23>
ST_1 : Operation 83 [1/1] (2.23ns)   --->   "br label %._crit_edge370" [Ext_HTA/solution1/top.cc:45->Ext_HTA/solution1/top.cc:74]   --->   Operation 83 'br' <Predicate = (!tmp_3 & DD_V == 2)> <Delay = 2.23>
ST_1 : Operation 84 [1/1] (2.23ns)   --->   "br label %._crit_edge370" [Ext_HTA/solution1/top.cc:59->Ext_HTA/solution1/top.cc:74]   --->   Operation 84 'br' <Predicate = (!tmp_3 & DD_V == 32768)> <Delay = 2.23>
ST_1 : Operation 85 [1/1] (0.00ns) (grouped into LUT with out node tmp1)   --->   "%p_3 = phi i5 [ 0, %._crit_edge369 ], [ -15, %50 ], [ -14, %51 ], [ -13, %52 ], [ -12, %53 ], [ -11, %54 ], [ -10, %55 ], [ -9, %56 ], [ -8, %57 ], [ -7, %58 ], [ -6, %59 ], [ -5, %60 ], [ -4, %61 ], [ -3, %62 ], [ -2, %63 ], [ -1, %64 ], [ -16, %49 ]"   --->   Operation 85 'phi' 'p_3' <Predicate = true> <Delay = 0.00>
ST_1 : Operation 86 [1/1] (0.00ns) (grouped into LUT with out node tmp1)   --->   "%p_3_cast2 = sext i5 %p_3 to i6" [Ext_HTA/solution1/top.cc:75]   --->   Operation 86 'sext' 'p_3_cast2' <Predicate = true> <Delay = 0.00>
ST_1 : Operation 87 [1/1] (0.00ns) (grouped into LUT with out node tmp1)   --->   "%p_3_cast = zext i6 %p_3_cast2 to i7" [Ext_HTA/solution1/top.cc:75]   --->   Operation 87 'zext' 'p_3_cast' <Predicate = true> <Delay = 0.00>
ST_1 : Operation 88 [1/1] (1.78ns)   --->   "%tmp = add i6 %p_1_cast, %p_cast" [Ext_HTA/solution1/top.cc:75]   --->   Operation 88 'add' 'tmp' <Predicate = true> <Delay = 1.78> <Core = "AddSub">   --->   Core 14 'AddSub' <Latency = 0> <II = 1> <Delay = 1.87> <FuncUnit> <Opcode : 'add' 'sub'> <InPorts = 2> <OutPorts = 1>
ST_1 : Operation 89 [1/1] (0.00ns)   --->   "%tmp_cast = zext i6 %tmp to i8" [Ext_HTA/solution1/top.cc:75]   --->   Operation 89 'zext' 'tmp_cast' <Predicate = true> <Delay = 0.00>
ST_1 : Operation 90 [1/1] (1.82ns) (out node of the LUT)   --->   "%tmp1 = add i7 %p_2_cast, %p_3_cast" [Ext_HTA/solution1/top.cc:75]   --->   Operation 90 'add' 'tmp1' <Predicate = true> <Delay = 1.82> <Core = "AddSub">   --->   Core 14 'AddSub' <Latency = 0> <II = 1> <Delay = 1.87> <FuncUnit> <Opcode : 'add' 'sub'> <InPorts = 2> <OutPorts = 1>
ST_1 : Operation 91 [1/1] (0.00ns)   --->   "%tmp1_cast = zext i7 %tmp1 to i8" [Ext_HTA/solution1/top.cc:75]   --->   Operation 91 'zext' 'tmp1_cast' <Predicate = true> <Delay = 0.00>
ST_1 : Operation 92 [1/1] (1.87ns)   --->   "%loc1_V = add i8 %tmp1_cast, %tmp_cast" [Ext_HTA/solution1/top.cc:75]   --->   Operation 92 'add' 'loc1_V' <Predicate = true> <Delay = 1.87> <Core = "AddSub">   --->   Core 14 'AddSub' <Latency = 0> <II = 1> <Delay = 1.87> <FuncUnit> <Opcode : 'add' 'sub'> <InPorts = 2> <OutPorts = 1>
ST_1 : Operation 93 [1/1] (0.00ns)   --->   "ret i8 %loc1_V" [Ext_HTA/solution1/top.cc:76]   --->   Operation 93 'ret' <Predicate = true> <Delay = 0.00>


============================================================
+ Verbose Summary: Binding
============================================================
STG Binding: 
---------------- STG Properties BEGIN ----------------
- Is combinational: 1
- Is one-state seq: 0
- Is datapath-only: 0
- Is pipelined: 0
- Is top level: 0
Port [ Return ] is wired: 1; IO mode=ap_ctrl_hs:ce=0
Port [ tmp_V]:  wired=1; compound=0; hidden=0; nouse=0; global=0; static=0; extern=0; dir=0; type=0; pingpong=0; private_global=0; IO mode=ap_none:ce=0
---------------- STG Properties END ------------------

---------------- Datapath Model BEGIN ----------------

<LifeTime>
<method=bitvector/>
tmp_V_read  (read      ) [ 00]
AA_V        (trunc     ) [ 01]
BB_V        (partselect) [ 01]
CC_V        (partselect) [ 01]
DD_V        (partselect) [ 01]
tmp_1       (icmp      ) [ 01]
StgValue_8  (br        ) [ 00]
StgValue_9  (switch    ) [ 00]
StgValue_10 (br        ) [ 00]
StgValue_11 (br        ) [ 00]
StgValue_12 (br        ) [ 00]
StgValue_13 (br        ) [ 00]
StgValue_14 (br        ) [ 00]
StgValue_15 (br        ) [ 00]
StgValue_16 (br        ) [ 00]
StgValue_17 (br        ) [ 00]
StgValue_18 (br        ) [ 00]
StgValue_19 (br        ) [ 00]
StgValue_20 (br        ) [ 00]
StgValue_21 (br        ) [ 00]
StgValue_22 (br        ) [ 00]
StgValue_23 (br        ) [ 00]
StgValue_24 (br        ) [ 00]
p_s         (phi       ) [ 00]
p_cast      (zext      ) [ 00]
tmp_4       (icmp      ) [ 01]
StgValue_28 (br        ) [ 00]
StgValue_29 (switch    ) [ 00]
StgValue_30 (br        ) [ 00]
StgValue_31 (br        ) [ 00]
StgValue_32 (br        ) [ 00]
StgValue_33 (br        ) [ 00]
StgValue_34 (br        ) [ 00]
StgValue_35 (br        ) [ 00]
StgValue_36 (br        ) [ 00]
StgValue_37 (br        ) [ 00]
StgValue_38 (br        ) [ 00]
StgValue_39 (br        ) [ 00]
StgValue_40 (br        ) [ 00]
StgValue_41 (br        ) [ 00]
StgValue_42 (br        ) [ 00]
StgValue_43 (br        ) [ 00]
StgValue_44 (br        ) [ 00]
p_1         (phi       ) [ 00]
p_1_cast    (zext      ) [ 00]
tmp_8       (icmp      ) [ 01]
StgValue_48 (br        ) [ 00]
StgValue_49 (switch    ) [ 00]
StgValue_50 (br        ) [ 00]
StgValue_51 (br        ) [ 00]
StgValue_52 (br        ) [ 00]
StgValue_53 (br        ) [ 00]
StgValue_54 (br        ) [ 00]
StgValue_55 (br        ) [ 00]
StgValue_56 (br        ) [ 00]
StgValue_57 (br        ) [ 00]
StgValue_58 (br        ) [ 00]
StgValue_59 (br        ) [ 00]
StgValue_60 (br        ) [ 00]
StgValue_61 (br        ) [ 00]
StgValue_62 (br        ) [ 00]
StgValue_63 (br        ) [ 00]
StgValue_64 (br        ) [ 00]
p_2         (phi       ) [ 00]
p_2_cast    (zext      ) [ 00]
tmp_3       (icmp      ) [ 01]
StgValue_68 (br        ) [ 00]
StgValue_69 (switch    ) [ 00]
StgValue_70 (br        ) [ 00]
StgValue_71 (br        ) [ 00]
StgValue_72 (br        ) [ 00]
StgValue_73 (br        ) [ 00]
StgValue_74 (br        ) [ 00]
StgValue_75 (br        ) [ 00]
StgValue_76 (br        ) [ 00]
StgValue_77 (br        ) [ 00]
StgValue_78 (br        ) [ 00]
StgValue_79 (br        ) [ 00]
StgValue_80 (br        ) [ 00]
StgValue_81 (br        ) [ 00]
StgValue_82 (br        ) [ 00]
StgValue_83 (br        ) [ 00]
StgValue_84 (br        ) [ 00]
p_3         (phi       ) [ 00]
p_3_cast2   (sext      ) [ 00]
p_3_cast    (zext      ) [ 00]
tmp         (add       ) [ 00]
tmp_cast    (zext      ) [ 00]
tmp1        (add       ) [ 00]
tmp1_cast   (zext      ) [ 00]
loc1_V      (add       ) [ 00]
StgValue_93 (ret       ) [ 00]
</LifeTime>

<model>

<comp_list>
<comp id="0" class="1000" name="tmp_V">
<pin_list>
<pin id="1" dir="1" index="0" bw="1" slack="0"/>
</pin_list>
<bind>
<StgValue><ssdm name="tmp_V"/></StgValue>
</bind>
</comp>

<comp id="2" class="1001" name="const_2">
<pin_list>
<pin id="3" dir="1" index="0" bw="1" slack="0"/>
</pin_list>
<bind>
<StgValue><ssdm name="_ssdm_op_Read.ap_auto.i64"/></StgValue>
</bind>
</comp>

<comp id="4" class="1001" name="const_4">
<pin_list>
<pin id="5" dir="1" index="0" bw="1" slack="0"/>
</pin_list>
<bind>
<StgValue><ssdm name="_ssdm_op_PartSelect.i16.i64.i32.i32"/></StgValue>
</bind>
</comp>

<comp id="6" class="1001" name="const_6">
<pin_list>
<pin id="7" dir="1" index="0" bw="1" slack="0"/>
</pin_list>
<bind>
<StgValue><ssdm name=""/></StgValue>
</bind>
</comp>

<comp id="8" class="1001" name="const_8">
<pin_list>
<pin id="9" dir="1" index="0" bw="1" slack="0"/>
</pin_list>
<bind>
<StgValue><ssdm name=""/></StgValue>
</bind>
</comp>

<comp id="10" class="1001" name="const_10">
<pin_list>
<pin id="11" dir="1" index="0" bw="1" slack="0"/>
</pin_list>
<bind>
<StgValue><ssdm name=""/></StgValue>
</bind>
</comp>

<comp id="12" class="1001" name="const_12">
<pin_list>
<pin id="13" dir="1" index="0" bw="1" slack="0"/>
</pin_list>
<bind>
<StgValue><ssdm name=""/></StgValue>
</bind>
</comp>

<comp id="14" class="1001" name="const_14">
<pin_list>
<pin id="15" dir="1" index="0" bw="1" slack="0"/>
</pin_list>
<bind>
<StgValue><ssdm name=""/></StgValue>
</bind>
</comp>

<comp id="16" class="1001" name="const_16">
<pin_list>
<pin id="17" dir="1" index="0" bw="1" slack="0"/>
</pin_list>
<bind>
<StgValue><ssdm name=""/></StgValue>
</bind>
</comp>

<comp id="18" class="1001" name="const_18">
<pin_list>
<pin id="19" dir="1" index="0" bw="1" slack="0"/>
</pin_list>
<bind>
<StgValue><ssdm name=""/></StgValue>
</bind>
</comp>

<comp id="20" class="1001" name="const_20">
<pin_list>
<pin id="21" dir="1" index="0" bw="1" slack="2147483647"/>
</pin_list>
<bind>
<StgValue><ssdm name=""/></StgValue>
</bind>
</comp>

<comp id="22" class="1001" name="const_22">
<pin_list>
<pin id="23" dir="1" index="0" bw="1" slack="2147483647"/>
</pin_list>
<bind>
<StgValue><ssdm name=""/></StgValue>
</bind>
</comp>

<comp id="24" class="1001" name="const_24">
<pin_list>
<pin id="25" dir="1" index="0" bw="1" slack="2147483647"/>
</pin_list>
<bind>
<StgValue><ssdm name=""/></StgValue>
</bind>
</comp>

<comp id="26" class="1001" name="const_26">
<pin_list>
<pin id="27" dir="1" index="0" bw="1" slack="2147483647"/>
</pin_list>
<bind>
<StgValue><ssdm name=""/></StgValue>
</bind>
</comp>

<comp id="28" class="1001" name="const_28">
<pin_list>
<pin id="29" dir="1" index="0" bw="1" slack="2147483647"/>
</pin_list>
<bind>
<StgValue><ssdm name=""/></StgValue>
</bind>
</comp>

<comp id="30" class="1001" name="const_30">
<pin_list>
<pin id="31" dir="1" index="0" bw="1" slack="2147483647"/>
</pin_list>
<bind>
<StgValue><ssdm name=""/></StgValue>
</bind>
</comp>

<comp id="32" class="1001" name="const_32">
<pin_list>
<pin id="33" dir="1" index="0" bw="1" slack="2147483647"/>
</pin_list>
<bind>
<StgValue><ssdm name=""/></StgValue>
</bind>
</comp>

<comp id="34" class="1001" name="const_34">
<pin_list>
<pin id="35" dir="1" index="0" bw="1" slack="2147483647"/>
</pin_list>
<bind>
<StgValue><ssdm name=""/></StgValue>
</bind>
</comp>

<comp id="36" class="1001" name="const_36">
<pin_list>
<pin id="37" dir="1" index="0" bw="1" slack="2147483647"/>
</pin_list>
<bind>
<StgValue><ssdm name=""/></StgValue>
</bind>
</comp>

<comp id="38" class="1001" name="const_38">
<pin_list>
<pin id="39" dir="1" index="0" bw="1" slack="2147483647"/>
</pin_list>
<bind>
<StgValue><ssdm name=""/></StgValue>
</bind>
</comp>

<comp id="40" class="1001" name="const_40">
<pin_list>
<pin id="41" dir="1" index="0" bw="1" slack="2147483647"/>
</pin_list>
<bind>
<StgValue><ssdm name=""/></StgValue>
</bind>
</comp>

<comp id="42" class="1001" name="const_42">
<pin_list>
<pin id="43" dir="1" index="0" bw="1" slack="2147483647"/>
</pin_list>
<bind>
<StgValue><ssdm name=""/></StgValue>
</bind>
</comp>

<comp id="44" class="1001" name="const_44">
<pin_list>
<pin id="45" dir="1" index="0" bw="1" slack="2147483647"/>
</pin_list>
<bind>
<StgValue><ssdm name=""/></StgValue>
</bind>
</comp>

<comp id="46" class="1001" name="const_46">
<pin_list>
<pin id="47" dir="1" index="0" bw="1" slack="2147483647"/>
</pin_list>
<bind>
<StgValue><ssdm name=""/></StgValue>
</bind>
</comp>

<comp id="48" class="1001" name="const_48">
<pin_list>
<pin id="49" dir="1" index="0" bw="1" slack="2147483647"/>
</pin_list>
<bind>
<StgValue><ssdm name=""/></StgValue>
</bind>
</comp>

<comp id="50" class="1001" name="const_50">
<pin_list>
<pin id="51" dir="1" index="0" bw="1" slack="0"/>
</pin_list>
<bind>
<StgValue><ssdm name=""/></StgValue>
</bind>
</comp>

<comp id="52" class="1001" name="const_52">
<pin_list>
<pin id="53" dir="1" index="0" bw="1" slack="0"/>
</pin_list>
<bind>
<StgValue><ssdm name=""/></StgValue>
</bind>
</comp>

<comp id="54" class="1001" name="const_54">
<pin_list>
<pin id="55" dir="1" index="0" bw="1" slack="0"/>
</pin_list>
<bind>
<StgValue><ssdm name=""/></StgValue>
</bind>
</comp>

<comp id="56" class="1001" name="const_56">
<pin_list>
<pin id="57" dir="1" index="0" bw="1" slack="0"/>
</pin_list>
<bind>
<StgValue><ssdm name=""/></StgValue>
</bind>
</comp>

<comp id="58" class="1001" name="const_58">
<pin_list>
<pin id="59" dir="1" index="0" bw="1" slack="0"/>
</pin_list>
<bind>
<StgValue><ssdm name=""/></StgValue>
</bind>
</comp>

<comp id="60" class="1001" name="const_60">
<pin_list>
<pin id="61" dir="1" index="0" bw="1" slack="0"/>
</pin_list>
<bind>
<StgValue><ssdm name=""/></StgValue>
</bind>
</comp>

<comp id="62" class="1001" name="const_62">
<pin_list>
<pin id="63" dir="1" index="0" bw="1" slack="0"/>
</pin_list>
<bind>
<StgValue><ssdm name=""/></StgValue>
</bind>
</comp>

<comp id="64" class="1001" name="const_64">
<pin_list>
<pin id="65" dir="1" index="0" bw="1" slack="0"/>
</pin_list>
<bind>
<StgValue><ssdm name=""/></StgValue>
</bind>
</comp>

<comp id="66" class="1001" name="const_66">
<pin_list>
<pin id="67" dir="1" index="0" bw="1" slack="0"/>
</pin_list>
<bind>
<StgValue><ssdm name=""/></StgValue>
</bind>
</comp>

<comp id="68" class="1001" name="const_68">
<pin_list>
<pin id="69" dir="1" index="0" bw="1" slack="0"/>
</pin_list>
<bind>
<StgValue><ssdm name=""/></StgValue>
</bind>
</comp>

<comp id="70" class="1001" name="const_70">
<pin_list>
<pin id="71" dir="1" index="0" bw="1" slack="0"/>
</pin_list>
<bind>
<StgValue><ssdm name=""/></StgValue>
</bind>
</comp>

<comp id="72" class="1001" name="const_72">
<pin_list>
<pin id="73" dir="1" index="0" bw="1" slack="0"/>
</pin_list>
<bind>
<StgValue><ssdm name=""/></StgValue>
</bind>
</comp>

<comp id="74" class="1001" name="const_74">
<pin_list>
<pin id="75" dir="1" index="0" bw="1" slack="0"/>
</pin_list>
<bind>
<StgValue><ssdm name=""/></StgValue>
</bind>
</comp>

<comp id="76" class="1001" name="const_76">
<pin_list>
<pin id="77" dir="1" index="0" bw="1" slack="0"/>
</pin_list>
<bind>
<StgValue><ssdm name=""/></StgValue>
</bind>
</comp>

<comp id="78" class="1001" name="const_78">
<pin_list>
<pin id="79" dir="1" index="0" bw="1" slack="0"/>
</pin_list>
<bind>
<StgValue><ssdm name=""/></StgValue>
</bind>
</comp>

<comp id="80" class="1001" name="const_80">
<pin_list>
<pin id="81" dir="1" index="0" bw="1" slack="0"/>
</pin_list>
<bind>
<StgValue><ssdm name=""/></StgValue>
</bind>
</comp>

<comp id="82" class="1001" name="const_82">
<pin_list>
<pin id="83" dir="1" index="0" bw="1" slack="0"/>
</pin_list>
<bind>
<StgValue><ssdm name=""/></StgValue>
</bind>
</comp>

<comp id="84" class="1001" name="const_84">
<pin_list>
<pin id="85" dir="1" index="0" bw="1" slack="0"/>
</pin_list>
<bind>
<StgValue><ssdm name=""/></StgValue>
</bind>
</comp>

<comp id="86" class="1001" name="const_86">
<pin_list>
<pin id="87" dir="1" index="0" bw="1" slack="0"/>
</pin_list>
<bind>
<StgValue><ssdm name=""/></StgValue>
</bind>
</comp>

<comp id="88" class="1001" name="const_88">
<pin_list>
<pin id="89" dir="1" index="0" bw="1" slack="0"/>
</pin_list>
<bind>
<StgValue><ssdm name=""/></StgValue>
</bind>
</comp>

<comp id="90" class="1001" name="const_90">
<pin_list>
<pin id="91" dir="1" index="0" bw="1" slack="0"/>
</pin_list>
<bind>
<StgValue><ssdm name=""/></StgValue>
</bind>
</comp>

<comp id="92" class="1001" name="const_92">
<pin_list>
<pin id="93" dir="1" index="0" bw="1" slack="0"/>
</pin_list>
<bind>
<StgValue><ssdm name=""/></StgValue>
</bind>
</comp>

<comp id="94" class="1001" name="const_94">
<pin_list>
<pin id="95" dir="1" index="0" bw="1" slack="0"/>
</pin_list>
<bind>
<StgValue><ssdm name=""/></StgValue>
</bind>
</comp>

<comp id="96" class="1001" name="const_96">
<pin_list>
<pin id="97" dir="1" index="0" bw="1" slack="0"/>
</pin_list>
<bind>
<StgValue><ssdm name=""/></StgValue>
</bind>
</comp>

<comp id="98" class="1001" name="const_98">
<pin_list>
<pin id="99" dir="1" index="0" bw="1" slack="0"/>
</pin_list>
<bind>
<StgValue><ssdm name=""/></StgValue>
</bind>
</comp>

<comp id="100" class="1001" name="const_100">
<pin_list>
<pin id="101" dir="1" index="0" bw="1" slack="0"/>
</pin_list>
<bind>
<StgValue><ssdm name=""/></StgValue>
</bind>
</comp>

<comp id="102" class="1001" name="const_102">
<pin_list>
<pin id="103" dir="1" index="0" bw="1" slack="0"/>
</pin_list>
<bind>
<StgValue><ssdm name=""/></StgValue>
</bind>
</comp>

<comp id="104" class="1001" name="const_104">
<pin_list>
<pin id="105" dir="1" index="0" bw="1" slack="0"/>
</pin_list>
<bind>
<StgValue><ssdm name=""/></StgValue>
</bind>
</comp>

<comp id="106" class="1001" name="const_106">
<pin_list>
<pin id="107" dir="1" index="0" bw="1" slack="0"/>
</pin_list>
<bind>
<StgValue><ssdm name=""/></StgValue>
</bind>
</comp>

<comp id="108" class="1001" name="const_108">
<pin_list>
<pin id="109" dir="1" index="0" bw="1" slack="0"/>
</pin_list>
<bind>
<StgValue><ssdm name=""/></StgValue>
</bind>
</comp>

<comp id="110" class="1001" name="const_110">
<pin_list>
<pin id="111" dir="1" index="0" bw="1" slack="0"/>
</pin_list>
<bind>
<StgValue><ssdm name=""/></StgValue>
</bind>
</comp>

<comp id="112" class="1001" name="const_112">
<pin_list>
<pin id="113" dir="1" index="0" bw="1" slack="0"/>
</pin_list>
<bind>
<StgValue><ssdm name=""/></StgValue>
</bind>
</comp>

<comp id="114" class="1001" name="const_114">
<pin_list>
<pin id="115" dir="1" index="0" bw="1" slack="0"/>
</pin_list>
<bind>
<StgValue><ssdm name=""/></StgValue>
</bind>
</comp>

<comp id="116" class="1001" name="const_116">
<pin_list>
<pin id="117" dir="1" index="0" bw="1" slack="0"/>
</pin_list>
<bind>
<StgValue><ssdm name=""/></StgValue>
</bind>
</comp>

<comp id="118" class="1001" name="const_118">
<pin_list>
<pin id="119" dir="1" index="0" bw="1" slack="0"/>
</pin_list>
<bind>
<StgValue><ssdm name=""/></StgValue>
</bind>
</comp>

<comp id="120" class="1001" name="const_120">
<pin_list>
<pin id="121" dir="1" index="0" bw="1" slack="0"/>
</pin_list>
<bind>
<StgValue><ssdm name=""/></StgValue>
</bind>
</comp>

<comp id="122" class="1001" name="const_122">
<pin_list>
<pin id="123" dir="1" index="0" bw="1" slack="0"/>
</pin_list>
<bind>
<StgValue><ssdm name=""/></StgValue>
</bind>
</comp>

<comp id="124" class="1001" name="const_124">
<pin_list>
<pin id="125" dir="1" index="0" bw="1" slack="0"/>
</pin_list>
<bind>
<StgValue><ssdm name=""/></StgValue>
</bind>
</comp>

<comp id="126" class="1001" name="const_126">
<pin_list>
<pin id="127" dir="1" index="0" bw="1" slack="0"/>
</pin_list>
<bind>
<StgValue><ssdm name=""/></StgValue>
</bind>
</comp>

<comp id="128" class="1001" name="const_128">
<pin_list>
<pin id="129" dir="1" index="0" bw="1" slack="0"/>
</pin_list>
<bind>
<StgValue><ssdm name=""/></StgValue>
</bind>
</comp>

<comp id="130" class="1001" name="const_130">
<pin_list>
<pin id="131" dir="1" index="0" bw="1" slack="0"/>
</pin_list>
<bind>
<StgValue><ssdm name=""/></StgValue>
</bind>
</comp>

<comp id="132" class="1001" name="const_132">
<pin_list>
<pin id="133" dir="1" index="0" bw="1" slack="0"/>
</pin_list>
<bind>
<StgValue><ssdm name=""/></StgValue>
</bind>
</comp>

<comp id="134" class="1001" name="const_134">
<pin_list>
<pin id="135" dir="1" index="0" bw="1" slack="0"/>
</pin_list>
<bind>
<StgValue><ssdm name=""/></StgValue>
</bind>
</comp>

<comp id="136" class="1001" name="const_136">
<pin_list>
<pin id="137" dir="1" index="0" bw="1" slack="0"/>
</pin_list>
<bind>
<StgValue><ssdm name=""/></StgValue>
</bind>
</comp>

<comp id="138" class="1001" name="const_138">
<pin_list>
<pin id="139" dir="1" index="0" bw="1" slack="0"/>
</pin_list>
<bind>
<StgValue><ssdm name=""/></StgValue>
</bind>
</comp>

<comp id="140" class="1001" name="const_140">
<pin_list>
<pin id="141" dir="1" index="0" bw="1" slack="0"/>
</pin_list>
<bind>
<StgValue><ssdm name=""/></StgValue>
</bind>
</comp>

<comp id="142" class="1001" name="const_142">
<pin_list>
<pin id="143" dir="1" index="0" bw="1" slack="0"/>
</pin_list>
<bind>
<StgValue><ssdm name=""/></StgValue>
</bind>
</comp>

<comp id="144" class="1001" name="const_144">
<pin_list>
<pin id="145" dir="1" index="0" bw="1" slack="0"/>
</pin_list>
<bind>
<StgValue><ssdm name=""/></StgValue>
</bind>
</comp>

<comp id="146" class="1001" name="const_146">
<pin_list>
<pin id="147" dir="1" index="0" bw="1" slack="0"/>
</pin_list>
<bind>
<StgValue><ssdm name=""/></StgValue>
</bind>
</comp>

<comp id="148" class="1001" name="const_148">
<pin_list>
<pin id="149" dir="1" index="0" bw="1" slack="0"/>
</pin_list>
<bind>
<StgValue><ssdm name=""/></StgValue>
</bind>
</comp>

<comp id="150" class="1004" name="tmp_V_read_read_fu_150">
<pin_list>
<pin id="151" dir="0" index="0" bw="64" slack="0"/>
<pin id="152" dir="0" index="1" bw="64" slack="0"/>
<pin id="153" dir="1" index="2" bw="64" slack="0"/>
</pin_list>
<bind>
<opcode="read(1150) " fcode="read"/>
<opset="tmp_V_read/1 "/>
</bind>
</comp>

<comp id="156" class="1005" name="p_s_reg_156">
<pin_list>
<pin id="157" dir="0" index="0" bw="4" slack="2147483647"/>
<pin id="158" dir="1" index="1" bw="4" slack="2147483647"/>
</pin_list>
<bind>
<opset="p_s (phireg) "/>
</bind>
</comp>

<comp id="159" class="1004" name="p_s_phi_fu_159">
<pin_list>
<pin id="160" dir="0" index="0" bw="1" slack="0"/>
<pin id="161" dir="0" index="1" bw="0" slack="2147483647"/>
<pin id="162" dir="0" index="2" bw="1" slack="0"/>
<pin id="163" dir="0" index="3" bw="0" slack="2147483647"/>
<pin id="164" dir="0" index="4" bw="3" slack="0"/>
<pin id="165" dir="0" index="5" bw="0" slack="2147483647"/>
<pin id="166" dir="0" index="6" bw="3" slack="0"/>
<pin id="167" dir="0" index="7" bw="0" slack="2147483647"/>
<pin id="168" dir="0" index="8" bw="4" slack="0"/>
<pin id="169" dir="0" index="9" bw="0" slack="2147483647"/>
<pin id="170" dir="0" index="10" bw="4" slack="0"/>
<pin id="171" dir="0" index="11" bw="0" slack="2147483647"/>
<pin id="172" dir="0" index="12" bw="4" slack="0"/>
<pin id="173" dir="0" index="13" bw="0" slack="2147483647"/>
<pin id="174" dir="0" index="14" bw="4" slack="0"/>
<pin id="175" dir="0" index="15" bw="0" slack="2147483647"/>
<pin id="176" dir="0" index="16" bw="4" slack="0"/>
<pin id="177" dir="0" index="17" bw="0" slack="2147483647"/>
<pin id="178" dir="0" index="18" bw="4" slack="0"/>
<pin id="179" dir="0" index="19" bw="0" slack="2147483647"/>
<pin id="180" dir="0" index="20" bw="4" slack="0"/>
<pin id="181" dir="0" index="21" bw="0" slack="2147483647"/>
<pin id="182" dir="0" index="22" bw="4" slack="0"/>
<pin id="183" dir="0" index="23" bw="0" slack="2147483647"/>
<pin id="184" dir="0" index="24" bw="3" slack="0"/>
<pin id="185" dir="0" index="25" bw="0" slack="2147483647"/>
<pin id="186" dir="0" index="26" bw="3" slack="0"/>
<pin id="187" dir="0" index="27" bw="0" slack="2147483647"/>
<pin id="188" dir="0" index="28" bw="2" slack="0"/>
<pin id="189" dir="0" index="29" bw="0" slack="2147483647"/>
<pin id="190" dir="0" index="30" bw="1" slack="0"/>
<pin id="191" dir="0" index="31" bw="0" slack="2147483647"/>
<pin id="192" dir="0" index="32" bw="1" slack="0"/>
<pin id="193" dir="0" index="33" bw="0" slack="2147483647"/>
<pin id="194" dir="1" index="34" bw="4" slack="0"/>
</pin_list>
<bind>
<opcode="phi(47) " fcode="phi"/>
<opset="p_s/1 "/>
</bind>
</comp>

<comp id="212" class="1005" name="p_1_reg_212">
<pin_list>
<pin id="213" dir="0" index="0" bw="5" slack="2147483647"/>
<pin id="214" dir="1" index="1" bw="5" slack="2147483647"/>
</pin_list>
<bind>
<opset="p_1 (phireg) "/>
</bind>
</comp>

<comp id="215" class="1004" name="p_1_phi_fu_215">
<pin_list>
<pin id="216" dir="0" index="0" bw="1" slack="0"/>
<pin id="217" dir="0" index="1" bw="0" slack="2147483647"/>
<pin id="218" dir="0" index="2" bw="5" slack="0"/>
<pin id="219" dir="0" index="3" bw="0" slack="2147483647"/>
<pin id="220" dir="0" index="4" bw="5" slack="0"/>
<pin id="221" dir="0" index="5" bw="0" slack="2147483647"/>
<pin id="222" dir="0" index="6" bw="5" slack="0"/>
<pin id="223" dir="0" index="7" bw="0" slack="2147483647"/>
<pin id="224" dir="0" index="8" bw="5" slack="0"/>
<pin id="225" dir="0" index="9" bw="0" slack="2147483647"/>
<pin id="226" dir="0" index="10" bw="5" slack="0"/>
<pin id="227" dir="0" index="11" bw="0" slack="2147483647"/>
<pin id="228" dir="0" index="12" bw="5" slack="0"/>
<pin id="229" dir="0" index="13" bw="0" slack="2147483647"/>
<pin id="230" dir="0" index="14" bw="5" slack="0"/>
<pin id="231" dir="0" index="15" bw="0" slack="2147483647"/>
<pin id="232" dir="0" index="16" bw="4" slack="0"/>
<pin id="233" dir="0" index="17" bw="0" slack="2147483647"/>
<pin id="234" dir="0" index="18" bw="4" slack="0"/>
<pin id="235" dir="0" index="19" bw="0" slack="2147483647"/>
<pin id="236" dir="0" index="20" bw="4" slack="0"/>
<pin id="237" dir="0" index="21" bw="0" slack="2147483647"/>
<pin id="238" dir="0" index="22" bw="4" slack="0"/>
<pin id="239" dir="0" index="23" bw="0" slack="2147483647"/>
<pin id="240" dir="0" index="24" bw="3" slack="0"/>
<pin id="241" dir="0" index="25" bw="0" slack="2147483647"/>
<pin id="242" dir="0" index="26" bw="3" slack="0"/>
<pin id="243" dir="0" index="27" bw="0" slack="2147483647"/>
<pin id="244" dir="0" index="28" bw="2" slack="0"/>
<pin id="245" dir="0" index="29" bw="0" slack="2147483647"/>
<pin id="246" dir="0" index="30" bw="1" slack="0"/>
<pin id="247" dir="0" index="31" bw="0" slack="2147483647"/>
<pin id="248" dir="0" index="32" bw="5" slack="0"/>
<pin id="249" dir="0" index="33" bw="0" slack="2147483647"/>
<pin id="250" dir="1" index="34" bw="5" slack="0"/>
</pin_list>
<bind>
<opcode="phi(47) " fcode="phi"/>
<opset="p_1/1 "/>
</bind>
</comp>

<comp id="268" class="1005" name="p_2_reg_268">
<pin_list>
<pin id="269" dir="0" index="0" bw="6" slack="2147483647"/>
<pin id="270" dir="1" index="1" bw="6" slack="2147483647"/>
</pin_list>
<bind>
<opset="p_2 (phireg) "/>
</bind>
</comp>

<comp id="271" class="1004" name="p_2_phi_fu_271">
<pin_list>
<pin id="272" dir="0" index="0" bw="1" slack="0"/>
<pin id="273" dir="0" index="1" bw="0" slack="2147483647"/>
<pin id="274" dir="0" index="2" bw="6" slack="0"/>
<pin id="275" dir="0" index="3" bw="0" slack="2147483647"/>
<pin id="276" dir="0" index="4" bw="6" slack="0"/>
<pin id="277" dir="0" index="5" bw="0" slack="2147483647"/>
<pin id="278" dir="0" index="6" bw="6" slack="0"/>
<pin id="279" dir="0" index="7" bw="0" slack="2147483647"/>
<pin id="280" dir="0" index="8" bw="6" slack="0"/>
<pin id="281" dir="0" index="9" bw="0" slack="2147483647"/>
<pin id="282" dir="0" index="10" bw="6" slack="0"/>
<pin id="283" dir="0" index="11" bw="0" slack="2147483647"/>
<pin id="284" dir="0" index="12" bw="6" slack="0"/>
<pin id="285" dir="0" index="13" bw="0" slack="2147483647"/>
<pin id="286" dir="0" index="14" bw="6" slack="0"/>
<pin id="287" dir="0" index="15" bw="0" slack="2147483647"/>
<pin id="288" dir="0" index="16" bw="6" slack="0"/>
<pin id="289" dir="0" index="17" bw="0" slack="2147483647"/>
<pin id="290" dir="0" index="18" bw="6" slack="0"/>
<pin id="291" dir="0" index="19" bw="0" slack="2147483647"/>
<pin id="292" dir="0" index="20" bw="6" slack="0"/>
<pin id="293" dir="0" index="21" bw="0" slack="2147483647"/>
<pin id="294" dir="0" index="22" bw="6" slack="0"/>
<pin id="295" dir="0" index="23" bw="0" slack="2147483647"/>
<pin id="296" dir="0" index="24" bw="6" slack="0"/>
<pin id="297" dir="0" index="25" bw="0" slack="2147483647"/>
<pin id="298" dir="0" index="26" bw="6" slack="0"/>
<pin id="299" dir="0" index="27" bw="0" slack="2147483647"/>
<pin id="300" dir="0" index="28" bw="6" slack="0"/>
<pin id="301" dir="0" index="29" bw="0" slack="2147483647"/>
<pin id="302" dir="0" index="30" bw="6" slack="0"/>
<pin id="303" dir="0" index="31" bw="0" slack="2147483647"/>
<pin id="304" dir="0" index="32" bw="6" slack="0"/>
<pin id="305" dir="0" index="33" bw="0" slack="2147483647"/>
<pin id="306" dir="1" index="34" bw="6" slack="0"/>
</pin_list>
<bind>
<opcode="phi(47) " fcode="phi"/>
<opset="p_2/1 "/>
</bind>
</comp>

<comp id="324" class="1005" name="p_3_reg_324">
<pin_list>
<pin id="325" dir="0" index="0" bw="5" slack="2147483647"/>
<pin id="326" dir="1" index="1" bw="5" slack="2147483647"/>
</pin_list>
<bind>
<opset="p_3 (phireg) "/>
</bind>
</comp>

<comp id="327" class="1004" name="p_3_phi_fu_327">
<pin_list>
<pin id="328" dir="0" index="0" bw="1" slack="0"/>
<pin id="329" dir="0" index="1" bw="0" slack="2147483647"/>
<pin id="330" dir="0" index="2" bw="5" slack="0"/>
<pin id="331" dir="0" index="3" bw="0" slack="2147483647"/>
<pin id="332" dir="0" index="4" bw="5" slack="0"/>
<pin id="333" dir="0" index="5" bw="0" slack="2147483647"/>
<pin id="334" dir="0" index="6" bw="5" slack="0"/>
<pin id="335" dir="0" index="7" bw="0" slack="2147483647"/>
<pin id="336" dir="0" index="8" bw="5" slack="0"/>
<pin id="337" dir="0" index="9" bw="0" slack="2147483647"/>
<pin id="338" dir="0" index="10" bw="5" slack="0"/>
<pin id="339" dir="0" index="11" bw="0" slack="2147483647"/>
<pin id="340" dir="0" index="12" bw="5" slack="0"/>
<pin id="341" dir="0" index="13" bw="0" slack="2147483647"/>
<pin id="342" dir="0" index="14" bw="5" slack="0"/>
<pin id="343" dir="0" index="15" bw="0" slack="2147483647"/>
<pin id="344" dir="0" index="16" bw="4" slack="0"/>
<pin id="345" dir="0" index="17" bw="0" slack="2147483647"/>
<pin id="346" dir="0" index="18" bw="4" slack="0"/>
<pin id="347" dir="0" index="19" bw="0" slack="2147483647"/>
<pin id="348" dir="0" index="20" bw="4" slack="0"/>
<pin id="349" dir="0" index="21" bw="0" slack="2147483647"/>
<pin id="350" dir="0" index="22" bw="4" slack="0"/>
<pin id="351" dir="0" index="23" bw="0" slack="2147483647"/>
<pin id="352" dir="0" index="24" bw="3" slack="0"/>
<pin id="353" dir="0" index="25" bw="0" slack="2147483647"/>
<pin id="354" dir="0" index="26" bw="3" slack="0"/>
<pin id="355" dir="0" index="27" bw="0" slack="2147483647"/>
<pin id="356" dir="0" index="28" bw="2" slack="0"/>
<pin id="357" dir="0" index="29" bw="0" slack="2147483647"/>
<pin id="358" dir="0" index="30" bw="1" slack="0"/>
<pin id="359" dir="0" index="31" bw="0" slack="2147483647"/>
<pin id="360" dir="0" index="32" bw="5" slack="0"/>
<pin id="361" dir="0" index="33" bw="0" slack="2147483647"/>
<pin id="362" dir="1" index="34" bw="5" slack="0"/>
</pin_list>
<bind>
<opcode="phi(47) " fcode="phi"/>
<opset="p_3/1 "/>
</bind>
</comp>

<comp id="380" class="1004" name="AA_V_fu_380">
<pin_list>
<pin id="381" dir="0" index="0" bw="64" slack="0"/>
<pin id="382" dir="1" index="1" bw="16" slack="0"/>
</pin_list>
<bind>
<opcode="trunc(33) " fcode="trunc"/>
<opset="AA_V/1 "/>
</bind>
</comp>

<comp id="384" class="1004" name="BB_V_fu_384">
<pin_list>
<pin id="385" dir="0" index="0" bw="16" slack="0"/>
<pin id="386" dir="0" index="1" bw="64" slack="0"/>
<pin id="387" dir="0" index="2" bw="6" slack="0"/>
<pin id="388" dir="0" index="3" bw="6" slack="0"/>
<pin id="389" dir="1" index="4" bw="16" slack="0"/>
</pin_list>
<bind>
<opcode="partselect(1002) " fcode="partselect"/>
<opset="BB_V/1 "/>
</bind>
</comp>

<comp id="394" class="1004" name="CC_V_fu_394">
<pin_list>
<pin id="395" dir="0" index="0" bw="16" slack="0"/>
<pin id="396" dir="0" index="1" bw="64" slack="0"/>
<pin id="397" dir="0" index="2" bw="7" slack="0"/>
<pin id="398" dir="0" index="3" bw="7" slack="0"/>
<pin id="399" dir="1" index="4" bw="16" slack="0"/>
</pin_list>
<bind>
<opcode="partselect(1002) " fcode="partselect"/>
<opset="CC_V/1 "/>
</bind>
</comp>

<comp id="404" class="1004" name="DD_V_fu_404">
<pin_list>
<pin id="405" dir="0" index="0" bw="16" slack="0"/>
<pin id="406" dir="0" index="1" bw="64" slack="0"/>
<pin id="407" dir="0" index="2" bw="7" slack="0"/>
<pin id="408" dir="0" index="3" bw="7" slack="0"/>
<pin id="409" dir="1" index="4" bw="16" slack="0"/>
</pin_list>
<bind>
<opcode="partselect(1002) " fcode="partselect"/>
<opset="DD_V/1 "/>
</bind>
</comp>

<comp id="414" class="1004" name="tmp_1_fu_414">
<pin_list>
<pin id="415" dir="0" index="0" bw="16" slack="0"/>
<pin id="416" dir="0" index="1" bw="1" slack="0"/>
<pin id="417" dir="1" index="2" bw="1" slack="2147483647"/>
</pin_list>
<bind>
<opcode="icmp(45) " fcode="icmp"/>
<opset="tmp_1/1 "/>
</bind>
</comp>

<comp id="420" class="1004" name="p_cast_fu_420">
<pin_list>
<pin id="421" dir="0" index="0" bw="4" slack="0"/>
<pin id="422" dir="1" index="1" bw="6" slack="0"/>
</pin_list>
<bind>
<opcode="zext(34) " fcode="zext"/>
<opset="p_cast/1 "/>
</bind>
</comp>

<comp id="424" class="1004" name="tmp_4_fu_424">
<pin_list>
<pin id="425" dir="0" index="0" bw="16" slack="0"/>
<pin id="426" dir="0" index="1" bw="1" slack="0"/>
<pin id="427" dir="1" index="2" bw="1" slack="2147483647"/>
</pin_list>
<bind>
<opcode="icmp(45) " fcode="icmp"/>
<opset="tmp_4/1 "/>
</bind>
</comp>

<comp id="430" class="1004" name="p_1_cast_fu_430">
<pin_list>
<pin id="431" dir="0" index="0" bw="5" slack="0"/>
<pin id="432" dir="1" index="1" bw="6" slack="0"/>
</pin_list>
<bind>
<opcode="zext(34) " fcode="zext"/>
<opset="p_1_cast/1 "/>
</bind>
</comp>

<comp id="434" class="1004" name="tmp_8_fu_434">
<pin_list>
<pin id="435" dir="0" index="0" bw="16" slack="0"/>
<pin id="436" dir="0" index="1" bw="1" slack="0"/>
<pin id="437" dir="1" index="2" bw="1" slack="2147483647"/>
</pin_list>
<bind>
<opcode="icmp(45) " fcode="icmp"/>
<opset="tmp_8/1 "/>
</bind>
</comp>

<comp id="440" class="1004" name="p_2_cast_fu_440">
<pin_list>
<pin id="441" dir="0" index="0" bw="6" slack="0"/>
<pin id="442" dir="1" index="1" bw="7" slack="0"/>
</pin_list>
<bind>
<opcode="zext(34) " fcode="zext"/>
<opset="p_2_cast/1 "/>
</bind>
</comp>

<comp id="444" class="1004" name="tmp_3_fu_444">
<pin_list>
<pin id="445" dir="0" index="0" bw="16" slack="0"/>
<pin id="446" dir="0" index="1" bw="1" slack="0"/>
<pin id="447" dir="1" index="2" bw="1" slack="2147483647"/>
</pin_list>
<bind>
<opcode="icmp(45) " fcode="icmp"/>
<opset="tmp_3/1 "/>
</bind>
</comp>

<comp id="450" class="1004" name="p_3_cast2_fu_450">
<pin_list>
<pin id="451" dir="0" index="0" bw="5" slack="0"/>
<pin id="452" dir="1" index="1" bw="6" slack="0"/>
</pin_list>
<bind>
<opcode="sext(35) " fcode="sext"/>
<opset="p_3_cast2/1 "/>
</bind>
</comp>

<comp id="454" class="1004" name="p_3_cast_fu_454">
<pin_list>
<pin id="455" dir="0" index="0" bw="5" slack="0"/>
<pin id="456" dir="1" index="1" bw="7" slack="0"/>
</pin_list>
<bind>
<opcode="zext(34) " fcode="zext"/>
<opset="p_3_cast/1 "/>
</bind>
</comp>

<comp id="458" class="1004" name="tmp_fu_458">
<pin_list>
<pin id="459" dir="0" index="0" bw="5" slack="0"/>
<pin id="460" dir="0" index="1" bw="4" slack="0"/>
<pin id="461" dir="1" index="2" bw="6" slack="0"/>
</pin_list>
<bind>
<opcode="add(8) " fcode="add"/>
<opset="tmp/1 "/>
</bind>
</comp>

<comp id="464" class="1004" name="tmp_cast_fu_464">
<pin_list>
<pin id="465" dir="0" index="0" bw="6" slack="0"/>
<pin id="466" dir="1" index="1" bw="8" slack="0"/>
</pin_list>
<bind>
<opcode="zext(34) " fcode="zext"/>
<opset="tmp_cast/1 "/>
</bind>
</comp>

<comp id="468" class="1004" name="tmp1_fu_468">
<pin_list>
<pin id="469" dir="0" index="0" bw="6" slack="0"/>
<pin id="470" dir="0" index="1" bw="6" slack="0"/>
<pin id="471" dir="1" index="2" bw="7" slack="0"/>
</pin_list>
<bind>
<opcode="add(8) " fcode="add"/>
<opset="tmp1/1 "/>
</bind>
</comp>

<comp id="474" class="1004" name="tmp1_cast_fu_474">
<pin_list>
<pin id="475" dir="0" index="0" bw="7" slack="0"/>
<pin id="476" dir="1" index="1" bw="8" slack="0"/>
</pin_list>
<bind>
<opcode="zext(34) " fcode="zext"/>
<opset="tmp1_cast/1 "/>
</bind>
</comp>

<comp id="478" class="1004" name="loc1_V_fu_478">
<pin_list>
<pin id="479" dir="0" index="0" bw="7" slack="0"/>
<pin id="480" dir="0" index="1" bw="6" slack="0"/>
<pin id="481" dir="1" index="2" bw="8" slack="2147483647"/>
</pin_list>
<bind>
<opcode="add(8) " fcode="add"/>
<opset="loc1_V/1 "/>
</bind>
</comp>

</comp_list>

<net_list>
<net id="154"><net_src comp="2" pin="0"/><net_sink comp="150" pin=0"/></net>

<net id="155"><net_src comp="0" pin="0"/><net_sink comp="150" pin=1"/></net>

<net id="195"><net_src comp="50" pin="0"/><net_sink comp="159" pin=0"/></net>

<net id="196"><net_src comp="52" pin="0"/><net_sink comp="159" pin=2"/></net>

<net id="197"><net_src comp="54" pin="0"/><net_sink comp="159" pin=4"/></net>

<net id="198"><net_src comp="56" pin="0"/><net_sink comp="159" pin=6"/></net>

<net id="199"><net_src comp="58" pin="0"/><net_sink comp="159" pin=8"/></net>

<net id="200"><net_src comp="60" pin="0"/><net_sink comp="159" pin=10"/></net>

<net id="201"><net_src comp="62" pin="0"/><net_sink comp="159" pin=12"/></net>

<net id="202"><net_src comp="64" pin="0"/><net_sink comp="159" pin=14"/></net>

<net id="203"><net_src comp="66" pin="0"/><net_sink comp="159" pin=16"/></net>

<net id="204"><net_src comp="68" pin="0"/><net_sink comp="159" pin=18"/></net>

<net id="205"><net_src comp="70" pin="0"/><net_sink comp="159" pin=20"/></net>

<net id="206"><net_src comp="72" pin="0"/><net_sink comp="159" pin=22"/></net>

<net id="207"><net_src comp="74" pin="0"/><net_sink comp="159" pin=24"/></net>

<net id="208"><net_src comp="76" pin="0"/><net_sink comp="159" pin=26"/></net>

<net id="209"><net_src comp="78" pin="0"/><net_sink comp="159" pin=28"/></net>

<net id="210"><net_src comp="80" pin="0"/><net_sink comp="159" pin=30"/></net>

<net id="211"><net_src comp="50" pin="0"/><net_sink comp="159" pin=32"/></net>

<net id="251"><net_src comp="82" pin="0"/><net_sink comp="215" pin=0"/></net>

<net id="252"><net_src comp="84" pin="0"/><net_sink comp="215" pin=2"/></net>

<net id="253"><net_src comp="86" pin="0"/><net_sink comp="215" pin=4"/></net>

<net id="254"><net_src comp="88" pin="0"/><net_sink comp="215" pin=6"/></net>

<net id="255"><net_src comp="90" pin="0"/><net_sink comp="215" pin=8"/></net>

<net id="256"><net_src comp="92" pin="0"/><net_sink comp="215" pin=10"/></net>

<net id="257"><net_src comp="94" pin="0"/><net_sink comp="215" pin=12"/></net>

<net id="258"><net_src comp="96" pin="0"/><net_sink comp="215" pin=14"/></net>

<net id="259"><net_src comp="98" pin="0"/><net_sink comp="215" pin=16"/></net>

<net id="260"><net_src comp="100" pin="0"/><net_sink comp="215" pin=18"/></net>

<net id="261"><net_src comp="102" pin="0"/><net_sink comp="215" pin=20"/></net>

<net id="262"><net_src comp="104" pin="0"/><net_sink comp="215" pin=22"/></net>

<net id="263"><net_src comp="106" pin="0"/><net_sink comp="215" pin=24"/></net>

<net id="264"><net_src comp="108" pin="0"/><net_sink comp="215" pin=26"/></net>

<net id="265"><net_src comp="110" pin="0"/><net_sink comp="215" pin=28"/></net>

<net id="266"><net_src comp="112" pin="0"/><net_sink comp="215" pin=30"/></net>

<net id="267"><net_src comp="114" pin="0"/><net_sink comp="215" pin=32"/></net>

<net id="307"><net_src comp="116" pin="0"/><net_sink comp="271" pin=0"/></net>

<net id="308"><net_src comp="118" pin="0"/><net_sink comp="271" pin=2"/></net>

<net id="309"><net_src comp="120" pin="0"/><net_sink comp="271" pin=4"/></net>

<net id="310"><net_src comp="122" pin="0"/><net_sink comp="271" pin=6"/></net>

<net id="311"><net_src comp="124" pin="0"/><net_sink comp="271" pin=8"/></net>

<net id="312"><net_src comp="126" pin="0"/><net_sink comp="271" pin=10"/></net>

<net id="313"><net_src comp="128" pin="0"/><net_sink comp="271" pin=12"/></net>

<net id="314"><net_src comp="130" pin="0"/><net_sink comp="271" pin=14"/></net>

<net id="315"><net_src comp="132" pin="0"/><net_sink comp="271" pin=16"/></net>

<net id="316"><net_src comp="134" pin="0"/><net_sink comp="271" pin=18"/></net>

<net id="317"><net_src comp="136" pin="0"/><net_sink comp="271" pin=20"/></net>

<net id="318"><net_src comp="138" pin="0"/><net_sink comp="271" pin=22"/></net>

<net id="319"><net_src comp="140" pin="0"/><net_sink comp="271" pin=24"/></net>

<net id="320"><net_src comp="142" pin="0"/><net_sink comp="271" pin=26"/></net>

<net id="321"><net_src comp="144" pin="0"/><net_sink comp="271" pin=28"/></net>

<net id="322"><net_src comp="146" pin="0"/><net_sink comp="271" pin=30"/></net>

<net id="323"><net_src comp="148" pin="0"/><net_sink comp="271" pin=32"/></net>

<net id="363"><net_src comp="82" pin="0"/><net_sink comp="327" pin=0"/></net>

<net id="364"><net_src comp="84" pin="0"/><net_sink comp="327" pin=2"/></net>

<net id="365"><net_src comp="86" pin="0"/><net_sink comp="327" pin=4"/></net>

<net id="366"><net_src comp="88" pin="0"/><net_sink comp="327" pin=6"/></net>

<net id="367"><net_src comp="90" pin="0"/><net_sink comp="327" pin=8"/></net>

<net id="368"><net_src comp="92" pin="0"/><net_sink comp="327" pin=10"/></net>

<net id="369"><net_src comp="94" pin="0"/><net_sink comp="327" pin=12"/></net>

<net id="370"><net_src comp="96" pin="0"/><net_sink comp="327" pin=14"/></net>

<net id="371"><net_src comp="98" pin="0"/><net_sink comp="327" pin=16"/></net>

<net id="372"><net_src comp="100" pin="0"/><net_sink comp="327" pin=18"/></net>

<net id="373"><net_src comp="102" pin="0"/><net_sink comp="327" pin=20"/></net>

<net id="374"><net_src comp="104" pin="0"/><net_sink comp="327" pin=22"/></net>

<net id="375"><net_src comp="106" pin="0"/><net_sink comp="327" pin=24"/></net>

<net id="376"><net_src comp="108" pin="0"/><net_sink comp="327" pin=26"/></net>

<net id="377"><net_src comp="110" pin="0"/><net_sink comp="327" pin=28"/></net>

<net id="378"><net_src comp="112" pin="0"/><net_sink comp="327" pin=30"/></net>

<net id="379"><net_src comp="114" pin="0"/><net_sink comp="327" pin=32"/></net>

<net id="383"><net_src comp="150" pin="2"/><net_sink comp="380" pin=0"/></net>

<net id="390"><net_src comp="4" pin="0"/><net_sink comp="384" pin=0"/></net>

<net id="391"><net_src comp="150" pin="2"/><net_sink comp="384" pin=1"/></net>

<net id="392"><net_src comp="6" pin="0"/><net_sink comp="384" pin=2"/></net>

<net id="393"><net_src comp="8" pin="0"/><net_sink comp="384" pin=3"/></net>

<net id="400"><net_src comp="4" pin="0"/><net_sink comp="394" pin=0"/></net>

<net id="401"><net_src comp="150" pin="2"/><net_sink comp="394" pin=1"/></net>

<net id="402"><net_src comp="10" pin="0"/><net_sink comp="394" pin=2"/></net>

<net id="403"><net_src comp="12" pin="0"/><net_sink comp="394" pin=3"/></net>

<net id="410"><net_src comp="4" pin="0"/><net_sink comp="404" pin=0"/></net>

<net id="411"><net_src comp="150" pin="2"/><net_sink comp="404" pin=1"/></net>

<net id="412"><net_src comp="14" pin="0"/><net_sink comp="404" pin=2"/></net>

<net id="413"><net_src comp="16" pin="0"/><net_sink comp="404" pin=3"/></net>

<net id="418"><net_src comp="380" pin="1"/><net_sink comp="414" pin=0"/></net>

<net id="419"><net_src comp="18" pin="0"/><net_sink comp="414" pin=1"/></net>

<net id="423"><net_src comp="159" pin="34"/><net_sink comp="420" pin=0"/></net>

<net id="428"><net_src comp="384" pin="4"/><net_sink comp="424" pin=0"/></net>

<net id="429"><net_src comp="18" pin="0"/><net_sink comp="424" pin=1"/></net>

<net id="433"><net_src comp="215" pin="34"/><net_sink comp="430" pin=0"/></net>

<net id="438"><net_src comp="394" pin="4"/><net_sink comp="434" pin=0"/></net>

<net id="439"><net_src comp="18" pin="0"/><net_sink comp="434" pin=1"/></net>

<net id="443"><net_src comp="271" pin="34"/><net_sink comp="440" pin=0"/></net>

<net id="448"><net_src comp="404" pin="4"/><net_sink comp="444" pin=0"/></net>

<net id="449"><net_src comp="18" pin="0"/><net_sink comp="444" pin=1"/></net>

<net id="453"><net_src comp="327" pin="34"/><net_sink comp="450" pin=0"/></net>

<net id="457"><net_src comp="450" pin="1"/><net_sink comp="454" pin=0"/></net>

<net id="462"><net_src comp="430" pin="1"/><net_sink comp="458" pin=0"/></net>

<net id="463"><net_src comp="420" pin="1"/><net_sink comp="458" pin=1"/></net>

<net id="467"><net_src comp="458" pin="2"/><net_sink comp="464" pin=0"/></net>

<net id="472"><net_src comp="440" pin="1"/><net_sink comp="468" pin=0"/></net>

<net id="473"><net_src comp="454" pin="1"/><net_sink comp="468" pin=1"/></net>

<net id="477"><net_src comp="468" pin="2"/><net_sink comp="474" pin=0"/></net>

<net id="482"><net_src comp="474" pin="1"/><net_sink comp="478" pin=0"/></net>

<net id="483"><net_src comp="464" pin="1"/><net_sink comp="478" pin=1"/></net>

</net_list>

</model> 
---------------- Datapath Model END ------------------

* FSMD analyzer results:
  - Output states:
 - Input state : 
	Port: log_2_64bit : tmp_V | {1 }
  - Chain level:
	State 1
		tmp_1 : 1
		StgValue_8 : 2
		StgValue_9 : 1
		p_s : 3
		p_cast : 4
		tmp_4 : 1
		StgValue_28 : 2
		StgValue_29 : 1
		p_1 : 3
		p_1_cast : 4
		tmp_8 : 1
		StgValue_48 : 2
		StgValue_49 : 1
		p_2 : 3
		p_2_cast : 4
		tmp_3 : 1
		StgValue_68 : 2
		StgValue_69 : 1
		p_3 : 3
		p_3_cast2 : 4
		p_3_cast : 5
		tmp : 5
		tmp_cast : 6
		tmp1 : 6
		tmp1_cast : 7
		loc1_V : 8
		StgValue_93 : 9


============================================================
+ Verbose Summary: Datapath Resource usage 
============================================================

* Functional unit list:
|----------|------------------------|---------|---------|
| Operation|     Functional Unit    |    FF   |   LUT   |
|----------|------------------------|---------|---------|
|          |      tmp_1_fu_414      |    0    |    13   |
|   icmp   |      tmp_4_fu_424      |    0    |    13   |
|          |      tmp_8_fu_434      |    0    |    13   |
|          |      tmp_3_fu_444      |    0    |    13   |
|----------|------------------------|---------|---------|
|          |       tmp_fu_458       |    0    |    15   |
|    add   |       tmp1_fu_468      |    0    |    15   |
|          |      loc1_V_fu_478     |    0    |    15   |
|----------|------------------------|---------|---------|
|   read   | tmp_V_read_read_fu_150 |    0    |    0    |
|----------|------------------------|---------|---------|
|   trunc  |       AA_V_fu_380      |    0    |    0    |
|----------|------------------------|---------|---------|
|          |       BB_V_fu_384      |    0    |    0    |
|partselect|       CC_V_fu_394      |    0    |    0    |
|          |       DD_V_fu_404      |    0    |    0    |
|----------|------------------------|---------|---------|
|          |      p_cast_fu_420     |    0    |    0    |
|          |     p_1_cast_fu_430    |    0    |    0    |
|   zext   |     p_2_cast_fu_440    |    0    |    0    |
|          |     p_3_cast_fu_454    |    0    |    0    |
|          |     tmp_cast_fu_464    |    0    |    0    |
|          |    tmp1_cast_fu_474    |    0    |    0    |
|----------|------------------------|---------|---------|
|   sext   |    p_3_cast2_fu_450    |    0    |    0    |
|----------|------------------------|---------|---------|
|   Total  |                        |    0    |    97   |
|----------|------------------------|---------|---------|

Memories:
N/A

* Register list:
+-----------+--------+
|           |   FF   |
+-----------+--------+
|p_1_reg_212|    5   |
|p_2_reg_268|    6   |
|p_3_reg_324|    5   |
|p_s_reg_156|    4   |
+-----------+--------+
|   Total   |   20   |
+-----------+--------+

* Multiplexer (MUX) list: 
|--------|------|------|------|--------|
|  Comp  |  Pin | Size |  BW  | S x BW |
|--------|------|------|------|--------|
|  Total |      |      |      |    0   |
|--------|------|------|------|--------|



* Summary:
+-----------+--------+--------+
|           |   FF   |   LUT  |
+-----------+--------+--------+
|  Function |    0   |   97   |
|   Memory  |    -   |    -   |
|Multiplexer|    -   |    -   |
|  Register |   20   |    -   |
+-----------+--------+--------+
|   Total   |   20   |   97   |
+-----------+--------+--------+
