

================================================================
== Vivado HLS Report for 'Ext_KWTA16k'
================================================================
* Date:           Tue Jul 31 00:45:53 2018

* Version:        2018.2 (Build 2258646 on Thu Jun 14 20:25:20 MDT 2018)
* Project:        Ext_KWTA16k
* Solution:       solution1
* Product family: zynq
* Target device:  xc7z020clg484-1


================================================================
== Performance Estimates
================================================================
+ Timing (ns): 
    * Summary: 
    +--------+-------+----------+------------+
    |  Clock | Target| Estimated| Uncertainty|
    +--------+-------+----------+------------+
    |ap_clk  |  10.00|     8.572|        1.25|
    +--------+-------+----------+------------+

+ Latency (clock cycles): 
    * Summary: 
    +-----+-----+-----+-----+---------+
    |  Latency  |  Interval | Pipeline|
    | min | max | min | max |   Type  |
    +-----+-----+-----+-----+---------+
    |    ?|    ?|    ?|    ?|   none  |
    +-----+-----+-----+-----+---------+

    + Detail: 
        * Instance: 
        N/A

        * Loop: 
        +----------+-----+-----+----------+-----------+-----------+------+----------+
        |          |  Latency  | Iteration|  Initiation Interval  | Trip |          |
        | Loop Name| min | max |  Latency |  achieved |   target  | Count| Pipelined|
        +----------+-----+-----+----------+-----------+-----------+------+----------+
        |- Loop 1  |    ?|    ?|         1|          1|          1|     ?|    yes   |
        +----------+-----+-----+----------+-----------+-----------+------+----------+



================================================================
== Utilization Estimates
================================================================
* Summary: 
+-----------------+---------+-------+--------+-------+
|       Name      | BRAM_18K| DSP48E|   FF   |  LUT  |
+-----------------+---------+-------+--------+-------+
|DSP              |        -|      -|       -|      -|
|Expression       |        -|      -|       0|   4042|
|FIFO             |        -|      -|       -|      -|
|Instance         |        -|      -|       0|     75|
|Memory           |        6|      -|      74|      9|
|Multiplexer      |        -|      -|       -|   2072|
|Register         |        -|      -|    2467|      -|
+-----------------+---------+-------+--------+-------+
|Total            |        6|      0|    2541|   6198|
+-----------------+---------+-------+--------+-------+
|Available        |      280|    220|  106400|  53200|
+-----------------+---------+-------+--------+-------+
|Utilization (%)  |        2|      0|       2|     11|
+-----------------+---------+-------+--------+-------+

+ Detail: 
    * Instance: 
    +-------------------------+----------------------+---------+-------+---+----+
    |         Instance        |        Module        | BRAM_18K| DSP48E| FF| LUT|
    +-------------------------+----------------------+---------+-------+---+----+
    |Ext_KWTA16k_mux_3kbM_U1  |Ext_KWTA16k_mux_3kbM  |        0|      0|  0|  15|
    |Ext_KWTA16k_mux_3kbM_U3  |Ext_KWTA16k_mux_3kbM  |        0|      0|  0|  15|
    |Ext_KWTA16k_mux_3kbM_U5  |Ext_KWTA16k_mux_3kbM  |        0|      0|  0|  15|
    |Ext_KWTA16k_mux_3lbW_U2  |Ext_KWTA16k_mux_3lbW  |        0|      0|  0|  15|
    |Ext_KWTA16k_mux_3mb6_U4  |Ext_KWTA16k_mux_3mb6  |        0|      0|  0|  15|
    +-------------------------+----------------------+---------+-------+---+----+
    |Total                    |                      |        0|      0|  0|  75|
    +-------------------------+----------------------+---------+-------+---+----+

    * DSP48: 
    N/A

    * Memory: 
    +---------------------+----------------------+---------+----+----+------+-----+------+-------------+
    |        Memory       |        Module        | BRAM_18K| FF | LUT| Words| Bits| Banks| W*Bits*Banks|
    +---------------------+----------------------+---------+----+----+------+-----+------+-------------+
    |extra_mask_V_U       |Ext_KWTA16k_extrajbC  |        0|   5|   1|     5|    5|     1|           25|
    |group_tree_V_U       |Ext_KWTA16k_groupfYi  |        2|   0|   0|  2048|   16|     1|        32768|
    |group_tree_mask_V_U  |Ext_KWTA16k_groupg8j  |        0|  31|   3|     5|   31|     1|          155|
    |heap_tree_V_0_U      |Ext_KWTA16k_heap_cud  |        1|   0|   0|    64|   32|     1|         2048|
    |heap_tree_V_1_U      |Ext_KWTA16k_heap_cud  |        1|   0|   0|    64|   32|     1|         2048|
    |heap_tree_V_2_U      |Ext_KWTA16k_heap_cud  |        1|   0|   0|    64|   32|     1|         2048|
    |maintain_mask_V_U    |Ext_KWTA16k_maintbkb  |        0|  33|   4|     7|   33|     1|          231|
    |mark_mask_V_U        |Ext_KWTA16k_mark_ibs  |        1|   0|   0|   128|   16|     1|         2048|
    |shift_constant_V_U   |Ext_KWTA16k_shifthbi  |        0|   5|   1|     5|    5|     1|           25|
    +---------------------+----------------------+---------+----+----+------+-----+------+-------------+
    |Total                |                      |        6|  74|   9|  2390|  202|     9|        41396|
    +---------------------+----------------------+---------+----+----+------+-----+------+-------------+

    * FIFO: 
    N/A

    * Expression: 
    +----------------------------------+----------+-------+---+-----+------------+------------+
    |           Variable Name          | Operation| DSP48E| FF| LUT | Bitwidth P0| Bitwidth P1|
    +----------------------------------+----------+-------+---+-----+------------+------------+
    |grp_fu_1533_p2                    |     +    |      0|  0|   15|           5|           5|
    |layer_offset_V_fu_2665_p2         |     +    |      0|  0|   12|          12|          12|
    |loc_in_group_tree_V_3_fu_1816_p2  |     +    |      0|  0|   15|           6|           6|
    |loc_in_group_tree_V_fu_1979_p2    |     +    |      0|  0|   23|          16|           2|
    |now1_V_1_fu_2019_p2               |     +    |      0|  0|   13|           4|           2|
    |now1_V_fu_1938_p2                 |     +    |      0|  0|   13|           3|           4|
    |r_V_10_fu_1857_p2                 |     +    |      0|  0|   15|           6|           7|
    |r_V_17_fu_2375_p2                 |     +    |      0|  0|   12|          12|           7|
    |r_V_18_fu_2128_p2                 |     +    |      0|  0|   12|           7|          12|
    |r_V_21_fu_2984_p2                 |     +    |      0|  0|   24|          17|          17|
    |r_V_26_fu_3199_p2                 |     +    |      0|  0|   15|           8|           7|
    |r_V_7_fu_3455_p2                  |     +    |      0|  0|   13|          11|           7|
    |tmp16_fu_2602_p2                  |     +    |      0|  0|   15|           7|           7|
    |tmp17_fu_2610_p2                  |     +    |      0|  0|   15|           7|           7|
    |tmp18_fu_2625_p2                  |     +    |      0|  0|    8|           6|           6|
    |tmp19_fu_2631_p2                  |     +    |      0|  0|   15|           6|           6|
    |tmp21_fu_2902_p2                  |     +    |      0|  0|   15|           7|           7|
    |tmp_30_fu_1794_p2                 |     +    |      0|  0|   15|           1|           6|
    |tmp_66_fu_2619_p2                 |     +    |      0|  0|   15|           8|           8|
    |tmp_68_fu_2637_p2                 |     +    |      0|  0|    8|           6|           6|
    |tmp_70_fu_2697_p2                 |     +    |      0|  0|   39|           2|          32|
    |tmp_74_fu_2746_p2                 |     +    |      0|  0|   15|           6|           6|
    |tmp_85_fu_2943_p2                 |     +    |      0|  0|   15|           8|           8|
    |tmp_87_fu_2956_p2                 |     +    |      0|  0|   15|           6|           1|
    |tmp_size_V_fu_1623_p2             |     +    |      0|  0|   23|           2|          16|
    |tree_offset_V_fu_2777_p2          |     +    |      0|  0|   17|          13|          13|
    |p_1_fu_1644_p2                    |     -    |      0|  0|   23|           1|          16|
    |p_not_fu_1725_p2                  |     -    |      0|  0|   71|           1|          64|
    |r_V_14_fu_2266_p2                 |     -    |      0|  0|   13|           4|           4|
    |r_V_22_fu_2997_p2                 |     -    |      0|  0|   25|          18|          18|
    |r_V_27_fu_3007_p2                 |     -    |      0|  0|   15|           2|           6|
    |r_V_30_fu_1740_p2                 |     -    |      0|  0|   15|           2|           6|
    |r_V_3_fu_3379_p2                  |     -    |      0|  0|   13|           3|           4|
    |r_V_5_fu_3343_p2                  |     -    |      0|  0|   13|           4|           4|
    |r_V_8_fu_2302_p2                  |     -    |      0|  0|   13|           3|           4|
    |tmp1_V_fu_2707_p2                 |     -    |      0|  0|   39|          32|          32|
    |tmp_14_fu_1761_p2                 |     -    |      0|  0|   15|           1|           6|
    |tmp_79_fu_2817_p2                 |     -    |      0|  0|   40|           1|          33|
    |tmp_91_fu_3028_p2                 |     -    |      0|  0|   15|           1|           6|
    |TMP_1_V_fu_1649_p2                |    and   |      0|  0|   16|          16|          16|
    |ap_block_state29_io               |    and   |      0|  0|    2|           1|           1|
    |ap_condition_1096                 |    and   |      0|  0|    2|           1|           1|
    |ap_condition_1195                 |    and   |      0|  0|    2|           1|           1|
    |ap_condition_1278                 |    and   |      0|  0|    2|           1|           1|
    |ap_condition_1445                 |    and   |      0|  0|    2|           1|           1|
    |ap_condition_1612                 |    and   |      0|  0|    2|           1|           1|
    |ap_condition_1695                 |    and   |      0|  0|    2|           1|           1|
    |ap_condition_842                  |    and   |      0|  0|    2|           1|           1|
    |ap_predicate_op100_write_state3   |    and   |      0|  0|    2|           1|           1|
    |ap_predicate_op110_write_state3   |    and   |      0|  0|    2|           1|           1|
    |ap_predicate_op127_write_state3   |    and   |      0|  0|    2|           1|           1|
    |ap_predicate_op261_write_state13  |    and   |      0|  0|    2|           1|           1|
    |group_tree_tmp_V_fu_2802_p2       |    and   |      0|  0|   32|          32|          32|
    |group_tree_tmp_maske_fu_2827_p2   |    and   |      0|  0|   34|          34|          34|
    |tmp0_V_6_fu_2512_p2               |    and   |      0|  0|   64|          64|          64|
    |tmp_18_fu_3557_p2                 |    and   |      0|  0|   64|          64|          64|
    |tmp_19_fu_3569_p2                 |    and   |      0|  0|   64|          64|          64|
    |tmp_20_fu_3581_p2                 |    and   |      0|  0|   64|          64|          64|
    |tmp_25_fu_1803_p2                 |    and   |      0|  0|    5|           5|           5|
    |tmp_26_fu_3424_p2                 |    and   |      0|  0|   32|          32|          32|
    |tmp_29_fu_3492_p2                 |    and   |      0|  0|   32|          32|          32|
    |tmp_31_fu_3517_p2                 |    and   |      0|  0|   32|          32|          32|
    |tmp_54_fu_1959_p2                 |    and   |      0|  0|    2|           1|           1|
    |tmp_71_fu_2703_p2                 |    and   |      0|  0|   32|          32|          32|
    |cond1_fu_3478_p2                  |   icmp   |      0|  0|   13|          11|           7|
    |cond2_fu_2399_p2                  |   icmp   |      0|  0|   13|          12|           7|
    |cond3_fu_3222_p2                  |   icmp   |      0|  0|   11|           8|           7|
    |cond_fu_2168_p2                   |   icmp   |      0|  0|   13|          12|           7|
    |grp_fu_1527_p2                    |   icmp   |      0|  0|   11|           5|           4|
    |grp_fu_1560_p2                    |   icmp   |      0|  0|   11|           5|           3|
    |not_s_fu_1953_p2                  |   icmp   |      0|  0|    9|           4|           1|
    |p_Repl2_10_fu_2201_p2             |   icmp   |      0|  0|   11|           8|           1|
    |p_Repl2_11_fu_2241_p2             |   icmp   |      0|  0|   18|          32|           1|
    |p_Repl2_12_fu_3109_p2             |   icmp   |      0|  0|    8|           2|           2|
    |p_Repl2_13_fu_3179_p2             |   icmp   |      0|  0|   18|          32|           1|
    |p_Repl2_14_fu_3170_p2             |   icmp   |      0|  0|   11|           6|           4|
    |p_Repl2_15_fu_3244_p2             |   icmp   |      0|  0|   18|          32|           1|
    |p_Repl2_16_fu_3272_p2             |   icmp   |      0|  0|   11|           8|           1|
    |p_Repl2_17_fu_3288_p2             |   icmp   |      0|  0|   18|          32|           1|
    |p_Repl2_1_fu_3434_p2              |   icmp   |      0|  0|   18|          32|           1|
    |p_Repl2_2_fu_2351_p2              |   icmp   |      0|  0|   18|          32|           1|
    |p_Repl2_3_fu_3497_p2              |   icmp   |      0|  0|   18|          32|           1|
    |p_Repl2_4_fu_3523_p2              |   icmp   |      0|  0|   18|          32|           1|
    |p_Repl2_5_fu_2418_p2              |   icmp   |      0|  0|   18|          32|           1|
    |p_Repl2_6_fu_2444_p2              |   icmp   |      0|  0|   18|          32|           1|
    |p_Repl2_7_fu_2104_p2              |   icmp   |      0|  0|   18|          32|           1|
    |p_Repl2_8_fu_2144_p2              |   icmp   |      0|  0|    9|           4|           1|
    |p_Repl2_9_fu_2212_p2              |   icmp   |      0|  0|   18|          32|           1|
    |p_Repl2_s_fu_2068_p2              |   icmp   |      0|  0|    8|           2|           1|
    |sel_tmp2_i_fu_1711_p2             |   icmp   |      0|  0|    8|           2|           1|
    |sel_tmp_i_fu_1697_p2              |   icmp   |      0|  0|    8|           2|           1|
    |tmp_4_fu_1654_p2                  |   icmp   |      0|  0|   11|           8|           2|
    |tmp_52_fu_2560_p2                 |   icmp   |      0|  0|   13|          16|           1|
    |tmp_53_fu_1947_p2                 |   icmp   |      0|  0|    8|           2|           2|
    |tmp_61_fu_2570_p2                 |   icmp   |      0|  0|   13|          16|           1|
    |tmp_62_fu_2207_p2                 |   icmp   |      0|  0|    8|           2|           2|
    |tmp_63_fu_2580_p2                 |   icmp   |      0|  0|   13|          16|           1|
    |tmp_6_fu_1659_p2                  |   icmp   |      0|  0|   11|           8|           2|
    |tmp_72_fu_2726_p2                 |   icmp   |      0|  0|   13|          16|           1|
    |tmp_73_fu_2736_p2                 |   icmp   |      0|  0|   13|          16|           1|
    |tmp_75_fu_2751_p2                 |   icmp   |      0|  0|   29|          64|           1|
    |tmp_76_fu_2756_p2                 |   icmp   |      0|  0|   18|          32|          32|
    |tmp_81_fu_2869_p2                 |   icmp   |      0|  0|   13|          16|           1|
    |tmp_82_fu_2875_p2                 |   icmp   |      0|  0|   13|          16|           1|
    |tmp_83_fu_2885_p2                 |   icmp   |      0|  0|    8|           2|           1|
    |tmp_fu_1639_p2                    |   icmp   |      0|  0|   13|          16|           1|
    |tmp_s_fu_2550_p2                  |   icmp   |      0|  0|   13|          16|           1|
    |r_V_12_fu_1932_p2                 |   lshr   |      0|  0|  182|          64|          64|
    |r_V_16_fu_2013_p2                 |   lshr   |      0|  0|  182|          64|          64|
    |tmp_22_fu_1781_p2                 |   lshr   |      0|  0|   53|          20|          20|
    |tmp_37_fu_1825_p2                 |   lshr   |      0|  0|   53|          20|          20|
    |tmp_92_fu_3038_p2                 |   lshr   |      0|  0|   53|          20|          20|
    |ap_block_state1                   |    or    |      0|  0|    2|           1|           1|
    |ap_block_state13_io               |    or    |      0|  0|    2|           1|           1|
    |ap_block_state33_io               |    or    |      0|  0|    2|           1|           1|
    |ap_block_state3_io                |    or    |      0|  0|    2|           1|           1|
    |ap_block_state41_io               |    or    |      0|  0|    2|           1|           1|
    |or_cond_fu_2760_p2                |    or    |      0|  0|    2|           1|           1|
    |r_V_25_fu_3079_p2                 |    or    |      0|  0|   16|          16|          16|
    |r_V_28_cast_fu_3086_p2            |    or    |      0|  0|    6|           6|           6|
    |tmp_140_fu_2915_p2                |    or    |      0|  0|    4|           1|           4|
    |tmp_33_fu_2472_p2                 |    or    |      0|  0|   64|          64|          64|
    |tmp_34_fu_2484_p2                 |    or    |      0|  0|   64|          64|          64|
    |tmp_35_fu_2496_p2                 |    or    |      0|  0|   64|          64|          64|
    |tmp_40_fu_2341_p2                 |    or    |      0|  0|   32|          32|          32|
    |tmp_43_fu_2413_p2                 |    or    |      0|  0|   32|          32|          32|
    |tmp_44_fu_1891_p2                 |    or    |      0|  0|   16|          16|          16|
    |tmp_45_fu_2438_p2                 |    or    |      0|  0|   32|          32|          32|
    |TMP_0_V_fu_1717_p3                |  select  |      0|  0|   64|           1|          64|
    |heap_tree_V_load_1_p_fu_3484_p3   |  select  |      0|  0|   32|           1|          32|
    |heap_tree_V_load_4_p_fu_2405_p3   |  select  |      0|  0|   32|           1|          32|
    |p_0244_0_i_cast_fu_2895_p3        |  select  |      0|  0|    6|           1|           6|
    |p_Val2_30_fu_2174_p3              |  select  |      0|  0|   32|           1|          32|
    |p_Val2_39_fu_3228_p3              |  select  |      0|  0|   32|           1|          32|
    |r_V_24_fu_3054_p3                 |  select  |      0|  0|   20|           1|          20|
    |r_V_31_fu_1786_p3                 |  select  |      0|  0|   20|           1|          20|
    |sel_tmp1_i_fu_1703_p3             |  select  |      0|  0|   64|           1|          64|
    |r_V_28_fu_2466_p2                 |    shl   |      0|  0|  182|          64|          64|
    |r_V_29_fu_2320_p2                 |    shl   |      0|  0|  101|          32|          32|
    |r_V_4_fu_3545_p2                  |    shl   |      0|  0|  182|          64|          64|
    |r_V_6_fu_3397_p2                  |    shl   |      0|  0|  101|          32|          32|
    |tmp_15_fu_1771_p2                 |    shl   |      0|  0|  101|          32|          32|
    |tmp_88_fu_2966_p2                 |    shl   |      0|  0|  101|          32|          32|
    |tmp_93_fu_3044_p2                 |    shl   |      0|  0|  101|          32|          32|
    |i_op_assign_fu_2792_p2            |    xor   |      0|  0|   32|          32|           2|
    |lhs_V_1_fu_1879_p2                |    xor   |      0|  0|   32|          32|           2|
    |p_5_fu_2029_p2                    |    xor   |      0|  0|   16|          16|           2|
    |tmp0_V_2_fu_3551_p2               |    xor   |      0|  0|   64|          64|           2|
    |tmp0_V_5_cast_fu_3100_p2          |    xor   |      0|  0|   14|          14|           8|
    |tmp_24_fu_3403_p2                 |    xor   |      0|  0|   32|          32|           2|
    |tmp_42_fu_1885_p2                 |    xor   |      0|  0|   16|          16|           2|
    +----------------------------------+----------+-------+---+-----+------------+------------+
    |Total                             |          |      0|  0| 4042|        2510|        2149|
    +----------------------------------+----------+-------+---+-----+------------+------------+

    * Multiplexer: 
    +-----------------------------------------+-----+-----------+-----+-----------+
    |                   Name                  | LUT | Input Size| Bits| Total Bits|
    +-----------------------------------------+-----+-----------+-----+-----------+
    |alloc_addr                               |   21|          4|   32|        128|
    |alloc_addr_blk_n                         |    9|          2|    1|          2|
    |alloc_cmd_blk_n                          |    9|          2|    1|          2|
    |alloc_free_target_blk_n                  |    9|          2|    1|          2|
    |alloc_size_blk_n                         |    9|          2|    1|          2|
    |ap_NS_fsm                                |  213|         49|    1|         49|
    |ap_phi_mux_p_0167_0_i1_phi_fu_894_p34    |   85|         17|    4|         68|
    |ap_phi_mux_p_0248_0_i1_phi_fu_1008_p34   |   89|         18|    6|        108|
    |ap_phi_mux_p_0252_0_i1_phi_fu_951_p34    |   89|         18|    5|         90|
    |ap_phi_mux_p_0252_0_i_phi_fu_1324_p34    |   89|         18|    5|         90|
    |ap_phi_mux_p_061_0_i_phi_fu_1138_p34     |   85|         17|    4|         68|
    |ap_phi_mux_p_Val2_41_phi_fu_1476_p4      |    9|          2|   32|         64|
    |ap_phi_mux_storemerge1_phi_fu_1486_p6    |    9|          2|   64|        128|
    |ap_sig_ioackin_alloc_addr_ap_ack         |    9|          2|    1|          2|
    |ap_sig_ioackin_com_port_cmd_ap_ack       |    9|          2|    1|          2|
    |ap_sig_ioackin_com_port_layer_V_ap_ack   |    9|          2|    1|          2|
    |ap_sig_ioackin_com_port_target_V_ap_ack  |    9|          2|    1|          2|
    |com_port_allocated_addr_V_blk_n          |    9|          2|    1|          2|
    |com_port_cmd                             |   21|          4|    8|         32|
    |com_port_cmd_blk_n                       |    9|          2|    1|          2|
    |com_port_layer_V                         |   21|          4|    8|         32|
    |com_port_layer_V_blk_n                   |    9|          2|    1|          2|
    |com_port_target_V                        |   15|          3|   16|         48|
    |com_port_target_V_blk_n                  |    9|          2|    1|          2|
    |group_tree_V_address0                    |   27|          5|   11|         55|
    |group_tree_V_d0                          |   15|          3|   16|         48|
    |heap_tree_V_0_address0                   |   44|          9|    6|         54|
    |heap_tree_V_0_d0                         |   27|          5|   32|        160|
    |heap_tree_V_1_address0                   |   44|          9|    6|         54|
    |heap_tree_V_1_d0                         |   44|          9|   32|        288|
    |heap_tree_V_1_load_1_reg_861             |    9|          2|   32|         64|
    |heap_tree_V_1_load_2_reg_828             |    9|          2|   32|         64|
    |heap_tree_V_1_load_3_reg_1462            |    9|          2|   32|         64|
    |heap_tree_V_1_load_reg_1506              |    9|          2|   32|         64|
    |heap_tree_V_2_address0                   |   44|          9|    6|         54|
    |heap_tree_V_2_d0                         |   27|          5|   32|        160|
    |heap_tree_V_2_load_1_reg_849             |    9|          2|   32|         64|
    |heap_tree_V_2_load_2_reg_1517            |    9|          2|   32|         64|
    |heap_tree_V_2_load_3_reg_872             |    9|          2|   32|         64|
    |heap_tree_V_2_load_4_reg_816             |    9|          2|   32|         64|
    |heap_tree_V_2_load_6_reg_1450            |    9|          2|   32|         64|
    |heap_tree_V_2_load_reg_1494              |    9|          2|   32|         64|
    |layer0_V_reg_722                         |   85|         17|    5|         85|
    |maintain_mask_V_address0                 |   27|          5|    3|         15|
    |mark_mask_V_address0                     |   15|          3|    7|         21|
    |p_0102_0_i_reg_1191                      |   85|         17|    5|         85|
    |p_0167_0_i1_reg_891                      |   65|         16|    4|         64|
    |p_0167_0_i_reg_1264                      |   65|         16|    4|         64|
    |p_02178_0_in_in_reg_797                  |    9|          2|   16|         32|
    |p_02307_0_in_reg_788                     |    9|          2|   64|        128|
    |p_0244_0_i1_reg_1062                     |   85|         17|    5|         85|
    |p_0248_0_i1_reg_1005                     |   85|         17|    5|         85|
    |p_0248_0_i_reg_1377                      |   85|         17|    5|         85|
    |p_0252_0_i1_reg_948                      |   85|         17|    5|         85|
    |p_4_reg_779                              |    9|          2|    4|          8|
    |p_Val2_32_reg_839                        |    9|          2|   32|         64|
    |p_Val2_41_reg_1473                       |    9|          2|   32|         64|
    |p_Val2_43_reg_806                        |    9|          2|   64|        128|
    |shift_constant_V_address0                |   15|          3|    3|          9|
    |storemerge1_reg_1483                     |   15|          3|   64|        192|
    |storemerge_reg_882                       |    9|          2|   64|        128|
    |top_heap_V_0                             |   33|          6|   64|        384|
    |top_heap_V_1                             |   33|          6|   64|        384|
    |top_heap_V_2                             |   15|          3|   64|        192|
    +-----------------------------------------+-----+-----------+-----+-----------+
    |Total                                    | 2072|        431| 1241|       4829|
    +-----------------------------------------+-----+-----------+-----+-----------+

    * Register: 
    +-----------------------------------------+----+----+-----+-----------+
    |                   Name                  | FF | LUT| Bits| Const Bits|
    +-----------------------------------------+----+----+-----+-----------+
    |TMP_0_V_reg_3678                         |  64|   0|   64|          0|
    |addr_HTA_V_3_reg_4166                    |  16|   0|   16|          0|
    |alloc_cmd_read_reg_3587                  |   8|   0|    8|          0|
    |alloc_free_target_re_reg_3598            |  32|   0|   32|          0|
    |ap_CS_fsm                                |  48|   0|   48|          0|
    |ap_reg_ioackin_alloc_addr_ap_ack         |   1|   0|    1|          0|
    |ap_reg_ioackin_com_port_cmd_ap_ack       |   1|   0|    1|          0|
    |ap_reg_ioackin_com_port_layer_V_ap_ack   |   1|   0|    1|          0|
    |ap_reg_ioackin_com_port_target_V_ap_ack  |   1|   0|    1|          0|
    |arrayNo1_reg_3861                        |   6|   0|    6|          0|
    |arrayNo3_reg_3789                        |   5|   0|    5|          0|
    |arrayNo_reg_4199                         |   5|   0|    5|          0|
    |cond3_reg_4155                           |   1|   0|    1|          0|
    |cond_reg_3833                            |   1|   0|    1|          0|
    |extra_mask_V_load_reg_3694               |   5|   0|    5|          0|
    |free_target_V_reg_3607                   |  20|   0|   20|          0|
    |group_tree_V_addr_1_reg_4049             |  11|   0|   11|          0|
    |group_tree_V_addr_reg_3726               |  11|   0|   11|          0|
    |group_tree_tmp_V_reg_4059                |  32|   0|   32|          0|
    |heap_tree_V_0_addr_1_reg_3866            |   6|   0|    6|          0|
    |heap_tree_V_0_addr_2_reg_3794            |   6|   0|    6|          0|
    |heap_tree_V_0_addr_3_reg_3985            |   6|   0|    6|          0|
    |heap_tree_V_0_addr_reg_4204              |   6|   0|    6|          0|
    |heap_tree_V_1_addr_1_reg_3871            |   6|   0|    6|          0|
    |heap_tree_V_1_addr_2_reg_3799            |   6|   0|    6|          0|
    |heap_tree_V_1_addr_3_reg_3990            |   6|   0|    6|          0|
    |heap_tree_V_1_addr_reg_4209              |   6|   0|    6|          0|
    |heap_tree_V_1_load_1_reg_861             |  32|   0|   32|          0|
    |heap_tree_V_1_load_2_reg_828             |  32|   0|   32|          0|
    |heap_tree_V_1_load_3_reg_1462            |  32|   0|   32|          0|
    |heap_tree_V_1_load_reg_1506              |  32|   0|   32|          0|
    |heap_tree_V_2_addr_1_reg_3876            |   6|   0|    6|          0|
    |heap_tree_V_2_addr_2_reg_3804            |   6|   0|    6|          0|
    |heap_tree_V_2_addr_3_reg_3995            |   6|   0|    6|          0|
    |heap_tree_V_2_addr_reg_4214              |   6|   0|    6|          0|
    |heap_tree_V_2_load_1_reg_849             |  32|   0|   32|          0|
    |heap_tree_V_2_load_2_reg_1517            |  32|   0|   32|          0|
    |heap_tree_V_2_load_3_reg_872             |  32|   0|   32|          0|
    |heap_tree_V_2_load_4_reg_816             |  32|   0|   32|          0|
    |heap_tree_V_2_load_6_reg_1450            |  32|   0|   32|          0|
    |heap_tree_V_2_load_reg_1494              |  32|   0|   32|          0|
    |i_assign_1_reg_3900                      |  11|   0|   32|         21|
    |i_assign_3_reg_3814                      |   5|   0|   32|         27|
    |i_assign_4_reg_3827                      |  11|   0|   32|         21|
    |i_assign_5_reg_4128                      |   6|   0|   32|         26|
    |i_assign_6_reg_4149                      |   8|   0|   32|         24|
    |i_assign_reg_4238                        |  11|   0|   32|         21|
    |layer0_V_reg_722                         |   5|   0|    5|          0|
    |lhs_V_7_cast_reg_4108                    |   5|   0|    6|          1|
    |loc2_V_1_reg_3647                        |   5|   0|    5|          0|
    |loc2_V_2_reg_3715                        |   5|   0|    5|          0|
    |loc2_V_reg_4175                          |   5|   0|    5|          0|
    |loc_in_group_tree_V_3_reg_3704           |   6|   0|    6|          0|
    |mark_mask_V_load_reg_3741                |  16|   0|   16|          0|
    |or_cond_reg_4039                         |   1|   0|    1|          0|
    |p_0102_0_i_reg_1191                      |   5|   0|    5|          0|
    |p_0167_0_i1_cast_reg_3952                |   4|   0|    7|          3|
    |p_0167_0_i1_reg_891                      |   4|   0|    4|          0|
    |p_0167_0_i_reg_1264                      |   4|   0|    4|          0|
    |p_02178_0_in_in_reg_797                  |  16|   0|   16|          0|
    |p_02307_0_in_reg_788                     |  64|   0|   64|          0|
    |p_0244_0_i1_reg_1062                     |   5|   0|    5|          0|
    |p_0248_0_i1_cast_reg_3968                |   6|   0|    7|          1|
    |p_0248_0_i1_reg_1005                     |   5|   0|    6|          1|
    |p_0248_0_i_reg_1377                      |   5|   0|    6|          1|
    |p_0252_0_i1_cast_reg_3960                |   5|   0|    7|          2|
    |p_0252_0_i1_reg_948                      |   5|   0|    5|          0|
    |p_0252_0_i_cast_reg_4090                 |   5|   0|    7|          2|
    |p_061_0_i_cast_reg_4026                  |   4|   0|    6|          2|
    |p_4_reg_779                              |   4|   0|    4|          0|
    |p_Repl2_10_reg_3844                      |   1|   0|    1|          0|
    |p_Repl2_14_reg_4144                      |   1|   0|    1|          0|
    |p_Result_12_reg_4137                     |  32|   0|   32|          0|
    |p_Result_14_reg_4159                     |  32|   0|   32|          0|
    |p_Result_18_reg_3613                     |  16|   0|   16|          0|
    |p_Result_8_reg_3837                      |  32|   0|   32|          0|
    |p_Result_s_reg_3820                      |  32|   0|   32|          0|
    |p_Val2_32_reg_839                        |  32|   0|   32|          0|
    |p_Val2_38_reg_3668                       |  64|   0|   64|          0|
    |p_Val2_40_reg_3673                       |  64|   0|   64|          0|
    |p_Val2_41_reg_1473                       |  32|   0|   32|          0|
    |p_Val2_42_reg_3663                       |  64|   0|   64|          0|
    |p_Val2_43_reg_806                        |  64|   0|   64|          0|
    |p_not_reg_3683                           |  64|   0|   64|          0|
    |phitmp2_reg_3652                         |  11|   0|   11|          0|
    |r_V_21_reg_4113                          |  17|   0|   17|          0|
    |r_V_29_reg_3886                          |  32|   0|   32|          0|
    |r_V_31_reg_3688                          |  20|   0|   20|          0|
    |r_V_9_reg_3720                           |  11|   0|   11|          0|
    |r_V_s_reg_4184                           |  11|   0|   11|          0|
    |reg_1566                                 |   5|   0|    5|          0|
    |reg_1570                                 |  16|   0|   16|          0|
    |reg_1575                                 |   5|   0|    5|          0|
    |reg_1579                                 |  16|   0|   16|          0|
    |reg_1583                                 |  32|   0|   32|          0|
    |reg_1595                                 |  32|   0|   32|          0|
    |reg_1607                                 |  32|   0|   32|          0|
    |reg_1611                                 |  33|   0|   33|          0|
    |size_V_reg_3593                          |  16|   0|   16|          0|
    |storemerge1_reg_1483                     |  64|   0|   64|          0|
    |storemerge_reg_882                       |  64|   0|   64|          0|
    |tmp0_V_5_cast_reg_4123                   |  14|   0|   14|          0|
    |tmp0_V_6_reg_3932                        |  64|   0|   64|          0|
    |tmp_119_reg_3809                         |   2|   0|    2|          0|
    |tmp_138_reg_4079                         |   1|   0|    1|          0|
    |tmp_24_reg_4224                          |  32|   0|   32|          0|
    |tmp_26_reg_4231                          |  32|   0|   32|          0|
    |tmp_28_reg_4180                          |   1|   0|    1|          0|
    |tmp_29_reg_4247                          |  32|   0|   32|          0|
    |tmp_30_reg_3699                          |   6|   0|    6|          0|
    |tmp_37_reg_3709                          |  20|   0|   20|          0|
    |tmp_3_reg_3633                           |   1|   0|    1|          0|
    |tmp_40_reg_3893                          |  32|   0|   32|          0|
    |tmp_43_reg_3909                          |  32|   0|   32|          0|
    |tmp_4_reg_3625                           |   1|   0|    1|          0|
    |tmp_5_reg_3659                           |   1|   0|    1|          0|
    |tmp_62_reg_3849                          |   1|   0|    1|          0|
    |tmp_66_reg_3976                          |   8|   0|    8|          0|
    |tmp_69_reg_4000                          |  32|   0|   32|          0|
    |tmp_6_reg_3629                           |   1|   0|    1|          0|
    |tmp_70_reg_4007                          |  32|   0|   32|          0|
    |tmp_71_reg_4012                          |  32|   0|   32|          0|
    |tmp_74_reg_4034                          |   6|   0|    6|          0|
    |tmp_85_reg_4103                          |   8|   0|    8|          0|
    |tmp_99_reg_3736                          |   4|   0|    4|          0|
    |tmp_9_reg_3926                           |   5|   0|   64|         59|
    |top_heap_V_0                             |  64|   0|   64|          0|
    |top_heap_V_1                             |  64|   0|   64|          0|
    |top_heap_V_2                             |  64|   0|   64|          0|
    |tree_offset_V_cast_reg_4065              |  13|   0|   16|          3|
    |tree_offset_V_reg_4043                   |  13|   0|   13|          0|
    +-----------------------------------------+----+----+-----+-----------+
    |Total                                    |2467|   0| 2682|        215|
    +-----------------------------------------+----+----+-----+-----------+



================================================================
== Interface
================================================================
* Summary: 
+----------------------------------+-----+-----+------------+---------------------------+--------------+
|             RTL Ports            | Dir | Bits|  Protocol  |       Source Object       |    C Type    |
+----------------------------------+-----+-----+------------+---------------------------+--------------+
|ap_clk                            |  in |    1| ap_ctrl_hs |        Ext_KWTA16k        | return value |
|ap_rst                            |  in |    1| ap_ctrl_hs |        Ext_KWTA16k        | return value |
|ap_start                          |  in |    1| ap_ctrl_hs |        Ext_KWTA16k        | return value |
|ap_done                           | out |    1| ap_ctrl_hs |        Ext_KWTA16k        | return value |
|ap_idle                           | out |    1| ap_ctrl_hs |        Ext_KWTA16k        | return value |
|ap_ready                          | out |    1| ap_ctrl_hs |        Ext_KWTA16k        | return value |
|alloc_size                        |  in |   32|    ap_hs   |         alloc_size        |    pointer   |
|alloc_size_ap_vld                 |  in |    1|    ap_hs   |         alloc_size        |    pointer   |
|alloc_size_ap_ack                 | out |    1|    ap_hs   |         alloc_size        |    pointer   |
|alloc_free_target                 |  in |   32|    ap_hs   |     alloc_free_target     |    pointer   |
|alloc_free_target_ap_vld          |  in |    1|    ap_hs   |     alloc_free_target     |    pointer   |
|alloc_free_target_ap_ack          | out |    1|    ap_hs   |     alloc_free_target     |    pointer   |
|alloc_addr                        | out |   32|    ap_hs   |         alloc_addr        |    pointer   |
|alloc_addr_ap_vld                 | out |    1|    ap_hs   |         alloc_addr        |    pointer   |
|alloc_addr_ap_ack                 |  in |    1|    ap_hs   |         alloc_addr        |    pointer   |
|alloc_cmd                         |  in |    8|    ap_hs   |         alloc_cmd         |    pointer   |
|alloc_cmd_ap_vld                  |  in |    1|    ap_hs   |         alloc_cmd         |    pointer   |
|alloc_cmd_ap_ack                  | out |    1|    ap_hs   |         alloc_cmd         |    pointer   |
|com_port_layer_V                  | out |    8|    ap_hs   |      com_port_layer_V     |    pointer   |
|com_port_layer_V_ap_vld           | out |    1|    ap_hs   |      com_port_layer_V     |    pointer   |
|com_port_layer_V_ap_ack           |  in |    1|    ap_hs   |      com_port_layer_V     |    pointer   |
|com_port_target_V                 | out |   16|    ap_hs   |     com_port_target_V     |    pointer   |
|com_port_target_V_ap_vld          | out |    1|    ap_hs   |     com_port_target_V     |    pointer   |
|com_port_target_V_ap_ack          |  in |    1|    ap_hs   |     com_port_target_V     |    pointer   |
|com_port_allocated_addr_V         |  in |   16|    ap_hs   | com_port_allocated_addr_V |    pointer   |
|com_port_allocated_addr_V_ap_vld  |  in |    1|    ap_hs   | com_port_allocated_addr_V |    pointer   |
|com_port_allocated_addr_V_ap_ack  | out |    1|    ap_hs   | com_port_allocated_addr_V |    pointer   |
|com_port_cmd                      | out |    8|    ap_hs   |        com_port_cmd       |    pointer   |
|com_port_cmd_ap_vld               | out |    1|    ap_hs   |        com_port_cmd       |    pointer   |
|com_port_cmd_ap_ack               |  in |    1|    ap_hs   |        com_port_cmd       |    pointer   |
+----------------------------------+-----+-----+------------+---------------------------+--------------+

