

================================================================
== Vivado HLS Report for 'KWTA_mini8_theta'
================================================================
* Date:           Sat Aug 11 15:17:15 2018

* Version:        2018.2 (Build 2258646 on Thu Jun 14 20:25:20 MDT 2018)
* Project:        KWTAmini8_0
* Solution:       solution1
* Product family: zynq
* Target device:  xc7z020clg484-1


================================================================
== Performance Estimates
================================================================
+ Timing (ns): 
    * Summary: 
    +--------+-------+----------+------------+
    |  Clock | Target| Estimated| Uncertainty|
    +--------+-------+----------+------------+
    |ap_clk  |  10.00|     8.357|        1.25|
    +--------+-------+----------+------------+

+ Latency (clock cycles): 
    * Summary: 
    +-----+-----+-----+-----+---------+
    |  Latency  |  Interval | Pipeline|
    | min | max | min | max |   Type  |
    +-----+-----+-----+-----+---------+
    |    2|    8|    2|    8|   none  |
    +-----+-----+-----+-----+---------+

    + Detail: 
        * Instance: 
        N/A

        * Loop: 
        N/A

============================================================
+ Verbose Summary: Synthesis Manager
============================================================
InlineROM: 1
ExposeGlobal: 0
============================================================
+ Verbose Summary: CDFG Model
============================================================
IsTopModel: 1
ResetActiveHigh: 1
IsCombinational: 0
IsDatapathOnly: 0
HasWiredReturn: 1
HasMFsm: 0
HasVarLatency: 1
IsPipeline: 0
IsRtlPipelined: 0
IsInstanceOverlapped: 0
IsDontTouch: 0
HasImplIP: 0
IsGatedGlobalClock: 0


============================================================
+ Verbose Summary: Schedule
============================================================
* Number of FSM states : 15
* Pipeline : 0
* Dataflow Pipeline: 0

* FSM state transitions: 
1 --> 
	2  / true
2 --> 
	3  / (!tmp & tmp_3)
	5  / (!tmp & !tmp_3)
	6  / (tmp & !or_cond & !tmp_34)
	9  / (tmp & !or_cond & tmp_34)
	15  / (tmp & or_cond)
3 --> 
	4  / (tmp_7)
	5  / (!tmp_7)
4 --> 
	5  / true
5 --> 
	15  / true
6 --> 
	7  / true
7 --> 
	8  / true
8 --> 
	15  / true
9 --> 
	10  / true
10 --> 
	11  / true
11 --> 
	12  / true
12 --> 
	13  / true
13 --> 
	14  / true
14 --> 
	15  / true
15 --> 

* FSM state operations: 

State 1 <SV = 0> <Delay = 0.00>
ST_1 : Operation 16 [1/1] (0.00ns)   --->   "call void (...)* @_ssdm_op_SpecBitsMap(i32* %alloc_size), !map !179"   --->   Operation 16 'specbitsmap' <Predicate = true> <Delay = 0.00>
ST_1 : Operation 17 [1/1] (0.00ns)   --->   "call void (...)* @_ssdm_op_SpecBitsMap(i32* %alloc_free_target), !map !183"   --->   Operation 17 'specbitsmap' <Predicate = true> <Delay = 0.00>
ST_1 : Operation 18 [1/1] (0.00ns)   --->   "call void (...)* @_ssdm_op_SpecBitsMap(i32* %alloc_addr), !map !187"   --->   Operation 18 'specbitsmap' <Predicate = true> <Delay = 0.00>
ST_1 : Operation 19 [1/1] (0.00ns)   --->   "call void (...)* @_ssdm_op_SpecBitsMap(i8* %alloc_cmd), !map !191"   --->   Operation 19 'specbitsmap' <Predicate = true> <Delay = 0.00>
ST_1 : Operation 20 [1/1] (0.00ns)   --->   "call void (...)* @_ssdm_op_SpecTopModule([17 x i8]* @KWTA_mini8_theta_str) nounwind"   --->   Operation 20 'spectopmodule' <Predicate = true> <Delay = 0.00>
ST_1 : Operation 21 [1/1] (0.00ns)   --->   "call void (...)* @_ssdm_op_SpecMemCore([64 x i64]* @heap_tree_V, [1 x i8]* @p_str, [13 x i8]* @p_str12, [1 x i8]* @p_str, i32 -1, [1 x i8]* @p_str, [1 x i8]* @p_str, [1 x i8]* @p_str, [1 x i8]* @p_str, [1 x i8]* @p_str)" [KWTAmini8_0/top.cc:100]   --->   Operation 21 'specmemcore' <Predicate = true> <Delay = 0.00>
ST_1 : Operation 22 [1/1] (0.00ns)   --->   "call void (...)* @_ssdm_op_SpecInterface(i32* %alloc_size, i32* %alloc_free_target, i32* %alloc_addr, i8* %alloc_cmd, [6 x i8]* @p_str13, i32 0, i32 0, [1 x i8]* @p_str, i32 0, i32 0, [1 x i8]* @p_str, [1 x i8]* @p_str, [1 x i8]* @p_str, i32 0, i32 0, i32 0, i32 0, [1 x i8]* @p_str, [1 x i8]* @p_str) nounwind" [KWTAmini8_0/top.cc:102]   --->   Operation 22 'specinterface' <Predicate = true> <Delay = 0.00>
ST_1 : Operation 23 [1/1] (0.00ns)   --->   "%tmp_4 = call i32 (...)* @_ssdm_op_SpecRegionBegin([12 x i8]* @p_str15)" [KWTAmini8_0/top.cc:108]   --->   Operation 23 'specregionbegin' 'tmp_4' <Predicate = true> <Delay = 0.00>
ST_1 : Operation 24 [1/1] (0.00ns)   --->   "call void (...)* @_ssdm_op_SpecProtocol(i32 1, [1 x i8]* @p_str) nounwind" [KWTAmini8_0/top.cc:109]   --->   Operation 24 'specprotocol' <Predicate = true> <Delay = 0.00>
ST_1 : Operation 25 [1/1] (0.00ns)   --->   "%tmp_6 = call i32 (...)* @_ssdm_op_SpecRegionBegin([12 x i8]* @p_str16)" [KWTAmini8_0/top.cc:116]   --->   Operation 25 'specregionbegin' 'tmp_6' <Predicate = true> <Delay = 0.00>
ST_1 : Operation 26 [1/1] (0.00ns)   --->   "call void (...)* @_ssdm_op_SpecProtocol(i32 1, [1 x i8]* @p_str) nounwind" [KWTAmini8_0/top.cc:117]   --->   Operation 26 'specprotocol' <Predicate = true> <Delay = 0.00>
ST_1 : Operation 27 [1/1] (0.00ns)   --->   "%alloc_cmd_read = call i8 @_ssdm_op_Read.ap_hs.volatile.i8P(i8* %alloc_cmd)" [KWTAmini8_0/top.cc:118]   --->   Operation 27 'read' 'alloc_cmd_read' <Predicate = true> <Delay = 0.00>
ST_1 : Operation 28 [1/1] (0.00ns)   --->   "%alloc_size_read = call i32 @_ssdm_op_Read.ap_hs.volatile.i32P(i32* %alloc_size)" [KWTAmini8_0/top.cc:119]   --->   Operation 28 'read' 'alloc_size_read' <Predicate = true> <Delay = 0.00>
ST_1 : Operation 29 [1/1] (0.00ns)   --->   "%alloc_free_target_re = call i32 @_ssdm_op_Read.ap_hs.volatile.i32P(i32* %alloc_free_target)" [KWTAmini8_0/top.cc:120]   --->   Operation 29 'read' 'alloc_free_target_re' <Predicate = true> <Delay = 0.00>
ST_1 : Operation 30 [1/1] (0.00ns)   --->   "%empty = call i32 (...)* @_ssdm_op_SpecRegionEnd([12 x i8]* @p_str16, i32 %tmp_6)" [KWTAmini8_0/top.cc:121]   --->   Operation 30 'specregionend' 'empty' <Predicate = true> <Delay = 0.00>

State 2 <SV = 1> <Delay = 3.75>
ST_2 : Operation 31 [1/1] (1.55ns)   --->   "%tmp = icmp eq i8 %alloc_cmd_read, 2" [KWTAmini8_0/top.cc:122]   --->   Operation 31 'icmp' 'tmp' <Predicate = true> <Delay = 1.55> <Core = "Cmp">   --->   Core 25 'Cmp' <Latency = 0> <II = 1> <Delay = 2.42> <FuncUnit> <Opcode : 'icmp'> <InPorts = 2> <OutPorts = 1>
ST_2 : Operation 32 [1/1] (0.00ns)   --->   "%p_Val2_5 = load i64* @top_heap_V, align 8" [KWTAmini8_0/top.cc:126]   --->   Operation 32 'load' 'p_Val2_5' <Predicate = true> <Delay = 0.00>
ST_2 : Operation 33 [1/1] (0.00ns)   --->   "br i1 %tmp, label %0, label %138" [KWTAmini8_0/top.cc:122]   --->   Operation 33 'br' <Predicate = true> <Delay = 0.00>
ST_2 : Operation 34 [1/1] (1.55ns)   --->   "%tmp_3 = icmp eq i8 %alloc_cmd_read, 3" [KWTAmini8_0/top.cc:167]   --->   Operation 34 'icmp' 'tmp_3' <Predicate = (!tmp)> <Delay = 1.55> <Core = "Cmp">   --->   Core 25 'Cmp' <Latency = 0> <II = 1> <Delay = 2.42> <FuncUnit> <Opcode : 'icmp'> <InPorts = 2> <OutPorts = 1>
ST_2 : Operation 35 [1/1] (0.00ns)   --->   "br i1 %tmp_3, label %139, label %143" [KWTAmini8_0/top.cc:167]   --->   Operation 35 'br' <Predicate = (!tmp)> <Delay = 0.00>
ST_2 : Operation 36 [1/1] (0.00ns)   --->   "%tmp_17 = call i32 (...)* @_ssdm_op_SpecRegionBegin([12 x i8]* @p_str21)" [KWTAmini8_0/top.cc:185]   --->   Operation 36 'specregionbegin' 'tmp_17' <Predicate = (!tmp & !tmp_3)> <Delay = 0.00>
ST_2 : Operation 37 [1/1] (0.00ns)   --->   "call void (...)* @_ssdm_op_SpecProtocol(i32 1, [1 x i8]* @p_str) nounwind" [KWTAmini8_0/top.cc:186]   --->   Operation 37 'specprotocol' <Predicate = (!tmp & !tmp_3)> <Delay = 0.00>
ST_2 : Operation 38 [1/1] (0.00ns)   --->   "call void @_ssdm_op_Write.ap_hs.volatile.i32P(i32* %alloc_addr, i32 -1)" [KWTAmini8_0/top.cc:187]   --->   Operation 38 'write' <Predicate = (!tmp & !tmp_3)> <Delay = 0.00>
ST_2 : Operation 39 [1/1] (0.00ns)   --->   "%empty_40 = call i32 (...)* @_ssdm_op_SpecRegionEnd([12 x i8]* @p_str21, i32 %tmp_17)" [KWTAmini8_0/top.cc:188]   --->   Operation 39 'specregionend' 'empty_40' <Predicate = (!tmp & !tmp_3)> <Delay = 0.00>
ST_2 : Operation 40 [1/1] (0.00ns)   --->   "br label %144"   --->   Operation 40 'br' <Predicate = (!tmp & !tmp_3)> <Delay = 0.00>
ST_2 : Operation 41 [1/1] (0.00ns)   --->   "%p_Result_6 = call i6 @_ssdm_op_PartSelect.i6.i32.i32.i32(i32 %alloc_free_target_re, i32 3, i32 8)" [KWTAmini8_0/top.cc:170]   --->   Operation 41 'partselect' 'p_Result_6' <Predicate = (!tmp & tmp_3)> <Delay = 0.00>
ST_2 : Operation 42 [1/1] (0.00ns)   --->   "%p_Result_7 = call i11 @_ssdm_op_PartSelect.i11.i32.i32.i32(i32 %alloc_free_target_re, i32 9, i32 19)" [KWTAmini8_0/top.cc:171]   --->   Operation 42 'partselect' 'p_Result_7' <Predicate = (!tmp & tmp_3)> <Delay = 0.00>
ST_2 : Operation 43 [1/1] (0.00ns)   --->   "%p_Result_8 = call i17 @_ssdm_op_PartSelect.i17.i32.i32.i32(i32 %alloc_free_target_re, i32 3, i32 19)" [KWTAmini8_0/top.cc:172]   --->   Operation 43 'partselect' 'p_Result_8' <Predicate = (!tmp & tmp_3)> <Delay = 0.00>
ST_2 : Operation 44 [1/1] (0.00ns)   --->   "%tmp_5 = zext i17 %p_Result_8 to i64" [KWTAmini8_0/top.cc:173]   --->   Operation 44 'zext' 'tmp_5' <Predicate = (!tmp & tmp_3)> <Delay = 0.00>
ST_2 : Operation 45 [1/1] (0.00ns)   --->   "%used_free_V_addr = getelementptr [4096 x i32]* @used_free_V, i64 0, i64 %tmp_5" [KWTAmini8_0/top.cc:173]   --->   Operation 45 'getelementptr' 'used_free_V_addr' <Predicate = (!tmp & tmp_3)> <Delay = 0.00>
ST_2 : Operation 46 [2/2] (3.25ns)   --->   "%p_Val2_1 = load i32* %used_free_V_addr, align 4" [KWTAmini8_0/top.cc:173]   --->   Operation 46 'load' 'p_Val2_1' <Predicate = (!tmp & tmp_3)> <Delay = 3.25> <Core = "RAM">   --->   Core 37 'RAM' <Latency = 1> <II = 1> <Delay = 3.25> <Storage> <Opcode : 'load' 'store'> <Ports = 2> <Width = 32> <Depth = 4096> <RAM>
ST_2 : Operation 47 [1/1] (0.00ns)   --->   "%tmp_2 = call i32 (...)* @_ssdm_op_SpecRegionBegin([12 x i8]* @p_str17)" [KWTAmini8_0/top.cc:124]   --->   Operation 47 'specregionbegin' 'tmp_2' <Predicate = (tmp)> <Delay = 0.00>
ST_2 : Operation 48 [1/1] (0.00ns)   --->   "call void (...)* @_ssdm_op_SpecProtocol(i32 1, [1 x i8]* @p_str) nounwind" [KWTAmini8_0/top.cc:125]   --->   Operation 48 'specprotocol' <Predicate = (tmp)> <Delay = 0.00>
ST_2 : Operation 49 [1/1] (2.77ns)   --->   "%tmp_1 = icmp eq i64 %p_Val2_5, 0" [KWTAmini8_0/top.cc:126]   --->   Operation 49 'icmp' 'tmp_1' <Predicate = (tmp)> <Delay = 2.77> <Core = "Cmp">   --->   Core 25 'Cmp' <Latency = 0> <II = 1> <Delay = 2.42> <FuncUnit> <Opcode : 'icmp'> <InPorts = 2> <OutPorts = 1>
ST_2 : Operation 50 [1/1] (0.00ns)   --->   "%tmp_10 = call i1 @_ssdm_op_BitSelect.i1.i32.i32(i32 %alloc_size_read, i32 1)" [KWTAmini8_0/top.cc:126]   --->   Operation 50 'bitselect' 'tmp_10' <Predicate = (tmp)> <Delay = 0.00>
ST_2 : Operation 51 [1/1] (0.97ns)   --->   "%or_cond = or i1 %tmp_1, %tmp_10" [KWTAmini8_0/top.cc:126]   --->   Operation 51 'or' 'or_cond' <Predicate = (tmp)> <Delay = 0.97> <Core = "LogicGate">   --->   Core 27 'LogicGate' <Latency = 0> <II = 1> <Delay = 0.99> <FuncUnit> <Opcode : 'and' 'or' 'xor'> <InPorts = 2> <OutPorts = 1>
ST_2 : Operation 52 [1/1] (0.00ns)   --->   "br i1 %or_cond, label %1, label %2" [KWTAmini8_0/top.cc:126]   --->   Operation 52 'br' <Predicate = (tmp)> <Delay = 0.00>
ST_2 : Operation 53 [1/1] (0.00ns)   --->   "%p_Val2_s = load i20* @last_offset_V, align 4" [KWTAmini8_0/top.cc:131]   --->   Operation 53 'load' 'p_Val2_s' <Predicate = (tmp & !or_cond)> <Delay = 0.00>
ST_2 : Operation 54 [1/1] (0.00ns)   --->   "%tmp_34 = call i1 @_ssdm_op_BitSelect.i1.i20.i32(i20 %p_Val2_s, i32 19)" [KWTAmini8_0/top.cc:131]   --->   Operation 54 'bitselect' 'tmp_34' <Predicate = (tmp & !or_cond)> <Delay = 0.00>
ST_2 : Operation 55 [1/1] (0.00ns)   --->   "br i1 %tmp_34, label %_ZlsILi20ELb0EE11ap_int_baseIXT_EXT0_EXleT_Li64EEERKS1_i.exit21, label %3" [KWTAmini8_0/top.cc:131]   --->   Operation 55 'br' <Predicate = (tmp & !or_cond)> <Delay = 0.00>
ST_2 : Operation 56 [1/1] (0.00ns)   --->   "%tmp_18 = call i32 (...)* @_ssdm_op_SpecRegionBegin([12 x i8]* @p_str19)" [KWTAmini8_0/top.cc:133]   --->   Operation 56 'specregionbegin' 'tmp_18' <Predicate = (tmp & !or_cond & !tmp_34)> <Delay = 0.00>
ST_2 : Operation 57 [1/1] (0.00ns)   --->   "call void (...)* @_ssdm_op_SpecProtocol(i32 1, [1 x i8]* @p_str) nounwind" [KWTAmini8_0/top.cc:134]   --->   Operation 57 'specprotocol' <Predicate = (tmp & !or_cond & !tmp_34)> <Delay = 0.00>
ST_2 : Operation 58 [1/1] (0.00ns)   --->   "%last_addr_V_load = load i20* @last_addr_V, align 4" [KWTAmini8_0/top.cc:135]   --->   Operation 58 'load' 'last_addr_V_load' <Predicate = (tmp & !or_cond & !tmp_34)> <Delay = 0.00>
ST_2 : Operation 59 [1/1] (0.00ns)   --->   "%tmp_8 = zext i20 %last_addr_V_load to i32" [KWTAmini8_0/top.cc:135]   --->   Operation 59 'zext' 'tmp_8' <Predicate = (tmp & !or_cond & !tmp_34)> <Delay = 0.00>
ST_2 : Operation 60 [1/1] (0.00ns)   --->   "call void @_ssdm_op_Write.ap_hs.volatile.i32P(i32* %alloc_addr, i32 %tmp_8)" [KWTAmini8_0/top.cc:135]   --->   Operation 60 'write' <Predicate = (tmp & !or_cond & !tmp_34)> <Delay = 0.00>
ST_2 : Operation 61 [1/1] (0.00ns)   --->   "%empty_36 = call i32 (...)* @_ssdm_op_SpecRegionEnd([12 x i8]* @p_str19, i32 %tmp_18)" [KWTAmini8_0/top.cc:136]   --->   Operation 61 'specregionend' 'empty_36' <Predicate = (tmp & !or_cond & !tmp_34)> <Delay = 0.00>
ST_2 : Operation 62 [1/1] (3.52ns)   --->   "%p_not = sub i64 0, %p_Val2_5" [KWTAmini8_0/top.cc:154]   --->   Operation 62 'sub' 'p_not' <Predicate = (tmp & !or_cond & tmp_34)> <Delay = 3.52> <Core = "AddSub">   --->   Core 14 'AddSub' <Latency = 0> <II = 1> <Delay = 2.10> <FuncUnit> <Opcode : 'add' 'sub'> <InPorts = 2> <OutPorts = 1>
ST_2 : Operation 63 [1/1] (0.00ns)   --->   "%tmp_14 = call i32 (...)* @_ssdm_op_SpecRegionBegin([12 x i8]* @p_str18)" [KWTAmini8_0/top.cc:127]   --->   Operation 63 'specregionbegin' 'tmp_14' <Predicate = (tmp & or_cond)> <Delay = 0.00>
ST_2 : Operation 64 [1/1] (0.00ns)   --->   "call void (...)* @_ssdm_op_SpecProtocol(i32 1, [1 x i8]* @p_str) nounwind" [KWTAmini8_0/top.cc:128]   --->   Operation 64 'specprotocol' <Predicate = (tmp & or_cond)> <Delay = 0.00>
ST_2 : Operation 65 [1/1] (0.00ns)   --->   "call void @_ssdm_op_Write.ap_hs.volatile.i32P(i32* %alloc_addr, i32 -1)" [KWTAmini8_0/top.cc:129]   --->   Operation 65 'write' <Predicate = (tmp & or_cond)> <Delay = 0.00>
ST_2 : Operation 66 [1/1] (0.00ns)   --->   "%empty_35 = call i32 (...)* @_ssdm_op_SpecRegionEnd([12 x i8]* @p_str18, i32 %tmp_14)" [KWTAmini8_0/top.cc:130]   --->   Operation 66 'specregionend' 'empty_35' <Predicate = (tmp & or_cond)> <Delay = 0.00>
ST_2 : Operation 67 [1/1] (0.00ns)   --->   "br label %137" [KWTAmini8_0/top.cc:130]   --->   Operation 67 'br' <Predicate = (tmp & or_cond)> <Delay = 0.00>

State 3 <SV = 2> <Delay = 5.03>
ST_3 : Operation 68 [1/2] (3.25ns)   --->   "%p_Val2_1 = load i32* %used_free_V_addr, align 4" [KWTAmini8_0/top.cc:173]   --->   Operation 68 'load' 'p_Val2_1' <Predicate = true> <Delay = 3.25> <Core = "RAM">   --->   Core 37 'RAM' <Latency = 1> <II = 1> <Delay = 3.25> <Storage> <Opcode : 'load' 'store'> <Ports = 2> <Width = 32> <Depth = 4096> <RAM>
ST_3 : Operation 69 [1/1] (0.00ns)   --->   "%tmp_35 = trunc i32 %p_Val2_1 to i5" [KWTAmini8_0/top.cc:173]   --->   Operation 69 'trunc' 'tmp_35' <Predicate = true> <Delay = 0.00>
ST_3 : Operation 70 [1/1] (1.36ns)   --->   "%tmp_7 = icmp eq i5 %tmp_35, 7" [KWTAmini8_0/top.cc:174]   --->   Operation 70 'icmp' 'tmp_7' <Predicate = true> <Delay = 1.36> <Core = "Cmp">   --->   Core 25 'Cmp' <Latency = 0> <II = 1> <Delay = 2.42> <FuncUnit> <Opcode : 'icmp'> <InPorts = 2> <OutPorts = 1>
ST_3 : Operation 71 [1/1] (0.00ns)   --->   "br i1 %tmp_7, label %140, label %141" [KWTAmini8_0/top.cc:174]   --->   Operation 71 'br' <Predicate = true> <Delay = 0.00>
ST_3 : Operation 72 [1/1] (1.78ns)   --->   "%loc_V_2_trunc = add i5 %tmp_35, 1" [KWTAmini8_0/top.cc:173]   --->   Operation 72 'add' 'loc_V_2_trunc' <Predicate = (!tmp_7)> <Delay = 1.78> <Core = "AddSub">   --->   Core 14 'AddSub' <Latency = 0> <II = 1> <Delay = 2.10> <FuncUnit> <Opcode : 'add' 'sub'> <InPorts = 2> <OutPorts = 1>
ST_3 : Operation 73 [1/1] (0.00ns)   --->   "%p_Result_2 = call i32 @llvm.part.set.i32.i5(i32 %p_Val2_1, i5 %loc_V_2_trunc, i32 0, i32 4)" [KWTAmini8_0/top.cc:181]   --->   Operation 73 'partset' 'p_Result_2' <Predicate = (!tmp_7)> <Delay = 0.00>
ST_3 : Operation 74 [1/1] (1.76ns)   --->   "br label %142"   --->   Operation 74 'br' <Predicate = (!tmp_7)> <Delay = 1.76>
ST_3 : Operation 75 [1/1] (0.00ns)   --->   "%tmp_13 = zext i11 %p_Result_7 to i64" [KWTAmini8_0/top.cc:176]   --->   Operation 75 'zext' 'tmp_13' <Predicate = (tmp_7)> <Delay = 0.00>
ST_3 : Operation 76 [1/1] (0.00ns)   --->   "%heap_tree_V_addr = getelementptr [64 x i64]* @heap_tree_V, i64 0, i64 %tmp_13" [KWTAmini8_0/top.cc:176]   --->   Operation 76 'getelementptr' 'heap_tree_V_addr' <Predicate = (tmp_7)> <Delay = 0.00>
ST_3 : Operation 77 [2/2] (3.25ns)   --->   "%p_Val2_4 = load i64* %heap_tree_V_addr, align 8" [KWTAmini8_0/top.cc:176]   --->   Operation 77 'load' 'p_Val2_4' <Predicate = (tmp_7)> <Delay = 3.25> <Core = "RAM_T2P_BRAM">   --->   Core 38 'RAM_T2P_BRAM' <Latency = 1> <II = 1> <Delay = 3.25> <Storage> <Opcode : 'load' 'store'> <Ports = 2> <Width = 64> <Depth = 64> <RAM>
ST_3 : Operation 78 [1/1] (0.00ns)   --->   "%i_assign_1 = zext i11 %p_Result_7 to i32" [KWTAmini8_0/top.cc:177]   --->   Operation 78 'zext' 'i_assign_1' <Predicate = (tmp_7)> <Delay = 0.00>
ST_3 : Operation 79 [1/1] (0.00ns)   --->   "%p_Result_1 = call i64 @_ssdm_op_BitSet.i64.i64.i32.i1(i64 %p_Val2_5, i32 %i_assign_1, i1 true)" [KWTAmini8_0/top.cc:177]   --->   Operation 79 'bitset' 'p_Result_1' <Predicate = (tmp_7)> <Delay = 0.00>
ST_3 : Operation 80 [1/1] (1.76ns)   --->   "store i64 %p_Result_1, i64* @top_heap_V, align 8" [KWTAmini8_0/top.cc:177]   --->   Operation 80 'store' <Predicate = (tmp_7)> <Delay = 1.76>

State 4 <SV = 3> <Delay = 6.50>
ST_4 : Operation 81 [1/1] (0.00ns)   --->   "%i_assign = zext i6 %p_Result_6 to i32" [KWTAmini8_0/top.cc:176]   --->   Operation 81 'zext' 'i_assign' <Predicate = true> <Delay = 0.00>
ST_4 : Operation 82 [1/2] (3.25ns)   --->   "%p_Val2_4 = load i64* %heap_tree_V_addr, align 8" [KWTAmini8_0/top.cc:176]   --->   Operation 82 'load' 'p_Val2_4' <Predicate = true> <Delay = 3.25> <Core = "RAM_T2P_BRAM">   --->   Core 38 'RAM_T2P_BRAM' <Latency = 1> <II = 1> <Delay = 3.25> <Storage> <Opcode : 'load' 'store'> <Ports = 2> <Width = 64> <Depth = 64> <RAM>
ST_4 : Operation 83 [1/1] (0.00ns)   --->   "%p_Result_s_39 = call i64 @_ssdm_op_BitSet.i64.i64.i32.i1(i64 %p_Val2_4, i32 %i_assign, i1 true)" [KWTAmini8_0/top.cc:176]   --->   Operation 83 'bitset' 'p_Result_s_39' <Predicate = true> <Delay = 0.00>
ST_4 : Operation 84 [1/1] (0.00ns)   --->   "%heap_tree_V_addr_1 = getelementptr [64 x i64]* @heap_tree_V, i64 0, i64 %tmp_13" [KWTAmini8_0/top.cc:176]   --->   Operation 84 'getelementptr' 'heap_tree_V_addr_1' <Predicate = true> <Delay = 0.00>
ST_4 : Operation 85 [1/1] (3.25ns)   --->   "store i64 %p_Result_s_39, i64* %heap_tree_V_addr_1, align 8" [KWTAmini8_0/top.cc:176]   --->   Operation 85 'store' <Predicate = true> <Delay = 3.25> <Core = "RAM_T2P_BRAM">   --->   Core 38 'RAM_T2P_BRAM' <Latency = 1> <II = 1> <Delay = 3.25> <Storage> <Opcode : 'load' 'store'> <Ports = 2> <Width = 64> <Depth = 64> <RAM>
ST_4 : Operation 86 [1/1] (1.76ns)   --->   "br label %142" [KWTAmini8_0/top.cc:179]   --->   Operation 86 'br' <Predicate = true> <Delay = 1.76>

State 5 <SV = 4> <Delay = 3.25>
ST_5 : Operation 87 [1/1] (0.00ns)   --->   "%storemerge = phi i32 [ %p_Result_2, %141 ], [ 0, %140 ]"   --->   Operation 87 'phi' 'storemerge' <Predicate = (tmp_3)> <Delay = 0.00>
ST_5 : Operation 88 [1/1] (0.00ns)   --->   "%used_free_V_addr_3 = getelementptr [4096 x i32]* @used_free_V, i64 0, i64 %tmp_5" [KWTAmini8_0/top.cc:173]   --->   Operation 88 'getelementptr' 'used_free_V_addr_3' <Predicate = (tmp_3)> <Delay = 0.00>
ST_5 : Operation 89 [1/1] (3.25ns)   --->   "store i32 %storemerge, i32* %used_free_V_addr_3, align 4" [KWTAmini8_0/top.cc:178]   --->   Operation 89 'store' <Predicate = (tmp_3)> <Delay = 3.25> <Core = "RAM">   --->   Core 37 'RAM' <Latency = 1> <II = 1> <Delay = 3.25> <Storage> <Opcode : 'load' 'store'> <Ports = 2> <Width = 32> <Depth = 4096> <RAM>
ST_5 : Operation 90 [1/1] (0.00ns)   --->   "br label %144" [KWTAmini8_0/top.cc:182]   --->   Operation 90 'br' <Predicate = (tmp_3)> <Delay = 0.00>
ST_5 : Operation 91 [1/1] (0.00ns)   --->   "br label %145"   --->   Operation 91 'br' <Predicate = true> <Delay = 0.00>

State 6 <SV = 2> <Delay = 3.96>
ST_6 : Operation 92 [1/1] (2.19ns)   --->   "%tmp_9 = add i20 %last_addr_V_load, 1" [KWTAmini8_0/top.cc:137]   --->   Operation 92 'add' 'tmp_9' <Predicate = true> <Delay = 2.19> <Core = "AddSub">   --->   Core 14 'AddSub' <Latency = 0> <II = 1> <Delay = 2.10> <FuncUnit> <Opcode : 'add' 'sub'> <InPorts = 2> <OutPorts = 1>
ST_6 : Operation 93 [1/1] (1.76ns)   --->   "store i20 %tmp_9, i20* @last_addr_V, align 4" [KWTAmini8_0/top.cc:137]   --->   Operation 93 'store' <Predicate = true> <Delay = 1.76>
ST_6 : Operation 94 [1/1] (0.00ns)   --->   "%tmp_s = zext i20 %p_Val2_s to i64" [KWTAmini8_0/top.cc:138]   --->   Operation 94 'zext' 'tmp_s' <Predicate = true> <Delay = 0.00>
ST_6 : Operation 95 [1/1] (0.00ns)   --->   "%used_free_V_addr_1 = getelementptr [4096 x i32]* @used_free_V, i64 0, i64 %tmp_s" [KWTAmini8_0/top.cc:138]   --->   Operation 95 'getelementptr' 'used_free_V_addr_1' <Predicate = true> <Delay = 0.00>
ST_6 : Operation 96 [2/2] (3.25ns)   --->   "%p_Val2_3 = load i32* %used_free_V_addr_1, align 4" [KWTAmini8_0/top.cc:138]   --->   Operation 96 'load' 'p_Val2_3' <Predicate = true> <Delay = 3.25> <Core = "RAM">   --->   Core 37 'RAM' <Latency = 1> <II = 1> <Delay = 3.25> <Storage> <Opcode : 'load' 'store'> <Ports = 2> <Width = 32> <Depth = 4096> <RAM>

State 7 <SV = 3> <Delay = 8.28>
ST_7 : Operation 97 [1/2] (3.25ns)   --->   "%p_Val2_3 = load i32* %used_free_V_addr_1, align 4" [KWTAmini8_0/top.cc:138]   --->   Operation 97 'load' 'p_Val2_3' <Predicate = true> <Delay = 3.25> <Core = "RAM">   --->   Core 37 'RAM' <Latency = 1> <II = 1> <Delay = 3.25> <Storage> <Opcode : 'load' 'store'> <Ports = 2> <Width = 32> <Depth = 4096> <RAM>
ST_7 : Operation 98 [1/1] (0.00ns)   --->   "%p_Result_s = call i5 @_ssdm_op_PartSelect.i5.i32.i32.i32(i32 %p_Val2_3, i32 5, i32 9)" [KWTAmini8_0/top.cc:138]   --->   Operation 98 'partselect' 'p_Result_s' <Predicate = true> <Delay = 0.00>
ST_7 : Operation 99 [1/1] (1.36ns)   --->   "%tmp_11 = icmp eq i5 %p_Result_s, 7" [KWTAmini8_0/top.cc:139]   --->   Operation 99 'icmp' 'tmp_11' <Predicate = true> <Delay = 1.36> <Core = "Cmp">   --->   Core 25 'Cmp' <Latency = 0> <II = 1> <Delay = 2.42> <FuncUnit> <Opcode : 'icmp'> <InPorts = 2> <OutPorts = 1>
ST_7 : Operation 100 [1/1] (0.00ns)   --->   "br i1 %tmp_11, label %4, label %6" [KWTAmini8_0/top.cc:139]   --->   Operation 100 'br' <Predicate = true> <Delay = 0.00>
ST_7 : Operation 101 [1/1] (1.78ns)   --->   "%loc_V_trunc = add i5 %p_Result_s, 1" [KWTAmini8_0/top.cc:138]   --->   Operation 101 'add' 'loc_V_trunc' <Predicate = (!tmp_11)> <Delay = 1.78> <Core = "AddSub">   --->   Core 14 'AddSub' <Latency = 0> <II = 1> <Delay = 2.10> <FuncUnit> <Opcode : 'add' 'sub'> <InPorts = 2> <OutPorts = 1>
ST_7 : Operation 102 [1/1] (0.00ns)   --->   "%p_Result_4 = call i32 @llvm.part.set.i32.i5(i32 %p_Val2_3, i5 %loc_V_trunc, i32 5, i32 9)" [KWTAmini8_0/top.cc:150]   --->   Operation 102 'partset' 'p_Result_4' <Predicate = (!tmp_11)> <Delay = 0.00>
ST_7 : Operation 103 [1/1] (0.00ns)   --->   "%used_free_V_addr_2 = getelementptr [4096 x i32]* @used_free_V, i64 0, i64 %tmp_s" [KWTAmini8_0/top.cc:138]   --->   Operation 103 'getelementptr' 'used_free_V_addr_2' <Predicate = (!tmp_11)> <Delay = 0.00>
ST_7 : Operation 104 [1/1] (3.25ns)   --->   "store i32 %p_Result_4, i32* %used_free_V_addr_2, align 4" [KWTAmini8_0/top.cc:150]   --->   Operation 104 'store' <Predicate = (!tmp_11)> <Delay = 3.25> <Core = "RAM">   --->   Core 37 'RAM' <Latency = 1> <II = 1> <Delay = 3.25> <Storage> <Opcode : 'load' 'store'> <Ports = 2> <Width = 32> <Depth = 4096> <RAM>
ST_7 : Operation 105 [1/1] (0.00ns)   --->   "br label %7"   --->   Operation 105 'br' <Predicate = (!tmp_11)> <Delay = 0.00>
ST_7 : Operation 106 [1/1] (0.00ns)   --->   "%last_loc1_V_load = load i8* @last_loc1_V, align 1"   --->   Operation 106 'load' 'last_loc1_V_load' <Predicate = (tmp_11)> <Delay = 0.00>
ST_7 : Operation 107 [1/1] (0.00ns)   --->   "%tmp_15 = zext i8 %last_loc1_V_load to i64" [KWTAmini8_0/top.cc:142]   --->   Operation 107 'zext' 'tmp_15' <Predicate = (tmp_11)> <Delay = 0.00>
ST_7 : Operation 108 [1/1] (0.00ns)   --->   "%heap_tree_V_addr_2 = getelementptr [64 x i64]* @heap_tree_V, i64 0, i64 %tmp_15" [KWTAmini8_0/top.cc:142]   --->   Operation 108 'getelementptr' 'heap_tree_V_addr_2' <Predicate = (tmp_11)> <Delay = 0.00>
ST_7 : Operation 109 [2/2] (3.25ns)   --->   "%p_Val2_6 = load i64* %heap_tree_V_addr_2, align 8" [KWTAmini8_0/top.cc:142]   --->   Operation 109 'load' 'p_Val2_6' <Predicate = (tmp_11)> <Delay = 3.25> <Core = "RAM_T2P_BRAM">   --->   Core 38 'RAM_T2P_BRAM' <Latency = 1> <II = 1> <Delay = 3.25> <Storage> <Opcode : 'load' 'store'> <Ports = 2> <Width = 64> <Depth = 64> <RAM>
ST_7 : Operation 110 [1/1] (1.76ns)   --->   "store i20 -1, i20* @last_offset_V, align 4" [KWTAmini8_0/top.cc:143]   --->   Operation 110 'store' <Predicate = (tmp_11)> <Delay = 1.76>

State 8 <SV = 4> <Delay = 6.50>
ST_8 : Operation 111 [1/1] (0.00ns)   --->   "%last_loc2_V_load = load i8* @last_loc2_V, align 1"   --->   Operation 111 'load' 'last_loc2_V_load' <Predicate = (tmp_11)> <Delay = 0.00>
ST_8 : Operation 112 [1/1] (0.00ns)   --->   "%i_assign_2 = zext i8 %last_loc2_V_load to i32" [KWTAmini8_0/top.cc:142]   --->   Operation 112 'zext' 'i_assign_2' <Predicate = (tmp_11)> <Delay = 0.00>
ST_8 : Operation 113 [1/2] (3.25ns)   --->   "%p_Val2_6 = load i64* %heap_tree_V_addr_2, align 8" [KWTAmini8_0/top.cc:142]   --->   Operation 113 'load' 'p_Val2_6' <Predicate = (tmp_11)> <Delay = 3.25> <Core = "RAM_T2P_BRAM">   --->   Core 38 'RAM_T2P_BRAM' <Latency = 1> <II = 1> <Delay = 3.25> <Storage> <Opcode : 'load' 'store'> <Ports = 2> <Width = 64> <Depth = 64> <RAM>
ST_8 : Operation 114 [1/1] (0.00ns)   --->   "%p_Result_3 = call i64 @_ssdm_op_BitSet.i64.i64.i32.i1(i64 %p_Val2_6, i32 %i_assign_2, i1 false)" [KWTAmini8_0/top.cc:142]   --->   Operation 114 'bitset' 'p_Result_3' <Predicate = (tmp_11)> <Delay = 0.00>
ST_8 : Operation 115 [1/1] (0.00ns)   --->   "%heap_tree_V_addr_3 = getelementptr [64 x i64]* @heap_tree_V, i64 0, i64 %tmp_15" [KWTAmini8_0/top.cc:142]   --->   Operation 115 'getelementptr' 'heap_tree_V_addr_3' <Predicate = (tmp_11)> <Delay = 0.00>
ST_8 : Operation 116 [1/1] (3.25ns)   --->   "store i64 %p_Result_3, i64* %heap_tree_V_addr_3, align 8" [KWTAmini8_0/top.cc:142]   --->   Operation 116 'store' <Predicate = (tmp_11)> <Delay = 3.25> <Core = "RAM_T2P_BRAM">   --->   Core 38 'RAM_T2P_BRAM' <Latency = 1> <II = 1> <Delay = 3.25> <Storage> <Opcode : 'load' 'store'> <Ports = 2> <Width = 64> <Depth = 64> <RAM>
ST_8 : Operation 117 [1/1] (2.77ns)   --->   "%tmp_16 = icmp eq i64 %p_Result_3, 0" [KWTAmini8_0/top.cc:144]   --->   Operation 117 'icmp' 'tmp_16' <Predicate = (tmp_11)> <Delay = 2.77> <Core = "Cmp">   --->   Core 25 'Cmp' <Latency = 0> <II = 1> <Delay = 2.42> <FuncUnit> <Opcode : 'icmp'> <InPorts = 2> <OutPorts = 1>
ST_8 : Operation 118 [1/1] (0.00ns)   --->   "br i1 %tmp_16, label %5, label %._crit_edge746" [KWTAmini8_0/top.cc:144]   --->   Operation 118 'br' <Predicate = (tmp_11)> <Delay = 0.00>
ST_8 : Operation 119 [1/1] (0.00ns)   --->   "%i_assign_3 = zext i8 %last_loc1_V_load to i32" [KWTAmini8_0/top.cc:147]   --->   Operation 119 'zext' 'i_assign_3' <Predicate = (tmp_11 & tmp_16)> <Delay = 0.00>
ST_8 : Operation 120 [1/1] (0.00ns)   --->   "%p_Result_5 = call i64 @_ssdm_op_BitSet.i64.i64.i32.i1(i64 %p_Val2_5, i32 %i_assign_3, i1 false)" [KWTAmini8_0/top.cc:147]   --->   Operation 120 'bitset' 'p_Result_5' <Predicate = (tmp_11 & tmp_16)> <Delay = 0.00>
ST_8 : Operation 121 [1/1] (1.76ns)   --->   "store i64 %p_Result_5, i64* @top_heap_V, align 8" [KWTAmini8_0/top.cc:147]   --->   Operation 121 'store' <Predicate = (tmp_11 & tmp_16)> <Delay = 1.76>
ST_8 : Operation 122 [1/1] (0.00ns)   --->   "br label %._crit_edge746" [KWTAmini8_0/top.cc:148]   --->   Operation 122 'br' <Predicate = (tmp_11 & tmp_16)> <Delay = 0.00>
ST_8 : Operation 123 [1/1] (0.00ns)   --->   "br label %7" [KWTAmini8_0/top.cc:149]   --->   Operation 123 'br' <Predicate = (tmp_11)> <Delay = 0.00>
ST_8 : Operation 124 [1/1] (0.00ns)   --->   "br label %136" [KWTAmini8_0/top.cc:151]   --->   Operation 124 'br' <Predicate = true> <Delay = 0.00>

State 9 <SV = 2> <Delay = 5.65>
ST_9 : Operation 125 [1/1] (0.99ns)   --->   "%p_Val2_2 = and i64 %p_Val2_5, %p_not" [KWTAmini8_0/top.cc:154]   --->   Operation 125 'and' 'p_Val2_2' <Predicate = true> <Delay = 0.99> <Core = "LogicGate">   --->   Core 27 'LogicGate' <Latency = 0> <II = 1> <Delay = 0.99> <FuncUnit> <Opcode : 'and' 'or' 'xor'> <InPorts = 2> <OutPorts = 1>
ST_9 : Operation 126 [1/1] (0.00ns)   --->   "%AA_V = trunc i64 %p_Val2_2 to i16" [KWTAmini8_0/top.cc:90->KWTAmini8_0/top.cc:154]   --->   Operation 126 'trunc' 'AA_V' <Predicate = true> <Delay = 0.00>
ST_9 : Operation 127 [1/1] (0.00ns)   --->   "%BB_V = call i16 @_ssdm_op_PartSelect.i16.i64.i32.i32(i64 %p_Val2_2, i32 16, i32 31)" [KWTAmini8_0/top.cc:90->KWTAmini8_0/top.cc:154]   --->   Operation 127 'partselect' 'BB_V' <Predicate = true> <Delay = 0.00>
ST_9 : Operation 128 [1/1] (0.00ns)   --->   "%CC_V = call i16 @_ssdm_op_PartSelect.i16.i64.i32.i32(i64 %p_Val2_2, i32 32, i32 47)" [KWTAmini8_0/top.cc:90->KWTAmini8_0/top.cc:154]   --->   Operation 128 'partselect' 'CC_V' <Predicate = true> <Delay = 0.00>
ST_9 : Operation 129 [1/1] (0.00ns)   --->   "%DD_V = call i16 @_ssdm_op_PartSelect.i16.i64.i32.i32(i64 %p_Val2_2, i32 48, i32 63)" [KWTAmini8_0/top.cc:90->KWTAmini8_0/top.cc:154]   --->   Operation 129 'partselect' 'DD_V' <Predicate = true> <Delay = 0.00>
ST_9 : Operation 130 [1/1] (2.42ns)   --->   "%tmp_12 = icmp eq i16 %AA_V, 0" [KWTAmini8_0/top.cc:91->KWTAmini8_0/top.cc:154]   --->   Operation 130 'icmp' 'tmp_12' <Predicate = true> <Delay = 2.42> <Core = "Cmp">   --->   Core 25 'Cmp' <Latency = 0> <II = 1> <Delay = 2.42> <FuncUnit> <Opcode : 'icmp'> <InPorts = 2> <OutPorts = 1>
ST_9 : Operation 131 [1/1] (2.19ns)   --->   "br i1 %tmp_12, label %._crit_edge.i778, label %8" [KWTAmini8_0/top.cc:91->KWTAmini8_0/top.cc:154]   --->   Operation 131 'br' <Predicate = true> <Delay = 2.19>
ST_9 : Operation 132 [1/1] (2.19ns)   --->   "switch i16 %AA_V, label %._crit_edge.i778 [
    i16 -32768, label %23
    i16 2, label %9
    i16 4, label %10
    i16 8, label %11
    i16 16, label %12
    i16 32, label %13
    i16 64, label %14
    i16 128, label %15
    i16 256, label %16
    i16 512, label %17
    i16 1024, label %18
    i16 2048, label %19
    i16 4096, label %20
    i16 8192, label %21
    i16 16384, label %22
  ]" [KWTAmini8_0/top.cc:44->KWTAmini8_0/top.cc:91->KWTAmini8_0/top.cc:154]   --->   Operation 132 'switch' <Predicate = (!tmp_12)> <Delay = 2.19>
ST_9 : Operation 133 [1/1] (2.19ns)   --->   "br label %._crit_edge.i778" [KWTAmini8_0/top.cc:60->KWTAmini8_0/top.cc:91->KWTAmini8_0/top.cc:154]   --->   Operation 133 'br' <Predicate = (!tmp_12 & AA_V == 16384)> <Delay = 2.19>
ST_9 : Operation 134 [1/1] (2.19ns)   --->   "br label %._crit_edge.i778" [KWTAmini8_0/top.cc:59->KWTAmini8_0/top.cc:91->KWTAmini8_0/top.cc:154]   --->   Operation 134 'br' <Predicate = (!tmp_12 & AA_V == 8192)> <Delay = 2.19>
ST_9 : Operation 135 [1/1] (2.19ns)   --->   "br label %._crit_edge.i778" [KWTAmini8_0/top.cc:58->KWTAmini8_0/top.cc:91->KWTAmini8_0/top.cc:154]   --->   Operation 135 'br' <Predicate = (!tmp_12 & AA_V == 4096)> <Delay = 2.19>
ST_9 : Operation 136 [1/1] (2.19ns)   --->   "br label %._crit_edge.i778" [KWTAmini8_0/top.cc:57->KWTAmini8_0/top.cc:91->KWTAmini8_0/top.cc:154]   --->   Operation 136 'br' <Predicate = (!tmp_12 & AA_V == 2048)> <Delay = 2.19>
ST_9 : Operation 137 [1/1] (2.19ns)   --->   "br label %._crit_edge.i778" [KWTAmini8_0/top.cc:56->KWTAmini8_0/top.cc:91->KWTAmini8_0/top.cc:154]   --->   Operation 137 'br' <Predicate = (!tmp_12 & AA_V == 1024)> <Delay = 2.19>
ST_9 : Operation 138 [1/1] (2.19ns)   --->   "br label %._crit_edge.i778" [KWTAmini8_0/top.cc:55->KWTAmini8_0/top.cc:91->KWTAmini8_0/top.cc:154]   --->   Operation 138 'br' <Predicate = (!tmp_12 & AA_V == 512)> <Delay = 2.19>
ST_9 : Operation 139 [1/1] (2.19ns)   --->   "br label %._crit_edge.i778" [KWTAmini8_0/top.cc:54->KWTAmini8_0/top.cc:91->KWTAmini8_0/top.cc:154]   --->   Operation 139 'br' <Predicate = (!tmp_12 & AA_V == 256)> <Delay = 2.19>
ST_9 : Operation 140 [1/1] (2.19ns)   --->   "br label %._crit_edge.i778" [KWTAmini8_0/top.cc:53->KWTAmini8_0/top.cc:91->KWTAmini8_0/top.cc:154]   --->   Operation 140 'br' <Predicate = (!tmp_12 & AA_V == 128)> <Delay = 2.19>
ST_9 : Operation 141 [1/1] (2.19ns)   --->   "br label %._crit_edge.i778" [KWTAmini8_0/top.cc:52->KWTAmini8_0/top.cc:91->KWTAmini8_0/top.cc:154]   --->   Operation 141 'br' <Predicate = (!tmp_12 & AA_V == 64)> <Delay = 2.19>
ST_9 : Operation 142 [1/1] (2.19ns)   --->   "br label %._crit_edge.i778" [KWTAmini8_0/top.cc:51->KWTAmini8_0/top.cc:91->KWTAmini8_0/top.cc:154]   --->   Operation 142 'br' <Predicate = (!tmp_12 & AA_V == 32)> <Delay = 2.19>
ST_9 : Operation 143 [1/1] (2.19ns)   --->   "br label %._crit_edge.i778" [KWTAmini8_0/top.cc:50->KWTAmini8_0/top.cc:91->KWTAmini8_0/top.cc:154]   --->   Operation 143 'br' <Predicate = (!tmp_12 & AA_V == 16)> <Delay = 2.19>
ST_9 : Operation 144 [1/1] (2.19ns)   --->   "br label %._crit_edge.i778" [KWTAmini8_0/top.cc:49->KWTAmini8_0/top.cc:91->KWTAmini8_0/top.cc:154]   --->   Operation 144 'br' <Predicate = (!tmp_12 & AA_V == 8)> <Delay = 2.19>
ST_9 : Operation 145 [1/1] (2.19ns)   --->   "br label %._crit_edge.i778" [KWTAmini8_0/top.cc:48->KWTAmini8_0/top.cc:91->KWTAmini8_0/top.cc:154]   --->   Operation 145 'br' <Predicate = (!tmp_12 & AA_V == 4)> <Delay = 2.19>
ST_9 : Operation 146 [1/1] (2.19ns)   --->   "br label %._crit_edge.i778" [KWTAmini8_0/top.cc:47->KWTAmini8_0/top.cc:91->KWTAmini8_0/top.cc:154]   --->   Operation 146 'br' <Predicate = (!tmp_12 & AA_V == 2)> <Delay = 2.19>
ST_9 : Operation 147 [1/1] (2.19ns)   --->   "br label %._crit_edge.i778" [KWTAmini8_0/top.cc:61->KWTAmini8_0/top.cc:91->KWTAmini8_0/top.cc:154]   --->   Operation 147 'br' <Predicate = (!tmp_12 & AA_V == 32768)> <Delay = 2.19>
ST_9 : Operation 148 [1/1] (0.00ns)   --->   "%p_0167_0_i1 = phi i4 [ 0, %_ZlsILi20ELb0EE11ap_int_baseIXT_EXT0_EXleT_Li64EEERKS1_i.exit21 ], [ -1, %23 ], [ -2, %22 ], [ -3, %21 ], [ -4, %20 ], [ -5, %19 ], [ -6, %18 ], [ -7, %17 ], [ -8, %16 ], [ 7, %15 ], [ 6, %14 ], [ 5, %13 ], [ 4, %12 ], [ 3, %11 ], [ 2, %10 ], [ 1, %9 ], [ 0, %8 ]"   --->   Operation 148 'phi' 'p_0167_0_i1' <Predicate = true> <Delay = 0.00>
ST_9 : Operation 149 [1/1] (0.00ns)   --->   "%p_0167_0_i1_cast = zext i4 %p_0167_0_i1 to i6" [KWTAmini8_0/top.cc:92->KWTAmini8_0/top.cc:154]   --->   Operation 149 'zext' 'p_0167_0_i1_cast' <Predicate = true> <Delay = 0.00>
ST_9 : Operation 150 [1/1] (2.42ns)   --->   "%tmp_19 = icmp eq i16 %BB_V, 0" [KWTAmini8_0/top.cc:92->KWTAmini8_0/top.cc:154]   --->   Operation 150 'icmp' 'tmp_19' <Predicate = true> <Delay = 2.42> <Core = "Cmp">   --->   Core 25 'Cmp' <Latency = 0> <II = 1> <Delay = 2.42> <FuncUnit> <Opcode : 'icmp'> <InPorts = 2> <OutPorts = 1>
ST_9 : Operation 151 [1/1] (2.23ns)   --->   "br i1 %tmp_19, label %._crit_edge355.i783, label %24" [KWTAmini8_0/top.cc:92->KWTAmini8_0/top.cc:154]   --->   Operation 151 'br' <Predicate = true> <Delay = 2.23>
ST_9 : Operation 152 [1/1] (2.23ns)   --->   "switch i16 %BB_V, label %._crit_edge355.i783 [
    i16 -32768, label %39
    i16 2, label %25
    i16 4, label %26
    i16 8, label %27
    i16 16, label %28
    i16 32, label %29
    i16 64, label %30
    i16 128, label %31
    i16 256, label %32
    i16 512, label %33
    i16 1024, label %34
    i16 2048, label %35
    i16 4096, label %36
    i16 8192, label %37
    i16 16384, label %38
  ]" [KWTAmini8_0/top.cc:44->KWTAmini8_0/top.cc:92->KWTAmini8_0/top.cc:154]   --->   Operation 152 'switch' <Predicate = (!tmp_19)> <Delay = 2.23>
ST_9 : Operation 153 [1/1] (2.23ns)   --->   "br label %._crit_edge355.i783" [KWTAmini8_0/top.cc:60->KWTAmini8_0/top.cc:92->KWTAmini8_0/top.cc:154]   --->   Operation 153 'br' <Predicate = (!tmp_19 & BB_V == 16384)> <Delay = 2.23>
ST_9 : Operation 154 [1/1] (2.23ns)   --->   "br label %._crit_edge355.i783" [KWTAmini8_0/top.cc:59->KWTAmini8_0/top.cc:92->KWTAmini8_0/top.cc:154]   --->   Operation 154 'br' <Predicate = (!tmp_19 & BB_V == 8192)> <Delay = 2.23>
ST_9 : Operation 155 [1/1] (2.23ns)   --->   "br label %._crit_edge355.i783" [KWTAmini8_0/top.cc:58->KWTAmini8_0/top.cc:92->KWTAmini8_0/top.cc:154]   --->   Operation 155 'br' <Predicate = (!tmp_19 & BB_V == 4096)> <Delay = 2.23>
ST_9 : Operation 156 [1/1] (2.23ns)   --->   "br label %._crit_edge355.i783" [KWTAmini8_0/top.cc:57->KWTAmini8_0/top.cc:92->KWTAmini8_0/top.cc:154]   --->   Operation 156 'br' <Predicate = (!tmp_19 & BB_V == 2048)> <Delay = 2.23>
ST_9 : Operation 157 [1/1] (2.23ns)   --->   "br label %._crit_edge355.i783" [KWTAmini8_0/top.cc:56->KWTAmini8_0/top.cc:92->KWTAmini8_0/top.cc:154]   --->   Operation 157 'br' <Predicate = (!tmp_19 & BB_V == 1024)> <Delay = 2.23>
ST_9 : Operation 158 [1/1] (2.23ns)   --->   "br label %._crit_edge355.i783" [KWTAmini8_0/top.cc:55->KWTAmini8_0/top.cc:92->KWTAmini8_0/top.cc:154]   --->   Operation 158 'br' <Predicate = (!tmp_19 & BB_V == 512)> <Delay = 2.23>
ST_9 : Operation 159 [1/1] (2.23ns)   --->   "br label %._crit_edge355.i783" [KWTAmini8_0/top.cc:54->KWTAmini8_0/top.cc:92->KWTAmini8_0/top.cc:154]   --->   Operation 159 'br' <Predicate = (!tmp_19 & BB_V == 256)> <Delay = 2.23>
ST_9 : Operation 160 [1/1] (2.23ns)   --->   "br label %._crit_edge355.i783" [KWTAmini8_0/top.cc:53->KWTAmini8_0/top.cc:92->KWTAmini8_0/top.cc:154]   --->   Operation 160 'br' <Predicate = (!tmp_19 & BB_V == 128)> <Delay = 2.23>
ST_9 : Operation 161 [1/1] (2.23ns)   --->   "br label %._crit_edge355.i783" [KWTAmini8_0/top.cc:52->KWTAmini8_0/top.cc:92->KWTAmini8_0/top.cc:154]   --->   Operation 161 'br' <Predicate = (!tmp_19 & BB_V == 64)> <Delay = 2.23>
ST_9 : Operation 162 [1/1] (2.23ns)   --->   "br label %._crit_edge355.i783" [KWTAmini8_0/top.cc:51->KWTAmini8_0/top.cc:92->KWTAmini8_0/top.cc:154]   --->   Operation 162 'br' <Predicate = (!tmp_19 & BB_V == 32)> <Delay = 2.23>
ST_9 : Operation 163 [1/1] (2.23ns)   --->   "br label %._crit_edge355.i783" [KWTAmini8_0/top.cc:50->KWTAmini8_0/top.cc:92->KWTAmini8_0/top.cc:154]   --->   Operation 163 'br' <Predicate = (!tmp_19 & BB_V == 16)> <Delay = 2.23>
ST_9 : Operation 164 [1/1] (2.23ns)   --->   "br label %._crit_edge355.i783" [KWTAmini8_0/top.cc:49->KWTAmini8_0/top.cc:92->KWTAmini8_0/top.cc:154]   --->   Operation 164 'br' <Predicate = (!tmp_19 & BB_V == 8)> <Delay = 2.23>
ST_9 : Operation 165 [1/1] (2.23ns)   --->   "br label %._crit_edge355.i783" [KWTAmini8_0/top.cc:48->KWTAmini8_0/top.cc:92->KWTAmini8_0/top.cc:154]   --->   Operation 165 'br' <Predicate = (!tmp_19 & BB_V == 4)> <Delay = 2.23>
ST_9 : Operation 166 [1/1] (2.23ns)   --->   "br label %._crit_edge355.i783" [KWTAmini8_0/top.cc:47->KWTAmini8_0/top.cc:92->KWTAmini8_0/top.cc:154]   --->   Operation 166 'br' <Predicate = (!tmp_19 & BB_V == 2)> <Delay = 2.23>
ST_9 : Operation 167 [1/1] (2.23ns)   --->   "br label %._crit_edge355.i783" [KWTAmini8_0/top.cc:61->KWTAmini8_0/top.cc:92->KWTAmini8_0/top.cc:154]   --->   Operation 167 'br' <Predicate = (!tmp_19 & BB_V == 32768)> <Delay = 2.23>
ST_9 : Operation 168 [1/1] (0.00ns)   --->   "%p_0252_0_i1 = phi i5 [ 0, %._crit_edge.i778 ], [ -1, %39 ], [ -2, %38 ], [ -3, %37 ], [ -4, %36 ], [ -5, %35 ], [ -6, %34 ], [ -7, %33 ], [ -8, %32 ], [ -9, %31 ], [ -10, %30 ], [ -11, %29 ], [ -12, %28 ], [ -13, %27 ], [ -14, %26 ], [ -15, %25 ], [ -16, %24 ]"   --->   Operation 168 'phi' 'p_0252_0_i1' <Predicate = true> <Delay = 0.00>
ST_9 : Operation 169 [1/1] (0.00ns)   --->   "%p_0252_0_i1_cast = zext i5 %p_0252_0_i1 to i7" [KWTAmini8_0/top.cc:93->KWTAmini8_0/top.cc:154]   --->   Operation 169 'zext' 'p_0252_0_i1_cast' <Predicate = true> <Delay = 0.00>
ST_9 : Operation 170 [1/1] (2.42ns)   --->   "%tmp_20 = icmp eq i16 %CC_V, 0" [KWTAmini8_0/top.cc:93->KWTAmini8_0/top.cc:154]   --->   Operation 170 'icmp' 'tmp_20' <Predicate = true> <Delay = 2.42> <Core = "Cmp">   --->   Core 25 'Cmp' <Latency = 0> <II = 1> <Delay = 2.42> <FuncUnit> <Opcode : 'icmp'> <InPorts = 2> <OutPorts = 1>
ST_9 : Operation 171 [1/1] (2.23ns)   --->   "br i1 %tmp_20, label %._crit_edge356.i788, label %40" [KWTAmini8_0/top.cc:93->KWTAmini8_0/top.cc:154]   --->   Operation 171 'br' <Predicate = true> <Delay = 2.23>
ST_9 : Operation 172 [1/1] (2.23ns)   --->   "switch i16 %CC_V, label %._crit_edge356.i788 [
    i16 -32768, label %55
    i16 2, label %41
    i16 4, label %42
    i16 8, label %43
    i16 16, label %44
    i16 32, label %45
    i16 64, label %46
    i16 128, label %47
    i16 256, label %48
    i16 512, label %49
    i16 1024, label %50
    i16 2048, label %51
    i16 4096, label %52
    i16 8192, label %53
    i16 16384, label %54
  ]" [KWTAmini8_0/top.cc:44->KWTAmini8_0/top.cc:93->KWTAmini8_0/top.cc:154]   --->   Operation 172 'switch' <Predicate = (!tmp_20)> <Delay = 2.23>
ST_9 : Operation 173 [1/1] (2.23ns)   --->   "br label %._crit_edge356.i788" [KWTAmini8_0/top.cc:60->KWTAmini8_0/top.cc:93->KWTAmini8_0/top.cc:154]   --->   Operation 173 'br' <Predicate = (!tmp_20 & CC_V == 16384)> <Delay = 2.23>
ST_9 : Operation 174 [1/1] (2.23ns)   --->   "br label %._crit_edge356.i788" [KWTAmini8_0/top.cc:59->KWTAmini8_0/top.cc:93->KWTAmini8_0/top.cc:154]   --->   Operation 174 'br' <Predicate = (!tmp_20 & CC_V == 8192)> <Delay = 2.23>
ST_9 : Operation 175 [1/1] (2.23ns)   --->   "br label %._crit_edge356.i788" [KWTAmini8_0/top.cc:58->KWTAmini8_0/top.cc:93->KWTAmini8_0/top.cc:154]   --->   Operation 175 'br' <Predicate = (!tmp_20 & CC_V == 4096)> <Delay = 2.23>
ST_9 : Operation 176 [1/1] (2.23ns)   --->   "br label %._crit_edge356.i788" [KWTAmini8_0/top.cc:57->KWTAmini8_0/top.cc:93->KWTAmini8_0/top.cc:154]   --->   Operation 176 'br' <Predicate = (!tmp_20 & CC_V == 2048)> <Delay = 2.23>
ST_9 : Operation 177 [1/1] (2.23ns)   --->   "br label %._crit_edge356.i788" [KWTAmini8_0/top.cc:56->KWTAmini8_0/top.cc:93->KWTAmini8_0/top.cc:154]   --->   Operation 177 'br' <Predicate = (!tmp_20 & CC_V == 1024)> <Delay = 2.23>
ST_9 : Operation 178 [1/1] (2.23ns)   --->   "br label %._crit_edge356.i788" [KWTAmini8_0/top.cc:55->KWTAmini8_0/top.cc:93->KWTAmini8_0/top.cc:154]   --->   Operation 178 'br' <Predicate = (!tmp_20 & CC_V == 512)> <Delay = 2.23>
ST_9 : Operation 179 [1/1] (2.23ns)   --->   "br label %._crit_edge356.i788" [KWTAmini8_0/top.cc:54->KWTAmini8_0/top.cc:93->KWTAmini8_0/top.cc:154]   --->   Operation 179 'br' <Predicate = (!tmp_20 & CC_V == 256)> <Delay = 2.23>
ST_9 : Operation 180 [1/1] (2.23ns)   --->   "br label %._crit_edge356.i788" [KWTAmini8_0/top.cc:53->KWTAmini8_0/top.cc:93->KWTAmini8_0/top.cc:154]   --->   Operation 180 'br' <Predicate = (!tmp_20 & CC_V == 128)> <Delay = 2.23>
ST_9 : Operation 181 [1/1] (2.23ns)   --->   "br label %._crit_edge356.i788" [KWTAmini8_0/top.cc:52->KWTAmini8_0/top.cc:93->KWTAmini8_0/top.cc:154]   --->   Operation 181 'br' <Predicate = (!tmp_20 & CC_V == 64)> <Delay = 2.23>
ST_9 : Operation 182 [1/1] (2.23ns)   --->   "br label %._crit_edge356.i788" [KWTAmini8_0/top.cc:51->KWTAmini8_0/top.cc:93->KWTAmini8_0/top.cc:154]   --->   Operation 182 'br' <Predicate = (!tmp_20 & CC_V == 32)> <Delay = 2.23>
ST_9 : Operation 183 [1/1] (2.23ns)   --->   "br label %._crit_edge356.i788" [KWTAmini8_0/top.cc:50->KWTAmini8_0/top.cc:93->KWTAmini8_0/top.cc:154]   --->   Operation 183 'br' <Predicate = (!tmp_20 & CC_V == 16)> <Delay = 2.23>
ST_9 : Operation 184 [1/1] (2.23ns)   --->   "br label %._crit_edge356.i788" [KWTAmini8_0/top.cc:49->KWTAmini8_0/top.cc:93->KWTAmini8_0/top.cc:154]   --->   Operation 184 'br' <Predicate = (!tmp_20 & CC_V == 8)> <Delay = 2.23>
ST_9 : Operation 185 [1/1] (2.23ns)   --->   "br label %._crit_edge356.i788" [KWTAmini8_0/top.cc:48->KWTAmini8_0/top.cc:93->KWTAmini8_0/top.cc:154]   --->   Operation 185 'br' <Predicate = (!tmp_20 & CC_V == 4)> <Delay = 2.23>
ST_9 : Operation 186 [1/1] (2.23ns)   --->   "br label %._crit_edge356.i788" [KWTAmini8_0/top.cc:47->KWTAmini8_0/top.cc:93->KWTAmini8_0/top.cc:154]   --->   Operation 186 'br' <Predicate = (!tmp_20 & CC_V == 2)> <Delay = 2.23>
ST_9 : Operation 187 [1/1] (2.23ns)   --->   "br label %._crit_edge356.i788" [KWTAmini8_0/top.cc:61->KWTAmini8_0/top.cc:93->KWTAmini8_0/top.cc:154]   --->   Operation 187 'br' <Predicate = (!tmp_20 & CC_V == 32768)> <Delay = 2.23>
ST_9 : Operation 188 [1/1] (0.00ns)   --->   "%p_0248_0_i1 = phi i6 [ 0, %._crit_edge355.i783 ], [ -17, %55 ], [ -18, %54 ], [ -19, %53 ], [ -20, %52 ], [ -21, %51 ], [ -22, %50 ], [ -23, %49 ], [ -24, %48 ], [ -25, %47 ], [ -26, %46 ], [ -27, %45 ], [ -28, %44 ], [ -29, %43 ], [ -30, %42 ], [ -31, %41 ], [ -32, %40 ]"   --->   Operation 188 'phi' 'p_0248_0_i1' <Predicate = true> <Delay = 0.00>
ST_9 : Operation 189 [1/1] (2.42ns)   --->   "%tmp_21 = icmp eq i16 %DD_V, 0" [KWTAmini8_0/top.cc:94->KWTAmini8_0/top.cc:154]   --->   Operation 189 'icmp' 'tmp_21' <Predicate = true> <Delay = 2.42> <Core = "Cmp">   --->   Core 25 'Cmp' <Latency = 0> <II = 1> <Delay = 2.42> <FuncUnit> <Opcode : 'icmp'> <InPorts = 2> <OutPorts = 1>
ST_9 : Operation 190 [1/1] (2.23ns)   --->   "br i1 %tmp_21, label %log_2_64bit.exit793, label %56" [KWTAmini8_0/top.cc:94->KWTAmini8_0/top.cc:154]   --->   Operation 190 'br' <Predicate = true> <Delay = 2.23>
ST_9 : Operation 191 [1/1] (2.23ns)   --->   "switch i16 %DD_V, label %log_2_64bit.exit793 [
    i16 -32768, label %71
    i16 2, label %57
    i16 4, label %58
    i16 8, label %59
    i16 16, label %60
    i16 32, label %61
    i16 64, label %62
    i16 128, label %63
    i16 256, label %64
    i16 512, label %65
    i16 1024, label %66
    i16 2048, label %67
    i16 4096, label %68
    i16 8192, label %69
    i16 16384, label %70
  ]" [KWTAmini8_0/top.cc:44->KWTAmini8_0/top.cc:94->KWTAmini8_0/top.cc:154]   --->   Operation 191 'switch' <Predicate = (!tmp_21)> <Delay = 2.23>
ST_9 : Operation 192 [1/1] (2.23ns)   --->   "br label %log_2_64bit.exit793" [KWTAmini8_0/top.cc:60->KWTAmini8_0/top.cc:94->KWTAmini8_0/top.cc:154]   --->   Operation 192 'br' <Predicate = (!tmp_21 & DD_V == 16384)> <Delay = 2.23>
ST_9 : Operation 193 [1/1] (2.23ns)   --->   "br label %log_2_64bit.exit793" [KWTAmini8_0/top.cc:59->KWTAmini8_0/top.cc:94->KWTAmini8_0/top.cc:154]   --->   Operation 193 'br' <Predicate = (!tmp_21 & DD_V == 8192)> <Delay = 2.23>
ST_9 : Operation 194 [1/1] (2.23ns)   --->   "br label %log_2_64bit.exit793" [KWTAmini8_0/top.cc:58->KWTAmini8_0/top.cc:94->KWTAmini8_0/top.cc:154]   --->   Operation 194 'br' <Predicate = (!tmp_21 & DD_V == 4096)> <Delay = 2.23>
ST_9 : Operation 195 [1/1] (2.23ns)   --->   "br label %log_2_64bit.exit793" [KWTAmini8_0/top.cc:57->KWTAmini8_0/top.cc:94->KWTAmini8_0/top.cc:154]   --->   Operation 195 'br' <Predicate = (!tmp_21 & DD_V == 2048)> <Delay = 2.23>
ST_9 : Operation 196 [1/1] (2.23ns)   --->   "br label %log_2_64bit.exit793" [KWTAmini8_0/top.cc:56->KWTAmini8_0/top.cc:94->KWTAmini8_0/top.cc:154]   --->   Operation 196 'br' <Predicate = (!tmp_21 & DD_V == 1024)> <Delay = 2.23>
ST_9 : Operation 197 [1/1] (2.23ns)   --->   "br label %log_2_64bit.exit793" [KWTAmini8_0/top.cc:55->KWTAmini8_0/top.cc:94->KWTAmini8_0/top.cc:154]   --->   Operation 197 'br' <Predicate = (!tmp_21 & DD_V == 512)> <Delay = 2.23>
ST_9 : Operation 198 [1/1] (2.23ns)   --->   "br label %log_2_64bit.exit793" [KWTAmini8_0/top.cc:54->KWTAmini8_0/top.cc:94->KWTAmini8_0/top.cc:154]   --->   Operation 198 'br' <Predicate = (!tmp_21 & DD_V == 256)> <Delay = 2.23>
ST_9 : Operation 199 [1/1] (2.23ns)   --->   "br label %log_2_64bit.exit793" [KWTAmini8_0/top.cc:53->KWTAmini8_0/top.cc:94->KWTAmini8_0/top.cc:154]   --->   Operation 199 'br' <Predicate = (!tmp_21 & DD_V == 128)> <Delay = 2.23>
ST_9 : Operation 200 [1/1] (2.23ns)   --->   "br label %log_2_64bit.exit793" [KWTAmini8_0/top.cc:52->KWTAmini8_0/top.cc:94->KWTAmini8_0/top.cc:154]   --->   Operation 200 'br' <Predicate = (!tmp_21 & DD_V == 64)> <Delay = 2.23>
ST_9 : Operation 201 [1/1] (2.23ns)   --->   "br label %log_2_64bit.exit793" [KWTAmini8_0/top.cc:51->KWTAmini8_0/top.cc:94->KWTAmini8_0/top.cc:154]   --->   Operation 201 'br' <Predicate = (!tmp_21 & DD_V == 32)> <Delay = 2.23>
ST_9 : Operation 202 [1/1] (2.23ns)   --->   "br label %log_2_64bit.exit793" [KWTAmini8_0/top.cc:50->KWTAmini8_0/top.cc:94->KWTAmini8_0/top.cc:154]   --->   Operation 202 'br' <Predicate = (!tmp_21 & DD_V == 16)> <Delay = 2.23>
ST_9 : Operation 203 [1/1] (2.23ns)   --->   "br label %log_2_64bit.exit793" [KWTAmini8_0/top.cc:49->KWTAmini8_0/top.cc:94->KWTAmini8_0/top.cc:154]   --->   Operation 203 'br' <Predicate = (!tmp_21 & DD_V == 8)> <Delay = 2.23>
ST_9 : Operation 204 [1/1] (2.23ns)   --->   "br label %log_2_64bit.exit793" [KWTAmini8_0/top.cc:48->KWTAmini8_0/top.cc:94->KWTAmini8_0/top.cc:154]   --->   Operation 204 'br' <Predicate = (!tmp_21 & DD_V == 4)> <Delay = 2.23>
ST_9 : Operation 205 [1/1] (2.23ns)   --->   "br label %log_2_64bit.exit793" [KWTAmini8_0/top.cc:47->KWTAmini8_0/top.cc:94->KWTAmini8_0/top.cc:154]   --->   Operation 205 'br' <Predicate = (!tmp_21 & DD_V == 2)> <Delay = 2.23>
ST_9 : Operation 206 [1/1] (2.23ns)   --->   "br label %log_2_64bit.exit793" [KWTAmini8_0/top.cc:61->KWTAmini8_0/top.cc:94->KWTAmini8_0/top.cc:154]   --->   Operation 206 'br' <Predicate = (!tmp_21 & DD_V == 32768)> <Delay = 2.23>

State 10 <SV = 3> <Delay = 6.94>
ST_10 : Operation 207 [1/1] (0.00ns) (grouped into LUT with out node tmp3)   --->   "%p_0244_0_i1 = phi i5 [ 0, %._crit_edge356.i788 ], [ -1, %71 ], [ -2, %70 ], [ -3, %69 ], [ -4, %68 ], [ -5, %67 ], [ -6, %66 ], [ -7, %65 ], [ -8, %64 ], [ -9, %63 ], [ -10, %62 ], [ -11, %61 ], [ -12, %60 ], [ -13, %59 ], [ -14, %58 ], [ -15, %57 ], [ -16, %56 ]"   --->   Operation 207 'phi' 'p_0244_0_i1' <Predicate = true> <Delay = 0.00>
ST_10 : Operation 208 [1/1] (0.00ns) (grouped into LUT with out node tmp3)   --->   "%p_0244_0_i1_cast1 = sext i5 %p_0244_0_i1 to i6" [KWTAmini8_0/top.cc:95->KWTAmini8_0/top.cc:154]   --->   Operation 208 'sext' 'p_0244_0_i1_cast1' <Predicate = true> <Delay = 0.00>
ST_10 : Operation 209 [1/1] (0.00ns) (grouped into LUT with out node tmp3)   --->   "%p_0244_0_i1_cast = zext i6 %p_0244_0_i1_cast1 to i7" [KWTAmini8_0/top.cc:95->KWTAmini8_0/top.cc:154]   --->   Operation 209 'zext' 'p_0244_0_i1_cast' <Predicate = true> <Delay = 0.00>
ST_10 : Operation 210 [1/1] (1.82ns)   --->   "%tmp2 = add i6 %p_0248_0_i1, %p_0167_0_i1_cast" [KWTAmini8_0/top.cc:95->KWTAmini8_0/top.cc:154]   --->   Operation 210 'add' 'tmp2' <Predicate = true> <Delay = 1.82> <Core = "AddSub">   --->   Core 14 'AddSub' <Latency = 0> <II = 1> <Delay = 2.10> <FuncUnit> <Opcode : 'add' 'sub'> <InPorts = 2> <OutPorts = 1>
ST_10 : Operation 211 [1/1] (0.00ns)   --->   "%tmp2_cast = zext i6 %tmp2 to i8" [KWTAmini8_0/top.cc:95->KWTAmini8_0/top.cc:154]   --->   Operation 211 'zext' 'tmp2_cast' <Predicate = true> <Delay = 0.00>
ST_10 : Operation 212 [1/1] (1.82ns) (out node of the LUT)   --->   "%tmp3 = add i7 %p_0244_0_i1_cast, %p_0252_0_i1_cast" [KWTAmini8_0/top.cc:95->KWTAmini8_0/top.cc:154]   --->   Operation 212 'add' 'tmp3' <Predicate = true> <Delay = 1.82> <Core = "AddSub">   --->   Core 14 'AddSub' <Latency = 0> <II = 1> <Delay = 2.10> <FuncUnit> <Opcode : 'add' 'sub'> <InPorts = 2> <OutPorts = 1>
ST_10 : Operation 213 [1/1] (0.00ns)   --->   "%tmp3_cast = zext i7 %tmp3 to i8" [KWTAmini8_0/top.cc:95->KWTAmini8_0/top.cc:154]   --->   Operation 213 'zext' 'tmp3_cast' <Predicate = true> <Delay = 0.00>
ST_10 : Operation 214 [1/1] (1.87ns)   --->   "%tmp_22 = add i8 %tmp2_cast, %tmp3_cast" [KWTAmini8_0/top.cc:95->KWTAmini8_0/top.cc:154]   --->   Operation 214 'add' 'tmp_22' <Predicate = true> <Delay = 1.87> <Core = "AddSub">   --->   Core 14 'AddSub' <Latency = 0> <II = 1> <Delay = 2.10> <FuncUnit> <Opcode : 'add' 'sub'> <InPorts = 2> <OutPorts = 1>
ST_10 : Operation 215 [1/1] (0.00ns)   --->   "store i8 %tmp_22, i8* @last_loc1_V, align 1" [KWTAmini8_0/top.cc:154]   --->   Operation 215 'store' <Predicate = true> <Delay = 0.00>
ST_10 : Operation 216 [1/1] (0.00ns)   --->   "%tmp_23 = zext i8 %tmp_22 to i64" [KWTAmini8_0/top.cc:155]   --->   Operation 216 'zext' 'tmp_23' <Predicate = true> <Delay = 0.00>
ST_10 : Operation 217 [1/1] (0.00ns)   --->   "%heap_tree_V_addr_4 = getelementptr [64 x i64]* @heap_tree_V, i64 0, i64 %tmp_23" [KWTAmini8_0/top.cc:155]   --->   Operation 217 'getelementptr' 'heap_tree_V_addr_4' <Predicate = true> <Delay = 0.00>
ST_10 : Operation 218 [2/2] (3.25ns)   --->   "%heap_tree_V_load = load i64* %heap_tree_V_addr_4, align 8" [KWTAmini8_0/top.cc:155]   --->   Operation 218 'load' 'heap_tree_V_load' <Predicate = true> <Delay = 3.25> <Core = "RAM_T2P_BRAM">   --->   Core 38 'RAM_T2P_BRAM' <Latency = 1> <II = 1> <Delay = 3.25> <Storage> <Opcode : 'load' 'store'> <Ports = 2> <Width = 64> <Depth = 64> <RAM>

State 11 <SV = 4> <Delay = 7.76>
ST_11 : Operation 219 [1/2] (3.25ns)   --->   "%heap_tree_V_load = load i64* %heap_tree_V_addr_4, align 8" [KWTAmini8_0/top.cc:155]   --->   Operation 219 'load' 'heap_tree_V_load' <Predicate = true> <Delay = 3.25> <Core = "RAM_T2P_BRAM">   --->   Core 38 'RAM_T2P_BRAM' <Latency = 1> <II = 1> <Delay = 3.25> <Storage> <Opcode : 'load' 'store'> <Ports = 2> <Width = 64> <Depth = 64> <RAM>
ST_11 : Operation 220 [1/1] (3.52ns)   --->   "%p_not1 = sub i64 0, %heap_tree_V_load" [KWTAmini8_0/top.cc:155]   --->   Operation 220 'sub' 'p_not1' <Predicate = true> <Delay = 3.52> <Core = "AddSub">   --->   Core 14 'AddSub' <Latency = 0> <II = 1> <Delay = 2.10> <FuncUnit> <Opcode : 'add' 'sub'> <InPorts = 2> <OutPorts = 1>
ST_11 : Operation 221 [1/1] (0.99ns)   --->   "%p_Val2_7 = and i64 %heap_tree_V_load, %p_not1" [KWTAmini8_0/top.cc:155]   --->   Operation 221 'and' 'p_Val2_7' <Predicate = true> <Delay = 0.99> <Core = "LogicGate">   --->   Core 27 'LogicGate' <Latency = 0> <II = 1> <Delay = 0.99> <FuncUnit> <Opcode : 'and' 'or' 'xor'> <InPorts = 2> <OutPorts = 1>
ST_11 : Operation 222 [1/1] (0.00ns)   --->   "%AA_V_1 = trunc i64 %p_Val2_7 to i16" [KWTAmini8_0/top.cc:90->KWTAmini8_0/top.cc:155]   --->   Operation 222 'trunc' 'AA_V_1' <Predicate = true> <Delay = 0.00>
ST_11 : Operation 223 [1/1] (0.00ns)   --->   "%BB_V_1 = call i16 @_ssdm_op_PartSelect.i16.i64.i32.i32(i64 %p_Val2_7, i32 16, i32 31)" [KWTAmini8_0/top.cc:90->KWTAmini8_0/top.cc:155]   --->   Operation 223 'partselect' 'BB_V_1' <Predicate = true> <Delay = 0.00>
ST_11 : Operation 224 [1/1] (0.00ns)   --->   "%CC_V_1 = call i16 @_ssdm_op_PartSelect.i16.i64.i32.i32(i64 %p_Val2_7, i32 32, i32 47)" [KWTAmini8_0/top.cc:90->KWTAmini8_0/top.cc:155]   --->   Operation 224 'partselect' 'CC_V_1' <Predicate = true> <Delay = 0.00>
ST_11 : Operation 225 [1/1] (0.00ns)   --->   "%DD_V_1 = call i16 @_ssdm_op_PartSelect.i16.i64.i32.i32(i64 %p_Val2_7, i32 48, i32 63)" [KWTAmini8_0/top.cc:90->KWTAmini8_0/top.cc:155]   --->   Operation 225 'partselect' 'DD_V_1' <Predicate = true> <Delay = 0.00>

State 12 <SV = 5> <Delay = 8.35>
ST_12 : Operation 226 [1/1] (2.42ns)   --->   "%tmp_24 = icmp eq i16 %AA_V_1, 0" [KWTAmini8_0/top.cc:91->KWTAmini8_0/top.cc:155]   --->   Operation 226 'icmp' 'tmp_24' <Predicate = true> <Delay = 2.42> <Core = "Cmp">   --->   Core 25 'Cmp' <Latency = 0> <II = 1> <Delay = 2.42> <FuncUnit> <Opcode : 'icmp'> <InPorts = 2> <OutPorts = 1>
ST_12 : Operation 227 [1/1] (2.19ns)   --->   "br i1 %tmp_24, label %._crit_edge.i, label %72" [KWTAmini8_0/top.cc:91->KWTAmini8_0/top.cc:155]   --->   Operation 227 'br' <Predicate = true> <Delay = 2.19>
ST_12 : Operation 228 [1/1] (2.19ns)   --->   "switch i16 %AA_V_1, label %._crit_edge.i [
    i16 -32768, label %87
    i16 2, label %73
    i16 4, label %74
    i16 8, label %75
    i16 16, label %76
    i16 32, label %77
    i16 64, label %78
    i16 128, label %79
    i16 256, label %80
    i16 512, label %81
    i16 1024, label %82
    i16 2048, label %83
    i16 4096, label %84
    i16 8192, label %85
    i16 16384, label %86
  ]" [KWTAmini8_0/top.cc:44->KWTAmini8_0/top.cc:91->KWTAmini8_0/top.cc:155]   --->   Operation 228 'switch' <Predicate = (!tmp_24)> <Delay = 2.19>
ST_12 : Operation 229 [1/1] (2.19ns)   --->   "br label %._crit_edge.i" [KWTAmini8_0/top.cc:60->KWTAmini8_0/top.cc:91->KWTAmini8_0/top.cc:155]   --->   Operation 229 'br' <Predicate = (!tmp_24 & AA_V_1 == 16384)> <Delay = 2.19>
ST_12 : Operation 230 [1/1] (2.19ns)   --->   "br label %._crit_edge.i" [KWTAmini8_0/top.cc:59->KWTAmini8_0/top.cc:91->KWTAmini8_0/top.cc:155]   --->   Operation 230 'br' <Predicate = (!tmp_24 & AA_V_1 == 8192)> <Delay = 2.19>
ST_12 : Operation 231 [1/1] (2.19ns)   --->   "br label %._crit_edge.i" [KWTAmini8_0/top.cc:58->KWTAmini8_0/top.cc:91->KWTAmini8_0/top.cc:155]   --->   Operation 231 'br' <Predicate = (!tmp_24 & AA_V_1 == 4096)> <Delay = 2.19>
ST_12 : Operation 232 [1/1] (2.19ns)   --->   "br label %._crit_edge.i" [KWTAmini8_0/top.cc:57->KWTAmini8_0/top.cc:91->KWTAmini8_0/top.cc:155]   --->   Operation 232 'br' <Predicate = (!tmp_24 & AA_V_1 == 2048)> <Delay = 2.19>
ST_12 : Operation 233 [1/1] (2.19ns)   --->   "br label %._crit_edge.i" [KWTAmini8_0/top.cc:56->KWTAmini8_0/top.cc:91->KWTAmini8_0/top.cc:155]   --->   Operation 233 'br' <Predicate = (!tmp_24 & AA_V_1 == 1024)> <Delay = 2.19>
ST_12 : Operation 234 [1/1] (2.19ns)   --->   "br label %._crit_edge.i" [KWTAmini8_0/top.cc:55->KWTAmini8_0/top.cc:91->KWTAmini8_0/top.cc:155]   --->   Operation 234 'br' <Predicate = (!tmp_24 & AA_V_1 == 512)> <Delay = 2.19>
ST_12 : Operation 235 [1/1] (2.19ns)   --->   "br label %._crit_edge.i" [KWTAmini8_0/top.cc:54->KWTAmini8_0/top.cc:91->KWTAmini8_0/top.cc:155]   --->   Operation 235 'br' <Predicate = (!tmp_24 & AA_V_1 == 256)> <Delay = 2.19>
ST_12 : Operation 236 [1/1] (2.19ns)   --->   "br label %._crit_edge.i" [KWTAmini8_0/top.cc:53->KWTAmini8_0/top.cc:91->KWTAmini8_0/top.cc:155]   --->   Operation 236 'br' <Predicate = (!tmp_24 & AA_V_1 == 128)> <Delay = 2.19>
ST_12 : Operation 237 [1/1] (2.19ns)   --->   "br label %._crit_edge.i" [KWTAmini8_0/top.cc:52->KWTAmini8_0/top.cc:91->KWTAmini8_0/top.cc:155]   --->   Operation 237 'br' <Predicate = (!tmp_24 & AA_V_1 == 64)> <Delay = 2.19>
ST_12 : Operation 238 [1/1] (2.19ns)   --->   "br label %._crit_edge.i" [KWTAmini8_0/top.cc:51->KWTAmini8_0/top.cc:91->KWTAmini8_0/top.cc:155]   --->   Operation 238 'br' <Predicate = (!tmp_24 & AA_V_1 == 32)> <Delay = 2.19>
ST_12 : Operation 239 [1/1] (2.19ns)   --->   "br label %._crit_edge.i" [KWTAmini8_0/top.cc:50->KWTAmini8_0/top.cc:91->KWTAmini8_0/top.cc:155]   --->   Operation 239 'br' <Predicate = (!tmp_24 & AA_V_1 == 16)> <Delay = 2.19>
ST_12 : Operation 240 [1/1] (2.19ns)   --->   "br label %._crit_edge.i" [KWTAmini8_0/top.cc:49->KWTAmini8_0/top.cc:91->KWTAmini8_0/top.cc:155]   --->   Operation 240 'br' <Predicate = (!tmp_24 & AA_V_1 == 8)> <Delay = 2.19>
ST_12 : Operation 241 [1/1] (2.19ns)   --->   "br label %._crit_edge.i" [KWTAmini8_0/top.cc:48->KWTAmini8_0/top.cc:91->KWTAmini8_0/top.cc:155]   --->   Operation 241 'br' <Predicate = (!tmp_24 & AA_V_1 == 4)> <Delay = 2.19>
ST_12 : Operation 242 [1/1] (2.19ns)   --->   "br label %._crit_edge.i" [KWTAmini8_0/top.cc:47->KWTAmini8_0/top.cc:91->KWTAmini8_0/top.cc:155]   --->   Operation 242 'br' <Predicate = (!tmp_24 & AA_V_1 == 2)> <Delay = 2.19>
ST_12 : Operation 243 [1/1] (2.19ns)   --->   "br label %._crit_edge.i" [KWTAmini8_0/top.cc:61->KWTAmini8_0/top.cc:91->KWTAmini8_0/top.cc:155]   --->   Operation 243 'br' <Predicate = (!tmp_24 & AA_V_1 == 32768)> <Delay = 2.19>
ST_12 : Operation 244 [1/1] (0.00ns)   --->   "%p_0167_0_i = phi i4 [ 0, %log_2_64bit.exit793 ], [ -1, %87 ], [ -2, %86 ], [ -3, %85 ], [ -4, %84 ], [ -5, %83 ], [ -6, %82 ], [ -7, %81 ], [ -8, %80 ], [ 7, %79 ], [ 6, %78 ], [ 5, %77 ], [ 4, %76 ], [ 3, %75 ], [ 2, %74 ], [ 1, %73 ], [ 0, %72 ]"   --->   Operation 244 'phi' 'p_0167_0_i' <Predicate = true> <Delay = 0.00>
ST_12 : Operation 245 [1/1] (0.00ns)   --->   "%p_0167_0_i_cast = zext i4 %p_0167_0_i to i6" [KWTAmini8_0/top.cc:92->KWTAmini8_0/top.cc:155]   --->   Operation 245 'zext' 'p_0167_0_i_cast' <Predicate = true> <Delay = 0.00>
ST_12 : Operation 246 [1/1] (2.42ns)   --->   "%tmp_25 = icmp eq i16 %BB_V_1, 0" [KWTAmini8_0/top.cc:92->KWTAmini8_0/top.cc:155]   --->   Operation 246 'icmp' 'tmp_25' <Predicate = true> <Delay = 2.42> <Core = "Cmp">   --->   Core 25 'Cmp' <Latency = 0> <II = 1> <Delay = 2.42> <FuncUnit> <Opcode : 'icmp'> <InPorts = 2> <OutPorts = 1>
ST_12 : Operation 247 [1/1] (2.23ns)   --->   "br i1 %tmp_25, label %._crit_edge355.i, label %88" [KWTAmini8_0/top.cc:92->KWTAmini8_0/top.cc:155]   --->   Operation 247 'br' <Predicate = true> <Delay = 2.23>
ST_12 : Operation 248 [1/1] (2.23ns)   --->   "switch i16 %BB_V_1, label %._crit_edge355.i [
    i16 -32768, label %103
    i16 2, label %89
    i16 4, label %90
    i16 8, label %91
    i16 16, label %92
    i16 32, label %93
    i16 64, label %94
    i16 128, label %95
    i16 256, label %96
    i16 512, label %97
    i16 1024, label %98
    i16 2048, label %99
    i16 4096, label %100
    i16 8192, label %101
    i16 16384, label %102
  ]" [KWTAmini8_0/top.cc:44->KWTAmini8_0/top.cc:92->KWTAmini8_0/top.cc:155]   --->   Operation 248 'switch' <Predicate = (!tmp_25)> <Delay = 2.23>
ST_12 : Operation 249 [1/1] (2.23ns)   --->   "br label %._crit_edge355.i" [KWTAmini8_0/top.cc:60->KWTAmini8_0/top.cc:92->KWTAmini8_0/top.cc:155]   --->   Operation 249 'br' <Predicate = (!tmp_25 & BB_V_1 == 16384)> <Delay = 2.23>
ST_12 : Operation 250 [1/1] (2.23ns)   --->   "br label %._crit_edge355.i" [KWTAmini8_0/top.cc:59->KWTAmini8_0/top.cc:92->KWTAmini8_0/top.cc:155]   --->   Operation 250 'br' <Predicate = (!tmp_25 & BB_V_1 == 8192)> <Delay = 2.23>
ST_12 : Operation 251 [1/1] (2.23ns)   --->   "br label %._crit_edge355.i" [KWTAmini8_0/top.cc:58->KWTAmini8_0/top.cc:92->KWTAmini8_0/top.cc:155]   --->   Operation 251 'br' <Predicate = (!tmp_25 & BB_V_1 == 4096)> <Delay = 2.23>
ST_12 : Operation 252 [1/1] (2.23ns)   --->   "br label %._crit_edge355.i" [KWTAmini8_0/top.cc:57->KWTAmini8_0/top.cc:92->KWTAmini8_0/top.cc:155]   --->   Operation 252 'br' <Predicate = (!tmp_25 & BB_V_1 == 2048)> <Delay = 2.23>
ST_12 : Operation 253 [1/1] (2.23ns)   --->   "br label %._crit_edge355.i" [KWTAmini8_0/top.cc:56->KWTAmini8_0/top.cc:92->KWTAmini8_0/top.cc:155]   --->   Operation 253 'br' <Predicate = (!tmp_25 & BB_V_1 == 1024)> <Delay = 2.23>
ST_12 : Operation 254 [1/1] (2.23ns)   --->   "br label %._crit_edge355.i" [KWTAmini8_0/top.cc:55->KWTAmini8_0/top.cc:92->KWTAmini8_0/top.cc:155]   --->   Operation 254 'br' <Predicate = (!tmp_25 & BB_V_1 == 512)> <Delay = 2.23>
ST_12 : Operation 255 [1/1] (2.23ns)   --->   "br label %._crit_edge355.i" [KWTAmini8_0/top.cc:54->KWTAmini8_0/top.cc:92->KWTAmini8_0/top.cc:155]   --->   Operation 255 'br' <Predicate = (!tmp_25 & BB_V_1 == 256)> <Delay = 2.23>
ST_12 : Operation 256 [1/1] (2.23ns)   --->   "br label %._crit_edge355.i" [KWTAmini8_0/top.cc:53->KWTAmini8_0/top.cc:92->KWTAmini8_0/top.cc:155]   --->   Operation 256 'br' <Predicate = (!tmp_25 & BB_V_1 == 128)> <Delay = 2.23>
ST_12 : Operation 257 [1/1] (2.23ns)   --->   "br label %._crit_edge355.i" [KWTAmini8_0/top.cc:52->KWTAmini8_0/top.cc:92->KWTAmini8_0/top.cc:155]   --->   Operation 257 'br' <Predicate = (!tmp_25 & BB_V_1 == 64)> <Delay = 2.23>
ST_12 : Operation 258 [1/1] (2.23ns)   --->   "br label %._crit_edge355.i" [KWTAmini8_0/top.cc:51->KWTAmini8_0/top.cc:92->KWTAmini8_0/top.cc:155]   --->   Operation 258 'br' <Predicate = (!tmp_25 & BB_V_1 == 32)> <Delay = 2.23>
ST_12 : Operation 259 [1/1] (2.23ns)   --->   "br label %._crit_edge355.i" [KWTAmini8_0/top.cc:50->KWTAmini8_0/top.cc:92->KWTAmini8_0/top.cc:155]   --->   Operation 259 'br' <Predicate = (!tmp_25 & BB_V_1 == 16)> <Delay = 2.23>
ST_12 : Operation 260 [1/1] (2.23ns)   --->   "br label %._crit_edge355.i" [KWTAmini8_0/top.cc:49->KWTAmini8_0/top.cc:92->KWTAmini8_0/top.cc:155]   --->   Operation 260 'br' <Predicate = (!tmp_25 & BB_V_1 == 8)> <Delay = 2.23>
ST_12 : Operation 261 [1/1] (2.23ns)   --->   "br label %._crit_edge355.i" [KWTAmini8_0/top.cc:48->KWTAmini8_0/top.cc:92->KWTAmini8_0/top.cc:155]   --->   Operation 261 'br' <Predicate = (!tmp_25 & BB_V_1 == 4)> <Delay = 2.23>
ST_12 : Operation 262 [1/1] (2.23ns)   --->   "br label %._crit_edge355.i" [KWTAmini8_0/top.cc:47->KWTAmini8_0/top.cc:92->KWTAmini8_0/top.cc:155]   --->   Operation 262 'br' <Predicate = (!tmp_25 & BB_V_1 == 2)> <Delay = 2.23>
ST_12 : Operation 263 [1/1] (2.23ns)   --->   "br label %._crit_edge355.i" [KWTAmini8_0/top.cc:61->KWTAmini8_0/top.cc:92->KWTAmini8_0/top.cc:155]   --->   Operation 263 'br' <Predicate = (!tmp_25 & BB_V_1 == 32768)> <Delay = 2.23>
ST_12 : Operation 264 [1/1] (0.00ns)   --->   "%p_0252_0_i = phi i5 [ 0, %._crit_edge.i ], [ -1, %103 ], [ -2, %102 ], [ -3, %101 ], [ -4, %100 ], [ -5, %99 ], [ -6, %98 ], [ -7, %97 ], [ -8, %96 ], [ -9, %95 ], [ -10, %94 ], [ -11, %93 ], [ -12, %92 ], [ -13, %91 ], [ -14, %90 ], [ -15, %89 ], [ -16, %88 ]"   --->   Operation 264 'phi' 'p_0252_0_i' <Predicate = true> <Delay = 0.00>
ST_12 : Operation 265 [1/1] (0.00ns)   --->   "%p_0252_0_i_cast = zext i5 %p_0252_0_i to i6" [KWTAmini8_0/top.cc:93->KWTAmini8_0/top.cc:155]   --->   Operation 265 'zext' 'p_0252_0_i_cast' <Predicate = true> <Delay = 0.00>
ST_12 : Operation 266 [1/1] (2.42ns)   --->   "%tmp_26 = icmp eq i16 %CC_V_1, 0" [KWTAmini8_0/top.cc:93->KWTAmini8_0/top.cc:155]   --->   Operation 266 'icmp' 'tmp_26' <Predicate = true> <Delay = 2.42> <Core = "Cmp">   --->   Core 25 'Cmp' <Latency = 0> <II = 1> <Delay = 2.42> <FuncUnit> <Opcode : 'icmp'> <InPorts = 2> <OutPorts = 1>
ST_12 : Operation 267 [1/1] (2.23ns)   --->   "br i1 %tmp_26, label %._crit_edge356.i, label %104" [KWTAmini8_0/top.cc:93->KWTAmini8_0/top.cc:155]   --->   Operation 267 'br' <Predicate = true> <Delay = 2.23>
ST_12 : Operation 268 [1/1] (2.23ns)   --->   "switch i16 %CC_V_1, label %._crit_edge356.i [
    i16 -32768, label %119
    i16 2, label %105
    i16 4, label %106
    i16 8, label %107
    i16 16, label %108
    i16 32, label %109
    i16 64, label %110
    i16 128, label %111
    i16 256, label %112
    i16 512, label %113
    i16 1024, label %114
    i16 2048, label %115
    i16 4096, label %116
    i16 8192, label %117
    i16 16384, label %118
  ]" [KWTAmini8_0/top.cc:44->KWTAmini8_0/top.cc:93->KWTAmini8_0/top.cc:155]   --->   Operation 268 'switch' <Predicate = (!tmp_26)> <Delay = 2.23>
ST_12 : Operation 269 [1/1] (2.23ns)   --->   "br label %._crit_edge356.i" [KWTAmini8_0/top.cc:60->KWTAmini8_0/top.cc:93->KWTAmini8_0/top.cc:155]   --->   Operation 269 'br' <Predicate = (!tmp_26 & CC_V_1 == 16384)> <Delay = 2.23>
ST_12 : Operation 270 [1/1] (2.23ns)   --->   "br label %._crit_edge356.i" [KWTAmini8_0/top.cc:59->KWTAmini8_0/top.cc:93->KWTAmini8_0/top.cc:155]   --->   Operation 270 'br' <Predicate = (!tmp_26 & CC_V_1 == 8192)> <Delay = 2.23>
ST_12 : Operation 271 [1/1] (2.23ns)   --->   "br label %._crit_edge356.i" [KWTAmini8_0/top.cc:58->KWTAmini8_0/top.cc:93->KWTAmini8_0/top.cc:155]   --->   Operation 271 'br' <Predicate = (!tmp_26 & CC_V_1 == 4096)> <Delay = 2.23>
ST_12 : Operation 272 [1/1] (2.23ns)   --->   "br label %._crit_edge356.i" [KWTAmini8_0/top.cc:57->KWTAmini8_0/top.cc:93->KWTAmini8_0/top.cc:155]   --->   Operation 272 'br' <Predicate = (!tmp_26 & CC_V_1 == 2048)> <Delay = 2.23>
ST_12 : Operation 273 [1/1] (2.23ns)   --->   "br label %._crit_edge356.i" [KWTAmini8_0/top.cc:56->KWTAmini8_0/top.cc:93->KWTAmini8_0/top.cc:155]   --->   Operation 273 'br' <Predicate = (!tmp_26 & CC_V_1 == 1024)> <Delay = 2.23>
ST_12 : Operation 274 [1/1] (2.23ns)   --->   "br label %._crit_edge356.i" [KWTAmini8_0/top.cc:55->KWTAmini8_0/top.cc:93->KWTAmini8_0/top.cc:155]   --->   Operation 274 'br' <Predicate = (!tmp_26 & CC_V_1 == 512)> <Delay = 2.23>
ST_12 : Operation 275 [1/1] (2.23ns)   --->   "br label %._crit_edge356.i" [KWTAmini8_0/top.cc:54->KWTAmini8_0/top.cc:93->KWTAmini8_0/top.cc:155]   --->   Operation 275 'br' <Predicate = (!tmp_26 & CC_V_1 == 256)> <Delay = 2.23>
ST_12 : Operation 276 [1/1] (2.23ns)   --->   "br label %._crit_edge356.i" [KWTAmini8_0/top.cc:53->KWTAmini8_0/top.cc:93->KWTAmini8_0/top.cc:155]   --->   Operation 276 'br' <Predicate = (!tmp_26 & CC_V_1 == 128)> <Delay = 2.23>
ST_12 : Operation 277 [1/1] (2.23ns)   --->   "br label %._crit_edge356.i" [KWTAmini8_0/top.cc:52->KWTAmini8_0/top.cc:93->KWTAmini8_0/top.cc:155]   --->   Operation 277 'br' <Predicate = (!tmp_26 & CC_V_1 == 64)> <Delay = 2.23>
ST_12 : Operation 278 [1/1] (2.23ns)   --->   "br label %._crit_edge356.i" [KWTAmini8_0/top.cc:51->KWTAmini8_0/top.cc:93->KWTAmini8_0/top.cc:155]   --->   Operation 278 'br' <Predicate = (!tmp_26 & CC_V_1 == 32)> <Delay = 2.23>
ST_12 : Operation 279 [1/1] (2.23ns)   --->   "br label %._crit_edge356.i" [KWTAmini8_0/top.cc:50->KWTAmini8_0/top.cc:93->KWTAmini8_0/top.cc:155]   --->   Operation 279 'br' <Predicate = (!tmp_26 & CC_V_1 == 16)> <Delay = 2.23>
ST_12 : Operation 280 [1/1] (2.23ns)   --->   "br label %._crit_edge356.i" [KWTAmini8_0/top.cc:49->KWTAmini8_0/top.cc:93->KWTAmini8_0/top.cc:155]   --->   Operation 280 'br' <Predicate = (!tmp_26 & CC_V_1 == 8)> <Delay = 2.23>
ST_12 : Operation 281 [1/1] (2.23ns)   --->   "br label %._crit_edge356.i" [KWTAmini8_0/top.cc:48->KWTAmini8_0/top.cc:93->KWTAmini8_0/top.cc:155]   --->   Operation 281 'br' <Predicate = (!tmp_26 & CC_V_1 == 4)> <Delay = 2.23>
ST_12 : Operation 282 [1/1] (2.23ns)   --->   "br label %._crit_edge356.i" [KWTAmini8_0/top.cc:47->KWTAmini8_0/top.cc:93->KWTAmini8_0/top.cc:155]   --->   Operation 282 'br' <Predicate = (!tmp_26 & CC_V_1 == 2)> <Delay = 2.23>
ST_12 : Operation 283 [1/1] (2.23ns)   --->   "br label %._crit_edge356.i" [KWTAmini8_0/top.cc:61->KWTAmini8_0/top.cc:93->KWTAmini8_0/top.cc:155]   --->   Operation 283 'br' <Predicate = (!tmp_26 & CC_V_1 == 32768)> <Delay = 2.23>
ST_12 : Operation 284 [1/1] (0.00ns)   --->   "%p_0248_0_i = phi i6 [ 0, %._crit_edge355.i ], [ -17, %119 ], [ -18, %118 ], [ -19, %117 ], [ -20, %116 ], [ -21, %115 ], [ -22, %114 ], [ -23, %113 ], [ -24, %112 ], [ -25, %111 ], [ -26, %110 ], [ -27, %109 ], [ -28, %108 ], [ -29, %107 ], [ -30, %106 ], [ -31, %105 ], [ -32, %104 ]"   --->   Operation 284 'phi' 'p_0248_0_i' <Predicate = true> <Delay = 0.00>
ST_12 : Operation 285 [1/1] (0.00ns)   --->   "%p_0248_0_i_cast = zext i6 %p_0248_0_i to i7" [KWTAmini8_0/top.cc:94->KWTAmini8_0/top.cc:155]   --->   Operation 285 'zext' 'p_0248_0_i_cast' <Predicate = true> <Delay = 0.00>
ST_12 : Operation 286 [1/1] (2.42ns)   --->   "%tmp_27 = icmp eq i16 %DD_V_1, 0" [KWTAmini8_0/top.cc:94->KWTAmini8_0/top.cc:155]   --->   Operation 286 'icmp' 'tmp_27' <Predicate = true> <Delay = 2.42> <Core = "Cmp">   --->   Core 25 'Cmp' <Latency = 0> <II = 1> <Delay = 2.42> <FuncUnit> <Opcode : 'icmp'> <InPorts = 2> <OutPorts = 1>
ST_12 : Operation 287 [1/1] (2.23ns)   --->   "br i1 %tmp_27, label %log_2_64bit.exit, label %120" [KWTAmini8_0/top.cc:94->KWTAmini8_0/top.cc:155]   --->   Operation 287 'br' <Predicate = true> <Delay = 2.23>
ST_12 : Operation 288 [1/1] (2.23ns)   --->   "switch i16 %DD_V_1, label %log_2_64bit.exit [
    i16 -32768, label %135
    i16 2, label %121
    i16 4, label %122
    i16 8, label %123
    i16 16, label %124
    i16 32, label %125
    i16 64, label %126
    i16 128, label %127
    i16 256, label %128
    i16 512, label %129
    i16 1024, label %130
    i16 2048, label %131
    i16 4096, label %132
    i16 8192, label %133
    i16 16384, label %134
  ]" [KWTAmini8_0/top.cc:44->KWTAmini8_0/top.cc:94->KWTAmini8_0/top.cc:155]   --->   Operation 288 'switch' <Predicate = (!tmp_27)> <Delay = 2.23>
ST_12 : Operation 289 [1/1] (2.23ns)   --->   "br label %log_2_64bit.exit" [KWTAmini8_0/top.cc:60->KWTAmini8_0/top.cc:94->KWTAmini8_0/top.cc:155]   --->   Operation 289 'br' <Predicate = (!tmp_27 & DD_V_1 == 16384)> <Delay = 2.23>
ST_12 : Operation 290 [1/1] (2.23ns)   --->   "br label %log_2_64bit.exit" [KWTAmini8_0/top.cc:59->KWTAmini8_0/top.cc:94->KWTAmini8_0/top.cc:155]   --->   Operation 290 'br' <Predicate = (!tmp_27 & DD_V_1 == 8192)> <Delay = 2.23>
ST_12 : Operation 291 [1/1] (2.23ns)   --->   "br label %log_2_64bit.exit" [KWTAmini8_0/top.cc:58->KWTAmini8_0/top.cc:94->KWTAmini8_0/top.cc:155]   --->   Operation 291 'br' <Predicate = (!tmp_27 & DD_V_1 == 4096)> <Delay = 2.23>
ST_12 : Operation 292 [1/1] (2.23ns)   --->   "br label %log_2_64bit.exit" [KWTAmini8_0/top.cc:57->KWTAmini8_0/top.cc:94->KWTAmini8_0/top.cc:155]   --->   Operation 292 'br' <Predicate = (!tmp_27 & DD_V_1 == 2048)> <Delay = 2.23>
ST_12 : Operation 293 [1/1] (2.23ns)   --->   "br label %log_2_64bit.exit" [KWTAmini8_0/top.cc:56->KWTAmini8_0/top.cc:94->KWTAmini8_0/top.cc:155]   --->   Operation 293 'br' <Predicate = (!tmp_27 & DD_V_1 == 1024)> <Delay = 2.23>
ST_12 : Operation 294 [1/1] (2.23ns)   --->   "br label %log_2_64bit.exit" [KWTAmini8_0/top.cc:55->KWTAmini8_0/top.cc:94->KWTAmini8_0/top.cc:155]   --->   Operation 294 'br' <Predicate = (!tmp_27 & DD_V_1 == 512)> <Delay = 2.23>
ST_12 : Operation 295 [1/1] (2.23ns)   --->   "br label %log_2_64bit.exit" [KWTAmini8_0/top.cc:54->KWTAmini8_0/top.cc:94->KWTAmini8_0/top.cc:155]   --->   Operation 295 'br' <Predicate = (!tmp_27 & DD_V_1 == 256)> <Delay = 2.23>
ST_12 : Operation 296 [1/1] (2.23ns)   --->   "br label %log_2_64bit.exit" [KWTAmini8_0/top.cc:53->KWTAmini8_0/top.cc:94->KWTAmini8_0/top.cc:155]   --->   Operation 296 'br' <Predicate = (!tmp_27 & DD_V_1 == 128)> <Delay = 2.23>
ST_12 : Operation 297 [1/1] (2.23ns)   --->   "br label %log_2_64bit.exit" [KWTAmini8_0/top.cc:52->KWTAmini8_0/top.cc:94->KWTAmini8_0/top.cc:155]   --->   Operation 297 'br' <Predicate = (!tmp_27 & DD_V_1 == 64)> <Delay = 2.23>
ST_12 : Operation 298 [1/1] (2.23ns)   --->   "br label %log_2_64bit.exit" [KWTAmini8_0/top.cc:51->KWTAmini8_0/top.cc:94->KWTAmini8_0/top.cc:155]   --->   Operation 298 'br' <Predicate = (!tmp_27 & DD_V_1 == 32)> <Delay = 2.23>
ST_12 : Operation 299 [1/1] (2.23ns)   --->   "br label %log_2_64bit.exit" [KWTAmini8_0/top.cc:50->KWTAmini8_0/top.cc:94->KWTAmini8_0/top.cc:155]   --->   Operation 299 'br' <Predicate = (!tmp_27 & DD_V_1 == 16)> <Delay = 2.23>
ST_12 : Operation 300 [1/1] (2.23ns)   --->   "br label %log_2_64bit.exit" [KWTAmini8_0/top.cc:49->KWTAmini8_0/top.cc:94->KWTAmini8_0/top.cc:155]   --->   Operation 300 'br' <Predicate = (!tmp_27 & DD_V_1 == 8)> <Delay = 2.23>
ST_12 : Operation 301 [1/1] (2.23ns)   --->   "br label %log_2_64bit.exit" [KWTAmini8_0/top.cc:48->KWTAmini8_0/top.cc:94->KWTAmini8_0/top.cc:155]   --->   Operation 301 'br' <Predicate = (!tmp_27 & DD_V_1 == 4)> <Delay = 2.23>
ST_12 : Operation 302 [1/1] (2.23ns)   --->   "br label %log_2_64bit.exit" [KWTAmini8_0/top.cc:47->KWTAmini8_0/top.cc:94->KWTAmini8_0/top.cc:155]   --->   Operation 302 'br' <Predicate = (!tmp_27 & DD_V_1 == 2)> <Delay = 2.23>
ST_12 : Operation 303 [1/1] (2.23ns)   --->   "br label %log_2_64bit.exit" [KWTAmini8_0/top.cc:61->KWTAmini8_0/top.cc:94->KWTAmini8_0/top.cc:155]   --->   Operation 303 'br' <Predicate = (!tmp_27 & DD_V_1 == 32768)> <Delay = 2.23>
ST_12 : Operation 304 [1/1] (0.00ns) (grouped into LUT with out node tmp5)   --->   "%p_0244_0_i = phi i5 [ 0, %._crit_edge356.i ], [ -1, %135 ], [ -2, %134 ], [ -3, %133 ], [ -4, %132 ], [ -5, %131 ], [ -6, %130 ], [ -7, %129 ], [ -8, %128 ], [ -9, %127 ], [ -10, %126 ], [ -11, %125 ], [ -12, %124 ], [ -13, %123 ], [ -14, %122 ], [ -15, %121 ], [ -16, %120 ]"   --->   Operation 304 'phi' 'p_0244_0_i' <Predicate = true> <Delay = 0.00>
ST_12 : Operation 305 [1/1] (0.00ns) (grouped into LUT with out node tmp5)   --->   "%p_0244_0_i_cast1 = sext i5 %p_0244_0_i to i6" [KWTAmini8_0/top.cc:95->KWTAmini8_0/top.cc:155]   --->   Operation 305 'sext' 'p_0244_0_i_cast1' <Predicate = true> <Delay = 0.00>
ST_12 : Operation 306 [1/1] (0.00ns) (grouped into LUT with out node tmp5)   --->   "%p_0244_0_i_cast = zext i6 %p_0244_0_i_cast1 to i7" [KWTAmini8_0/top.cc:95->KWTAmini8_0/top.cc:155]   --->   Operation 306 'zext' 'p_0244_0_i_cast' <Predicate = true> <Delay = 0.00>
ST_12 : Operation 307 [1/1] (1.78ns)   --->   "%tmp4 = add i6 %p_0252_0_i_cast, %p_0167_0_i_cast" [KWTAmini8_0/top.cc:95->KWTAmini8_0/top.cc:155]   --->   Operation 307 'add' 'tmp4' <Predicate = true> <Delay = 1.78> <Core = "AddSub">   --->   Core 14 'AddSub' <Latency = 0> <II = 1> <Delay = 2.10> <FuncUnit> <Opcode : 'add' 'sub'> <InPorts = 2> <OutPorts = 1>
ST_12 : Operation 308 [1/1] (0.00ns)   --->   "%tmp4_cast = zext i6 %tmp4 to i8" [KWTAmini8_0/top.cc:95->KWTAmini8_0/top.cc:155]   --->   Operation 308 'zext' 'tmp4_cast' <Predicate = true> <Delay = 0.00>
ST_12 : Operation 309 [1/1] (1.82ns) (out node of the LUT)   --->   "%tmp5 = add i7 %p_0244_0_i_cast, %p_0248_0_i_cast" [KWTAmini8_0/top.cc:95->KWTAmini8_0/top.cc:155]   --->   Operation 309 'add' 'tmp5' <Predicate = true> <Delay = 1.82> <Core = "AddSub">   --->   Core 14 'AddSub' <Latency = 0> <II = 1> <Delay = 2.10> <FuncUnit> <Opcode : 'add' 'sub'> <InPorts = 2> <OutPorts = 1>
ST_12 : Operation 310 [1/1] (0.00ns)   --->   "%tmp5_cast = zext i7 %tmp5 to i8" [KWTAmini8_0/top.cc:95->KWTAmini8_0/top.cc:155]   --->   Operation 310 'zext' 'tmp5_cast' <Predicate = true> <Delay = 0.00>
ST_12 : Operation 311 [1/1] (1.87ns)   --->   "%tmp_28 = add i8 %tmp4_cast, %tmp5_cast" [KWTAmini8_0/top.cc:95->KWTAmini8_0/top.cc:155]   --->   Operation 311 'add' 'tmp_28' <Predicate = true> <Delay = 1.87> <Core = "AddSub">   --->   Core 14 'AddSub' <Latency = 0> <II = 1> <Delay = 2.10> <FuncUnit> <Opcode : 'add' 'sub'> <InPorts = 2> <OutPorts = 1>
ST_12 : Operation 312 [1/1] (0.00ns)   --->   "store i8 %tmp_28, i8* @last_loc2_V, align 1" [KWTAmini8_0/top.cc:155]   --->   Operation 312 'store' <Predicate = true> <Delay = 0.00>

State 13 <SV = 6> <Delay = 5.06>
ST_13 : Operation 313 [1/1] (0.00ns)   --->   "%loc2_V_cast = zext i8 %tmp_28 to i14" [KWTAmini8_0/top.cc:155]   --->   Operation 313 'zext' 'loc2_V_cast' <Predicate = true> <Delay = 0.00>
ST_13 : Operation 314 [1/1] (0.00ns)   --->   "%r_V = call i14 @_ssdm_op_BitConcatenate.i14.i8.i6(i8 %tmp_22, i6 0)" [KWTAmini8_0/top.cc:156]   --->   Operation 314 'bitconcatenate' 'r_V' <Predicate = true> <Delay = 0.00>
ST_13 : Operation 315 [1/1] (1.81ns)   --->   "%tmp_29 = add i14 %loc2_V_cast, %r_V" [KWTAmini8_0/top.cc:156]   --->   Operation 315 'add' 'tmp_29' <Predicate = true> <Delay = 1.81> <Core = "AddSub">   --->   Core 14 'AddSub' <Latency = 0> <II = 1> <Delay = 2.10> <FuncUnit> <Opcode : 'add' 'sub'> <InPorts = 2> <OutPorts = 1>
ST_13 : Operation 316 [1/1] (0.00ns)   --->   "%tmp_30 = zext i14 %tmp_29 to i64" [KWTAmini8_0/top.cc:157]   --->   Operation 316 'zext' 'tmp_30' <Predicate = true> <Delay = 0.00>
ST_13 : Operation 317 [1/1] (0.00ns)   --->   "%used_free_V_addr_4 = getelementptr [4096 x i32]* @used_free_V, i64 0, i64 %tmp_30" [KWTAmini8_0/top.cc:157]   --->   Operation 317 'getelementptr' 'used_free_V_addr_4' <Predicate = true> <Delay = 0.00>
ST_13 : Operation 318 [2/2] (3.25ns)   --->   "%p_Val2_8 = load i32* %used_free_V_addr_4, align 4" [KWTAmini8_0/top.cc:157]   --->   Operation 318 'load' 'p_Val2_8' <Predicate = true> <Delay = 3.25> <Core = "RAM">   --->   Core 37 'RAM' <Latency = 1> <II = 1> <Delay = 3.25> <Storage> <Opcode : 'load' 'store'> <Ports = 2> <Width = 32> <Depth = 4096> <RAM>

State 14 <SV = 7> <Delay = 6.50>
ST_14 : Operation 319 [1/1] (0.00ns)   --->   "%tmp_33_cast = zext i14 %tmp_29 to i20" [KWTAmini8_0/top.cc:156]   --->   Operation 319 'zext' 'tmp_33_cast' <Predicate = true> <Delay = 0.00>
ST_14 : Operation 320 [1/1] (1.76ns)   --->   "store i20 %tmp_33_cast, i20* @last_offset_V, align 4" [KWTAmini8_0/top.cc:156]   --->   Operation 320 'store' <Predicate = true> <Delay = 1.76>
ST_14 : Operation 321 [1/2] (3.25ns)   --->   "%p_Val2_8 = load i32* %used_free_V_addr_4, align 4" [KWTAmini8_0/top.cc:157]   --->   Operation 321 'load' 'p_Val2_8' <Predicate = true> <Delay = 3.25> <Core = "RAM">   --->   Core 37 'RAM' <Latency = 1> <II = 1> <Delay = 3.25> <Storage> <Opcode : 'load' 'store'> <Ports = 2> <Width = 32> <Depth = 4096> <RAM>
ST_14 : Operation 322 [1/1] (0.00ns)   --->   "%p_Result_9 = call i32 @llvm.part.set.i32.i5(i32 %p_Val2_8, i5 1, i32 5, i32 9)" [KWTAmini8_0/top.cc:157]   --->   Operation 322 'partset' 'p_Result_9' <Predicate = true> <Delay = 0.00>
ST_14 : Operation 323 [1/1] (0.00ns)   --->   "%used_free_V_addr_5 = getelementptr [4096 x i32]* @used_free_V, i64 0, i64 %tmp_30" [KWTAmini8_0/top.cc:157]   --->   Operation 323 'getelementptr' 'used_free_V_addr_5' <Predicate = true> <Delay = 0.00>
ST_14 : Operation 324 [1/1] (3.25ns)   --->   "store i32 %p_Result_9, i32* %used_free_V_addr_5, align 4" [KWTAmini8_0/top.cc:157]   --->   Operation 324 'store' <Predicate = true> <Delay = 3.25> <Core = "RAM">   --->   Core 37 'RAM' <Latency = 1> <II = 1> <Delay = 3.25> <Storage> <Opcode : 'load' 'store'> <Ports = 2> <Width = 32> <Depth = 4096> <RAM>
ST_14 : Operation 325 [1/1] (0.00ns)   --->   "%tmp_31 = call i17 @_ssdm_op_BitConcatenate.i17.i14.i3(i14 %tmp_29, i3 0)" [KWTAmini8_0/top.cc:158]   --->   Operation 325 'bitconcatenate' 'tmp_31' <Predicate = true> <Delay = 0.00>
ST_14 : Operation 326 [1/1] (0.00ns)   --->   "%phitmp = or i17 %tmp_31, 1" [KWTAmini8_0/top.cc:158]   --->   Operation 326 'or' 'phitmp' <Predicate = true> <Delay = 0.00>
ST_14 : Operation 327 [1/1] (0.00ns)   --->   "%phitmp_cast = zext i17 %phitmp to i20" [KWTAmini8_0/top.cc:158]   --->   Operation 327 'zext' 'phitmp_cast' <Predicate = true> <Delay = 0.00>
ST_14 : Operation 328 [1/1] (1.76ns)   --->   "store i20 %phitmp_cast, i20* @last_addr_V, align 4" [KWTAmini8_0/top.cc:158]   --->   Operation 328 'store' <Predicate = true> <Delay = 1.76>

State 15 <SV = 8> <Delay = 2.10>
ST_15 : Operation 329 [1/1] (0.00ns)   --->   "%tmp_32 = call i32 (...)* @_ssdm_op_SpecRegionBegin([13 x i8]* @p_str20)" [KWTAmini8_0/top.cc:159]   --->   Operation 329 'specregionbegin' 'tmp_32' <Predicate = (tmp & !or_cond & tmp_34)> <Delay = 0.00>
ST_15 : Operation 330 [1/1] (0.00ns)   --->   "call void (...)* @_ssdm_op_SpecProtocol(i32 1, [1 x i8]* @p_str) nounwind" [KWTAmini8_0/top.cc:160]   --->   Operation 330 'specprotocol' <Predicate = (tmp & !or_cond & tmp_34)> <Delay = 0.00>
ST_15 : Operation 331 [1/1] (0.00ns)   --->   "%tmp_37_cast = zext i17 %phitmp to i18" [KWTAmini8_0/top.cc:161]   --->   Operation 331 'zext' 'tmp_37_cast' <Predicate = (tmp & !or_cond & tmp_34)> <Delay = 0.00>
ST_15 : Operation 332 [1/1] (2.10ns)   --->   "%tmp_33 = add i18 %tmp_37_cast, -1" [KWTAmini8_0/top.cc:161]   --->   Operation 332 'add' 'tmp_33' <Predicate = (tmp & !or_cond & tmp_34)> <Delay = 2.10> <Core = "AddSub">   --->   Core 14 'AddSub' <Latency = 0> <II = 1> <Delay = 2.10> <FuncUnit> <Opcode : 'add' 'sub'> <InPorts = 2> <OutPorts = 1>
ST_15 : Operation 333 [1/1] (0.00ns)   --->   "%tmp_38_cast = sext i18 %tmp_33 to i32" [KWTAmini8_0/top.cc:161]   --->   Operation 333 'sext' 'tmp_38_cast' <Predicate = (tmp & !or_cond & tmp_34)> <Delay = 0.00>
ST_15 : Operation 334 [1/1] (0.00ns)   --->   "call void @_ssdm_op_Write.ap_hs.volatile.i32P(i32* %alloc_addr, i32 %tmp_38_cast)" [KWTAmini8_0/top.cc:161]   --->   Operation 334 'write' <Predicate = (tmp & !or_cond & tmp_34)> <Delay = 0.00>
ST_15 : Operation 335 [1/1] (0.00ns)   --->   "%empty_37 = call i32 (...)* @_ssdm_op_SpecRegionEnd([13 x i8]* @p_str20, i32 %tmp_32)" [KWTAmini8_0/top.cc:162]   --->   Operation 335 'specregionend' 'empty_37' <Predicate = (tmp & !or_cond & tmp_34)> <Delay = 0.00>
ST_15 : Operation 336 [1/1] (0.00ns)   --->   "br label %136"   --->   Operation 336 'br' <Predicate = (tmp & !or_cond & tmp_34)> <Delay = 0.00>
ST_15 : Operation 337 [1/1] (0.00ns)   --->   "br label %137"   --->   Operation 337 'br' <Predicate = (tmp & !or_cond)> <Delay = 0.00>
ST_15 : Operation 338 [1/1] (0.00ns)   --->   "%empty_38 = call i32 (...)* @_ssdm_op_SpecRegionEnd([12 x i8]* @p_str17, i32 %tmp_2)" [KWTAmini8_0/top.cc:165]   --->   Operation 338 'specregionend' 'empty_38' <Predicate = (tmp)> <Delay = 0.00>
ST_15 : Operation 339 [1/1] (0.00ns)   --->   "br label %145" [KWTAmini8_0/top.cc:166]   --->   Operation 339 'br' <Predicate = (tmp)> <Delay = 0.00>
ST_15 : Operation 340 [1/1] (0.00ns)   --->   "%empty_41 = call i32 (...)* @_ssdm_op_SpecRegionEnd([12 x i8]* @p_str15, i32 %tmp_4)" [KWTAmini8_0/top.cc:191]   --->   Operation 340 'specregionend' 'empty_41' <Predicate = true> <Delay = 0.00>
ST_15 : Operation 341 [1/1] (0.00ns)   --->   "ret void" [KWTAmini8_0/top.cc:193]   --->   Operation 341 'ret' <Predicate = true> <Delay = 0.00>


============================================================
+ Verbose Summary: Timing violations
============================================================
Target clock period: 10ns, clock uncertainty: 1.25ns.

 <State 1>: 0ns
The critical path consists of the following:

 <State 2>: 3.75ns
The critical path consists of the following:
	'load' operation ('__Val2__', KWTAmini8_0/top.cc:126) on static variable 'top_heap_V' [28]  (0 ns)
	'icmp' operation ('tmp_1', KWTAmini8_0/top.cc:126) [75]  (2.78 ns)
	'or' operation ('or_cond', KWTAmini8_0/top.cc:126) [77]  (0.978 ns)

 <State 3>: 5.03ns
The critical path consists of the following:
	'load' operation ('__Val2__', KWTAmini8_0/top.cc:173) on array 'used_free_V' [45]  (3.25 ns)
	'add' operation ('loc_V_2_trunc', KWTAmini8_0/top.cc:173) [50]  (1.78 ns)

 <State 4>: 6.51ns
The critical path consists of the following:
	'load' operation ('__Val2__', KWTAmini8_0/top.cc:176) on array 'heap_tree_V' [57]  (3.25 ns)
	'store' operation (KWTAmini8_0/top.cc:176) of variable '__Result__', KWTAmini8_0/top.cc:176 on array 'heap_tree_V' [60]  (3.25 ns)

 <State 5>: 3.25ns
The critical path consists of the following:
	'phi' operation ('__Result__') with incoming values : ('__Result__', KWTAmini8_0/top.cc:181) [66]  (0 ns)
	'store' operation (KWTAmini8_0/top.cc:178) of variable '__Result__' on array 'used_free_V' [68]  (3.25 ns)

 <State 6>: 3.96ns
The critical path consists of the following:
	'add' operation ('tmp_9', KWTAmini8_0/top.cc:137) [90]  (2.2 ns)
	'store' operation (KWTAmini8_0/top.cc:137) of variable 'tmp_9', KWTAmini8_0/top.cc:137 on static variable 'last_addr_V' [91]  (1.77 ns)

 <State 7>: 8.29ns
The critical path consists of the following:
	'load' operation ('__Val2__', KWTAmini8_0/top.cc:138) on array 'used_free_V' [94]  (3.25 ns)
	'add' operation ('loc_V_trunc', KWTAmini8_0/top.cc:138) [99]  (1.78 ns)
	'store' operation (KWTAmini8_0/top.cc:150) of variable '__Result__', KWTAmini8_0/top.cc:150 on array 'used_free_V' [102]  (3.25 ns)

 <State 8>: 6.51ns
The critical path consists of the following:
	'load' operation ('__Val2__', KWTAmini8_0/top.cc:142) on array 'heap_tree_V' [110]  (3.25 ns)
	'store' operation (KWTAmini8_0/top.cc:142) of variable '__Result__', KWTAmini8_0/top.cc:142 on array 'heap_tree_V' [113]  (3.25 ns)

 <State 9>: 5.65ns
The critical path consists of the following:
	'and' operation ('__Val2__', KWTAmini8_0/top.cc:154) [128]  (0.99 ns)
	'icmp' operation ('tmp_19', KWTAmini8_0/top.cc:92->KWTAmini8_0/top.cc:154) [170]  (2.43 ns)
	multiplexor before 'phi' operation ('p_0252_0_i1') [205]  (2.23 ns)
	'phi' operation ('p_0252_0_i1') [205]  (0 ns)

 <State 10>: 6.95ns
The critical path consists of the following:
	'phi' operation ('p_0244_0_i1') [278]  (0 ns)
	'add' operation ('tmp3', KWTAmini8_0/top.cc:95->KWTAmini8_0/top.cc:154) [283]  (1.83 ns)
	'add' operation ('tmp_22', KWTAmini8_0/top.cc:95->KWTAmini8_0/top.cc:154) [285]  (1.87 ns)
	'getelementptr' operation ('heap_tree_V_addr_4', KWTAmini8_0/top.cc:155) [288]  (0 ns)
	'load' operation ('heap_tree_V_load', KWTAmini8_0/top.cc:155) on array 'heap_tree_V' [289]  (3.25 ns)

 <State 11>: 7.76ns
The critical path consists of the following:
	'load' operation ('heap_tree_V_load', KWTAmini8_0/top.cc:155) on array 'heap_tree_V' [289]  (3.25 ns)
	'sub' operation ('p_not1', KWTAmini8_0/top.cc:155) [290]  (3.52 ns)
	'and' operation ('__Val2__', KWTAmini8_0/top.cc:155) [291]  (0.99 ns)

 <State 12>: 8.36ns
The critical path consists of the following:
	'icmp' operation ('tmp_26', KWTAmini8_0/top.cc:93->KWTAmini8_0/top.cc:155) [370]  (2.43 ns)
	multiplexor before 'phi' operation ('p_0248_0_i') [405]  (2.23 ns)
	'phi' operation ('p_0248_0_i') [405]  (0 ns)
	'add' operation ('tmp5', KWTAmini8_0/top.cc:95->KWTAmini8_0/top.cc:155) [447]  (1.83 ns)
	'add' operation ('tmp_28', KWTAmini8_0/top.cc:95->KWTAmini8_0/top.cc:155) [449]  (1.87 ns)

 <State 13>: 5.07ns
The critical path consists of the following:
	'add' operation ('tmp_29', KWTAmini8_0/top.cc:156) [453]  (1.81 ns)
	'getelementptr' operation ('used_free_V_addr_4', KWTAmini8_0/top.cc:157) [457]  (0 ns)
	'load' operation ('__Val2__', KWTAmini8_0/top.cc:157) on array 'used_free_V' [458]  (3.25 ns)

 <State 14>: 6.51ns
The critical path consists of the following:
	'load' operation ('__Val2__', KWTAmini8_0/top.cc:157) on array 'used_free_V' [458]  (3.25 ns)
	'store' operation (KWTAmini8_0/top.cc:157) of variable '__Result__', KWTAmini8_0/top.cc:157 on array 'used_free_V' [461]  (3.25 ns)

 <State 15>: 2.11ns
The critical path consists of the following:
	'add' operation ('tmp_33', KWTAmini8_0/top.cc:161) [469]  (2.11 ns)


============================================================
+ Verbose Summary: Binding
============================================================
N/A
* FSMD analyzer results:
  - Output states:
 - Input state : 
  - Chain level:
	State 1
	State 2
	State 3
	State 4
	State 5
	State 6
	State 7
	State 8
	State 9
	State 10
	State 11
	State 12
	State 13
	State 14
	State 15


============================================================
+ Verbose Summary: Datapath Resource usage 
============================================================
N/A
